<?xml version="1.0" encoding="UTF-8"?>
<testsuites name="ConsultarNomina" time="43.096" tests="15" failures="0" errors="0">
   <testsuite name="ConsultarNomina" tests="15" failures="0" errors="0" time="43.096" skipped="0" timestamp="2022-08-26 09:41:44" hostname="cenet - DESKTOP-4DPQOK0" id="Test Suites/miNomina_Mareigua/ConsultarNomina">
      <properties>
         <property name="deviceName" value=""/>
         <property name="devicePlatform" value=""/>
         <property name="logFolder" value="C:\\Cenet\\Cenet-Factura\\Mareigua\\miFactura_ws_Mareigua-25-08-2022\\Reports\\20220826_094130\\miNomina_Mareigua\\ConsultarNomina\\20220826_094130"/>
         <property name="logFiles" value="C:\\Cenet\\Cenet-Factura\\Mareigua\\miFactura_ws_Mareigua-25-08-2022\\Reports\\20220826_094130\\miNomina_Mareigua\\ConsultarNomina\\20220826_094130\\execution0.log"/>
         <property name="attachments" value=""/>
         <property name="hostName" value="cenet - DESKTOP-4DPQOK0"/>
         <property name="hostAddress" value="192.168.1.127"/>
         <property name="os" value="Windows 10 64bit"/>
         <property name="katalonVersion" value="8.3.0.208"/>
      </properties>
      <testcase name="Test Cases/Login_param" time="13.839" classname="Test Cases/Login_param" status="PASSED">
         <system-out><![CDATA[2022-08-26 09:41:45 - [TEST_CASE][PASSED] - Test Cases/Login_param: Test Cases/Login_param

2022-08-26 09:41:47 - [TEST_STEP][PASSED] - regis = Integer.parseInt(registro): null

2022-08-26 09:41:48 - [TEST_STEP][PASSED] - response = sendRequestAndVerify(findTestObject("miNomina_Mareigua-ConsultarNomina/Login", ["Login":Login, "password":password])): Send request and verify the response successfully

2022-08-26 09:41:55 - [MESSAGE][INFO] - HAR: C:\Cenet\Cenet-Factura\Mareigua\miFactura_ws_Mareigua-25-08-2022\Reports\20220826_094130\miNomina_Mareigua\ConsultarNomina\20220826_094130\requests\main\0.har

2022-08-26 09:41:55 - [TEST_CASE][PASSED] - Start Test Case : Verification: Verification accomplished successfully

2022-08-26 09:41:56 - [TEST_STEP][PASSED] - request = getInstance().getCurrentRequest(): null

2022-08-26 09:41:56 - [TEST_STEP][PASSED] - response = getInstance().getCurrentResponse(): null

2022-08-26 09:41:56 - [MESSAGE][PASSED] - Verify response successfully

2022-08-26 09:41:56 - [MESSAGE][PASSED] - Send request and verify the response successfully

2022-08-26 09:41:56 - [TEST_STEP][PASSED] - val_time = response.getElapsedTime(): null

2022-08-26 09:41:56 - [TEST_STEP][PASSED] - status_login = response.getStatusCode(): null

2022-08-26 09:41:56 - [TEST_STEP][PASSED] - jsonString = response.getResponseText(): null

2022-08-26 09:41:56 - [TEST_STEP][PASSED] - slurper = new groovy.json.JsonSlurper(): null

2022-08-26 09:41:56 - [TEST_STEP][PASSED] - markWarning("JSON " + jsonString): JSON {"Type":"OK","ValidationMessage":null,"Content":{"JWT":"eyJhbGciOiJIUzI1NiIsInR5cCI6IkpXVCJ9.eyJ1bmlxdWVfbmFtZSI6ImRhdmVyIiwiZmFtaWx5X25hbWUiOiIxIiwiaHR0cDovL3NjaGVtYXMueG1sc29hcC5vcmcvd3MvMjAwNS8wNS9pZGVudGl0eS9jbGFpbXMvc2lkIjoiMSIsIm5iZiI6MTY2MTUyNDkxMiwiZXhwIjoxNjYxNjExMzEyLCJpYXQiOjE2NjE1MjQ5MTIsImlzcyI6Ik1pc0ZhY3R1cmFzIn0.bYT5WEWpx2Q4CV6V0EfFjuYQeLKL3sIKie3dA2gnPcw"}}

2022-08-26 09:41:56 - [MESSAGE][WARNING] - JSON {"Type":"OK","ValidationMessage":null,"Content":{"JWT":"eyJhbGciOiJIUzI1NiIsInR5cCI6IkpXVCJ9.eyJ1bmlxdWVfbmFtZSI6ImRhdmVyIiwiZmFtaWx5X25hbWUiOiIxIiwiaHR0cDovL3NjaGVtYXMueG1sc29hcC5vcmcvd3MvMjAwNS8wNS9pZGVudGl0eS9jbGFpbXMvc2lkIjoiMSIsIm5iZiI6MTY2MTUyNDkxMiwiZXhwIjoxNjYxNjExMzEyLCJpYXQiOjE2NjE1MjQ5MTIsImlzcyI6Ik1pc0ZhY3R1cmFzIn0.bYT5WEWpx2Q4CV6V0EfFjuYQeLKL3sIKie3dA2gnPcw"}}

2022-08-26 09:41:56 - [TEST_STEP][PASSED] - parsedJson = slurper.parseText(jsonString): null

2022-08-26 09:41:56 - [TEST_STEP][PASSED] - nom_func = "val_login": null

2022-08-26 09:41:56 - [TEST_STEP][PASSED] - almacena_datos_servicio.Val_mensaje_serv.valida_mensaje_serv_login(parsedJson, type, ValidationMessage): Exito

2022-08-26 09:41:57 - [MESSAGE][PASSED] - Exito

2022-08-26 09:41:57 - [TEST_STEP][PASSED] - almacena_datos_servicio.Val_mensaje_serv.guarda_salida_mensaje_serv_login(): almacena_datos_servicio.Val_mensaje_serv.guarda_salida_mensaje_serv_login is PASSED

2022-08-26 09:41:59 - [MESSAGE][PASSED] - almacena_datos_servicio.Val_mensaje_serv.guarda_salida_mensaje_serv_login is PASSED]]></system-out>
         <system-err><![CDATA[]]></system-err>
      </testcase>
      <testcase name="Test Cases/Login_param" time="1.812" classname="Test Cases/Login_param" status="PASSED">
         <system-out><![CDATA[2022-08-26 09:41:59 - [TEST_CASE][PASSED] - Test Cases/Login_param: Test Cases/Login_param

2022-08-26 09:41:59 - [TEST_STEP][PASSED] - regis = Integer.parseInt(registro): null

2022-08-26 09:41:59 - [TEST_STEP][PASSED] - response = sendRequestAndVerify(findTestObject("miNomina_Mareigua-ConsultarNomina/Login", ["Login":Login, "password":password])): Send request and verify the response successfully

2022-08-26 09:42:00 - [MESSAGE][INFO] - HAR: C:\Cenet\Cenet-Factura\Mareigua\miFactura_ws_Mareigua-25-08-2022\Reports\20220826_094130\miNomina_Mareigua\ConsultarNomina\20220826_094130\requests\main\1.har

2022-08-26 09:42:00 - [TEST_CASE][PASSED] - Start Test Case : Verification: Verification accomplished successfully

2022-08-26 09:42:01 - [TEST_STEP][PASSED] - request = getInstance().getCurrentRequest(): null

2022-08-26 09:42:01 - [TEST_STEP][PASSED] - response = getInstance().getCurrentResponse(): null

2022-08-26 09:42:01 - [MESSAGE][PASSED] - Verify response successfully

2022-08-26 09:42:01 - [MESSAGE][PASSED] - Send request and verify the response successfully

2022-08-26 09:42:01 - [TEST_STEP][PASSED] - val_time = response.getElapsedTime(): null

2022-08-26 09:42:01 - [TEST_STEP][PASSED] - status_login = response.getStatusCode(): null

2022-08-26 09:42:01 - [TEST_STEP][PASSED] - jsonString = response.getResponseText(): null

2022-08-26 09:42:01 - [TEST_STEP][PASSED] - slurper = new groovy.json.JsonSlurper(): null

2022-08-26 09:42:01 - [TEST_STEP][PASSED] - markWarning("JSON " + jsonString): JSON {"Type":"ERROR","ValidationMessage":"Tu usuario o contrase単a son incorrectos.","Content":null}

2022-08-26 09:42:01 - [MESSAGE][WARNING] - JSON {"Type":"ERROR","ValidationMessage":"Tu usuario o contrase単a son incorrectos.","Content":null}

2022-08-26 09:42:01 - [TEST_STEP][PASSED] - parsedJson = slurper.parseText(jsonString): null

2022-08-26 09:42:01 - [TEST_STEP][PASSED] - nom_func = "val_login": null

2022-08-26 09:42:01 - [TEST_STEP][PASSED] - almacena_datos_servicio.Val_mensaje_serv.valida_mensaje_serv_login(parsedJson, type, ValidationMessage): Exito

2022-08-26 09:42:01 - [MESSAGE][PASSED] - Exito

2022-08-26 09:42:01 - [TEST_STEP][PASSED] - almacena_datos_servicio.Val_mensaje_serv.guarda_salida_mensaje_serv_login(): almacena_datos_servicio.Val_mensaje_serv.guarda_salida_mensaje_serv_login is PASSED

2022-08-26 09:42:01 - [MESSAGE][PASSED] - almacena_datos_servicio.Val_mensaje_serv.guarda_salida_mensaje_serv_login is PASSED]]></system-out>
         <system-err><![CDATA[]]></system-err>
      </testcase>
      <testcase name="Test Cases/Login_param" time="1.369" classname="Test Cases/Login_param" status="PASSED">
         <system-out><![CDATA[2022-08-26 09:42:02 - [TEST_CASE][PASSED] - Test Cases/Login_param: Test Cases/Login_param

2022-08-26 09:42:02 - [TEST_STEP][PASSED] - regis = Integer.parseInt(registro): null

2022-08-26 09:42:02 - [TEST_STEP][PASSED] - response = sendRequestAndVerify(findTestObject("miNomina_Mareigua-ConsultarNomina/Login", ["Login":Login, "password":password])): Send request and verify the response successfully

2022-08-26 09:42:02 - [MESSAGE][INFO] - HAR: C:\Cenet\Cenet-Factura\Mareigua\miFactura_ws_Mareigua-25-08-2022\Reports\20220826_094130\miNomina_Mareigua\ConsultarNomina\20220826_094130\requests\main\2.har

2022-08-26 09:42:02 - [TEST_CASE][PASSED] - Start Test Case : Verification: Verification accomplished successfully

2022-08-26 09:42:03 - [TEST_STEP][PASSED] - request = getInstance().getCurrentRequest(): null

2022-08-26 09:42:03 - [TEST_STEP][PASSED] - response = getInstance().getCurrentResponse(): null

2022-08-26 09:42:03 - [MESSAGE][PASSED] - Verify response successfully

2022-08-26 09:42:03 - [MESSAGE][PASSED] - Send request and verify the response successfully

2022-08-26 09:42:03 - [TEST_STEP][PASSED] - val_time = response.getElapsedTime(): null

2022-08-26 09:42:03 - [TEST_STEP][PASSED] - status_login = response.getStatusCode(): null

2022-08-26 09:42:03 - [TEST_STEP][PASSED] - jsonString = response.getResponseText(): null

2022-08-26 09:42:03 - [TEST_STEP][PASSED] - slurper = new groovy.json.JsonSlurper(): null

2022-08-26 09:42:03 - [TEST_STEP][PASSED] - markWarning("JSON " + jsonString): JSON {"Type":"ERROR","ValidationMessage":"Tu usuario o contrase単a son incorrectos.","Content":null}

2022-08-26 09:42:03 - [MESSAGE][WARNING] - JSON {"Type":"ERROR","ValidationMessage":"Tu usuario o contrase単a son incorrectos.","Content":null}

2022-08-26 09:42:03 - [TEST_STEP][PASSED] - parsedJson = slurper.parseText(jsonString): null

2022-08-26 09:42:03 - [TEST_STEP][PASSED] - nom_func = "val_login": null

2022-08-26 09:42:03 - [TEST_STEP][PASSED] - almacena_datos_servicio.Val_mensaje_serv.valida_mensaje_serv_login(parsedJson, type, ValidationMessage): Exito

2022-08-26 09:42:03 - [MESSAGE][PASSED] - Exito

2022-08-26 09:42:03 - [TEST_STEP][PASSED] - almacena_datos_servicio.Val_mensaje_serv.guarda_salida_mensaje_serv_login(): almacena_datos_servicio.Val_mensaje_serv.guarda_salida_mensaje_serv_login is PASSED

2022-08-26 09:42:03 - [MESSAGE][PASSED] - almacena_datos_servicio.Val_mensaje_serv.guarda_salida_mensaje_serv_login is PASSED]]></system-out>
         <system-err><![CDATA[]]></system-err>
      </testcase>
      <testcase name="Test Cases/Login_param" time="2.311" classname="Test Cases/Login_param" status="PASSED">
         <system-out><![CDATA[2022-08-26 09:42:03 - [TEST_CASE][PASSED] - Test Cases/Login_param: Test Cases/Login_param

2022-08-26 09:42:03 - [TEST_STEP][PASSED] - regis = Integer.parseInt(registro): null

2022-08-26 09:42:03 - [TEST_STEP][PASSED] - response = sendRequestAndVerify(findTestObject("miNomina_Mareigua-ConsultarNomina/Login", ["Login":Login, "password":password])): Send request and verify the response successfully

2022-08-26 09:42:04 - [MESSAGE][INFO] - HAR: C:\Cenet\Cenet-Factura\Mareigua\miFactura_ws_Mareigua-25-08-2022\Reports\20220826_094130\miNomina_Mareigua\ConsultarNomina\20220826_094130\requests\main\3.har

2022-08-26 09:42:04 - [TEST_CASE][PASSED] - Start Test Case : Verification: Verification accomplished successfully

2022-08-26 09:42:05 - [TEST_STEP][PASSED] - request = getInstance().getCurrentRequest(): null

2022-08-26 09:42:05 - [TEST_STEP][PASSED] - response = getInstance().getCurrentResponse(): null

2022-08-26 09:42:05 - [MESSAGE][PASSED] - Verify response successfully

2022-08-26 09:42:05 - [MESSAGE][PASSED] - Send request and verify the response successfully

2022-08-26 09:42:05 - [TEST_STEP][PASSED] - val_time = response.getElapsedTime(): null

2022-08-26 09:42:05 - [TEST_STEP][PASSED] - status_login = response.getStatusCode(): null

2022-08-26 09:42:05 - [TEST_STEP][PASSED] - jsonString = response.getResponseText(): null

2022-08-26 09:42:05 - [TEST_STEP][PASSED] - slurper = new groovy.json.JsonSlurper(): null

2022-08-26 09:42:05 - [TEST_STEP][PASSED] - markWarning("JSON " + jsonString): JSON {"Type":"ERROR","ValidationMessage":"Tu usuario o contrase単a son incorrectos.","Content":null}

2022-08-26 09:42:05 - [MESSAGE][WARNING] - JSON {"Type":"ERROR","ValidationMessage":"Tu usuario o contrase単a son incorrectos.","Content":null}

2022-08-26 09:42:05 - [TEST_STEP][PASSED] - parsedJson = slurper.parseText(jsonString): null

2022-08-26 09:42:05 - [TEST_STEP][PASSED] - nom_func = "val_login": null

2022-08-26 09:42:05 - [TEST_STEP][PASSED] - almacena_datos_servicio.Val_mensaje_serv.valida_mensaje_serv_login(parsedJson, type, ValidationMessage): Exito

2022-08-26 09:42:05 - [MESSAGE][PASSED] - Exito

2022-08-26 09:42:05 - [TEST_STEP][PASSED] - almacena_datos_servicio.Val_mensaje_serv.guarda_salida_mensaje_serv_login(): almacena_datos_servicio.Val_mensaje_serv.guarda_salida_mensaje_serv_login is PASSED

2022-08-26 09:42:06 - [MESSAGE][PASSED] - almacena_datos_servicio.Val_mensaje_serv.guarda_salida_mensaje_serv_login is PASSED]]></system-out>
         <system-err><![CDATA[]]></system-err>
      </testcase>
      <testcase name="Test Cases/Login_param" time="1.722" classname="Test Cases/Login_param" status="PASSED">
         <system-out><![CDATA[2022-08-26 09:42:06 - [TEST_CASE][PASSED] - Test Cases/Login_param: Test Cases/Login_param

2022-08-26 09:42:06 - [TEST_STEP][PASSED] - regis = Integer.parseInt(registro): null

2022-08-26 09:42:06 - [TEST_STEP][PASSED] - response = sendRequestAndVerify(findTestObject("miNomina_Mareigua-ConsultarNomina/Login", ["Login":Login, "password":password])): Send request and verify the response successfully

2022-08-26 09:42:06 - [MESSAGE][INFO] - HAR: C:\Cenet\Cenet-Factura\Mareigua\miFactura_ws_Mareigua-25-08-2022\Reports\20220826_094130\miNomina_Mareigua\ConsultarNomina\20220826_094130\requests\main\4.har

2022-08-26 09:42:06 - [TEST_CASE][PASSED] - Start Test Case : Verification: Verification accomplished successfully

2022-08-26 09:42:07 - [TEST_STEP][PASSED] - request = getInstance().getCurrentRequest(): null

2022-08-26 09:42:07 - [TEST_STEP][PASSED] - response = getInstance().getCurrentResponse(): null

2022-08-26 09:42:07 - [MESSAGE][PASSED] - Verify response successfully

2022-08-26 09:42:07 - [MESSAGE][PASSED] - Send request and verify the response successfully

2022-08-26 09:42:07 - [TEST_STEP][PASSED] - val_time = response.getElapsedTime(): null

2022-08-26 09:42:07 - [TEST_STEP][PASSED] - status_login = response.getStatusCode(): null

2022-08-26 09:42:07 - [TEST_STEP][PASSED] - jsonString = response.getResponseText(): null

2022-08-26 09:42:07 - [TEST_STEP][PASSED] - slurper = new groovy.json.JsonSlurper(): null

2022-08-26 09:42:07 - [TEST_STEP][PASSED] - markWarning("JSON " + jsonString): JSON {"Type":"ERROR","ValidationMessage":"Tu usuario o contrase単a son incorrectos.","Content":null}

2022-08-26 09:42:07 - [MESSAGE][WARNING] - JSON {"Type":"ERROR","ValidationMessage":"Tu usuario o contrase単a son incorrectos.","Content":null}

2022-08-26 09:42:07 - [TEST_STEP][PASSED] - parsedJson = slurper.parseText(jsonString): null

2022-08-26 09:42:07 - [TEST_STEP][PASSED] - nom_func = "val_login": null

2022-08-26 09:42:07 - [TEST_STEP][PASSED] - almacena_datos_servicio.Val_mensaje_serv.valida_mensaje_serv_login(parsedJson, type, ValidationMessage): Exito

2022-08-26 09:42:07 - [MESSAGE][PASSED] - Exito

2022-08-26 09:42:07 - [TEST_STEP][PASSED] - almacena_datos_servicio.Val_mensaje_serv.guarda_salida_mensaje_serv_login(): almacena_datos_servicio.Val_mensaje_serv.guarda_salida_mensaje_serv_login is PASSED

2022-08-26 09:42:07 - [MESSAGE][PASSED] - almacena_datos_servicio.Val_mensaje_serv.guarda_salida_mensaje_serv_login is PASSED]]></system-out>
         <system-err><![CDATA[]]></system-err>
      </testcase>
      <testcase name="Test Cases/Login_param" time="1.741" classname="Test Cases/Login_param" status="PASSED">
         <system-out><![CDATA[2022-08-26 09:42:08 - [TEST_CASE][PASSED] - Test Cases/Login_param: Test Cases/Login_param

2022-08-26 09:42:08 - [TEST_STEP][PASSED] - regis = Integer.parseInt(registro): null

2022-08-26 09:42:08 - [TEST_STEP][PASSED] - response = sendRequestAndVerify(findTestObject("miNomina_Mareigua-ConsultarNomina/Login", ["Login":Login, "password":password])): Send request and verify the response successfully

2022-08-26 09:42:08 - [MESSAGE][INFO] - HAR: C:\Cenet\Cenet-Factura\Mareigua\miFactura_ws_Mareigua-25-08-2022\Reports\20220826_094130\miNomina_Mareigua\ConsultarNomina\20220826_094130\requests\main\5.har

2022-08-26 09:42:09 - [TEST_CASE][PASSED] - Start Test Case : Verification: Verification accomplished successfully

2022-08-26 09:42:09 - [TEST_STEP][PASSED] - request = getInstance().getCurrentRequest(): null

2022-08-26 09:42:09 - [TEST_STEP][PASSED] - response = getInstance().getCurrentResponse(): null

2022-08-26 09:42:09 - [MESSAGE][PASSED] - Verify response successfully

2022-08-26 09:42:09 - [MESSAGE][PASSED] - Send request and verify the response successfully

2022-08-26 09:42:09 - [TEST_STEP][PASSED] - val_time = response.getElapsedTime(): null

2022-08-26 09:42:09 - [TEST_STEP][PASSED] - status_login = response.getStatusCode(): null

2022-08-26 09:42:09 - [TEST_STEP][PASSED] - jsonString = response.getResponseText(): null

2022-08-26 09:42:09 - [TEST_STEP][PASSED] - slurper = new groovy.json.JsonSlurper(): null

2022-08-26 09:42:09 - [TEST_STEP][PASSED] - markWarning("JSON " + jsonString): JSON {"Type":"OK","ValidationMessage":null,"Content":{"JWT":"eyJhbGciOiJIUzI1NiIsInR5cCI6IkpXVCJ9.eyJ1bmlxdWVfbmFtZSI6ImRhdmVyIiwiZmFtaWx5X25hbWUiOiIxIiwiaHR0cDovL3NjaGVtYXMueG1sc29hcC5vcmcvd3MvMjAwNS8wNS9pZGVudGl0eS9jbGFpbXMvc2lkIjoiMSIsIm5iZiI6MTY2MTUyNDkyNywiZXhwIjoxNjYxNjExMzI3LCJpYXQiOjE2NjE1MjQ5MjcsImlzcyI6Ik1pc0ZhY3R1cmFzIn0.rDim_Y2MdIFbsV6Qk5_8y6ME6fwXm6Y7EcNkvHH7mw0"}}

2022-08-26 09:42:09 - [MESSAGE][WARNING] - JSON {"Type":"OK","ValidationMessage":null,"Content":{"JWT":"eyJhbGciOiJIUzI1NiIsInR5cCI6IkpXVCJ9.eyJ1bmlxdWVfbmFtZSI6ImRhdmVyIiwiZmFtaWx5X25hbWUiOiIxIiwiaHR0cDovL3NjaGVtYXMueG1sc29hcC5vcmcvd3MvMjAwNS8wNS9pZGVudGl0eS9jbGFpbXMvc2lkIjoiMSIsIm5iZiI6MTY2MTUyNDkyNywiZXhwIjoxNjYxNjExMzI3LCJpYXQiOjE2NjE1MjQ5MjcsImlzcyI6Ik1pc0ZhY3R1cmFzIn0.rDim_Y2MdIFbsV6Qk5_8y6ME6fwXm6Y7EcNkvHH7mw0"}}

2022-08-26 09:42:09 - [TEST_STEP][PASSED] - parsedJson = slurper.parseText(jsonString): null

2022-08-26 09:42:09 - [TEST_STEP][PASSED] - nom_func = "val_login": null

2022-08-26 09:42:09 - [TEST_STEP][PASSED] - almacena_datos_servicio.Val_mensaje_serv.valida_mensaje_serv_login(parsedJson, type, ValidationMessage): Exito

2022-08-26 09:42:09 - [MESSAGE][PASSED] - Exito

2022-08-26 09:42:09 - [TEST_STEP][PASSED] - almacena_datos_servicio.Val_mensaje_serv.guarda_salida_mensaje_serv_login(): almacena_datos_servicio.Val_mensaje_serv.guarda_salida_mensaje_serv_login is PASSED

2022-08-26 09:42:09 - [MESSAGE][PASSED] - almacena_datos_servicio.Val_mensaje_serv.guarda_salida_mensaje_serv_login is PASSED]]></system-out>
         <system-err><![CDATA[]]></system-err>
      </testcase>
      <testcase name="Test Cases/Login_param" time="1.634" classname="Test Cases/Login_param" status="PASSED">
         <system-out><![CDATA[2022-08-26 09:42:10 - [TEST_CASE][PASSED] - Test Cases/Login_param: Test Cases/Login_param

2022-08-26 09:42:10 - [TEST_STEP][PASSED] - regis = Integer.parseInt(registro): null

2022-08-26 09:42:10 - [TEST_STEP][PASSED] - response = sendRequestAndVerify(findTestObject("miNomina_Mareigua-ConsultarNomina/Login", ["Login":Login, "password":password])): Send request and verify the response successfully

2022-08-26 09:42:11 - [MESSAGE][INFO] - HAR: C:\Cenet\Cenet-Factura\Mareigua\miFactura_ws_Mareigua-25-08-2022\Reports\20220826_094130\miNomina_Mareigua\ConsultarNomina\20220826_094130\requests\main\6.har

2022-08-26 09:42:11 - [TEST_CASE][PASSED] - Start Test Case : Verification: Verification accomplished successfully

2022-08-26 09:42:11 - [TEST_STEP][PASSED] - request = getInstance().getCurrentRequest(): null

2022-08-26 09:42:11 - [TEST_STEP][PASSED] - response = getInstance().getCurrentResponse(): null

2022-08-26 09:42:11 - [MESSAGE][PASSED] - Verify response successfully

2022-08-26 09:42:11 - [MESSAGE][PASSED] - Send request and verify the response successfully

2022-08-26 09:42:11 - [TEST_STEP][PASSED] - val_time = response.getElapsedTime(): null

2022-08-26 09:42:11 - [TEST_STEP][PASSED] - status_login = response.getStatusCode(): null

2022-08-26 09:42:11 - [TEST_STEP][PASSED] - jsonString = response.getResponseText(): null

2022-08-26 09:42:11 - [TEST_STEP][PASSED] - slurper = new groovy.json.JsonSlurper(): null

2022-08-26 09:42:11 - [TEST_STEP][PASSED] - markWarning("JSON " + jsonString): JSON {"Type":"ERROR","ValidationMessage":"Tu usuario o contrase単a son incorrectos.","Content":null}

2022-08-26 09:42:11 - [MESSAGE][WARNING] - JSON {"Type":"ERROR","ValidationMessage":"Tu usuario o contrase単a son incorrectos.","Content":null}

2022-08-26 09:42:11 - [TEST_STEP][PASSED] - parsedJson = slurper.parseText(jsonString): null

2022-08-26 09:42:11 - [TEST_STEP][PASSED] - nom_func = "val_login": null

2022-08-26 09:42:11 - [TEST_STEP][PASSED] - almacena_datos_servicio.Val_mensaje_serv.valida_mensaje_serv_login(parsedJson, type, ValidationMessage): Exito

2022-08-26 09:42:11 - [MESSAGE][PASSED] - Exito

2022-08-26 09:42:11 - [TEST_STEP][PASSED] - almacena_datos_servicio.Val_mensaje_serv.guarda_salida_mensaje_serv_login(): almacena_datos_servicio.Val_mensaje_serv.guarda_salida_mensaje_serv_login is PASSED

2022-08-26 09:42:11 - [MESSAGE][PASSED] - almacena_datos_servicio.Val_mensaje_serv.guarda_salida_mensaje_serv_login is PASSED]]></system-out>
         <system-err><![CDATA[]]></system-err>
      </testcase>
      <testcase name="Test Cases/Login_param" time="3.598" classname="Test Cases/Login_param" status="PASSED">
         <system-out><![CDATA[2022-08-26 09:42:11 - [TEST_CASE][PASSED] - Test Cases/Login_param: Test Cases/Login_param

2022-08-26 09:42:11 - [TEST_STEP][PASSED] - regis = Integer.parseInt(registro): null

2022-08-26 09:42:11 - [TEST_STEP][PASSED] - response = sendRequestAndVerify(findTestObject("miNomina_Mareigua-ConsultarNomina/Login", ["Login":Login, "password":password])): Send request and verify the response successfully

2022-08-26 09:42:12 - [MESSAGE][INFO] - HAR: C:\Cenet\Cenet-Factura\Mareigua\miFactura_ws_Mareigua-25-08-2022\Reports\20220826_094130\miNomina_Mareigua\ConsultarNomina\20220826_094130\requests\main\7.har

2022-08-26 09:42:13 - [TEST_CASE][PASSED] - Start Test Case : Verification: Verification accomplished successfully

2022-08-26 09:42:13 - [TEST_STEP][PASSED] - request = getInstance().getCurrentRequest(): null

2022-08-26 09:42:13 - [TEST_STEP][PASSED] - response = getInstance().getCurrentResponse(): null

2022-08-26 09:42:13 - [MESSAGE][PASSED] - Verify response successfully

2022-08-26 09:42:13 - [MESSAGE][PASSED] - Send request and verify the response successfully

2022-08-26 09:42:13 - [TEST_STEP][PASSED] - val_time = response.getElapsedTime(): null

2022-08-26 09:42:13 - [TEST_STEP][PASSED] - status_login = response.getStatusCode(): null

2022-08-26 09:42:13 - [TEST_STEP][PASSED] - jsonString = response.getResponseText(): null

2022-08-26 09:42:13 - [TEST_STEP][PASSED] - slurper = new groovy.json.JsonSlurper(): null

2022-08-26 09:42:13 - [TEST_STEP][PASSED] - markWarning("JSON " + jsonString): JSON {"Type":"ERROR","ValidationMessage":"Tu usuario o contrase単a son incorrectos.","Content":null}

2022-08-26 09:42:13 - [MESSAGE][WARNING] - JSON {"Type":"ERROR","ValidationMessage":"Tu usuario o contrase単a son incorrectos.","Content":null}

2022-08-26 09:42:13 - [TEST_STEP][PASSED] - parsedJson = slurper.parseText(jsonString): null

2022-08-26 09:42:13 - [TEST_STEP][PASSED] - nom_func = "val_login": null

2022-08-26 09:42:13 - [TEST_STEP][PASSED] - almacena_datos_servicio.Val_mensaje_serv.valida_mensaje_serv_login(parsedJson, type, ValidationMessage): Exito

2022-08-26 09:42:13 - [MESSAGE][PASSED] - Exito

2022-08-26 09:42:13 - [TEST_STEP][PASSED] - almacena_datos_servicio.Val_mensaje_serv.guarda_salida_mensaje_serv_login(): almacena_datos_servicio.Val_mensaje_serv.guarda_salida_mensaje_serv_login is PASSED

2022-08-26 09:42:15 - [MESSAGE][PASSED] - almacena_datos_servicio.Val_mensaje_serv.guarda_salida_mensaje_serv_login is PASSED]]></system-out>
         <system-err><![CDATA[]]></system-err>
      </testcase>
      <testcase name="Test Cases/Login_param" time="1.794" classname="Test Cases/Login_param" status="PASSED">
         <system-out><![CDATA[2022-08-26 09:42:15 - [TEST_CASE][PASSED] - Test Cases/Login_param: Test Cases/Login_param

2022-08-26 09:42:16 - [TEST_STEP][PASSED] - regis = Integer.parseInt(registro): null

2022-08-26 09:42:16 - [TEST_STEP][PASSED] - response = sendRequestAndVerify(findTestObject("miNomina_Mareigua-ConsultarNomina/Login", ["Login":Login, "password":password])): Send request and verify the response successfully

2022-08-26 09:42:16 - [MESSAGE][INFO] - HAR: C:\Cenet\Cenet-Factura\Mareigua\miFactura_ws_Mareigua-25-08-2022\Reports\20220826_094130\miNomina_Mareigua\ConsultarNomina\20220826_094130\requests\main\8.har

2022-08-26 09:42:16 - [TEST_CASE][PASSED] - Start Test Case : Verification: Verification accomplished successfully

2022-08-26 09:42:17 - [TEST_STEP][PASSED] - request = getInstance().getCurrentRequest(): null

2022-08-26 09:42:17 - [TEST_STEP][PASSED] - response = getInstance().getCurrentResponse(): null

2022-08-26 09:42:17 - [MESSAGE][PASSED] - Verify response successfully

2022-08-26 09:42:17 - [MESSAGE][PASSED] - Send request and verify the response successfully

2022-08-26 09:42:17 - [TEST_STEP][PASSED] - val_time = response.getElapsedTime(): null

2022-08-26 09:42:17 - [TEST_STEP][PASSED] - status_login = response.getStatusCode(): null

2022-08-26 09:42:17 - [TEST_STEP][PASSED] - jsonString = response.getResponseText(): null

2022-08-26 09:42:17 - [TEST_STEP][PASSED] - slurper = new groovy.json.JsonSlurper(): null

2022-08-26 09:42:17 - [TEST_STEP][PASSED] - markWarning("JSON " + jsonString): JSON {"Type":"ERROR","ValidationMessage":"Tu usuario o contrase単a son incorrectos.","Content":null}

2022-08-26 09:42:17 - [MESSAGE][WARNING] - JSON {"Type":"ERROR","ValidationMessage":"Tu usuario o contrase単a son incorrectos.","Content":null}

2022-08-26 09:42:17 - [TEST_STEP][PASSED] - parsedJson = slurper.parseText(jsonString): null

2022-08-26 09:42:17 - [TEST_STEP][PASSED] - nom_func = "val_login": null

2022-08-26 09:42:17 - [TEST_STEP][PASSED] - almacena_datos_servicio.Val_mensaje_serv.valida_mensaje_serv_login(parsedJson, type, ValidationMessage): Exito

2022-08-26 09:42:17 - [MESSAGE][PASSED] - Exito

2022-08-26 09:42:17 - [TEST_STEP][PASSED] - almacena_datos_servicio.Val_mensaje_serv.guarda_salida_mensaje_serv_login(): almacena_datos_servicio.Val_mensaje_serv.guarda_salida_mensaje_serv_login is PASSED

2022-08-26 09:42:17 - [MESSAGE][PASSED] - almacena_datos_servicio.Val_mensaje_serv.guarda_salida_mensaje_serv_login is PASSED]]></system-out>
         <system-err><![CDATA[]]></system-err>
      </testcase>
      <testcase name="Test Cases/Login_param" time="1.113" classname="Test Cases/Login_param" status="PASSED">
         <system-out><![CDATA[2022-08-26 09:42:17 - [TEST_CASE][PASSED] - Test Cases/Login_param: Test Cases/Login_param

2022-08-26 09:42:17 - [TEST_STEP][PASSED] - regis = Integer.parseInt(registro): null

2022-08-26 09:42:17 - [TEST_STEP][PASSED] - response = sendRequestAndVerify(findTestObject("miNomina_Mareigua-ConsultarNomina/Login", ["Login":Login, "password":password])): Send request and verify the response successfully

2022-08-26 09:42:18 - [MESSAGE][INFO] - HAR: C:\Cenet\Cenet-Factura\Mareigua\miFactura_ws_Mareigua-25-08-2022\Reports\20220826_094130\miNomina_Mareigua\ConsultarNomina\20220826_094130\requests\main\9.har

2022-08-26 09:42:18 - [TEST_CASE][PASSED] - Start Test Case : Verification: Verification accomplished successfully

2022-08-26 09:42:18 - [TEST_STEP][PASSED] - request = getInstance().getCurrentRequest(): null

2022-08-26 09:42:18 - [TEST_STEP][PASSED] - response = getInstance().getCurrentResponse(): null

2022-08-26 09:42:18 - [MESSAGE][PASSED] - Verify response successfully

2022-08-26 09:42:18 - [MESSAGE][PASSED] - Send request and verify the response successfully

2022-08-26 09:42:18 - [TEST_STEP][PASSED] - val_time = response.getElapsedTime(): null

2022-08-26 09:42:18 - [TEST_STEP][PASSED] - status_login = response.getStatusCode(): null

2022-08-26 09:42:18 - [TEST_STEP][PASSED] - jsonString = response.getResponseText(): null

2022-08-26 09:42:18 - [TEST_STEP][PASSED] - slurper = new groovy.json.JsonSlurper(): null

2022-08-26 09:42:18 - [TEST_STEP][PASSED] - markWarning("JSON " + jsonString): JSON {"Type":"ERROR","ValidationMessage":"Tu usuario o contrase単a son incorrectos.","Content":null}

2022-08-26 09:42:18 - [MESSAGE][WARNING] - JSON {"Type":"ERROR","ValidationMessage":"Tu usuario o contrase単a son incorrectos.","Content":null}

2022-08-26 09:42:18 - [TEST_STEP][PASSED] - parsedJson = slurper.parseText(jsonString): null

2022-08-26 09:42:18 - [TEST_STEP][PASSED] - nom_func = "val_login": null

2022-08-26 09:42:18 - [TEST_STEP][PASSED] - almacena_datos_servicio.Val_mensaje_serv.valida_mensaje_serv_login(parsedJson, type, ValidationMessage): Exito

2022-08-26 09:42:18 - [MESSAGE][PASSED] - Exito

2022-08-26 09:42:18 - [TEST_STEP][PASSED] - almacena_datos_servicio.Val_mensaje_serv.guarda_salida_mensaje_serv_login(): almacena_datos_servicio.Val_mensaje_serv.guarda_salida_mensaje_serv_login is PASSED

2022-08-26 09:42:18 - [MESSAGE][PASSED] - almacena_datos_servicio.Val_mensaje_serv.guarda_salida_mensaje_serv_login is PASSED]]></system-out>
         <system-err><![CDATA[]]></system-err>
      </testcase>
      <testcase name="Test Cases/Login_param" time="1.501" classname="Test Cases/Login_param" status="PASSED">
         <system-out><![CDATA[2022-08-26 09:42:19 - [TEST_CASE][PASSED] - Test Cases/Login_param: Test Cases/Login_param

2022-08-26 09:42:19 - [TEST_STEP][PASSED] - regis = Integer.parseInt(registro): null

2022-08-26 09:42:19 - [TEST_STEP][PASSED] - response = sendRequestAndVerify(findTestObject("miNomina_Mareigua-ConsultarNomina/Login", ["Login":Login, "password":password])): Send request and verify the response successfully

2022-08-26 09:42:19 - [MESSAGE][INFO] - HAR: C:\Cenet\Cenet-Factura\Mareigua\miFactura_ws_Mareigua-25-08-2022\Reports\20220826_094130\miNomina_Mareigua\ConsultarNomina\20220826_094130\requests\main\10.har

2022-08-26 09:42:19 - [TEST_CASE][PASSED] - Start Test Case : Verification: Verification accomplished successfully

2022-08-26 09:42:20 - [TEST_STEP][PASSED] - request = getInstance().getCurrentRequest(): null

2022-08-26 09:42:20 - [TEST_STEP][PASSED] - response = getInstance().getCurrentResponse(): null

2022-08-26 09:42:20 - [MESSAGE][PASSED] - Verify response successfully

2022-08-26 09:42:20 - [MESSAGE][PASSED] - Send request and verify the response successfully

2022-08-26 09:42:20 - [TEST_STEP][PASSED] - val_time = response.getElapsedTime(): null

2022-08-26 09:42:20 - [TEST_STEP][PASSED] - status_login = response.getStatusCode(): null

2022-08-26 09:42:20 - [TEST_STEP][PASSED] - jsonString = response.getResponseText(): null

2022-08-26 09:42:20 - [TEST_STEP][PASSED] - slurper = new groovy.json.JsonSlurper(): null

2022-08-26 09:42:20 - [TEST_STEP][PASSED] - markWarning("JSON " + jsonString): JSON {"Type":"OK","ValidationMessage":null,"Content":{"JWT":"eyJhbGciOiJIUzI1NiIsInR5cCI6IkpXVCJ9.eyJ1bmlxdWVfbmFtZSI6ImRhdmVyIiwiZmFtaWx5X25hbWUiOiIxIiwiaHR0cDovL3NjaGVtYXMueG1sc29hcC5vcmcvd3MvMjAwNS8wNS9pZGVudGl0eS9jbGFpbXMvc2lkIjoiMSIsIm5iZiI6MTY2MTUyNDkzOCwiZXhwIjoxNjYxNjExMzM4LCJpYXQiOjE2NjE1MjQ5MzgsImlzcyI6Ik1pc0ZhY3R1cmFzIn0.1wQt6S7Xy7ARSdOU6WmFDTdpsubYrMfz_osUqE0UsjI"}}

2022-08-26 09:42:20 - [MESSAGE][WARNING] - JSON {"Type":"OK","ValidationMessage":null,"Content":{"JWT":"eyJhbGciOiJIUzI1NiIsInR5cCI6IkpXVCJ9.eyJ1bmlxdWVfbmFtZSI6ImRhdmVyIiwiZmFtaWx5X25hbWUiOiIxIiwiaHR0cDovL3NjaGVtYXMueG1sc29hcC5vcmcvd3MvMjAwNS8wNS9pZGVudGl0eS9jbGFpbXMvc2lkIjoiMSIsIm5iZiI6MTY2MTUyNDkzOCwiZXhwIjoxNjYxNjExMzM4LCJpYXQiOjE2NjE1MjQ5MzgsImlzcyI6Ik1pc0ZhY3R1cmFzIn0.1wQt6S7Xy7ARSdOU6WmFDTdpsubYrMfz_osUqE0UsjI"}}

2022-08-26 09:42:20 - [TEST_STEP][PASSED] - parsedJson = slurper.parseText(jsonString): null

2022-08-26 09:42:20 - [TEST_STEP][PASSED] - nom_func = "val_login": null

2022-08-26 09:42:20 - [TEST_STEP][PASSED] - almacena_datos_servicio.Val_mensaje_serv.valida_mensaje_serv_login(parsedJson, type, ValidationMessage): Exito

2022-08-26 09:42:20 - [MESSAGE][PASSED] - Exito

2022-08-26 09:42:20 - [TEST_STEP][PASSED] - almacena_datos_servicio.Val_mensaje_serv.guarda_salida_mensaje_serv_login(): almacena_datos_servicio.Val_mensaje_serv.guarda_salida_mensaje_serv_login is PASSED

2022-08-26 09:42:20 - [MESSAGE][PASSED] - almacena_datos_servicio.Val_mensaje_serv.guarda_salida_mensaje_serv_login is PASSED]]></system-out>
         <system-err><![CDATA[]]></system-err>
      </testcase>
      <testcase name="Test Cases/Login_param" time="1.227" classname="Test Cases/Login_param" status="PASSED">
         <system-out><![CDATA[2022-08-26 09:42:20 - [TEST_CASE][PASSED] - Test Cases/Login_param: Test Cases/Login_param

2022-08-26 09:42:20 - [TEST_STEP][PASSED] - regis = Integer.parseInt(registro): null

2022-08-26 09:42:20 - [TEST_STEP][PASSED] - response = sendRequestAndVerify(findTestObject("miNomina_Mareigua-ConsultarNomina/Login", ["Login":Login, "password":password])): Send request and verify the response successfully

2022-08-26 09:42:21 - [MESSAGE][INFO] - HAR: C:\Cenet\Cenet-Factura\Mareigua\miFactura_ws_Mareigua-25-08-2022\Reports\20220826_094130\miNomina_Mareigua\ConsultarNomina\20220826_094130\requests\main\11.har

2022-08-26 09:42:21 - [TEST_CASE][PASSED] - Start Test Case : Verification: Verification accomplished successfully

2022-08-26 09:42:21 - [TEST_STEP][PASSED] - request = getInstance().getCurrentRequest(): null

2022-08-26 09:42:21 - [TEST_STEP][PASSED] - response = getInstance().getCurrentResponse(): null

2022-08-26 09:42:21 - [MESSAGE][PASSED] - Verify response successfully

2022-08-26 09:42:21 - [MESSAGE][PASSED] - Send request and verify the response successfully

2022-08-26 09:42:21 - [TEST_STEP][PASSED] - val_time = response.getElapsedTime(): null

2022-08-26 09:42:21 - [TEST_STEP][PASSED] - status_login = response.getStatusCode(): null

2022-08-26 09:42:21 - [TEST_STEP][PASSED] - jsonString = response.getResponseText(): null

2022-08-26 09:42:21 - [TEST_STEP][PASSED] - slurper = new groovy.json.JsonSlurper(): null

2022-08-26 09:42:21 - [TEST_STEP][PASSED] - markWarning("JSON " + jsonString): JSON {"Type":"ERROR","ValidationMessage":"Tu usuario o contrase単a son incorrectos.","Content":null}

2022-08-26 09:42:21 - [MESSAGE][WARNING] - JSON {"Type":"ERROR","ValidationMessage":"Tu usuario o contrase単a son incorrectos.","Content":null}

2022-08-26 09:42:21 - [TEST_STEP][PASSED] - parsedJson = slurper.parseText(jsonString): null

2022-08-26 09:42:21 - [TEST_STEP][PASSED] - nom_func = "val_login": null

2022-08-26 09:42:21 - [TEST_STEP][PASSED] - almacena_datos_servicio.Val_mensaje_serv.valida_mensaje_serv_login(parsedJson, type, ValidationMessage): Exito

2022-08-26 09:42:21 - [MESSAGE][PASSED] - Exito

2022-08-26 09:42:21 - [TEST_STEP][PASSED] - almacena_datos_servicio.Val_mensaje_serv.guarda_salida_mensaje_serv_login(): almacena_datos_servicio.Val_mensaje_serv.guarda_salida_mensaje_serv_login is PASSED

2022-08-26 09:42:21 - [MESSAGE][PASSED] - almacena_datos_servicio.Val_mensaje_serv.guarda_salida_mensaje_serv_login is PASSED]]></system-out>
         <system-err><![CDATA[]]></system-err>
      </testcase>
      <testcase name="Test Cases/Login_param" time="1.665" classname="Test Cases/Login_param" status="PASSED">
         <system-out><![CDATA[2022-08-26 09:42:22 - [TEST_CASE][PASSED] - Test Cases/Login_param: Test Cases/Login_param

2022-08-26 09:42:22 - [TEST_STEP][PASSED] - regis = Integer.parseInt(registro): null

2022-08-26 09:42:22 - [TEST_STEP][PASSED] - response = sendRequestAndVerify(findTestObject("miNomina_Mareigua-ConsultarNomina/Login", ["Login":Login, "password":password])): Send request and verify the response successfully

2022-08-26 09:42:23 - [MESSAGE][INFO] - HAR: C:\Cenet\Cenet-Factura\Mareigua\miFactura_ws_Mareigua-25-08-2022\Reports\20220826_094130\miNomina_Mareigua\ConsultarNomina\20220826_094130\requests\main\12.har

2022-08-26 09:42:23 - [TEST_CASE][PASSED] - Start Test Case : Verification: Verification accomplished successfully

2022-08-26 09:42:23 - [TEST_STEP][PASSED] - request = getInstance().getCurrentRequest(): null

2022-08-26 09:42:23 - [TEST_STEP][PASSED] - response = getInstance().getCurrentResponse(): null

2022-08-26 09:42:23 - [MESSAGE][PASSED] - Verify response successfully

2022-08-26 09:42:23 - [MESSAGE][PASSED] - Send request and verify the response successfully

2022-08-26 09:42:23 - [TEST_STEP][PASSED] - val_time = response.getElapsedTime(): null

2022-08-26 09:42:23 - [TEST_STEP][PASSED] - status_login = response.getStatusCode(): null

2022-08-26 09:42:23 - [TEST_STEP][PASSED] - jsonString = response.getResponseText(): null

2022-08-26 09:42:23 - [TEST_STEP][PASSED] - slurper = new groovy.json.JsonSlurper(): null

2022-08-26 09:42:23 - [TEST_STEP][PASSED] - markWarning("JSON " + jsonString): JSON {"Type":"ERROR","ValidationMessage":"Tu usuario o contrase単a son incorrectos.","Content":null}

2022-08-26 09:42:23 - [MESSAGE][WARNING] - JSON {"Type":"ERROR","ValidationMessage":"Tu usuario o contrase単a son incorrectos.","Content":null}

2022-08-26 09:42:23 - [TEST_STEP][PASSED] - parsedJson = slurper.parseText(jsonString): null

2022-08-26 09:42:23 - [TEST_STEP][PASSED] - nom_func = "val_login": null

2022-08-26 09:42:23 - [TEST_STEP][PASSED] - almacena_datos_servicio.Val_mensaje_serv.valida_mensaje_serv_login(parsedJson, type, ValidationMessage): Exito

2022-08-26 09:42:23 - [MESSAGE][PASSED] - Exito

2022-08-26 09:42:23 - [TEST_STEP][PASSED] - almacena_datos_servicio.Val_mensaje_serv.guarda_salida_mensaje_serv_login(): almacena_datos_servicio.Val_mensaje_serv.guarda_salida_mensaje_serv_login is PASSED

2022-08-26 09:42:23 - [MESSAGE][PASSED] - almacena_datos_servicio.Val_mensaje_serv.guarda_salida_mensaje_serv_login is PASSED]]></system-out>
         <system-err><![CDATA[]]></system-err>
      </testcase>
      <testcase name="Test Cases/Login_param" time="2.005" classname="Test Cases/Login_param" status="PASSED">
         <system-out><![CDATA[2022-08-26 09:42:23 - [TEST_CASE][PASSED] - Test Cases/Login_param: Test Cases/Login_param

2022-08-26 09:42:23 - [TEST_STEP][PASSED] - regis = Integer.parseInt(registro): null

2022-08-26 09:42:23 - [TEST_STEP][PASSED] - response = sendRequestAndVerify(findTestObject("miNomina_Mareigua-ConsultarNomina/Login", ["Login":Login, "password":password])): Send request and verify the response successfully

2022-08-26 09:42:24 - [MESSAGE][INFO] - HAR: C:\Cenet\Cenet-Factura\Mareigua\miFactura_ws_Mareigua-25-08-2022\Reports\20220826_094130\miNomina_Mareigua\ConsultarNomina\20220826_094130\requests\main\13.har

2022-08-26 09:42:24 - [TEST_CASE][PASSED] - Start Test Case : Verification: Verification accomplished successfully

2022-08-26 09:42:25 - [TEST_STEP][PASSED] - request = getInstance().getCurrentRequest(): null

2022-08-26 09:42:25 - [TEST_STEP][PASSED] - response = getInstance().getCurrentResponse(): null

2022-08-26 09:42:25 - [MESSAGE][PASSED] - Verify response successfully

2022-08-26 09:42:25 - [MESSAGE][PASSED] - Send request and verify the response successfully

2022-08-26 09:42:25 - [TEST_STEP][PASSED] - val_time = response.getElapsedTime(): null

2022-08-26 09:42:25 - [TEST_STEP][PASSED] - status_login = response.getStatusCode(): null

2022-08-26 09:42:25 - [TEST_STEP][PASSED] - jsonString = response.getResponseText(): null

2022-08-26 09:42:25 - [TEST_STEP][PASSED] - slurper = new groovy.json.JsonSlurper(): null

2022-08-26 09:42:25 - [TEST_STEP][PASSED] - markWarning("JSON " + jsonString): JSON {"Type":"ERROR","ValidationMessage":"Tu usuario o contrase単a son incorrectos.","Content":null}

2022-08-26 09:42:25 - [MESSAGE][WARNING] - JSON {"Type":"ERROR","ValidationMessage":"Tu usuario o contrase単a son incorrectos.","Content":null}

2022-08-26 09:42:25 - [TEST_STEP][PASSED] - parsedJson = slurper.parseText(jsonString): null

2022-08-26 09:42:25 - [TEST_STEP][PASSED] - nom_func = "val_login": null

2022-08-26 09:42:25 - [TEST_STEP][PASSED] - almacena_datos_servicio.Val_mensaje_serv.valida_mensaje_serv_login(parsedJson, type, ValidationMessage): Exito

2022-08-26 09:42:25 - [MESSAGE][PASSED] - Exito

2022-08-26 09:42:25 - [TEST_STEP][PASSED] - almacena_datos_servicio.Val_mensaje_serv.guarda_salida_mensaje_serv_login(): almacena_datos_servicio.Val_mensaje_serv.guarda_salida_mensaje_serv_login is PASSED

2022-08-26 09:42:25 - [MESSAGE][PASSED] - almacena_datos_servicio.Val_mensaje_serv.guarda_salida_mensaje_serv_login is PASSED]]></system-out>
         <system-err><![CDATA[]]></system-err>
      </testcase>
      <testcase name="Test Cases/Login_param" time="1.307" classname="Test Cases/Login_param" status="PASSED">
         <system-out><![CDATA[2022-08-26 09:42:25 - [TEST_CASE][PASSED] - Test Cases/Login_param: Test Cases/Login_param

2022-08-26 09:42:26 - [TEST_STEP][PASSED] - regis = Integer.parseInt(registro): null

2022-08-26 09:42:26 - [TEST_STEP][PASSED] - response = sendRequestAndVerify(findTestObject("miNomina_Mareigua-ConsultarNomina/Login", ["Login":Login, "password":password])): Send request and verify the response successfully

2022-08-26 09:42:26 - [MESSAGE][INFO] - HAR: C:\Cenet\Cenet-Factura\Mareigua\miFactura_ws_Mareigua-25-08-2022\Reports\20220826_094130\miNomina_Mareigua\ConsultarNomina\20220826_094130\requests\main\14.har

2022-08-26 09:42:26 - [TEST_CASE][PASSED] - Start Test Case : Verification: Verification accomplished successfully

2022-08-26 09:42:27 - [TEST_STEP][PASSED] - request = getInstance().getCurrentRequest(): null

2022-08-26 09:42:27 - [TEST_STEP][PASSED] - response = getInstance().getCurrentResponse(): null

2022-08-26 09:42:27 - [MESSAGE][PASSED] - Verify response successfully

2022-08-26 09:42:27 - [MESSAGE][PASSED] - Send request and verify the response successfully

2022-08-26 09:42:27 - [TEST_STEP][PASSED] - val_time = response.getElapsedTime(): null

2022-08-26 09:42:27 - [TEST_STEP][PASSED] - status_login = response.getStatusCode(): null

2022-08-26 09:42:27 - [TEST_STEP][PASSED] - jsonString = response.getResponseText(): null

2022-08-26 09:42:27 - [TEST_STEP][PASSED] - slurper = new groovy.json.JsonSlurper(): null

2022-08-26 09:42:27 - [TEST_STEP][PASSED] - markWarning("JSON " + jsonString): JSON {"Type":"ERROR","ValidationMessage":"Tu usuario o contrase単a son incorrectos.","Content":null}

2022-08-26 09:42:27 - [MESSAGE][WARNING] - JSON {"Type":"ERROR","ValidationMessage":"Tu usuario o contrase単a son incorrectos.","Content":null}

2022-08-26 09:42:27 - [TEST_STEP][PASSED] - parsedJson = slurper.parseText(jsonString): null

2022-08-26 09:42:27 - [TEST_STEP][PASSED] - nom_func = "val_login": null

2022-08-26 09:42:27 - [TEST_STEP][PASSED] - almacena_datos_servicio.Val_mensaje_serv.valida_mensaje_serv_login(parsedJson, type, ValidationMessage): Exito

2022-08-26 09:42:27 - [MESSAGE][PASSED] - Exito

2022-08-26 09:42:27 - [TEST_STEP][PASSED] - almacena_datos_servicio.Val_mensaje_serv.guarda_salida_mensaje_serv_login(): almacena_datos_servicio.Val_mensaje_serv.guarda_salida_mensaje_serv_login is PASSED

2022-08-26 09:42:27 - [MESSAGE][PASSED] - almacena_datos_servicio.Val_mensaje_serv.guarda_salida_mensaje_serv_login is PASSED]]></system-out>
         <system-err><![CDATA[]]></system-err>
      </testcase>
      <system-out><![CDATA[2022-08-26 09:41:44 - [TEST_SUITE][PASSED] - ConsultarNomina: Test Cases/Login_param]]></system-out>
      <system-err><![CDATA[]]></system-err>
   </testsuite>
</testsuites>
