<?xml version="1.0" encoding="UTF-8"?>
<testsuites name="ConsultarNomina" time="51.656" tests="16" failures="1" errors="0">
   <testsuite name="ConsultarNomina" tests="16" failures="1" errors="0" time="51.656" skipped="0" timestamp="2022-08-18 17:42:57" hostname="cenet - DESKTOP-4DPQOK0" id="Test Suites/miNomina_Mareigua/ConsultarNomina">
      <properties>
         <property name="deviceName" value=""/>
         <property name="devicePlatform" value=""/>
         <property name="logFolder" value="C:\\Cenet\\Cenet-Nomina\\Servicios_Mareigua\\miNomina_ws_Mareigua-10-08-2022\\Reports\\20220818_174227\\miNomina_Mareigua\\ConsultarNomina\\20220818_174231"/>
         <property name="logFiles" value="C:\\Cenet\\Cenet-Nomina\\Servicios_Mareigua\\miNomina_ws_Mareigua-10-08-2022\\Reports\\20220818_174227\\miNomina_Mareigua\\ConsultarNomina\\20220818_174231\\execution0.log"/>
         <property name="attachments" value=""/>
         <property name="hostName" value="cenet - DESKTOP-4DPQOK0"/>
         <property name="hostAddress" value="192.168.1.127"/>
         <property name="os" value="Windows 10 64bit"/>
         <property name="katalonVersion" value="8.3.0.208"/>
      </properties>
      <testcase name="Test Cases/Elimina_archivo" time="3.443" classname="Test Cases/Elimina_archivo" status="PASSED">
         <system-out><![CDATA[2022-08-18 17:42:57 - [TEST_CASE][PASSED] - Test Cases/Elimina_archivo: Test Cases/Elimina_archivo

2022-08-18 17:42:59 - [TEST_STEP][PASSED] - elimina = new almacena_datos_servicio.Elimina_archivo(): null

2022-08-18 17:42:59 - [TEST_STEP][PASSED] - elimina.deleteFile(ruta_arch_salida): null]]></system-out>
         <system-err><![CDATA[]]></system-err>
      </testcase>
      <testcase name="Test Cases/Login" time="9.299" classname="Test Cases/Login" status="PASSED">
         <system-out><![CDATA[2022-08-18 17:43:01 - [TEST_CASE][PASSED] - Test Cases/Login: Test Cases/Login

2022-08-18 17:43:03 - [TEST_STEP][PASSED] - respu = sendRequestAndVerify(findTestObject("miNomina_Mareigua-ConsultarNomina/Login", ["Login":Login, "password":password])): Send request and verify the response successfully

2022-08-18 17:43:09 - [MESSAGE][INFO] - HAR: C:\Cenet\Cenet-Nomina\Servicios_Mareigua\miNomina_ws_Mareigua-10-08-2022\Reports\20220818_174227\miNomina_Mareigua\ConsultarNomina\20220818_174231\requests\main\0.har

2022-08-18 17:43:09 - [TEST_CASE][PASSED] - Start Test Case : Verification: Verification accomplished successfully

2022-08-18 17:43:10 - [TEST_STEP][PASSED] - request = getInstance().getCurrentRequest(): null

2022-08-18 17:43:10 - [TEST_STEP][PASSED] - response = getInstance().getCurrentResponse(): null

2022-08-18 17:43:10 - [MESSAGE][PASSED] - Verify response successfully

2022-08-18 17:43:10 - [MESSAGE][PASSED] - Send request and verify the response successfully

2022-08-18 17:43:10 - [TEST_STEP][PASSED] - response = getInstance().getCurrentResponse(): null

2022-08-18 17:43:10 - [TEST_STEP][PASSED] - request = getInstance().getCurrentRequest(): null

2022-08-18 17:43:10 - [TEST_STEP][PASSED] - def_status_200 = verifyResponseStatusCodeInRange(response, 200, 500): Verify response status code successfully

2022-08-18 17:43:10 - [MESSAGE][PASSED] - Verify response status code successfully

2022-08-18 17:43:10 - [TEST_STEP][PASSED] - jsonString = response.getResponseText(): null

2022-08-18 17:43:10 - [TEST_STEP][PASSED] - slurper = new groovy.json.JsonSlurper(): null

2022-08-18 17:43:10 - [TEST_STEP][PASSED] - markWarning("JSON " + jsonString): JSON {"Type":"OK","ValidationMessage":null,"Content":{"JWT":"eyJhbGciOiJIUzI1NiIsInR5cCI6IkpXVCJ9.eyJodHRwOi8vc2NoZW1hcy5taWNyb3NvZnQuY29tL3dzLzIwMDgvMDYvaWRlbnRpdHkvY2xhaW1zL3VzZXJkYXRhIjoie1wiSWRVc3VhcmlvXCI6NTMxLFwiSWRUZXJjZXJvXCI6NTI0LFwiVXNlcm5hbWVcIjpcIjgzMDA1Nzg2MFwiLFwiUGFzc3dvcmRcIjpcImZiM2ZkZDYxYjdkOTg1NjIxYjViODM5Mzg4YTVlYmE2OWU3MDc2NTBcIixcIk5vbWJyZVwiOm51bGwsXCJBcGVsbGlkb1wiOlwiQ09NRVJDSU8gRUxFQ1RST05JQ08gRU4gSU5URVJORVQgU0EgQ0VORVQgU0FcIixcIkVtYWlsXCI6XCJwcnVlYmFzQGNlbmV0LmNvXCIsXCJBY3Rpdm9cIjp0cnVlLFwiUGVybWlzb3NcIjpbXX0iLCJuYmYiOjE2NjA4NjI1ODcsImV4cCI6MTY2MDg2NjE4NywiaWF0IjoxNjYwODYyNTg3LCJpc3MiOiJodHRwOi8vbG9jYWxob3N0L1dlYkFQSS5Db25zdWx0YXNFeHRlcm5hcyIsImF1ZCI6Imh0dHA6Ly9sb2NhbGhvc3QvV2ViQVBJLkNvbnN1bHRhc0V4dGVybmFzIn0.gf0bjKyhRxDYfjrmttJmtnZ0L6-uQ1kEsVgFtJvH1Y4"}}

2022-08-18 17:43:10 - [MESSAGE][WARNING] - JSON {"Type":"OK","ValidationMessage":null,"Content":{"JWT":"eyJhbGciOiJIUzI1NiIsInR5cCI6IkpXVCJ9.eyJodHRwOi8vc2NoZW1hcy5taWNyb3NvZnQuY29tL3dzLzIwMDgvMDYvaWRlbnRpdHkvY2xhaW1zL3VzZXJkYXRhIjoie1wiSWRVc3VhcmlvXCI6NTMxLFwiSWRUZXJjZXJvXCI6NTI0LFwiVXNlcm5hbWVcIjpcIjgzMDA1Nzg2MFwiLFwiUGFzc3dvcmRcIjpcImZiM2ZkZDYxYjdkOTg1NjIxYjViODM5Mzg4YTVlYmE2OWU3MDc2NTBcIixcIk5vbWJyZVwiOm51bGwsXCJBcGVsbGlkb1wiOlwiQ09NRVJDSU8gRUxFQ1RST05JQ08gRU4gSU5URVJORVQgU0EgQ0VORVQgU0FcIixcIkVtYWlsXCI6XCJwcnVlYmFzQGNlbmV0LmNvXCIsXCJBY3Rpdm9cIjp0cnVlLFwiUGVybWlzb3NcIjpbXX0iLCJuYmYiOjE2NjA4NjI1ODcsImV4cCI6MTY2MDg2NjE4NywiaWF0IjoxNjYwODYyNTg3LCJpc3MiOiJodHRwOi8vbG9jYWxob3N0L1dlYkFQSS5Db25zdWx0YXNFeHRlcm5hcyIsImF1ZCI6Imh0dHA6Ly9sb2NhbGhvc3QvV2ViQVBJLkNvbnN1bHRhc0V4dGVybmFzIn0.gf0bjKyhRxDYfjrmttJmtnZ0L6-uQ1kEsVgFtJvH1Y4"}}

2022-08-18 17:43:10 - [TEST_STEP][PASSED] - parsedJson = slurper.parseText(jsonString): null

2022-08-18 17:43:10 - [TEST_STEP][PASSED] - val = ValidationMessage: null

2022-08-18 17:43:10 - [TEST_STEP][PASSED] - if (val == null): null

2022-08-18 17:43:10 - [TEST_STEP][PASSED] - val = "null": null

2022-08-18 17:43:10 - [TEST_STEP][PASSED] - if (Content != null): null

2022-08-18 17:43:10 - [TEST_STEP][PASSED] - token = "Bearer " + JWT: null

2022-08-18 17:43:10 - [TEST_STEP][PASSED] - println("token -->" + token): null]]></system-out>
         <system-err><![CDATA[]]></system-err>
      </testcase>
      <testcase name="Test Cases/ConsultarNomina" time="4.93" classname="Test Cases/ConsultarNomina" status="FAILED">
         <failure type="FAILED" message="Test Cases/ConsultarNomina FAILED.
Reason:
com.kms.katalon.core.exception.StepFailedException: FALLIDO
	at com.kms.katalon.core.util.KeywordUtil.markFailed(KeywordUtil.java:19)
	at com.kms.katalon.core.util.KeywordUtil$markFailed$0.call(Unknown Source)
	at almacena_datos_servicio.consulta_nomina.valida_mensaje_serv_report(consulta_nomina.groovy:34)
	at almacena_datos_servicio.consulta_nomina.invokeMethod(consulta_nomina.groovy)
	at com.kms.katalon.core.main.CustomKeywordDelegatingMetaClass.invokeStaticMethod(CustomKeywordDelegatingMetaClass.java:50)
	at ConsultarNomina.run(ConsultarNomina:40)
	at com.kms.katalon.core.main.ScriptEngine.run(ScriptEngine.java:194)
	at com.kms.katalon.core.main.ScriptEngine.runScriptAsRawText(ScriptEngine.java:119)
	at com.kms.katalon.core.main.TestCaseExecutor.runScript(TestCaseExecutor.java:445)
	at com.kms.katalon.core.main.TestCaseExecutor.doExecute(TestCaseExecutor.java:436)
	at com.kms.katalon.core.main.TestCaseExecutor.processExecutionPhase(TestCaseExecutor.java:415)
	at com.kms.katalon.core.main.TestCaseExecutor.accessMainPhase(TestCaseExecutor.java:407)
	at com.kms.katalon.core.main.TestCaseExecutor.execute(TestCaseExecutor.java:284)
	at com.kms.katalon.core.common.CommonExecutor.accessTestCaseMainPhase(CommonExecutor.java:65)
	at com.kms.katalon.core.main.TestSuiteExecutor.accessTestSuiteMainPhase(TestSuiteExecutor.java:144)
	at com.kms.katalon.core.main.TestSuiteExecutor.execute(TestSuiteExecutor.java:106)
	at com.kms.katalon.core.main.TestCaseMain.startTestSuite(TestCaseMain.java:185)
	at com.kms.katalon.core.main.TestCaseMain$startTestSuite$0.call(Unknown Source)
	at TempTestSuite1660862551811.run(TempTestSuite1660862551811.groovy:36)
"/>
         <system-out><![CDATA[2022-08-18 17:43:11 - [TEST_CASE][FAILED] - Test Cases/ConsultarNomina: Test Cases/ConsultarNomina FAILED.
Reason:
com.kms.katalon.core.exception.StepFailedException: FALLIDO
	at com.kms.katalon.core.util.KeywordUtil.markFailed(KeywordUtil.java:19)
	at com.kms.katalon.core.util.KeywordUtil$markFailed$0.call(Unknown Source)
	at almacena_datos_servicio.consulta_nomina.valida_mensaje_serv_report(consulta_nomina.groovy:34)
	at almacena_datos_servicio.consulta_nomina.invokeMethod(consulta_nomina.groovy)
	at com.kms.katalon.core.main.CustomKeywordDelegatingMetaClass.invokeStaticMethod(CustomKeywordDelegatingMetaClass.java:50)
	at ConsultarNomina.run(ConsultarNomina:40)
	at com.kms.katalon.core.main.ScriptEngine.run(ScriptEngine.java:194)
	at com.kms.katalon.core.main.ScriptEngine.runScriptAsRawText(ScriptEngine.java:119)
	at com.kms.katalon.core.main.TestCaseExecutor.runScript(TestCaseExecutor.java:445)
	at com.kms.katalon.core.main.TestCaseExecutor.doExecute(TestCaseExecutor.java:436)
	at com.kms.katalon.core.main.TestCaseExecutor.processExecutionPhase(TestCaseExecutor.java:415)
	at com.kms.katalon.core.main.TestCaseExecutor.accessMainPhase(TestCaseExecutor.java:407)
	at com.kms.katalon.core.main.TestCaseExecutor.execute(TestCaseExecutor.java:284)
	at com.kms.katalon.core.common.CommonExecutor.accessTestCaseMainPhase(CommonExecutor.java:65)
	at com.kms.katalon.core.main.TestSuiteExecutor.accessTestSuiteMainPhase(TestSuiteExecutor.java:144)
	at com.kms.katalon.core.main.TestSuiteExecutor.execute(TestSuiteExecutor.java:106)
	at com.kms.katalon.core.main.TestCaseMain.startTestSuite(TestCaseMain.java:185)
	at com.kms.katalon.core.main.TestCaseMain$startTestSuite$0.call(Unknown Source)
	at TempTestSuite1660862551811.run(TempTestSuite1660862551811.groovy:36)


2022-08-18 17:43:11 - [TEST_STEP][PASSED] - grabar = new almacena_datos_servicio.Graba_archivo(): null

2022-08-18 17:43:11 - [TEST_STEP][PASSED] - regis = Integer.parseInt(registro): null

2022-08-18 17:43:11 - [TEST_STEP][PASSED] - response = sendRequestAndVerify(findTestObject("miNomina_Mareigua-ConsultarNomina/ConsultarConsolidado_Nomina", ["tipo_identificacion_id":tipo_identificacion_id, "numero_identificacion":numero_identificacion, "token":token])): Send request and verify the response successfully

2022-08-18 17:43:12 - [MESSAGE][INFO] - HAR: C:\Cenet\Cenet-Nomina\Servicios_Mareigua\miNomina_ws_Mareigua-10-08-2022\Reports\20220818_174227\miNomina_Mareigua\ConsultarNomina\20220818_174231\requests\main\1.har

2022-08-18 17:43:13 - [TEST_CASE][PASSED] - Start Test Case : Verification: Verification accomplished successfully

2022-08-18 17:43:13 - [TEST_STEP][PASSED] - request = getInstance().getCurrentRequest(): null

2022-08-18 17:43:13 - [TEST_STEP][PASSED] - response = getInstance().getCurrentResponse(): null

2022-08-18 17:43:13 - [MESSAGE][PASSED] - Verify response successfully

2022-08-18 17:43:13 - [MESSAGE][PASSED] - Send request and verify the response successfully

2022-08-18 17:43:13 - [TEST_STEP][PASSED] - val_time = response.getElapsedTime(): null

2022-08-18 17:43:13 - [TEST_STEP][PASSED] - status = response.getStatusCode(): null

2022-08-18 17:43:13 - [TEST_STEP][PASSED] - jsonString = response.getResponseText(): null

2022-08-18 17:43:13 - [TEST_STEP][PASSED] - salida_json = jsonString.replaceAll("
", ""): null

2022-08-18 17:43:13 - [TEST_STEP][PASSED] - slurper = new groovy.json.JsonSlurper(): null

2022-08-18 17:43:13 - [TEST_STEP][PASSED] - grabar.create_Add(regis + " - " + jsonString, ruta_arch_salida): null

2022-08-18 17:43:13 - [TEST_STEP][PASSED] - parsedJson = slurper.parseText(jsonString): null

2022-08-18 17:43:13 - [TEST_STEP][FAILED] - almacena_datos_servicio.consulta_nomina.valida_mensaje_serv_report(parsedJson, val_mensaje_report): com.kms.katalon.core.exception.StepFailedException: FALLIDO

2022-08-18 17:43:13 - [MESSAGE][FAILED] - FALLIDO

2022-08-18 17:43:13 - [MESSAGE][FAILED] - com.kms.katalon.core.exception.StepFailedException: FALLIDO

2022-08-18 17:43:13 - [TEST_STEP][PASSED] - almacena_datos_servicio.consulta_nomina.guarda_salida_consultar_nomina(): almacena_datos_servicio.consulta_nomina.guarda_salida_consultar_nomina is PASSED

2022-08-18 17:43:16 - [MESSAGE][PASSED] - almacena_datos_servicio.consulta_nomina.guarda_salida_consultar_nomina is PASSED]]></system-out>
         <system-err><![CDATA[2022-08-18 17:43:11 - [TEST_CASE][FAILED] - Test Cases/ConsultarNomina: Test Cases/ConsultarNomina FAILED.
Reason:
com.kms.katalon.core.exception.StepFailedException: FALLIDO
	at com.kms.katalon.core.util.KeywordUtil.markFailed(KeywordUtil.java:19)
	at com.kms.katalon.core.util.KeywordUtil$markFailed$0.call(Unknown Source)
	at almacena_datos_servicio.consulta_nomina.valida_mensaje_serv_report(consulta_nomina.groovy:34)
	at almacena_datos_servicio.consulta_nomina.invokeMethod(consulta_nomina.groovy)
	at com.kms.katalon.core.main.CustomKeywordDelegatingMetaClass.invokeStaticMethod(CustomKeywordDelegatingMetaClass.java:50)
	at ConsultarNomina.run(ConsultarNomina:40)
	at com.kms.katalon.core.main.ScriptEngine.run(ScriptEngine.java:194)
	at com.kms.katalon.core.main.ScriptEngine.runScriptAsRawText(ScriptEngine.java:119)
	at com.kms.katalon.core.main.TestCaseExecutor.runScript(TestCaseExecutor.java:445)
	at com.kms.katalon.core.main.TestCaseExecutor.doExecute(TestCaseExecutor.java:436)
	at com.kms.katalon.core.main.TestCaseExecutor.processExecutionPhase(TestCaseExecutor.java:415)
	at com.kms.katalon.core.main.TestCaseExecutor.accessMainPhase(TestCaseExecutor.java:407)
	at com.kms.katalon.core.main.TestCaseExecutor.execute(TestCaseExecutor.java:284)
	at com.kms.katalon.core.common.CommonExecutor.accessTestCaseMainPhase(CommonExecutor.java:65)
	at com.kms.katalon.core.main.TestSuiteExecutor.accessTestSuiteMainPhase(TestSuiteExecutor.java:144)
	at com.kms.katalon.core.main.TestSuiteExecutor.execute(TestSuiteExecutor.java:106)
	at com.kms.katalon.core.main.TestCaseMain.startTestSuite(TestCaseMain.java:185)
	at com.kms.katalon.core.main.TestCaseMain$startTestSuite$0.call(Unknown Source)
	at TempTestSuite1660862551811.run(TempTestSuite1660862551811.groovy:36)]]></system-err>
      </testcase>
      <testcase name="Test Cases/ConsultarNomina" time="2.89" classname="Test Cases/ConsultarNomina" status="PASSED">
         <system-out><![CDATA[2022-08-18 17:43:16 - [TEST_CASE][PASSED] - Test Cases/ConsultarNomina: Test Cases/ConsultarNomina

2022-08-18 17:43:16 - [TEST_STEP][PASSED] - grabar = new almacena_datos_servicio.Graba_archivo(): null

2022-08-18 17:43:16 - [TEST_STEP][PASSED] - regis = Integer.parseInt(registro): null

2022-08-18 17:43:16 - [TEST_STEP][PASSED] - response = sendRequestAndVerify(findTestObject("miNomina_Mareigua-ConsultarNomina/ConsultarConsolidado_Nomina", ["tipo_identificacion_id":tipo_identificacion_id, "numero_identificacion":numero_identificacion, "token":token])): Send request and verify the response successfully

2022-08-18 17:43:18 - [MESSAGE][INFO] - HAR: C:\Cenet\Cenet-Nomina\Servicios_Mareigua\miNomina_ws_Mareigua-10-08-2022\Reports\20220818_174227\miNomina_Mareigua\ConsultarNomina\20220818_174231\requests\main\2.har

2022-08-18 17:43:18 - [TEST_CASE][PASSED] - Start Test Case : Verification: Verification accomplished successfully

2022-08-18 17:43:18 - [TEST_STEP][PASSED] - request = getInstance().getCurrentRequest(): null

2022-08-18 17:43:18 - [TEST_STEP][PASSED] - response = getInstance().getCurrentResponse(): null

2022-08-18 17:43:18 - [MESSAGE][PASSED] - Verify response successfully

2022-08-18 17:43:18 - [MESSAGE][PASSED] - Send request and verify the response successfully

2022-08-18 17:43:18 - [TEST_STEP][PASSED] - val_time = response.getElapsedTime(): null

2022-08-18 17:43:18 - [TEST_STEP][PASSED] - status = response.getStatusCode(): null

2022-08-18 17:43:18 - [TEST_STEP][PASSED] - jsonString = response.getResponseText(): null

2022-08-18 17:43:18 - [TEST_STEP][PASSED] - salida_json = jsonString.replaceAll("
", ""): null

2022-08-18 17:43:18 - [TEST_STEP][PASSED] - slurper = new groovy.json.JsonSlurper(): null

2022-08-18 17:43:18 - [TEST_STEP][PASSED] - grabar.create_Add(regis + " - " + jsonString, ruta_arch_salida): null

2022-08-18 17:43:18 - [TEST_STEP][PASSED] - parsedJson = slurper.parseText(jsonString): null

2022-08-18 17:43:18 - [TEST_STEP][PASSED] - almacena_datos_servicio.consulta_nomina.valida_mensaje_serv_report(parsedJson, val_mensaje_report): EXITO

2022-08-18 17:43:18 - [MESSAGE][PASSED] - EXITO

2022-08-18 17:43:18 - [TEST_STEP][PASSED] - almacena_datos_servicio.consulta_nomina.guarda_salida_consultar_nomina(): almacena_datos_servicio.consulta_nomina.guarda_salida_consultar_nomina is PASSED

2022-08-18 17:43:19 - [MESSAGE][PASSED] - almacena_datos_servicio.consulta_nomina.guarda_salida_consultar_nomina is PASSED]]></system-out>
         <system-err><![CDATA[]]></system-err>
      </testcase>
      <testcase name="Test Cases/ConsultarNomina" time="3.391" classname="Test Cases/ConsultarNomina" status="PASSED">
         <system-out><![CDATA[2022-08-18 17:43:19 - [TEST_CASE][PASSED] - Test Cases/ConsultarNomina: Test Cases/ConsultarNomina

2022-08-18 17:43:19 - [TEST_STEP][PASSED] - grabar = new almacena_datos_servicio.Graba_archivo(): null

2022-08-18 17:43:19 - [TEST_STEP][PASSED] - regis = Integer.parseInt(registro): null

2022-08-18 17:43:19 - [TEST_STEP][PASSED] - response = sendRequestAndVerify(findTestObject("miNomina_Mareigua-ConsultarNomina/ConsultarConsolidado_Nomina", ["tipo_identificacion_id":tipo_identificacion_id, "numero_identificacion":numero_identificacion, "token":token])): Send request and verify the response successfully

2022-08-18 17:43:21 - [MESSAGE][INFO] - HAR: C:\Cenet\Cenet-Nomina\Servicios_Mareigua\miNomina_ws_Mareigua-10-08-2022\Reports\20220818_174227\miNomina_Mareigua\ConsultarNomina\20220818_174231\requests\main\3.har

2022-08-18 17:43:22 - [TEST_CASE][PASSED] - Start Test Case : Verification: Verification accomplished successfully

2022-08-18 17:43:22 - [TEST_STEP][PASSED] - request = getInstance().getCurrentRequest(): null

2022-08-18 17:43:22 - [TEST_STEP][PASSED] - response = getInstance().getCurrentResponse(): null

2022-08-18 17:43:22 - [MESSAGE][PASSED] - Verify response successfully

2022-08-18 17:43:22 - [MESSAGE][PASSED] - Send request and verify the response successfully

2022-08-18 17:43:22 - [TEST_STEP][PASSED] - val_time = response.getElapsedTime(): null

2022-08-18 17:43:22 - [TEST_STEP][PASSED] - status = response.getStatusCode(): null

2022-08-18 17:43:22 - [TEST_STEP][PASSED] - jsonString = response.getResponseText(): null

2022-08-18 17:43:22 - [TEST_STEP][PASSED] - salida_json = jsonString.replaceAll("
", ""): null

2022-08-18 17:43:22 - [TEST_STEP][PASSED] - slurper = new groovy.json.JsonSlurper(): null

2022-08-18 17:43:22 - [TEST_STEP][PASSED] - grabar.create_Add(regis + " - " + jsonString, ruta_arch_salida): null

2022-08-18 17:43:22 - [TEST_STEP][PASSED] - parsedJson = slurper.parseText(jsonString): null

2022-08-18 17:43:22 - [TEST_STEP][PASSED] - almacena_datos_servicio.consulta_nomina.valida_mensaje_serv_report(parsedJson, val_mensaje_report): EXITO

2022-08-18 17:43:22 - [MESSAGE][PASSED] - EXITO

2022-08-18 17:43:22 - [TEST_STEP][PASSED] - almacena_datos_servicio.consulta_nomina.guarda_salida_consultar_nomina(): almacena_datos_servicio.consulta_nomina.guarda_salida_consultar_nomina is PASSED

2022-08-18 17:43:23 - [MESSAGE][PASSED] - almacena_datos_servicio.consulta_nomina.guarda_salida_consultar_nomina is PASSED]]></system-out>
         <system-err><![CDATA[]]></system-err>
      </testcase>
      <testcase name="Test Cases/ConsultarNomina" time="2.555" classname="Test Cases/ConsultarNomina" status="PASSED">
         <system-out><![CDATA[2022-08-18 17:43:23 - [TEST_CASE][PASSED] - Test Cases/ConsultarNomina: Test Cases/ConsultarNomina

2022-08-18 17:43:23 - [TEST_STEP][PASSED] - grabar = new almacena_datos_servicio.Graba_archivo(): null

2022-08-18 17:43:23 - [TEST_STEP][PASSED] - regis = Integer.parseInt(registro): null

2022-08-18 17:43:23 - [TEST_STEP][PASSED] - response = sendRequestAndVerify(findTestObject("miNomina_Mareigua-ConsultarNomina/ConsultarConsolidado_Nomina", ["tipo_identificacion_id":tipo_identificacion_id, "numero_identificacion":numero_identificacion, "token":token])): Send request and verify the response successfully

2022-08-18 17:43:24 - [MESSAGE][INFO] - HAR: C:\Cenet\Cenet-Nomina\Servicios_Mareigua\miNomina_ws_Mareigua-10-08-2022\Reports\20220818_174227\miNomina_Mareigua\ConsultarNomina\20220818_174231\requests\main\4.har

2022-08-18 17:43:25 - [TEST_CASE][PASSED] - Start Test Case : Verification: Verification accomplished successfully

2022-08-18 17:43:25 - [TEST_STEP][PASSED] - request = getInstance().getCurrentRequest(): null

2022-08-18 17:43:25 - [TEST_STEP][PASSED] - response = getInstance().getCurrentResponse(): null

2022-08-18 17:43:25 - [MESSAGE][PASSED] - Verify response successfully

2022-08-18 17:43:25 - [MESSAGE][PASSED] - Send request and verify the response successfully

2022-08-18 17:43:25 - [TEST_STEP][PASSED] - val_time = response.getElapsedTime(): null

2022-08-18 17:43:25 - [TEST_STEP][PASSED] - status = response.getStatusCode(): null

2022-08-18 17:43:25 - [TEST_STEP][PASSED] - jsonString = response.getResponseText(): null

2022-08-18 17:43:25 - [TEST_STEP][PASSED] - salida_json = jsonString.replaceAll("
", ""): null

2022-08-18 17:43:25 - [TEST_STEP][PASSED] - slurper = new groovy.json.JsonSlurper(): null

2022-08-18 17:43:25 - [TEST_STEP][PASSED] - grabar.create_Add(regis + " - " + jsonString, ruta_arch_salida): null

2022-08-18 17:43:25 - [TEST_STEP][PASSED] - parsedJson = slurper.parseText(jsonString): null

2022-08-18 17:43:25 - [TEST_STEP][PASSED] - almacena_datos_servicio.consulta_nomina.valida_mensaje_serv_report(parsedJson, val_mensaje_report): EXITO

2022-08-18 17:43:25 - [MESSAGE][PASSED] - EXITO

2022-08-18 17:43:25 - [TEST_STEP][PASSED] - almacena_datos_servicio.consulta_nomina.guarda_salida_consultar_nomina(): almacena_datos_servicio.consulta_nomina.guarda_salida_consultar_nomina is PASSED

2022-08-18 17:43:25 - [MESSAGE][PASSED] - almacena_datos_servicio.consulta_nomina.guarda_salida_consultar_nomina is PASSED]]></system-out>
         <system-err><![CDATA[]]></system-err>
      </testcase>
      <testcase name="Test Cases/ConsultarNomina" time="2.116" classname="Test Cases/ConsultarNomina" status="PASSED">
         <system-out><![CDATA[2022-08-18 17:43:26 - [TEST_CASE][PASSED] - Test Cases/ConsultarNomina: Test Cases/ConsultarNomina

2022-08-18 17:43:26 - [TEST_STEP][PASSED] - grabar = new almacena_datos_servicio.Graba_archivo(): null

2022-08-18 17:43:26 - [TEST_STEP][PASSED] - regis = Integer.parseInt(registro): null

2022-08-18 17:43:26 - [TEST_STEP][PASSED] - response = sendRequestAndVerify(findTestObject("miNomina_Mareigua-ConsultarNomina/ConsultarConsolidado_Nomina", ["tipo_identificacion_id":tipo_identificacion_id, "numero_identificacion":numero_identificacion, "token":token])): Send request and verify the response successfully

2022-08-18 17:43:27 - [MESSAGE][INFO] - HAR: C:\Cenet\Cenet-Nomina\Servicios_Mareigua\miNomina_ws_Mareigua-10-08-2022\Reports\20220818_174227\miNomina_Mareigua\ConsultarNomina\20220818_174231\requests\main\5.har

2022-08-18 17:43:27 - [TEST_CASE][PASSED] - Start Test Case : Verification: Verification accomplished successfully

2022-08-18 17:43:27 - [TEST_STEP][PASSED] - request = getInstance().getCurrentRequest(): null

2022-08-18 17:43:27 - [TEST_STEP][PASSED] - response = getInstance().getCurrentResponse(): null

2022-08-18 17:43:27 - [MESSAGE][PASSED] - Verify response successfully

2022-08-18 17:43:27 - [MESSAGE][PASSED] - Send request and verify the response successfully

2022-08-18 17:43:27 - [TEST_STEP][PASSED] - val_time = response.getElapsedTime(): null

2022-08-18 17:43:27 - [TEST_STEP][PASSED] - status = response.getStatusCode(): null

2022-08-18 17:43:27 - [TEST_STEP][PASSED] - jsonString = response.getResponseText(): null

2022-08-18 17:43:27 - [TEST_STEP][PASSED] - salida_json = jsonString.replaceAll("
", ""): null

2022-08-18 17:43:27 - [TEST_STEP][PASSED] - slurper = new groovy.json.JsonSlurper(): null

2022-08-18 17:43:27 - [TEST_STEP][PASSED] - grabar.create_Add(regis + " - " + jsonString, ruta_arch_salida): null

2022-08-18 17:43:27 - [TEST_STEP][PASSED] - parsedJson = slurper.parseText(jsonString): null

2022-08-18 17:43:27 - [TEST_STEP][PASSED] - almacena_datos_servicio.consulta_nomina.valida_mensaje_serv_report(parsedJson, val_mensaje_report): EXITO

2022-08-18 17:43:27 - [MESSAGE][PASSED] - EXITO

2022-08-18 17:43:27 - [TEST_STEP][PASSED] - almacena_datos_servicio.consulta_nomina.guarda_salida_consultar_nomina(): almacena_datos_servicio.consulta_nomina.guarda_salida_consultar_nomina is PASSED

2022-08-18 17:43:28 - [MESSAGE][PASSED] - almacena_datos_servicio.consulta_nomina.guarda_salida_consultar_nomina is PASSED]]></system-out>
         <system-err><![CDATA[]]></system-err>
      </testcase>
      <testcase name="Test Cases/ConsultarNomina" time="2.917" classname="Test Cases/ConsultarNomina" status="PASSED">
         <system-out><![CDATA[2022-08-18 17:43:28 - [TEST_CASE][PASSED] - Test Cases/ConsultarNomina: Test Cases/ConsultarNomina

2022-08-18 17:43:28 - [TEST_STEP][PASSED] - grabar = new almacena_datos_servicio.Graba_archivo(): null

2022-08-18 17:43:28 - [TEST_STEP][PASSED] - regis = Integer.parseInt(registro): null

2022-08-18 17:43:28 - [TEST_STEP][PASSED] - response = sendRequestAndVerify(findTestObject("miNomina_Mareigua-ConsultarNomina/ConsultarConsolidado_Nomina", ["tipo_identificacion_id":tipo_identificacion_id, "numero_identificacion":numero_identificacion, "token":token])): Send request and verify the response successfully

2022-08-18 17:43:30 - [MESSAGE][INFO] - HAR: C:\Cenet\Cenet-Nomina\Servicios_Mareigua\miNomina_ws_Mareigua-10-08-2022\Reports\20220818_174227\miNomina_Mareigua\ConsultarNomina\20220818_174231\requests\main\6.har

2022-08-18 17:43:30 - [TEST_CASE][PASSED] - Start Test Case : Verification: Verification accomplished successfully

2022-08-18 17:43:30 - [TEST_STEP][PASSED] - request = getInstance().getCurrentRequest(): null

2022-08-18 17:43:30 - [TEST_STEP][PASSED] - response = getInstance().getCurrentResponse(): null

2022-08-18 17:43:30 - [MESSAGE][PASSED] - Verify response successfully

2022-08-18 17:43:30 - [MESSAGE][PASSED] - Send request and verify the response successfully

2022-08-18 17:43:30 - [TEST_STEP][PASSED] - val_time = response.getElapsedTime(): null

2022-08-18 17:43:30 - [TEST_STEP][PASSED] - status = response.getStatusCode(): null

2022-08-18 17:43:30 - [TEST_STEP][PASSED] - jsonString = response.getResponseText(): null

2022-08-18 17:43:30 - [TEST_STEP][PASSED] - salida_json = jsonString.replaceAll("
", ""): null

2022-08-18 17:43:30 - [TEST_STEP][PASSED] - slurper = new groovy.json.JsonSlurper(): null

2022-08-18 17:43:30 - [TEST_STEP][PASSED] - grabar.create_Add(regis + " - " + jsonString, ruta_arch_salida): null

2022-08-18 17:43:30 - [TEST_STEP][PASSED] - parsedJson = slurper.parseText(jsonString): null

2022-08-18 17:43:30 - [TEST_STEP][PASSED] - almacena_datos_servicio.consulta_nomina.valida_mensaje_serv_report(parsedJson, val_mensaje_report): EXITO

2022-08-18 17:43:30 - [MESSAGE][PASSED] - EXITO

2022-08-18 17:43:30 - [TEST_STEP][PASSED] - almacena_datos_servicio.consulta_nomina.guarda_salida_consultar_nomina(): almacena_datos_servicio.consulta_nomina.guarda_salida_consultar_nomina is PASSED

2022-08-18 17:43:31 - [MESSAGE][PASSED] - almacena_datos_servicio.consulta_nomina.guarda_salida_consultar_nomina is PASSED]]></system-out>
         <system-err><![CDATA[]]></system-err>
      </testcase>
      <testcase name="Test Cases/ConsultarNomina" time="2.257" classname="Test Cases/ConsultarNomina" status="PASSED">
         <system-out><![CDATA[2022-08-18 17:43:31 - [TEST_CASE][PASSED] - Test Cases/ConsultarNomina: Test Cases/ConsultarNomina

2022-08-18 17:43:31 - [TEST_STEP][PASSED] - grabar = new almacena_datos_servicio.Graba_archivo(): null

2022-08-18 17:43:31 - [TEST_STEP][PASSED] - regis = Integer.parseInt(registro): null

2022-08-18 17:43:31 - [TEST_STEP][PASSED] - response = sendRequestAndVerify(findTestObject("miNomina_Mareigua-ConsultarNomina/ConsultarConsolidado_Nomina", ["tipo_identificacion_id":tipo_identificacion_id, "numero_identificacion":numero_identificacion, "token":token])): Send request and verify the response successfully

2022-08-18 17:43:32 - [MESSAGE][INFO] - HAR: C:\Cenet\Cenet-Nomina\Servicios_Mareigua\miNomina_ws_Mareigua-10-08-2022\Reports\20220818_174227\miNomina_Mareigua\ConsultarNomina\20220818_174231\requests\main\7.har

2022-08-18 17:43:32 - [TEST_CASE][PASSED] - Start Test Case : Verification: Verification accomplished successfully

2022-08-18 17:43:33 - [TEST_STEP][PASSED] - request = getInstance().getCurrentRequest(): null

2022-08-18 17:43:33 - [TEST_STEP][PASSED] - response = getInstance().getCurrentResponse(): null

2022-08-18 17:43:33 - [MESSAGE][PASSED] - Verify response successfully

2022-08-18 17:43:33 - [MESSAGE][PASSED] - Send request and verify the response successfully

2022-08-18 17:43:33 - [TEST_STEP][PASSED] - val_time = response.getElapsedTime(): null

2022-08-18 17:43:33 - [TEST_STEP][PASSED] - status = response.getStatusCode(): null

2022-08-18 17:43:33 - [TEST_STEP][PASSED] - jsonString = response.getResponseText(): null

2022-08-18 17:43:33 - [TEST_STEP][PASSED] - salida_json = jsonString.replaceAll("
", ""): null

2022-08-18 17:43:33 - [TEST_STEP][PASSED] - slurper = new groovy.json.JsonSlurper(): null

2022-08-18 17:43:33 - [TEST_STEP][PASSED] - grabar.create_Add(regis + " - " + jsonString, ruta_arch_salida): null

2022-08-18 17:43:33 - [TEST_STEP][PASSED] - parsedJson = slurper.parseText(jsonString): null

2022-08-18 17:43:33 - [TEST_STEP][PASSED] - almacena_datos_servicio.consulta_nomina.valida_mensaje_serv_report(parsedJson, val_mensaje_report): EXITO

2022-08-18 17:43:33 - [MESSAGE][PASSED] - EXITO

2022-08-18 17:43:33 - [TEST_STEP][PASSED] - almacena_datos_servicio.consulta_nomina.guarda_salida_consultar_nomina(): almacena_datos_servicio.consulta_nomina.guarda_salida_consultar_nomina is PASSED

2022-08-18 17:43:33 - [MESSAGE][PASSED] - almacena_datos_servicio.consulta_nomina.guarda_salida_consultar_nomina is PASSED]]></system-out>
         <system-err><![CDATA[]]></system-err>
      </testcase>
      <testcase name="Test Cases/ConsultarNomina" time="2.039" classname="Test Cases/ConsultarNomina" status="PASSED">
         <system-out><![CDATA[2022-08-18 17:43:34 - [TEST_CASE][PASSED] - Test Cases/ConsultarNomina: Test Cases/ConsultarNomina

2022-08-18 17:43:34 - [TEST_STEP][PASSED] - grabar = new almacena_datos_servicio.Graba_archivo(): null

2022-08-18 17:43:34 - [TEST_STEP][PASSED] - regis = Integer.parseInt(registro): null

2022-08-18 17:43:34 - [TEST_STEP][PASSED] - response = sendRequestAndVerify(findTestObject("miNomina_Mareigua-ConsultarNomina/ConsultarConsolidado_Nomina", ["tipo_identificacion_id":tipo_identificacion_id, "numero_identificacion":numero_identificacion, "token":token])): Send request and verify the response successfully

2022-08-18 17:43:35 - [MESSAGE][INFO] - HAR: C:\Cenet\Cenet-Nomina\Servicios_Mareigua\miNomina_ws_Mareigua-10-08-2022\Reports\20220818_174227\miNomina_Mareigua\ConsultarNomina\20220818_174231\requests\main\8.har

2022-08-18 17:43:35 - [TEST_CASE][PASSED] - Start Test Case : Verification: Verification accomplished successfully

2022-08-18 17:43:35 - [TEST_STEP][PASSED] - request = getInstance().getCurrentRequest(): null

2022-08-18 17:43:35 - [TEST_STEP][PASSED] - response = getInstance().getCurrentResponse(): null

2022-08-18 17:43:35 - [MESSAGE][PASSED] - Verify response successfully

2022-08-18 17:43:35 - [MESSAGE][PASSED] - Send request and verify the response successfully

2022-08-18 17:43:35 - [TEST_STEP][PASSED] - val_time = response.getElapsedTime(): null

2022-08-18 17:43:35 - [TEST_STEP][PASSED] - status = response.getStatusCode(): null

2022-08-18 17:43:35 - [TEST_STEP][PASSED] - jsonString = response.getResponseText(): null

2022-08-18 17:43:36 - [TEST_STEP][PASSED] - salida_json = jsonString.replaceAll("
", ""): null

2022-08-18 17:43:36 - [TEST_STEP][PASSED] - slurper = new groovy.json.JsonSlurper(): null

2022-08-18 17:43:36 - [TEST_STEP][PASSED] - grabar.create_Add(regis + " - " + jsonString, ruta_arch_salida): null

2022-08-18 17:43:36 - [TEST_STEP][PASSED] - parsedJson = slurper.parseText(jsonString): null

2022-08-18 17:43:36 - [TEST_STEP][PASSED] - almacena_datos_servicio.consulta_nomina.valida_mensaje_serv_report(parsedJson, val_mensaje_report): EXITO

2022-08-18 17:43:36 - [MESSAGE][PASSED] - EXITO

2022-08-18 17:43:36 - [TEST_STEP][PASSED] - almacena_datos_servicio.consulta_nomina.guarda_salida_consultar_nomina(): almacena_datos_servicio.consulta_nomina.guarda_salida_consultar_nomina is PASSED

2022-08-18 17:43:36 - [MESSAGE][PASSED] - almacena_datos_servicio.consulta_nomina.guarda_salida_consultar_nomina is PASSED]]></system-out>
         <system-err><![CDATA[]]></system-err>
      </testcase>
      <testcase name="Test Cases/ConsultarNomina" time="1.34" classname="Test Cases/ConsultarNomina" status="PASSED">
         <system-out><![CDATA[2022-08-18 17:43:36 - [TEST_CASE][PASSED] - Test Cases/ConsultarNomina: Test Cases/ConsultarNomina

2022-08-18 17:43:36 - [TEST_STEP][PASSED] - grabar = new almacena_datos_servicio.Graba_archivo(): null

2022-08-18 17:43:36 - [TEST_STEP][PASSED] - regis = Integer.parseInt(registro): null

2022-08-18 17:43:36 - [TEST_STEP][PASSED] - response = sendRequestAndVerify(findTestObject("miNomina_Mareigua-ConsultarNomina/ConsultarConsolidado_Nomina", ["tipo_identificacion_id":tipo_identificacion_id, "numero_identificacion":numero_identificacion, "token":token])): Send request and verify the response successfully

2022-08-18 17:43:37 - [MESSAGE][INFO] - HAR: C:\Cenet\Cenet-Nomina\Servicios_Mareigua\miNomina_ws_Mareigua-10-08-2022\Reports\20220818_174227\miNomina_Mareigua\ConsultarNomina\20220818_174231\requests\main\9.har

2022-08-18 17:43:37 - [TEST_CASE][PASSED] - Start Test Case : Verification: Verification accomplished successfully

2022-08-18 17:43:37 - [TEST_STEP][PASSED] - request = getInstance().getCurrentRequest(): null

2022-08-18 17:43:37 - [TEST_STEP][PASSED] - response = getInstance().getCurrentResponse(): null

2022-08-18 17:43:37 - [MESSAGE][PASSED] - Verify response successfully

2022-08-18 17:43:37 - [MESSAGE][PASSED] - Send request and verify the response successfully

2022-08-18 17:43:37 - [TEST_STEP][PASSED] - val_time = response.getElapsedTime(): null

2022-08-18 17:43:37 - [TEST_STEP][PASSED] - status = response.getStatusCode(): null

2022-08-18 17:43:37 - [TEST_STEP][PASSED] - jsonString = response.getResponseText(): null

2022-08-18 17:43:37 - [TEST_STEP][PASSED] - salida_json = jsonString.replaceAll("
", ""): null

2022-08-18 17:43:37 - [TEST_STEP][PASSED] - slurper = new groovy.json.JsonSlurper(): null

2022-08-18 17:43:37 - [TEST_STEP][PASSED] - grabar.create_Add(regis + " - " + jsonString, ruta_arch_salida): null

2022-08-18 17:43:37 - [TEST_STEP][PASSED] - parsedJson = slurper.parseText(jsonString): null

2022-08-18 17:43:37 - [TEST_STEP][PASSED] - almacena_datos_servicio.consulta_nomina.valida_mensaje_serv_report(parsedJson, val_mensaje_report): EXITO

2022-08-18 17:43:37 - [MESSAGE][PASSED] - EXITO

2022-08-18 17:43:37 - [TEST_STEP][PASSED] - almacena_datos_servicio.consulta_nomina.guarda_salida_consultar_nomina(): almacena_datos_servicio.consulta_nomina.guarda_salida_consultar_nomina is PASSED

2022-08-18 17:43:38 - [MESSAGE][PASSED] - almacena_datos_servicio.consulta_nomina.guarda_salida_consultar_nomina is PASSED]]></system-out>
         <system-err><![CDATA[]]></system-err>
      </testcase>
      <testcase name="Test Cases/ConsultarNomina" time="1.9" classname="Test Cases/ConsultarNomina" status="PASSED">
         <system-out><![CDATA[2022-08-18 17:43:38 - [TEST_CASE][PASSED] - Test Cases/ConsultarNomina: Test Cases/ConsultarNomina

2022-08-18 17:43:38 - [TEST_STEP][PASSED] - grabar = new almacena_datos_servicio.Graba_archivo(): null

2022-08-18 17:43:38 - [TEST_STEP][PASSED] - regis = Integer.parseInt(registro): null

2022-08-18 17:43:38 - [TEST_STEP][PASSED] - response = sendRequestAndVerify(findTestObject("miNomina_Mareigua-ConsultarNomina/ConsultarConsolidado_Nomina", ["tipo_identificacion_id":tipo_identificacion_id, "numero_identificacion":numero_identificacion, "token":token])): Send request and verify the response successfully

2022-08-18 17:43:39 - [MESSAGE][INFO] - HAR: C:\Cenet\Cenet-Nomina\Servicios_Mareigua\miNomina_ws_Mareigua-10-08-2022\Reports\20220818_174227\miNomina_Mareigua\ConsultarNomina\20220818_174231\requests\main\10.har

2022-08-18 17:43:39 - [TEST_CASE][PASSED] - Start Test Case : Verification: Verification accomplished successfully

2022-08-18 17:43:39 - [TEST_STEP][PASSED] - request = getInstance().getCurrentRequest(): null

2022-08-18 17:43:39 - [TEST_STEP][PASSED] - response = getInstance().getCurrentResponse(): null

2022-08-18 17:43:39 - [MESSAGE][PASSED] - Verify response successfully

2022-08-18 17:43:39 - [MESSAGE][PASSED] - Send request and verify the response successfully

2022-08-18 17:43:39 - [TEST_STEP][PASSED] - val_time = response.getElapsedTime(): null

2022-08-18 17:43:39 - [TEST_STEP][PASSED] - status = response.getStatusCode(): null

2022-08-18 17:43:39 - [TEST_STEP][PASSED] - jsonString = response.getResponseText(): null

2022-08-18 17:43:39 - [TEST_STEP][PASSED] - salida_json = jsonString.replaceAll("
", ""): null

2022-08-18 17:43:39 - [TEST_STEP][PASSED] - slurper = new groovy.json.JsonSlurper(): null

2022-08-18 17:43:39 - [TEST_STEP][PASSED] - grabar.create_Add(regis + " - " + jsonString, ruta_arch_salida): null

2022-08-18 17:43:39 - [TEST_STEP][PASSED] - parsedJson = slurper.parseText(jsonString): null

2022-08-18 17:43:39 - [TEST_STEP][PASSED] - almacena_datos_servicio.consulta_nomina.valida_mensaje_serv_report(parsedJson, val_mensaje_report): EXITO

2022-08-18 17:43:39 - [MESSAGE][PASSED] - EXITO

2022-08-18 17:43:39 - [TEST_STEP][PASSED] - almacena_datos_servicio.consulta_nomina.guarda_salida_consultar_nomina(): almacena_datos_servicio.consulta_nomina.guarda_salida_consultar_nomina is PASSED

2022-08-18 17:43:40 - [MESSAGE][PASSED] - almacena_datos_servicio.consulta_nomina.guarda_salida_consultar_nomina is PASSED]]></system-out>
         <system-err><![CDATA[]]></system-err>
      </testcase>
      <testcase name="Test Cases/ConsultarNomina" time="2.164" classname="Test Cases/ConsultarNomina" status="PASSED">
         <system-out><![CDATA[2022-08-18 17:43:40 - [TEST_CASE][PASSED] - Test Cases/ConsultarNomina: Test Cases/ConsultarNomina

2022-08-18 17:43:40 - [TEST_STEP][PASSED] - grabar = new almacena_datos_servicio.Graba_archivo(): null

2022-08-18 17:43:40 - [TEST_STEP][PASSED] - regis = Integer.parseInt(registro): null

2022-08-18 17:43:40 - [TEST_STEP][PASSED] - response = sendRequestAndVerify(findTestObject("miNomina_Mareigua-ConsultarNomina/ConsultarConsolidado_Nomina", ["tipo_identificacion_id":tipo_identificacion_id, "numero_identificacion":numero_identificacion, "token":token])): Send request and verify the response successfully

2022-08-18 17:43:41 - [MESSAGE][INFO] - HAR: C:\Cenet\Cenet-Nomina\Servicios_Mareigua\miNomina_ws_Mareigua-10-08-2022\Reports\20220818_174227\miNomina_Mareigua\ConsultarNomina\20220818_174231\requests\main\11.har

2022-08-18 17:43:41 - [TEST_CASE][PASSED] - Start Test Case : Verification: Verification accomplished successfully

2022-08-18 17:43:41 - [TEST_STEP][PASSED] - request = getInstance().getCurrentRequest(): null

2022-08-18 17:43:41 - [TEST_STEP][PASSED] - response = getInstance().getCurrentResponse(): null

2022-08-18 17:43:41 - [MESSAGE][PASSED] - Verify response successfully

2022-08-18 17:43:41 - [MESSAGE][PASSED] - Send request and verify the response successfully

2022-08-18 17:43:41 - [TEST_STEP][PASSED] - val_time = response.getElapsedTime(): null

2022-08-18 17:43:41 - [TEST_STEP][PASSED] - status = response.getStatusCode(): null

2022-08-18 17:43:41 - [TEST_STEP][PASSED] - jsonString = response.getResponseText(): null

2022-08-18 17:43:41 - [TEST_STEP][PASSED] - salida_json = jsonString.replaceAll("
", ""): null

2022-08-18 17:43:41 - [TEST_STEP][PASSED] - slurper = new groovy.json.JsonSlurper(): null

2022-08-18 17:43:41 - [TEST_STEP][PASSED] - grabar.create_Add(regis + " - " + jsonString, ruta_arch_salida): null

2022-08-18 17:43:41 - [TEST_STEP][PASSED] - parsedJson = slurper.parseText(jsonString): null

2022-08-18 17:43:41 - [TEST_STEP][PASSED] - almacena_datos_servicio.consulta_nomina.valida_mensaje_serv_report(parsedJson, val_mensaje_report): EXITO

2022-08-18 17:43:41 - [MESSAGE][PASSED] - EXITO

2022-08-18 17:43:41 - [TEST_STEP][PASSED] - almacena_datos_servicio.consulta_nomina.guarda_salida_consultar_nomina(): almacena_datos_servicio.consulta_nomina.guarda_salida_consultar_nomina is PASSED

2022-08-18 17:43:42 - [MESSAGE][PASSED] - almacena_datos_servicio.consulta_nomina.guarda_salida_consultar_nomina is PASSED]]></system-out>
         <system-err><![CDATA[]]></system-err>
      </testcase>
      <testcase name="Test Cases/ConsultarNomina" time="1.644" classname="Test Cases/ConsultarNomina" status="PASSED">
         <system-out><![CDATA[2022-08-18 17:43:42 - [TEST_CASE][PASSED] - Test Cases/ConsultarNomina: Test Cases/ConsultarNomina

2022-08-18 17:43:42 - [TEST_STEP][PASSED] - grabar = new almacena_datos_servicio.Graba_archivo(): null

2022-08-18 17:43:42 - [TEST_STEP][PASSED] - regis = Integer.parseInt(registro): null

2022-08-18 17:43:42 - [TEST_STEP][PASSED] - response = sendRequestAndVerify(findTestObject("miNomina_Mareigua-ConsultarNomina/ConsultarConsolidado_Nomina", ["tipo_identificacion_id":tipo_identificacion_id, "numero_identificacion":numero_identificacion, "token":token])): Send request and verify the response successfully

2022-08-18 17:43:43 - [MESSAGE][INFO] - HAR: C:\Cenet\Cenet-Nomina\Servicios_Mareigua\miNomina_ws_Mareigua-10-08-2022\Reports\20220818_174227\miNomina_Mareigua\ConsultarNomina\20220818_174231\requests\main\12.har

2022-08-18 17:43:43 - [TEST_CASE][PASSED] - Start Test Case : Verification: Verification accomplished successfully

2022-08-18 17:43:43 - [TEST_STEP][PASSED] - request = getInstance().getCurrentRequest(): null

2022-08-18 17:43:43 - [TEST_STEP][PASSED] - response = getInstance().getCurrentResponse(): null

2022-08-18 17:43:43 - [MESSAGE][PASSED] - Verify response successfully

2022-08-18 17:43:43 - [MESSAGE][PASSED] - Send request and verify the response successfully

2022-08-18 17:43:43 - [TEST_STEP][PASSED] - val_time = response.getElapsedTime(): null

2022-08-18 17:43:43 - [TEST_STEP][PASSED] - status = response.getStatusCode(): null

2022-08-18 17:43:43 - [TEST_STEP][PASSED] - jsonString = response.getResponseText(): null

2022-08-18 17:43:43 - [TEST_STEP][PASSED] - salida_json = jsonString.replaceAll("
", ""): null

2022-08-18 17:43:43 - [TEST_STEP][PASSED] - slurper = new groovy.json.JsonSlurper(): null

2022-08-18 17:43:43 - [TEST_STEP][PASSED] - grabar.create_Add(regis + " - " + jsonString, ruta_arch_salida): null

2022-08-18 17:43:43 - [TEST_STEP][PASSED] - parsedJson = slurper.parseText(jsonString): null

2022-08-18 17:43:43 - [TEST_STEP][PASSED] - almacena_datos_servicio.consulta_nomina.valida_mensaje_serv_report(parsedJson, val_mensaje_report): EXITO

2022-08-18 17:43:43 - [MESSAGE][PASSED] - EXITO

2022-08-18 17:43:43 - [TEST_STEP][PASSED] - almacena_datos_servicio.consulta_nomina.guarda_salida_consultar_nomina(): almacena_datos_servicio.consulta_nomina.guarda_salida_consultar_nomina is PASSED

2022-08-18 17:43:44 - [MESSAGE][PASSED] - almacena_datos_servicio.consulta_nomina.guarda_salida_consultar_nomina is PASSED]]></system-out>
         <system-err><![CDATA[]]></system-err>
      </testcase>
      <testcase name="Test Cases/ConsultarNomina" time="2.244" classname="Test Cases/ConsultarNomina" status="PASSED">
         <system-out><![CDATA[2022-08-18 17:43:44 - [TEST_CASE][PASSED] - Test Cases/ConsultarNomina: Test Cases/ConsultarNomina

2022-08-18 17:43:44 - [TEST_STEP][PASSED] - grabar = new almacena_datos_servicio.Graba_archivo(): null

2022-08-18 17:43:44 - [TEST_STEP][PASSED] - regis = Integer.parseInt(registro): null

2022-08-18 17:43:44 - [TEST_STEP][PASSED] - response = sendRequestAndVerify(findTestObject("miNomina_Mareigua-ConsultarNomina/ConsultarConsolidado_Nomina", ["tipo_identificacion_id":tipo_identificacion_id, "numero_identificacion":numero_identificacion, "token":token])): Send request and verify the response successfully

2022-08-18 17:43:45 - [MESSAGE][INFO] - HAR: C:\Cenet\Cenet-Nomina\Servicios_Mareigua\miNomina_ws_Mareigua-10-08-2022\Reports\20220818_174227\miNomina_Mareigua\ConsultarNomina\20220818_174231\requests\main\13.har

2022-08-18 17:43:45 - [TEST_CASE][PASSED] - Start Test Case : Verification: Verification accomplished successfully

2022-08-18 17:43:46 - [TEST_STEP][PASSED] - request = getInstance().getCurrentRequest(): null

2022-08-18 17:43:46 - [TEST_STEP][PASSED] - response = getInstance().getCurrentResponse(): null

2022-08-18 17:43:46 - [MESSAGE][PASSED] - Verify response successfully

2022-08-18 17:43:46 - [MESSAGE][PASSED] - Send request and verify the response successfully

2022-08-18 17:43:46 - [TEST_STEP][PASSED] - val_time = response.getElapsedTime(): null

2022-08-18 17:43:46 - [TEST_STEP][PASSED] - status = response.getStatusCode(): null

2022-08-18 17:43:46 - [TEST_STEP][PASSED] - jsonString = response.getResponseText(): null

2022-08-18 17:43:46 - [TEST_STEP][PASSED] - salida_json = jsonString.replaceAll("
", ""): null

2022-08-18 17:43:46 - [TEST_STEP][PASSED] - slurper = new groovy.json.JsonSlurper(): null

2022-08-18 17:43:46 - [TEST_STEP][PASSED] - grabar.create_Add(regis + " - " + jsonString, ruta_arch_salida): null

2022-08-18 17:43:46 - [TEST_STEP][PASSED] - parsedJson = slurper.parseText(jsonString): null

2022-08-18 17:43:46 - [TEST_STEP][PASSED] - almacena_datos_servicio.consulta_nomina.valida_mensaje_serv_report(parsedJson, val_mensaje_report): EXITO

2022-08-18 17:43:46 - [MESSAGE][PASSED] - EXITO

2022-08-18 17:43:46 - [TEST_STEP][PASSED] - almacena_datos_servicio.consulta_nomina.guarda_salida_consultar_nomina(): almacena_datos_servicio.consulta_nomina.guarda_salida_consultar_nomina is PASSED

2022-08-18 17:43:46 - [MESSAGE][PASSED] - almacena_datos_servicio.consulta_nomina.guarda_salida_consultar_nomina is PASSED]]></system-out>
         <system-err><![CDATA[]]></system-err>
      </testcase>
      <testcase name="Test Cases/ConsultarNomina" time="1.833" classname="Test Cases/ConsultarNomina" status="PASSED">
         <system-out><![CDATA[2022-08-18 17:43:46 - [TEST_CASE][PASSED] - Test Cases/ConsultarNomina: Test Cases/ConsultarNomina

2022-08-18 17:43:47 - [TEST_STEP][PASSED] - grabar = new almacena_datos_servicio.Graba_archivo(): null

2022-08-18 17:43:47 - [TEST_STEP][PASSED] - regis = Integer.parseInt(registro): null

2022-08-18 17:43:47 - [TEST_STEP][PASSED] - response = sendRequestAndVerify(findTestObject("miNomina_Mareigua-ConsultarNomina/ConsultarConsolidado_Nomina", ["tipo_identificacion_id":tipo_identificacion_id, "numero_identificacion":numero_identificacion, "token":token])): Send request and verify the response successfully

2022-08-18 17:43:48 - [MESSAGE][INFO] - HAR: C:\Cenet\Cenet-Nomina\Servicios_Mareigua\miNomina_ws_Mareigua-10-08-2022\Reports\20220818_174227\miNomina_Mareigua\ConsultarNomina\20220818_174231\requests\main\14.har

2022-08-18 17:43:48 - [TEST_CASE][PASSED] - Start Test Case : Verification: Verification accomplished successfully

2022-08-18 17:43:48 - [TEST_STEP][PASSED] - request = getInstance().getCurrentRequest(): null

2022-08-18 17:43:48 - [TEST_STEP][PASSED] - response = getInstance().getCurrentResponse(): null

2022-08-18 17:43:48 - [MESSAGE][PASSED] - Verify response successfully

2022-08-18 17:43:48 - [MESSAGE][PASSED] - Send request and verify the response successfully

2022-08-18 17:43:48 - [TEST_STEP][PASSED] - val_time = response.getElapsedTime(): null

2022-08-18 17:43:48 - [TEST_STEP][PASSED] - status = response.getStatusCode(): null

2022-08-18 17:43:48 - [TEST_STEP][PASSED] - jsonString = response.getResponseText(): null

2022-08-18 17:43:48 - [TEST_STEP][PASSED] - salida_json = jsonString.replaceAll("
", ""): null

2022-08-18 17:43:48 - [TEST_STEP][PASSED] - slurper = new groovy.json.JsonSlurper(): null

2022-08-18 17:43:48 - [TEST_STEP][PASSED] - grabar.create_Add(regis + " - " + jsonString, ruta_arch_salida): null

2022-08-18 17:43:48 - [TEST_STEP][PASSED] - parsedJson = slurper.parseText(jsonString): null

2022-08-18 17:43:48 - [TEST_STEP][PASSED] - almacena_datos_servicio.consulta_nomina.valida_mensaje_serv_report(parsedJson, val_mensaje_report): EXITO

2022-08-18 17:43:48 - [MESSAGE][PASSED] - EXITO

2022-08-18 17:43:48 - [TEST_STEP][PASSED] - almacena_datos_servicio.consulta_nomina.guarda_salida_consultar_nomina(): almacena_datos_servicio.consulta_nomina.guarda_salida_consultar_nomina is PASSED

2022-08-18 17:43:48 - [MESSAGE][PASSED] - almacena_datos_servicio.consulta_nomina.guarda_salida_consultar_nomina is PASSED]]></system-out>
         <system-err><![CDATA[]]></system-err>
      </testcase>
      <system-out><![CDATA[2022-08-18 17:42:57 - [TEST_SUITE][FAILED] - ConsultarNomina: Test Cases/ConsultarNomina FAILED.
Reason:
com.kms.katalon.core.exception.StepFailedException: FALLIDO
	at com.kms.katalon.core.util.KeywordUtil.markFailed(KeywordUtil.java:19)
	at com.kms.katalon.core.util.KeywordUtil$markFailed$0.call(Unknown Source)
	at almacena_datos_servicio.consulta_nomina.valida_mensaje_serv_report(consulta_nomina.groovy:34)
	at almacena_datos_servicio.consulta_nomina.invokeMethod(consulta_nomina.groovy)
	at com.kms.katalon.core.main.CustomKeywordDelegatingMetaClass.invokeStaticMethod(CustomKeywordDelegatingMetaClass.java:50)
	at ConsultarNomina.run(ConsultarNomina:40)
	at com.kms.katalon.core.main.ScriptEngine.run(ScriptEngine.java:194)
	at com.kms.katalon.core.main.ScriptEngine.runScriptAsRawText(ScriptEngine.java:119)
	at com.kms.katalon.core.main.TestCaseExecutor.runScript(TestCaseExecutor.java:445)
	at com.kms.katalon.core.main.TestCaseExecutor.doExecute(TestCaseExecutor.java:436)
	at com.kms.katalon.core.main.TestCaseExecutor.processExecutionPhase(TestCaseExecutor.java:415)
	at com.kms.katalon.core.main.TestCaseExecutor.accessMainPhase(TestCaseExecutor.java:407)
	at com.kms.katalon.core.main.TestCaseExecutor.execute(TestCaseExecutor.java:284)
	at com.kms.katalon.core.common.CommonExecutor.accessTestCaseMainPhase(CommonExecutor.java:65)
	at com.kms.katalon.core.main.TestSuiteExecutor.accessTestSuiteMainPhase(TestSuiteExecutor.java:144)
	at com.kms.katalon.core.main.TestSuiteExecutor.execute(TestSuiteExecutor.java:106)
	at com.kms.katalon.core.main.TestCaseMain.startTestSuite(TestCaseMain.java:185)
	at com.kms.katalon.core.main.TestCaseMain$startTestSuite$0.call(Unknown Source)
	at TempTestSuite1660862551811.run(TempTestSuite1660862551811.groovy:36)]]></system-out>
      <system-err><![CDATA[2022-08-18 17:42:57 - [TEST_SUITE][FAILED] - ConsultarNomina: Test Cases/ConsultarNomina FAILED.
Reason:
com.kms.katalon.core.exception.StepFailedException: FALLIDO
	at com.kms.katalon.core.util.KeywordUtil.markFailed(KeywordUtil.java:19)
	at com.kms.katalon.core.util.KeywordUtil$markFailed$0.call(Unknown Source)
	at almacena_datos_servicio.consulta_nomina.valida_mensaje_serv_report(consulta_nomina.groovy:34)
	at almacena_datos_servicio.consulta_nomina.invokeMethod(consulta_nomina.groovy)
	at com.kms.katalon.core.main.CustomKeywordDelegatingMetaClass.invokeStaticMethod(CustomKeywordDelegatingMetaClass.java:50)
	at ConsultarNomina.run(ConsultarNomina:40)
	at com.kms.katalon.core.main.ScriptEngine.run(ScriptEngine.java:194)
	at com.kms.katalon.core.main.ScriptEngine.runScriptAsRawText(ScriptEngine.java:119)
	at com.kms.katalon.core.main.TestCaseExecutor.runScript(TestCaseExecutor.java:445)
	at com.kms.katalon.core.main.TestCaseExecutor.doExecute(TestCaseExecutor.java:436)
	at com.kms.katalon.core.main.TestCaseExecutor.processExecutionPhase(TestCaseExecutor.java:415)
	at com.kms.katalon.core.main.TestCaseExecutor.accessMainPhase(TestCaseExecutor.java:407)
	at com.kms.katalon.core.main.TestCaseExecutor.execute(TestCaseExecutor.java:284)
	at com.kms.katalon.core.common.CommonExecutor.accessTestCaseMainPhase(CommonExecutor.java:65)
	at com.kms.katalon.core.main.TestSuiteExecutor.accessTestSuiteMainPhase(TestSuiteExecutor.java:144)
	at com.kms.katalon.core.main.TestSuiteExecutor.execute(TestSuiteExecutor.java:106)
	at com.kms.katalon.core.main.TestCaseMain.startTestSuite(TestCaseMain.java:185)
	at com.kms.katalon.core.main.TestCaseMain$startTestSuite$0.call(Unknown Source)
	at TempTestSuite1660862551811.run(TempTestSuite1660862551811.groovy:36)]]></system-err>
   </testsuite>
</testsuites>
