<?xml version="1.0" encoding="UTF-8"?>
<testsuites name="ConsultarNomina" time="14.663" tests="1" failures="0" errors="0">
   <testsuite name="ConsultarNomina" tests="1" failures="0" errors="0" time="14.663" skipped="0" timestamp="2022-08-25 11:58:38" hostname="cenet - DESKTOP-4DPQOK0" id="Test Suites/miNomina_Mareigua/ConsultarNomina">
      <properties>
         <property name="deviceName" value=""/>
         <property name="devicePlatform" value=""/>
         <property name="logFolder" value="C:\\Cenet\\Cenet-Factura\\Mareigua\\miFactura_ws_Mareigua-25-08-2022\\Reports\\20220825_115819\\miNomina_Mareigua\\ConsultarNomina\\20220825_115819"/>
         <property name="logFiles" value="C:\\Cenet\\Cenet-Factura\\Mareigua\\miFactura_ws_Mareigua-25-08-2022\\Reports\\20220825_115819\\miNomina_Mareigua\\ConsultarNomina\\20220825_115819\\execution0.log"/>
         <property name="attachments" value=""/>
         <property name="hostName" value="cenet - DESKTOP-4DPQOK0"/>
         <property name="hostAddress" value="192.168.1.127"/>
         <property name="os" value="Windows 10 64bit"/>
         <property name="katalonVersion" value="8.3.0.208"/>
      </properties>
      <testcase name="Test Cases/Login" time="13.166" classname="Test Cases/Login" status="PASSED">
         <system-out><![CDATA[2022-08-25 11:58:39 - [TEST_CASE][PASSED] - Test Cases/Login: Test Cases/Login

2022-08-25 11:58:43 - [TEST_STEP][PASSED] - respu = sendRequestAndVerify(findTestObject("miNomina_Mareigua-ConsultarNomina/Login", ["Login":Login, "password":password])): Send request and verify the response successfully

2022-08-25 11:58:51 - [MESSAGE][INFO] - HAR: C:\Cenet\Cenet-Factura\Mareigua\miFactura_ws_Mareigua-25-08-2022\Reports\20220825_115819\miNomina_Mareigua\ConsultarNomina\20220825_115819\requests\main\0.har

2022-08-25 11:58:51 - [TEST_CASE][PASSED] - Start Test Case : Verification: Verification accomplished successfully

2022-08-25 11:58:52 - [TEST_STEP][PASSED] - request = getInstance().getCurrentRequest(): null

2022-08-25 11:58:52 - [TEST_STEP][PASSED] - response = getInstance().getCurrentResponse(): null

2022-08-25 11:58:52 - [MESSAGE][PASSED] - Verify response successfully

2022-08-25 11:58:52 - [MESSAGE][PASSED] - Send request and verify the response successfully

2022-08-25 11:58:52 - [TEST_STEP][PASSED] - response = getInstance().getCurrentResponse(): null

2022-08-25 11:58:52 - [TEST_STEP][PASSED] - request = getInstance().getCurrentRequest(): null

2022-08-25 11:58:52 - [TEST_STEP][PASSED] - def_status_200 = verifyResponseStatusCodeInRange(response, 200, 500): Verify response status code successfully

2022-08-25 11:58:52 - [MESSAGE][PASSED] - Verify response status code successfully

2022-08-25 11:58:52 - [TEST_STEP][PASSED] - jsonString = response.getResponseText(): null

2022-08-25 11:58:52 - [TEST_STEP][PASSED] - slurper = new groovy.json.JsonSlurper(): null

2022-08-25 11:58:52 - [TEST_STEP][PASSED] - markWarning("JSON " + jsonString): JSON {"Type":"OK","ValidationMessage":null,"Content":{"JWT":"eyJhbGciOiJIUzI1NiIsInR5cCI6IkpXVCJ9.eyJ1bmlxdWVfbmFtZSI6ImRhdmVyIiwiZmFtaWx5X25hbWUiOiIxIiwiaHR0cDovL3NjaGVtYXMueG1sc29hcC5vcmcvd3MvMjAwNS8wNS9pZGVudGl0eS9jbGFpbXMvc2lkIjoiMSIsIm5iZiI6MTY2MTQ0NjcyOSwiZXhwIjoxNjYxNTMzMTI5LCJpYXQiOjE2NjE0NDY3MjksImlzcyI6Ik1pc0ZhY3R1cmFzIn0.FxHkIHiLMv14w-SbOHrJucL5eJY_kCZGjUqfK0CHvBw"}}

2022-08-25 11:58:52 - [MESSAGE][WARNING] - JSON {"Type":"OK","ValidationMessage":null,"Content":{"JWT":"eyJhbGciOiJIUzI1NiIsInR5cCI6IkpXVCJ9.eyJ1bmlxdWVfbmFtZSI6ImRhdmVyIiwiZmFtaWx5X25hbWUiOiIxIiwiaHR0cDovL3NjaGVtYXMueG1sc29hcC5vcmcvd3MvMjAwNS8wNS9pZGVudGl0eS9jbGFpbXMvc2lkIjoiMSIsIm5iZiI6MTY2MTQ0NjcyOSwiZXhwIjoxNjYxNTMzMTI5LCJpYXQiOjE2NjE0NDY3MjksImlzcyI6Ik1pc0ZhY3R1cmFzIn0.FxHkIHiLMv14w-SbOHrJucL5eJY_kCZGjUqfK0CHvBw"}}

2022-08-25 11:58:52 - [TEST_STEP][PASSED] - parsedJson = slurper.parseText(jsonString): null

2022-08-25 11:58:52 - [TEST_STEP][PASSED] - val = ValidationMessage: null

2022-08-25 11:58:52 - [TEST_STEP][PASSED] - if (val == null): null

2022-08-25 11:58:52 - [TEST_STEP][PASSED] - val = "null": null

2022-08-25 11:58:52 - [TEST_STEP][PASSED] - if (Content != null): null

2022-08-25 11:58:52 - [TEST_STEP][PASSED] - token = "misfacturas " + JWT: null

2022-08-25 11:58:52 - [TEST_STEP][PASSED] - println("token -->" + token): null]]></system-out>
         <system-err><![CDATA[]]></system-err>
      </testcase>
      <system-out><![CDATA[2022-08-25 11:58:38 - [TEST_SUITE][PASSED] - ConsultarNomina: Test Cases/Login]]></system-out>
      <system-err><![CDATA[]]></system-err>
   </testsuite>
</testsuites>
