<?xml version="1.0" encoding="UTF-8"?>
<testsuites name="ConsultarConsolidadoFactura" time="43.492" tests="15" failures="0" errors="0">
   <testsuite name="ConsultarConsolidadoFactura" tests="15" failures="0" errors="0" time="43.492" skipped="0" timestamp="2022-08-26 15:27:49" hostname="cenet - DESKTOP-4DPQOK0" id="Test Suites/miFactura_Mareigua/ConsultarConsolidadoFactura">
      <properties>
         <property name="deviceName" value=""/>
         <property name="devicePlatform" value=""/>
         <property name="logFolder" value="C:\\Cenet\\Cenet-Factura\\Mareigua\\miFactura_ws_Mareigua-25-08-2022\\Reports\\20220826_152737\\miFactura_Mareigua\\ConsultarConsolidadoFactura\\20220826_152737"/>
         <property name="logFiles" value="C:\\Cenet\\Cenet-Factura\\Mareigua\\miFactura_ws_Mareigua-25-08-2022\\Reports\\20220826_152737\\miFactura_Mareigua\\ConsultarConsolidadoFactura\\20220826_152737\\execution0.log"/>
         <property name="attachments" value=""/>
         <property name="hostName" value="cenet - DESKTOP-4DPQOK0"/>
         <property name="hostAddress" value="192.168.1.127"/>
         <property name="os" value="Windows 10 64bit"/>
         <property name="katalonVersion" value="8.3.0.208"/>
      </properties>
      <testcase name="Test Cases/Login_param" time="12.273" classname="Test Cases/Login_param" status="PASSED">
         <system-out><![CDATA[2022-08-26 15:27:50 - [TEST_CASE][PASSED] - Test Cases/Login_param: Test Cases/Login_param

2022-08-26 15:27:52 - [TEST_STEP][PASSED] - regis = Integer.parseInt(registro): null

2022-08-26 15:27:53 - [TEST_STEP][PASSED] - response = sendRequestAndVerify(findTestObject("miNomina_Mareigua-ConsultarNomina/Login", ["Login":Login, "password":password])): Send request and verify the response successfully

2022-08-26 15:27:58 - [MESSAGE][INFO] - HAR: C:\Cenet\Cenet-Factura\Mareigua\miFactura_ws_Mareigua-25-08-2022\Reports\20220826_152737\miFactura_Mareigua\ConsultarConsolidadoFactura\20220826_152737\requests\main\0.har

2022-08-26 15:27:59 - [TEST_CASE][PASSED] - Start Test Case : Verification: Verification accomplished successfully

2022-08-26 15:27:59 - [TEST_STEP][PASSED] - request = getInstance().getCurrentRequest(): null

2022-08-26 15:28:00 - [TEST_STEP][PASSED] - response = getInstance().getCurrentResponse(): null

2022-08-26 15:28:00 - [MESSAGE][PASSED] - Verify response successfully

2022-08-26 15:28:00 - [MESSAGE][PASSED] - Send request and verify the response successfully

2022-08-26 15:28:00 - [TEST_STEP][PASSED] - val_time = response.getElapsedTime(): null

2022-08-26 15:28:00 - [TEST_STEP][PASSED] - status_login = response.getStatusCode(): null

2022-08-26 15:28:00 - [TEST_STEP][PASSED] - jsonString = response.getResponseText(): null

2022-08-26 15:28:00 - [TEST_STEP][PASSED] - slurper = new groovy.json.JsonSlurper(): null

2022-08-26 15:28:00 - [TEST_STEP][PASSED] - markWarning("JSON " + jsonString): JSON {"Type":"OK","ValidationMessage":null,"Content":{"JWT":"eyJhbGciOiJIUzI1NiIsInR5cCI6IkpXVCJ9.eyJ1bmlxdWVfbmFtZSI6ImRhdmVyIiwiZmFtaWx5X25hbWUiOiIxIiwiaHR0cDovL3NjaGVtYXMueG1sc29hcC5vcmcvd3MvMjAwNS8wNS9pZGVudGl0eS9jbGFpbXMvc2lkIjoiMSIsIm5iZiI6MTY2MTU0NTY3OCwiZXhwIjoxNjYxNjMyMDc4LCJpYXQiOjE2NjE1NDU2NzgsImlzcyI6Ik1pc0ZhY3R1cmFzIn0.VjBkLevnHgmHjoRQsdySegbN6PpJrcYi-CmRivpjlB4"}}

2022-08-26 15:28:00 - [MESSAGE][WARNING] - JSON {"Type":"OK","ValidationMessage":null,"Content":{"JWT":"eyJhbGciOiJIUzI1NiIsInR5cCI6IkpXVCJ9.eyJ1bmlxdWVfbmFtZSI6ImRhdmVyIiwiZmFtaWx5X25hbWUiOiIxIiwiaHR0cDovL3NjaGVtYXMueG1sc29hcC5vcmcvd3MvMjAwNS8wNS9pZGVudGl0eS9jbGFpbXMvc2lkIjoiMSIsIm5iZiI6MTY2MTU0NTY3OCwiZXhwIjoxNjYxNjMyMDc4LCJpYXQiOjE2NjE1NDU2NzgsImlzcyI6Ik1pc0ZhY3R1cmFzIn0.VjBkLevnHgmHjoRQsdySegbN6PpJrcYi-CmRivpjlB4"}}

2022-08-26 15:28:00 - [TEST_STEP][PASSED] - parsedJson = slurper.parseText(jsonString): null

2022-08-26 15:28:00 - [TEST_STEP][PASSED] - nom_func = "val_login": null

2022-08-26 15:28:00 - [TEST_STEP][PASSED] - almacena_datos_servicio.Val_mensaje_serv.valida_mensaje_serv_login(parsedJson, type, ValidationMessage): Exito

2022-08-26 15:28:00 - [MESSAGE][PASSED] - Exito

2022-08-26 15:28:00 - [TEST_STEP][PASSED] - almacena_datos_servicio.Val_mensaje_serv.guarda_salida_mensaje_serv_login(): almacena_datos_servicio.Val_mensaje_serv.guarda_salida_mensaje_serv_login is PASSED

2022-08-26 15:28:03 - [MESSAGE][PASSED] - almacena_datos_servicio.Val_mensaje_serv.guarda_salida_mensaje_serv_login is PASSED]]></system-out>
         <system-err><![CDATA[]]></system-err>
      </testcase>
      <testcase name="Test Cases/Login_param" time="1.924" classname="Test Cases/Login_param" status="PASSED">
         <system-out><![CDATA[2022-08-26 15:28:03 - [TEST_CASE][PASSED] - Test Cases/Login_param: Test Cases/Login_param

2022-08-26 15:28:03 - [TEST_STEP][PASSED] - regis = Integer.parseInt(registro): null

2022-08-26 15:28:03 - [TEST_STEP][PASSED] - response = sendRequestAndVerify(findTestObject("miNomina_Mareigua-ConsultarNomina/Login", ["Login":Login, "password":password])): Send request and verify the response successfully

2022-08-26 15:28:04 - [MESSAGE][INFO] - HAR: C:\Cenet\Cenet-Factura\Mareigua\miFactura_ws_Mareigua-25-08-2022\Reports\20220826_152737\miFactura_Mareigua\ConsultarConsolidadoFactura\20220826_152737\requests\main\1.har

2022-08-26 15:28:04 - [TEST_CASE][PASSED] - Start Test Case : Verification: Verification accomplished successfully

2022-08-26 15:28:04 - [TEST_STEP][PASSED] - request = getInstance().getCurrentRequest(): null

2022-08-26 15:28:04 - [TEST_STEP][PASSED] - response = getInstance().getCurrentResponse(): null

2022-08-26 15:28:04 - [MESSAGE][PASSED] - Verify response successfully

2022-08-26 15:28:04 - [MESSAGE][PASSED] - Send request and verify the response successfully

2022-08-26 15:28:04 - [TEST_STEP][PASSED] - val_time = response.getElapsedTime(): null

2022-08-26 15:28:04 - [TEST_STEP][PASSED] - status_login = response.getStatusCode(): null

2022-08-26 15:28:04 - [TEST_STEP][PASSED] - jsonString = response.getResponseText(): null

2022-08-26 15:28:04 - [TEST_STEP][PASSED] - slurper = new groovy.json.JsonSlurper(): null

2022-08-26 15:28:04 - [TEST_STEP][PASSED] - markWarning("JSON " + jsonString): JSON {"Type":"ERROR","ValidationMessage":"Tu usuario o contrase単a son incorrectos.","Content":null}

2022-08-26 15:28:04 - [MESSAGE][WARNING] - JSON {"Type":"ERROR","ValidationMessage":"Tu usuario o contrase単a son incorrectos.","Content":null}

2022-08-26 15:28:04 - [TEST_STEP][PASSED] - parsedJson = slurper.parseText(jsonString): null

2022-08-26 15:28:04 - [TEST_STEP][PASSED] - nom_func = "val_login": null

2022-08-26 15:28:04 - [TEST_STEP][PASSED] - almacena_datos_servicio.Val_mensaje_serv.valida_mensaje_serv_login(parsedJson, type, ValidationMessage): Exito

2022-08-26 15:28:04 - [MESSAGE][PASSED] - Exito

2022-08-26 15:28:04 - [TEST_STEP][PASSED] - almacena_datos_servicio.Val_mensaje_serv.guarda_salida_mensaje_serv_login(): almacena_datos_servicio.Val_mensaje_serv.guarda_salida_mensaje_serv_login is PASSED

2022-08-26 15:28:05 - [MESSAGE][PASSED] - almacena_datos_servicio.Val_mensaje_serv.guarda_salida_mensaje_serv_login is PASSED]]></system-out>
         <system-err><![CDATA[]]></system-err>
      </testcase>
      <testcase name="Test Cases/Login_param" time="1.513" classname="Test Cases/Login_param" status="PASSED">
         <system-out><![CDATA[2022-08-26 15:28:05 - [TEST_CASE][PASSED] - Test Cases/Login_param: Test Cases/Login_param

2022-08-26 15:28:05 - [TEST_STEP][PASSED] - regis = Integer.parseInt(registro): null

2022-08-26 15:28:05 - [TEST_STEP][PASSED] - response = sendRequestAndVerify(findTestObject("miNomina_Mareigua-ConsultarNomina/Login", ["Login":Login, "password":password])): Send request and verify the response successfully

2022-08-26 15:28:06 - [MESSAGE][INFO] - HAR: C:\Cenet\Cenet-Factura\Mareigua\miFactura_ws_Mareigua-25-08-2022\Reports\20220826_152737\miFactura_Mareigua\ConsultarConsolidadoFactura\20220826_152737\requests\main\2.har

2022-08-26 15:28:06 - [TEST_CASE][PASSED] - Start Test Case : Verification: Verification accomplished successfully

2022-08-26 15:28:07 - [TEST_STEP][PASSED] - request = getInstance().getCurrentRequest(): null

2022-08-26 15:28:07 - [TEST_STEP][PASSED] - response = getInstance().getCurrentResponse(): null

2022-08-26 15:28:07 - [MESSAGE][PASSED] - Verify response successfully

2022-08-26 15:28:07 - [MESSAGE][PASSED] - Send request and verify the response successfully

2022-08-26 15:28:07 - [TEST_STEP][PASSED] - val_time = response.getElapsedTime(): null

2022-08-26 15:28:07 - [TEST_STEP][PASSED] - status_login = response.getStatusCode(): null

2022-08-26 15:28:07 - [TEST_STEP][PASSED] - jsonString = response.getResponseText(): null

2022-08-26 15:28:07 - [TEST_STEP][PASSED] - slurper = new groovy.json.JsonSlurper(): null

2022-08-26 15:28:07 - [TEST_STEP][PASSED] - markWarning("JSON " + jsonString): JSON {"Type":"ERROR","ValidationMessage":"Tu usuario o contrase単a son incorrectos.","Content":null}

2022-08-26 15:28:07 - [MESSAGE][WARNING] - JSON {"Type":"ERROR","ValidationMessage":"Tu usuario o contrase単a son incorrectos.","Content":null}

2022-08-26 15:28:07 - [TEST_STEP][PASSED] - parsedJson = slurper.parseText(jsonString): null

2022-08-26 15:28:07 - [TEST_STEP][PASSED] - nom_func = "val_login": null

2022-08-26 15:28:07 - [TEST_STEP][PASSED] - almacena_datos_servicio.Val_mensaje_serv.valida_mensaje_serv_login(parsedJson, type, ValidationMessage): Exito

2022-08-26 15:28:07 - [MESSAGE][PASSED] - Exito

2022-08-26 15:28:07 - [TEST_STEP][PASSED] - almacena_datos_servicio.Val_mensaje_serv.guarda_salida_mensaje_serv_login(): almacena_datos_servicio.Val_mensaje_serv.guarda_salida_mensaje_serv_login is PASSED

2022-08-26 15:28:07 - [MESSAGE][PASSED] - almacena_datos_servicio.Val_mensaje_serv.guarda_salida_mensaje_serv_login is PASSED]]></system-out>
         <system-err><![CDATA[]]></system-err>
      </testcase>
      <testcase name="Test Cases/Login_param" time="2.871" classname="Test Cases/Login_param" status="PASSED">
         <system-out><![CDATA[2022-08-26 15:28:07 - [TEST_CASE][PASSED] - Test Cases/Login_param: Test Cases/Login_param

2022-08-26 15:28:07 - [TEST_STEP][PASSED] - regis = Integer.parseInt(registro): null

2022-08-26 15:28:07 - [TEST_STEP][PASSED] - response = sendRequestAndVerify(findTestObject("miNomina_Mareigua-ConsultarNomina/Login", ["Login":Login, "password":password])): Send request and verify the response successfully

2022-08-26 15:28:08 - [MESSAGE][INFO] - HAR: C:\Cenet\Cenet-Factura\Mareigua\miFactura_ws_Mareigua-25-08-2022\Reports\20220826_152737\miFactura_Mareigua\ConsultarConsolidadoFactura\20220826_152737\requests\main\3.har

2022-08-26 15:28:08 - [TEST_CASE][PASSED] - Start Test Case : Verification: Verification accomplished successfully

2022-08-26 15:28:09 - [TEST_STEP][PASSED] - request = getInstance().getCurrentRequest(): null

2022-08-26 15:28:09 - [TEST_STEP][PASSED] - response = getInstance().getCurrentResponse(): null

2022-08-26 15:28:09 - [MESSAGE][PASSED] - Verify response successfully

2022-08-26 15:28:09 - [MESSAGE][PASSED] - Send request and verify the response successfully

2022-08-26 15:28:09 - [TEST_STEP][PASSED] - val_time = response.getElapsedTime(): null

2022-08-26 15:28:09 - [TEST_STEP][PASSED] - status_login = response.getStatusCode(): null

2022-08-26 15:28:09 - [TEST_STEP][PASSED] - jsonString = response.getResponseText(): null

2022-08-26 15:28:09 - [TEST_STEP][PASSED] - slurper = new groovy.json.JsonSlurper(): null

2022-08-26 15:28:09 - [TEST_STEP][PASSED] - markWarning("JSON " + jsonString): JSON {"Type":"ERROR","ValidationMessage":"Tu usuario o contrase単a son incorrectos.","Content":null}

2022-08-26 15:28:09 - [MESSAGE][WARNING] - JSON {"Type":"ERROR","ValidationMessage":"Tu usuario o contrase単a son incorrectos.","Content":null}

2022-08-26 15:28:09 - [TEST_STEP][PASSED] - parsedJson = slurper.parseText(jsonString): null

2022-08-26 15:28:09 - [TEST_STEP][PASSED] - nom_func = "val_login": null

2022-08-26 15:28:09 - [TEST_STEP][PASSED] - almacena_datos_servicio.Val_mensaje_serv.valida_mensaje_serv_login(parsedJson, type, ValidationMessage): Exito

2022-08-26 15:28:09 - [MESSAGE][PASSED] - Exito

2022-08-26 15:28:09 - [TEST_STEP][PASSED] - almacena_datos_servicio.Val_mensaje_serv.guarda_salida_mensaje_serv_login(): almacena_datos_servicio.Val_mensaje_serv.guarda_salida_mensaje_serv_login is PASSED

2022-08-26 15:28:10 - [MESSAGE][PASSED] - almacena_datos_servicio.Val_mensaje_serv.guarda_salida_mensaje_serv_login is PASSED]]></system-out>
         <system-err><![CDATA[]]></system-err>
      </testcase>
      <testcase name="Test Cases/Login_param" time="2.239" classname="Test Cases/Login_param" status="PASSED">
         <system-out><![CDATA[2022-08-26 15:28:10 - [TEST_CASE][PASSED] - Test Cases/Login_param: Test Cases/Login_param

2022-08-26 15:28:10 - [TEST_STEP][PASSED] - regis = Integer.parseInt(registro): null

2022-08-26 15:28:10 - [TEST_STEP][PASSED] - response = sendRequestAndVerify(findTestObject("miNomina_Mareigua-ConsultarNomina/Login", ["Login":Login, "password":password])): Send request and verify the response successfully

2022-08-26 15:28:11 - [MESSAGE][INFO] - HAR: C:\Cenet\Cenet-Factura\Mareigua\miFactura_ws_Mareigua-25-08-2022\Reports\20220826_152737\miFactura_Mareigua\ConsultarConsolidadoFactura\20220826_152737\requests\main\4.har

2022-08-26 15:28:11 - [TEST_CASE][PASSED] - Start Test Case : Verification: Verification accomplished successfully

2022-08-26 15:28:11 - [TEST_STEP][PASSED] - request = getInstance().getCurrentRequest(): null

2022-08-26 15:28:11 - [TEST_STEP][PASSED] - response = getInstance().getCurrentResponse(): null

2022-08-26 15:28:11 - [MESSAGE][PASSED] - Verify response successfully

2022-08-26 15:28:11 - [MESSAGE][PASSED] - Send request and verify the response successfully

2022-08-26 15:28:11 - [TEST_STEP][PASSED] - val_time = response.getElapsedTime(): null

2022-08-26 15:28:11 - [TEST_STEP][PASSED] - status_login = response.getStatusCode(): null

2022-08-26 15:28:11 - [TEST_STEP][PASSED] - jsonString = response.getResponseText(): null

2022-08-26 15:28:11 - [TEST_STEP][PASSED] - slurper = new groovy.json.JsonSlurper(): null

2022-08-26 15:28:11 - [TEST_STEP][PASSED] - markWarning("JSON " + jsonString): JSON {"Type":"ERROR","ValidationMessage":"Tu usuario o contrase単a son incorrectos.","Content":null}

2022-08-26 15:28:11 - [MESSAGE][WARNING] - JSON {"Type":"ERROR","ValidationMessage":"Tu usuario o contrase単a son incorrectos.","Content":null}

2022-08-26 15:28:11 - [TEST_STEP][PASSED] - parsedJson = slurper.parseText(jsonString): null

2022-08-26 15:28:11 - [TEST_STEP][PASSED] - nom_func = "val_login": null

2022-08-26 15:28:11 - [TEST_STEP][PASSED] - almacena_datos_servicio.Val_mensaje_serv.valida_mensaje_serv_login(parsedJson, type, ValidationMessage): Exito

2022-08-26 15:28:11 - [MESSAGE][PASSED] - Exito

2022-08-26 15:28:11 - [TEST_STEP][PASSED] - almacena_datos_servicio.Val_mensaje_serv.guarda_salida_mensaje_serv_login(): almacena_datos_servicio.Val_mensaje_serv.guarda_salida_mensaje_serv_login is PASSED

2022-08-26 15:28:12 - [MESSAGE][PASSED] - almacena_datos_servicio.Val_mensaje_serv.guarda_salida_mensaje_serv_login is PASSED]]></system-out>
         <system-err><![CDATA[]]></system-err>
      </testcase>
      <testcase name="Test Cases/Login_param" time="2.194" classname="Test Cases/Login_param" status="PASSED">
         <system-out><![CDATA[2022-08-26 15:28:12 - [TEST_CASE][PASSED] - Test Cases/Login_param: Test Cases/Login_param

2022-08-26 15:28:12 - [TEST_STEP][PASSED] - regis = Integer.parseInt(registro): null

2022-08-26 15:28:12 - [TEST_STEP][PASSED] - response = sendRequestAndVerify(findTestObject("miNomina_Mareigua-ConsultarNomina/Login", ["Login":Login, "password":password])): Send request and verify the response successfully

2022-08-26 15:28:14 - [MESSAGE][INFO] - HAR: C:\Cenet\Cenet-Factura\Mareigua\miFactura_ws_Mareigua-25-08-2022\Reports\20220826_152737\miFactura_Mareigua\ConsultarConsolidadoFactura\20220826_152737\requests\main\5.har

2022-08-26 15:28:14 - [TEST_CASE][PASSED] - Start Test Case : Verification: Verification accomplished successfully

2022-08-26 15:28:14 - [TEST_STEP][PASSED] - request = getInstance().getCurrentRequest(): null

2022-08-26 15:28:14 - [TEST_STEP][PASSED] - response = getInstance().getCurrentResponse(): null

2022-08-26 15:28:14 - [MESSAGE][PASSED] - Verify response successfully

2022-08-26 15:28:14 - [MESSAGE][PASSED] - Send request and verify the response successfully

2022-08-26 15:28:14 - [TEST_STEP][PASSED] - val_time = response.getElapsedTime(): null

2022-08-26 15:28:14 - [TEST_STEP][PASSED] - status_login = response.getStatusCode(): null

2022-08-26 15:28:14 - [TEST_STEP][PASSED] - jsonString = response.getResponseText(): null

2022-08-26 15:28:14 - [TEST_STEP][PASSED] - slurper = new groovy.json.JsonSlurper(): null

2022-08-26 15:28:14 - [TEST_STEP][PASSED] - markWarning("JSON " + jsonString): JSON {"Type":"OK","ValidationMessage":null,"Content":{"JWT":"eyJhbGciOiJIUzI1NiIsInR5cCI6IkpXVCJ9.eyJ1bmlxdWVfbmFtZSI6ImRhdmVyIiwiZmFtaWx5X25hbWUiOiIxIiwiaHR0cDovL3NjaGVtYXMueG1sc29hcC5vcmcvd3MvMjAwNS8wNS9pZGVudGl0eS9jbGFpbXMvc2lkIjoiMSIsIm5iZiI6MTY2MTU0NTY5NCwiZXhwIjoxNjYxNjMyMDk0LCJpYXQiOjE2NjE1NDU2OTQsImlzcyI6Ik1pc0ZhY3R1cmFzIn0.b0gs7ZOZ_1l_4-dQONVDHa3ZOEqTiVjdwbsrPpVUmx4"}}

2022-08-26 15:28:14 - [MESSAGE][WARNING] - JSON {"Type":"OK","ValidationMessage":null,"Content":{"JWT":"eyJhbGciOiJIUzI1NiIsInR5cCI6IkpXVCJ9.eyJ1bmlxdWVfbmFtZSI6ImRhdmVyIiwiZmFtaWx5X25hbWUiOiIxIiwiaHR0cDovL3NjaGVtYXMueG1sc29hcC5vcmcvd3MvMjAwNS8wNS9pZGVudGl0eS9jbGFpbXMvc2lkIjoiMSIsIm5iZiI6MTY2MTU0NTY5NCwiZXhwIjoxNjYxNjMyMDk0LCJpYXQiOjE2NjE1NDU2OTQsImlzcyI6Ik1pc0ZhY3R1cmFzIn0.b0gs7ZOZ_1l_4-dQONVDHa3ZOEqTiVjdwbsrPpVUmx4"}}

2022-08-26 15:28:14 - [TEST_STEP][PASSED] - parsedJson = slurper.parseText(jsonString): null

2022-08-26 15:28:14 - [TEST_STEP][PASSED] - nom_func = "val_login": null

2022-08-26 15:28:14 - [TEST_STEP][PASSED] - almacena_datos_servicio.Val_mensaje_serv.valida_mensaje_serv_login(parsedJson, type, ValidationMessage): Exito

2022-08-26 15:28:14 - [MESSAGE][PASSED] - Exito

2022-08-26 15:28:14 - [TEST_STEP][PASSED] - almacena_datos_servicio.Val_mensaje_serv.guarda_salida_mensaje_serv_login(): almacena_datos_servicio.Val_mensaje_serv.guarda_salida_mensaje_serv_login is PASSED

2022-08-26 15:28:15 - [MESSAGE][PASSED] - almacena_datos_servicio.Val_mensaje_serv.guarda_salida_mensaje_serv_login is PASSED]]></system-out>
         <system-err><![CDATA[]]></system-err>
      </testcase>
      <testcase name="Test Cases/Login_param" time="2.677" classname="Test Cases/Login_param" status="PASSED">
         <system-out><![CDATA[2022-08-26 15:28:15 - [TEST_CASE][PASSED] - Test Cases/Login_param: Test Cases/Login_param

2022-08-26 15:28:16 - [TEST_STEP][PASSED] - regis = Integer.parseInt(registro): null

2022-08-26 15:28:16 - [TEST_STEP][PASSED] - response = sendRequestAndVerify(findTestObject("miNomina_Mareigua-ConsultarNomina/Login", ["Login":Login, "password":password])): Send request and verify the response successfully

2022-08-26 15:28:17 - [MESSAGE][INFO] - HAR: C:\Cenet\Cenet-Factura\Mareigua\miFactura_ws_Mareigua-25-08-2022\Reports\20220826_152737\miFactura_Mareigua\ConsultarConsolidadoFactura\20220826_152737\requests\main\6.har

2022-08-26 15:28:17 - [TEST_CASE][PASSED] - Start Test Case : Verification: Verification accomplished successfully

2022-08-26 15:28:17 - [TEST_STEP][PASSED] - request = getInstance().getCurrentRequest(): null

2022-08-26 15:28:17 - [TEST_STEP][PASSED] - response = getInstance().getCurrentResponse(): null

2022-08-26 15:28:17 - [MESSAGE][PASSED] - Verify response successfully

2022-08-26 15:28:17 - [MESSAGE][PASSED] - Send request and verify the response successfully

2022-08-26 15:28:17 - [TEST_STEP][PASSED] - val_time = response.getElapsedTime(): null

2022-08-26 15:28:17 - [TEST_STEP][PASSED] - status_login = response.getStatusCode(): null

2022-08-26 15:28:17 - [TEST_STEP][PASSED] - jsonString = response.getResponseText(): null

2022-08-26 15:28:17 - [TEST_STEP][PASSED] - slurper = new groovy.json.JsonSlurper(): null

2022-08-26 15:28:17 - [TEST_STEP][PASSED] - markWarning("JSON " + jsonString): JSON {"Type":"ERROR","ValidationMessage":"Tu usuario o contrase単a son incorrectos.","Content":null}

2022-08-26 15:28:17 - [MESSAGE][WARNING] - JSON {"Type":"ERROR","ValidationMessage":"Tu usuario o contrase単a son incorrectos.","Content":null}

2022-08-26 15:28:17 - [TEST_STEP][PASSED] - parsedJson = slurper.parseText(jsonString): null

2022-08-26 15:28:17 - [TEST_STEP][PASSED] - nom_func = "val_login": null

2022-08-26 15:28:17 - [TEST_STEP][PASSED] - almacena_datos_servicio.Val_mensaje_serv.valida_mensaje_serv_login(parsedJson, type, ValidationMessage): Exito

2022-08-26 15:28:17 - [MESSAGE][PASSED] - Exito

2022-08-26 15:28:17 - [TEST_STEP][PASSED] - almacena_datos_servicio.Val_mensaje_serv.guarda_salida_mensaje_serv_login(): almacena_datos_servicio.Val_mensaje_serv.guarda_salida_mensaje_serv_login is PASSED

2022-08-26 15:28:17 - [MESSAGE][PASSED] - almacena_datos_servicio.Val_mensaje_serv.guarda_salida_mensaje_serv_login is PASSED]]></system-out>
         <system-err><![CDATA[]]></system-err>
      </testcase>
      <testcase name="Test Cases/Login_param" time="2.17" classname="Test Cases/Login_param" status="PASSED">
         <system-out><![CDATA[2022-08-26 15:28:18 - [TEST_CASE][PASSED] - Test Cases/Login_param: Test Cases/Login_param

2022-08-26 15:28:18 - [TEST_STEP][PASSED] - regis = Integer.parseInt(registro): null

2022-08-26 15:28:18 - [TEST_STEP][PASSED] - response = sendRequestAndVerify(findTestObject("miNomina_Mareigua-ConsultarNomina/Login", ["Login":Login, "password":password])): Send request and verify the response successfully

2022-08-26 15:28:18 - [MESSAGE][INFO] - HAR: C:\Cenet\Cenet-Factura\Mareigua\miFactura_ws_Mareigua-25-08-2022\Reports\20220826_152737\miFactura_Mareigua\ConsultarConsolidadoFactura\20220826_152737\requests\main\7.har

2022-08-26 15:28:18 - [TEST_CASE][PASSED] - Start Test Case : Verification: Verification accomplished successfully

2022-08-26 15:28:19 - [TEST_STEP][PASSED] - request = getInstance().getCurrentRequest(): null

2022-08-26 15:28:19 - [TEST_STEP][PASSED] - response = getInstance().getCurrentResponse(): null

2022-08-26 15:28:19 - [MESSAGE][PASSED] - Verify response successfully

2022-08-26 15:28:19 - [MESSAGE][PASSED] - Send request and verify the response successfully

2022-08-26 15:28:19 - [TEST_STEP][PASSED] - val_time = response.getElapsedTime(): null

2022-08-26 15:28:19 - [TEST_STEP][PASSED] - status_login = response.getStatusCode(): null

2022-08-26 15:28:19 - [TEST_STEP][PASSED] - jsonString = response.getResponseText(): null

2022-08-26 15:28:19 - [TEST_STEP][PASSED] - slurper = new groovy.json.JsonSlurper(): null

2022-08-26 15:28:19 - [TEST_STEP][PASSED] - markWarning("JSON " + jsonString): JSON {"Type":"ERROR","ValidationMessage":"Tu usuario o contrase単a son incorrectos.","Content":null}

2022-08-26 15:28:19 - [MESSAGE][WARNING] - JSON {"Type":"ERROR","ValidationMessage":"Tu usuario o contrase単a son incorrectos.","Content":null}

2022-08-26 15:28:19 - [TEST_STEP][PASSED] - parsedJson = slurper.parseText(jsonString): null

2022-08-26 15:28:19 - [TEST_STEP][PASSED] - nom_func = "val_login": null

2022-08-26 15:28:19 - [TEST_STEP][PASSED] - almacena_datos_servicio.Val_mensaje_serv.valida_mensaje_serv_login(parsedJson, type, ValidationMessage): Exito

2022-08-26 15:28:19 - [MESSAGE][PASSED] - Exito

2022-08-26 15:28:19 - [TEST_STEP][PASSED] - almacena_datos_servicio.Val_mensaje_serv.guarda_salida_mensaje_serv_login(): almacena_datos_servicio.Val_mensaje_serv.guarda_salida_mensaje_serv_login is PASSED

2022-08-26 15:28:20 - [MESSAGE][PASSED] - almacena_datos_servicio.Val_mensaje_serv.guarda_salida_mensaje_serv_login is PASSED]]></system-out>
         <system-err><![CDATA[]]></system-err>
      </testcase>
      <testcase name="Test Cases/Login_param" time="1.835" classname="Test Cases/Login_param" status="PASSED">
         <system-out><![CDATA[2022-08-26 15:28:20 - [TEST_CASE][PASSED] - Test Cases/Login_param: Test Cases/Login_param

2022-08-26 15:28:20 - [TEST_STEP][PASSED] - regis = Integer.parseInt(registro): null

2022-08-26 15:28:20 - [TEST_STEP][PASSED] - response = sendRequestAndVerify(findTestObject("miNomina_Mareigua-ConsultarNomina/Login", ["Login":Login, "password":password])): Send request and verify the response successfully

2022-08-26 15:28:21 - [MESSAGE][INFO] - HAR: C:\Cenet\Cenet-Factura\Mareigua\miFactura_ws_Mareigua-25-08-2022\Reports\20220826_152737\miFactura_Mareigua\ConsultarConsolidadoFactura\20220826_152737\requests\main\8.har

2022-08-26 15:28:21 - [TEST_CASE][PASSED] - Start Test Case : Verification: Verification accomplished successfully

2022-08-26 15:28:22 - [TEST_STEP][PASSED] - request = getInstance().getCurrentRequest(): null

2022-08-26 15:28:22 - [TEST_STEP][PASSED] - response = getInstance().getCurrentResponse(): null

2022-08-26 15:28:22 - [MESSAGE][PASSED] - Verify response successfully

2022-08-26 15:28:22 - [MESSAGE][PASSED] - Send request and verify the response successfully

2022-08-26 15:28:22 - [TEST_STEP][PASSED] - val_time = response.getElapsedTime(): null

2022-08-26 15:28:22 - [TEST_STEP][PASSED] - status_login = response.getStatusCode(): null

2022-08-26 15:28:22 - [TEST_STEP][PASSED] - jsonString = response.getResponseText(): null

2022-08-26 15:28:22 - [TEST_STEP][PASSED] - slurper = new groovy.json.JsonSlurper(): null

2022-08-26 15:28:22 - [TEST_STEP][PASSED] - markWarning("JSON " + jsonString): JSON {"Type":"ERROR","ValidationMessage":"Tu usuario o contrase単a son incorrectos.","Content":null}

2022-08-26 15:28:22 - [MESSAGE][WARNING] - JSON {"Type":"ERROR","ValidationMessage":"Tu usuario o contrase単a son incorrectos.","Content":null}

2022-08-26 15:28:22 - [TEST_STEP][PASSED] - parsedJson = slurper.parseText(jsonString): null

2022-08-26 15:28:22 - [TEST_STEP][PASSED] - nom_func = "val_login": null

2022-08-26 15:28:22 - [TEST_STEP][PASSED] - almacena_datos_servicio.Val_mensaje_serv.valida_mensaje_serv_login(parsedJson, type, ValidationMessage): Exito

2022-08-26 15:28:22 - [MESSAGE][PASSED] - Exito

2022-08-26 15:28:22 - [TEST_STEP][PASSED] - almacena_datos_servicio.Val_mensaje_serv.guarda_salida_mensaje_serv_login(): almacena_datos_servicio.Val_mensaje_serv.guarda_salida_mensaje_serv_login is PASSED

2022-08-26 15:28:22 - [MESSAGE][PASSED] - almacena_datos_servicio.Val_mensaje_serv.guarda_salida_mensaje_serv_login is PASSED]]></system-out>
         <system-err><![CDATA[]]></system-err>
      </testcase>
      <testcase name="Test Cases/Login_param" time="1.679" classname="Test Cases/Login_param" status="PASSED">
         <system-out><![CDATA[2022-08-26 15:28:22 - [TEST_CASE][PASSED] - Test Cases/Login_param: Test Cases/Login_param

2022-08-26 15:28:22 - [TEST_STEP][PASSED] - regis = Integer.parseInt(registro): null

2022-08-26 15:28:22 - [TEST_STEP][PASSED] - response = sendRequestAndVerify(findTestObject("miNomina_Mareigua-ConsultarNomina/Login", ["Login":Login, "password":password])): Send request and verify the response successfully

2022-08-26 15:28:23 - [MESSAGE][INFO] - HAR: C:\Cenet\Cenet-Factura\Mareigua\miFactura_ws_Mareigua-25-08-2022\Reports\20220826_152737\miFactura_Mareigua\ConsultarConsolidadoFactura\20220826_152737\requests\main\9.har

2022-08-26 15:28:23 - [TEST_CASE][PASSED] - Start Test Case : Verification: Verification accomplished successfully

2022-08-26 15:28:23 - [TEST_STEP][PASSED] - request = getInstance().getCurrentRequest(): null

2022-08-26 15:28:23 - [TEST_STEP][PASSED] - response = getInstance().getCurrentResponse(): null

2022-08-26 15:28:23 - [MESSAGE][PASSED] - Verify response successfully

2022-08-26 15:28:23 - [MESSAGE][PASSED] - Send request and verify the response successfully

2022-08-26 15:28:23 - [TEST_STEP][PASSED] - val_time = response.getElapsedTime(): null

2022-08-26 15:28:23 - [TEST_STEP][PASSED] - status_login = response.getStatusCode(): null

2022-08-26 15:28:23 - [TEST_STEP][PASSED] - jsonString = response.getResponseText(): null

2022-08-26 15:28:23 - [TEST_STEP][PASSED] - slurper = new groovy.json.JsonSlurper(): null

2022-08-26 15:28:23 - [TEST_STEP][PASSED] - markWarning("JSON " + jsonString): JSON {"Type":"ERROR","ValidationMessage":"Tu usuario o contrase単a son incorrectos.","Content":null}

2022-08-26 15:28:23 - [MESSAGE][WARNING] - JSON {"Type":"ERROR","ValidationMessage":"Tu usuario o contrase単a son incorrectos.","Content":null}

2022-08-26 15:28:23 - [TEST_STEP][PASSED] - parsedJson = slurper.parseText(jsonString): null

2022-08-26 15:28:23 - [TEST_STEP][PASSED] - nom_func = "val_login": null

2022-08-26 15:28:23 - [TEST_STEP][PASSED] - almacena_datos_servicio.Val_mensaje_serv.valida_mensaje_serv_login(parsedJson, type, ValidationMessage): Exito

2022-08-26 15:28:23 - [MESSAGE][PASSED] - Exito

2022-08-26 15:28:23 - [TEST_STEP][PASSED] - almacena_datos_servicio.Val_mensaje_serv.guarda_salida_mensaje_serv_login(): almacena_datos_servicio.Val_mensaje_serv.guarda_salida_mensaje_serv_login is PASSED

2022-08-26 15:28:24 - [MESSAGE][PASSED] - almacena_datos_servicio.Val_mensaje_serv.guarda_salida_mensaje_serv_login is PASSED]]></system-out>
         <system-err><![CDATA[]]></system-err>
      </testcase>
      <testcase name="Test Cases/Login_param" time="1.489" classname="Test Cases/Login_param" status="PASSED">
         <system-out><![CDATA[2022-08-26 15:28:24 - [TEST_CASE][PASSED] - Test Cases/Login_param: Test Cases/Login_param

2022-08-26 15:28:24 - [TEST_STEP][PASSED] - regis = Integer.parseInt(registro): null

2022-08-26 15:28:24 - [TEST_STEP][PASSED] - response = sendRequestAndVerify(findTestObject("miNomina_Mareigua-ConsultarNomina/Login", ["Login":Login, "password":password])): Send request and verify the response successfully

2022-08-26 15:28:25 - [MESSAGE][INFO] - HAR: C:\Cenet\Cenet-Factura\Mareigua\miFactura_ws_Mareigua-25-08-2022\Reports\20220826_152737\miFactura_Mareigua\ConsultarConsolidadoFactura\20220826_152737\requests\main\10.har

2022-08-26 15:28:25 - [TEST_CASE][PASSED] - Start Test Case : Verification: Verification accomplished successfully

2022-08-26 15:28:25 - [TEST_STEP][PASSED] - request = getInstance().getCurrentRequest(): null

2022-08-26 15:28:25 - [TEST_STEP][PASSED] - response = getInstance().getCurrentResponse(): null

2022-08-26 15:28:25 - [MESSAGE][PASSED] - Verify response successfully

2022-08-26 15:28:25 - [MESSAGE][PASSED] - Send request and verify the response successfully

2022-08-26 15:28:25 - [TEST_STEP][PASSED] - val_time = response.getElapsedTime(): null

2022-08-26 15:28:25 - [TEST_STEP][PASSED] - status_login = response.getStatusCode(): null

2022-08-26 15:28:25 - [TEST_STEP][PASSED] - jsonString = response.getResponseText(): null

2022-08-26 15:28:25 - [TEST_STEP][PASSED] - slurper = new groovy.json.JsonSlurper(): null

2022-08-26 15:28:25 - [TEST_STEP][PASSED] - markWarning("JSON " + jsonString): JSON {"Type":"OK","ValidationMessage":null,"Content":{"JWT":"eyJhbGciOiJIUzI1NiIsInR5cCI6IkpXVCJ9.eyJ1bmlxdWVfbmFtZSI6ImRhdmVyIiwiZmFtaWx5X25hbWUiOiIxIiwiaHR0cDovL3NjaGVtYXMueG1sc29hcC5vcmcvd3MvMjAwNS8wNS9pZGVudGl0eS9jbGFpbXMvc2lkIjoiMSIsIm5iZiI6MTY2MTU0NTcwNSwiZXhwIjoxNjYxNjMyMTA1LCJpYXQiOjE2NjE1NDU3MDUsImlzcyI6Ik1pc0ZhY3R1cmFzIn0.8ul6KYBqjh1uw0-p-R3Y4pvj9f5zXUtkQuZkKHEJPXE"}}

2022-08-26 15:28:25 - [MESSAGE][WARNING] - JSON {"Type":"OK","ValidationMessage":null,"Content":{"JWT":"eyJhbGciOiJIUzI1NiIsInR5cCI6IkpXVCJ9.eyJ1bmlxdWVfbmFtZSI6ImRhdmVyIiwiZmFtaWx5X25hbWUiOiIxIiwiaHR0cDovL3NjaGVtYXMueG1sc29hcC5vcmcvd3MvMjAwNS8wNS9pZGVudGl0eS9jbGFpbXMvc2lkIjoiMSIsIm5iZiI6MTY2MTU0NTcwNSwiZXhwIjoxNjYxNjMyMTA1LCJpYXQiOjE2NjE1NDU3MDUsImlzcyI6Ik1pc0ZhY3R1cmFzIn0.8ul6KYBqjh1uw0-p-R3Y4pvj9f5zXUtkQuZkKHEJPXE"}}

2022-08-26 15:28:25 - [TEST_STEP][PASSED] - parsedJson = slurper.parseText(jsonString): null

2022-08-26 15:28:25 - [TEST_STEP][PASSED] - nom_func = "val_login": null

2022-08-26 15:28:25 - [TEST_STEP][PASSED] - almacena_datos_servicio.Val_mensaje_serv.valida_mensaje_serv_login(parsedJson, type, ValidationMessage): Exito

2022-08-26 15:28:25 - [MESSAGE][PASSED] - Exito

2022-08-26 15:28:25 - [TEST_STEP][PASSED] - almacena_datos_servicio.Val_mensaje_serv.guarda_salida_mensaje_serv_login(): almacena_datos_servicio.Val_mensaje_serv.guarda_salida_mensaje_serv_login is PASSED

2022-08-26 15:28:25 - [MESSAGE][PASSED] - almacena_datos_servicio.Val_mensaje_serv.guarda_salida_mensaje_serv_login is PASSED]]></system-out>
         <system-err><![CDATA[]]></system-err>
      </testcase>
      <testcase name="Test Cases/Login_param" time="1.406" classname="Test Cases/Login_param" status="PASSED">
         <system-out><![CDATA[2022-08-26 15:28:25 - [TEST_CASE][PASSED] - Test Cases/Login_param: Test Cases/Login_param

2022-08-26 15:28:25 - [TEST_STEP][PASSED] - regis = Integer.parseInt(registro): null

2022-08-26 15:28:25 - [TEST_STEP][PASSED] - response = sendRequestAndVerify(findTestObject("miNomina_Mareigua-ConsultarNomina/Login", ["Login":Login, "password":password])): Send request and verify the response successfully

2022-08-26 15:28:26 - [MESSAGE][INFO] - HAR: C:\Cenet\Cenet-Factura\Mareigua\miFactura_ws_Mareigua-25-08-2022\Reports\20220826_152737\miFactura_Mareigua\ConsultarConsolidadoFactura\20220826_152737\requests\main\11.har

2022-08-26 15:28:26 - [TEST_CASE][PASSED] - Start Test Case : Verification: Verification accomplished successfully

2022-08-26 15:28:27 - [TEST_STEP][PASSED] - request = getInstance().getCurrentRequest(): null

2022-08-26 15:28:27 - [TEST_STEP][PASSED] - response = getInstance().getCurrentResponse(): null

2022-08-26 15:28:27 - [MESSAGE][PASSED] - Verify response successfully

2022-08-26 15:28:27 - [MESSAGE][PASSED] - Send request and verify the response successfully

2022-08-26 15:28:27 - [TEST_STEP][PASSED] - val_time = response.getElapsedTime(): null

2022-08-26 15:28:27 - [TEST_STEP][PASSED] - status_login = response.getStatusCode(): null

2022-08-26 15:28:27 - [TEST_STEP][PASSED] - jsonString = response.getResponseText(): null

2022-08-26 15:28:27 - [TEST_STEP][PASSED] - slurper = new groovy.json.JsonSlurper(): null

2022-08-26 15:28:27 - [TEST_STEP][PASSED] - markWarning("JSON " + jsonString): JSON {"Type":"ERROR","ValidationMessage":"Tu usuario o contrase単a son incorrectos.","Content":null}

2022-08-26 15:28:27 - [MESSAGE][WARNING] - JSON {"Type":"ERROR","ValidationMessage":"Tu usuario o contrase単a son incorrectos.","Content":null}

2022-08-26 15:28:27 - [TEST_STEP][PASSED] - parsedJson = slurper.parseText(jsonString): null

2022-08-26 15:28:27 - [TEST_STEP][PASSED] - nom_func = "val_login": null

2022-08-26 15:28:27 - [TEST_STEP][PASSED] - almacena_datos_servicio.Val_mensaje_serv.valida_mensaje_serv_login(parsedJson, type, ValidationMessage): Exito

2022-08-26 15:28:27 - [MESSAGE][PASSED] - Exito

2022-08-26 15:28:27 - [TEST_STEP][PASSED] - almacena_datos_servicio.Val_mensaje_serv.guarda_salida_mensaje_serv_login(): almacena_datos_servicio.Val_mensaje_serv.guarda_salida_mensaje_serv_login is PASSED

2022-08-26 15:28:27 - [MESSAGE][PASSED] - almacena_datos_servicio.Val_mensaje_serv.guarda_salida_mensaje_serv_login is PASSED]]></system-out>
         <system-err><![CDATA[]]></system-err>
      </testcase>
      <testcase name="Test Cases/Login_param" time="1.649" classname="Test Cases/Login_param" status="PASSED">
         <system-out><![CDATA[2022-08-26 15:28:27 - [TEST_CASE][PASSED] - Test Cases/Login_param: Test Cases/Login_param

2022-08-26 15:28:27 - [TEST_STEP][PASSED] - regis = Integer.parseInt(registro): null

2022-08-26 15:28:27 - [TEST_STEP][PASSED] - response = sendRequestAndVerify(findTestObject("miNomina_Mareigua-ConsultarNomina/Login", ["Login":Login, "password":password])): Send request and verify the response successfully

2022-08-26 15:28:28 - [MESSAGE][INFO] - HAR: C:\Cenet\Cenet-Factura\Mareigua\miFactura_ws_Mareigua-25-08-2022\Reports\20220826_152737\miFactura_Mareigua\ConsultarConsolidadoFactura\20220826_152737\requests\main\12.har

2022-08-26 15:28:28 - [TEST_CASE][PASSED] - Start Test Case : Verification: Verification accomplished successfully

2022-08-26 15:28:28 - [TEST_STEP][PASSED] - request = getInstance().getCurrentRequest(): null

2022-08-26 15:28:28 - [TEST_STEP][PASSED] - response = getInstance().getCurrentResponse(): null

2022-08-26 15:28:28 - [MESSAGE][PASSED] - Verify response successfully

2022-08-26 15:28:28 - [MESSAGE][PASSED] - Send request and verify the response successfully

2022-08-26 15:28:28 - [TEST_STEP][PASSED] - val_time = response.getElapsedTime(): null

2022-08-26 15:28:28 - [TEST_STEP][PASSED] - status_login = response.getStatusCode(): null

2022-08-26 15:28:28 - [TEST_STEP][PASSED] - jsonString = response.getResponseText(): null

2022-08-26 15:28:28 - [TEST_STEP][PASSED] - slurper = new groovy.json.JsonSlurper(): null

2022-08-26 15:28:28 - [TEST_STEP][PASSED] - markWarning("JSON " + jsonString): JSON {"Type":"ERROR","ValidationMessage":"Tu usuario o contrase単a son incorrectos.","Content":null}

2022-08-26 15:28:28 - [MESSAGE][WARNING] - JSON {"Type":"ERROR","ValidationMessage":"Tu usuario o contrase単a son incorrectos.","Content":null}

2022-08-26 15:28:28 - [TEST_STEP][PASSED] - parsedJson = slurper.parseText(jsonString): null

2022-08-26 15:28:28 - [TEST_STEP][PASSED] - nom_func = "val_login": null

2022-08-26 15:28:28 - [TEST_STEP][PASSED] - almacena_datos_servicio.Val_mensaje_serv.valida_mensaje_serv_login(parsedJson, type, ValidationMessage): Exito

2022-08-26 15:28:28 - [MESSAGE][PASSED] - Exito

2022-08-26 15:28:28 - [TEST_STEP][PASSED] - almacena_datos_servicio.Val_mensaje_serv.guarda_salida_mensaje_serv_login(): almacena_datos_servicio.Val_mensaje_serv.guarda_salida_mensaje_serv_login is PASSED

2022-08-26 15:28:29 - [MESSAGE][PASSED] - almacena_datos_servicio.Val_mensaje_serv.guarda_salida_mensaje_serv_login is PASSED]]></system-out>
         <system-err><![CDATA[]]></system-err>
      </testcase>
      <testcase name="Test Cases/Login_param" time="1.467" classname="Test Cases/Login_param" status="PASSED">
         <system-out><![CDATA[2022-08-26 15:28:29 - [TEST_CASE][PASSED] - Test Cases/Login_param: Test Cases/Login_param

2022-08-26 15:28:29 - [TEST_STEP][PASSED] - regis = Integer.parseInt(registro): null

2022-08-26 15:28:29 - [TEST_STEP][PASSED] - response = sendRequestAndVerify(findTestObject("miNomina_Mareigua-ConsultarNomina/Login", ["Login":Login, "password":password])): Send request and verify the response successfully

2022-08-26 15:28:30 - [MESSAGE][INFO] - HAR: C:\Cenet\Cenet-Factura\Mareigua\miFactura_ws_Mareigua-25-08-2022\Reports\20220826_152737\miFactura_Mareigua\ConsultarConsolidadoFactura\20220826_152737\requests\main\13.har

2022-08-26 15:28:30 - [TEST_CASE][PASSED] - Start Test Case : Verification: Verification accomplished successfully

2022-08-26 15:28:30 - [TEST_STEP][PASSED] - request = getInstance().getCurrentRequest(): null

2022-08-26 15:28:30 - [TEST_STEP][PASSED] - response = getInstance().getCurrentResponse(): null

2022-08-26 15:28:30 - [MESSAGE][PASSED] - Verify response successfully

2022-08-26 15:28:30 - [MESSAGE][PASSED] - Send request and verify the response successfully

2022-08-26 15:28:30 - [TEST_STEP][PASSED] - val_time = response.getElapsedTime(): null

2022-08-26 15:28:30 - [TEST_STEP][PASSED] - status_login = response.getStatusCode(): null

2022-08-26 15:28:30 - [TEST_STEP][PASSED] - jsonString = response.getResponseText(): null

2022-08-26 15:28:30 - [TEST_STEP][PASSED] - slurper = new groovy.json.JsonSlurper(): null

2022-08-26 15:28:30 - [TEST_STEP][PASSED] - markWarning("JSON " + jsonString): JSON {"Type":"ERROR","ValidationMessage":"Tu usuario o contrase単a son incorrectos.","Content":null}

2022-08-26 15:28:30 - [MESSAGE][WARNING] - JSON {"Type":"ERROR","ValidationMessage":"Tu usuario o contrase単a son incorrectos.","Content":null}

2022-08-26 15:28:30 - [TEST_STEP][PASSED] - parsedJson = slurper.parseText(jsonString): null

2022-08-26 15:28:30 - [TEST_STEP][PASSED] - nom_func = "val_login": null

2022-08-26 15:28:30 - [TEST_STEP][PASSED] - almacena_datos_servicio.Val_mensaje_serv.valida_mensaje_serv_login(parsedJson, type, ValidationMessage): Exito

2022-08-26 15:28:30 - [MESSAGE][PASSED] - Exito

2022-08-26 15:28:30 - [TEST_STEP][PASSED] - almacena_datos_servicio.Val_mensaje_serv.guarda_salida_mensaje_serv_login(): almacena_datos_servicio.Val_mensaje_serv.guarda_salida_mensaje_serv_login is PASSED

2022-08-26 15:28:30 - [MESSAGE][PASSED] - almacena_datos_servicio.Val_mensaje_serv.guarda_salida_mensaje_serv_login is PASSED]]></system-out>
         <system-err><![CDATA[]]></system-err>
      </testcase>
      <testcase name="Test Cases/Login_param" time="1.701" classname="Test Cases/Login_param" status="PASSED">
         <system-out><![CDATA[2022-08-26 15:28:31 - [TEST_CASE][PASSED] - Test Cases/Login_param: Test Cases/Login_param

2022-08-26 15:28:31 - [TEST_STEP][PASSED] - regis = Integer.parseInt(registro): null

2022-08-26 15:28:31 - [TEST_STEP][PASSED] - response = sendRequestAndVerify(findTestObject("miNomina_Mareigua-ConsultarNomina/Login", ["Login":Login, "password":password])): Send request and verify the response successfully

2022-08-26 15:28:32 - [MESSAGE][INFO] - HAR: C:\Cenet\Cenet-Factura\Mareigua\miFactura_ws_Mareigua-25-08-2022\Reports\20220826_152737\miFactura_Mareigua\ConsultarConsolidadoFactura\20220826_152737\requests\main\14.har

2022-08-26 15:28:32 - [TEST_CASE][PASSED] - Start Test Case : Verification: Verification accomplished successfully

2022-08-26 15:28:32 - [TEST_STEP][PASSED] - request = getInstance().getCurrentRequest(): null

2022-08-26 15:28:32 - [TEST_STEP][PASSED] - response = getInstance().getCurrentResponse(): null

2022-08-26 15:28:32 - [MESSAGE][PASSED] - Verify response successfully

2022-08-26 15:28:32 - [MESSAGE][PASSED] - Send request and verify the response successfully

2022-08-26 15:28:32 - [TEST_STEP][PASSED] - val_time = response.getElapsedTime(): null

2022-08-26 15:28:32 - [TEST_STEP][PASSED] - status_login = response.getStatusCode(): null

2022-08-26 15:28:32 - [TEST_STEP][PASSED] - jsonString = response.getResponseText(): null

2022-08-26 15:28:32 - [TEST_STEP][PASSED] - slurper = new groovy.json.JsonSlurper(): null

2022-08-26 15:28:32 - [TEST_STEP][PASSED] - markWarning("JSON " + jsonString): JSON {"Type":"ERROR","ValidationMessage":"Tu usuario o contrase単a son incorrectos.","Content":null}

2022-08-26 15:28:32 - [MESSAGE][WARNING] - JSON {"Type":"ERROR","ValidationMessage":"Tu usuario o contrase単a son incorrectos.","Content":null}

2022-08-26 15:28:32 - [TEST_STEP][PASSED] - parsedJson = slurper.parseText(jsonString): null

2022-08-26 15:28:32 - [TEST_STEP][PASSED] - nom_func = "val_login": null

2022-08-26 15:28:32 - [TEST_STEP][PASSED] - almacena_datos_servicio.Val_mensaje_serv.valida_mensaje_serv_login(parsedJson, type, ValidationMessage): Exito

2022-08-26 15:28:32 - [MESSAGE][PASSED] - Exito

2022-08-26 15:28:32 - [TEST_STEP][PASSED] - almacena_datos_servicio.Val_mensaje_serv.guarda_salida_mensaje_serv_login(): almacena_datos_servicio.Val_mensaje_serv.guarda_salida_mensaje_serv_login is PASSED

2022-08-26 15:28:32 - [MESSAGE][PASSED] - almacena_datos_servicio.Val_mensaje_serv.guarda_salida_mensaje_serv_login is PASSED]]></system-out>
         <system-err><![CDATA[]]></system-err>
      </testcase>
      <system-out><![CDATA[2022-08-26 15:27:49 - [TEST_SUITE][PASSED] - ConsultarConsolidadoFactura: Test Cases/Login_param]]></system-out>
      <system-err><![CDATA[]]></system-err>
   </testsuite>
</testsuites>
