<?xml version="1.0" encoding="UTF-8"?>
<testsuites name="ConsultarConsolidadoFactura" time="65.412" tests="24" failures="0" errors="2">
   <testsuite name="ConsultarConsolidadoFactura" tests="24" failures="0" errors="2" time="65.412" skipped="0" timestamp="2022-08-30 23:50:59" hostname="cenet - DESKTOP-4DPQOK0" id="Test Suites/miFactura_Mareigua/ConsultarConsolidadoFactura">
      <properties>
         <property name="deviceName" value=""/>
         <property name="devicePlatform" value=""/>
         <property name="logFolder" value="C:\\Users\\cenet\\git\\katalon-git-prueb_01_1\\Reports\\20220830_235048\\miFactura_Mareigua\\ConsultarConsolidadoFactura\\20220830_235048"/>
         <property name="logFiles" value="C:\\Users\\cenet\\git\\katalon-git-prueb_01_1\\Reports\\20220830_235048\\miFactura_Mareigua\\ConsultarConsolidadoFactura\\20220830_235048\\execution0.log"/>
         <property name="attachments" value=""/>
         <property name="hostName" value="cenet - DESKTOP-4DPQOK0"/>
         <property name="hostAddress" value="192.168.1.127"/>
         <property name="os" value="Windows 10 64bit"/>
         <property name="katalonVersion" value="8.3.0.208"/>
      </properties>
      <testcase name="Test Cases/Elimina_archivo" time="4.643" classname="Test Cases/Elimina_archivo" status="PASSED">
         <system-out><![CDATA[2022-08-30 23:51:01 - [TEST_CASE][PASSED] - Test Cases/Elimina_archivo: Test Cases/Elimina_archivo

2022-08-30 23:51:03 - [TEST_STEP][PASSED] - elimina = new almacena_datos_servicio.Elimina_archivo(): null

2022-08-30 23:51:03 - [TEST_STEP][PASSED] - elimina.deleteFile(ruta_arch_salida): null]]></system-out>
         <system-err><![CDATA[]]></system-err>
      </testcase>
      <testcase name="Test Cases/Login" time="11.63" classname="Test Cases/Login" status="PASSED">
         <system-out><![CDATA[2022-08-30 23:51:05 - [TEST_CASE][PASSED] - Test Cases/Login: Test Cases/Login

2022-08-30 23:51:06 - [TEST_STEP][PASSED] - response = sendRequestAndVerify(findTestObject("miFactura_Mareigua-ConsultarFactura/Login", ["Login":Login, "password":password])): Send request and verify the response successfully

2022-08-30 23:51:15 - [MESSAGE][INFO] - HAR: C:\Users\cenet\git\katalon-git-prueb_01_1\Reports\20220830_235048\miFactura_Mareigua\ConsultarConsolidadoFactura\20220830_235048\requests\main\0.har

2022-08-30 23:51:16 - [TEST_CASE][PASSED] - Start Test Case : Verification: Verification accomplished successfully

2022-08-30 23:51:16 - [TEST_STEP][PASSED] - request = getInstance().getCurrentRequest(): null

2022-08-30 23:51:16 - [TEST_STEP][PASSED] - response = getInstance().getCurrentResponse(): null

2022-08-30 23:51:17 - [MESSAGE][PASSED] - Verify response successfully

2022-08-30 23:51:17 - [MESSAGE][PASSED] - Send request and verify the response successfully

2022-08-30 23:51:17 - [TEST_STEP][PASSED] - jsonString = response.getResponseText(): null

2022-08-30 23:51:17 - [TEST_STEP][PASSED] - slurper = new groovy.json.JsonSlurper(): null

2022-08-30 23:51:17 - [TEST_STEP][PASSED] - markWarning("JSON " + jsonString): JSON {"Type":"OK","ValidationMessage":null,"Content":{"JWT":"eyJhbGciOiJIUzI1NiIsInR5cCI6IkpXVCJ9.eyJ1bmlxdWVfbmFtZSI6ImRhdmVyIiwiZmFtaWx5X25hbWUiOiIxIiwiaHR0cDovL3NjaGVtYXMueG1sc29hcC5vcmcvd3MvMjAwNS8wNS9pZGVudGl0eS9jbGFpbXMvc2lkIjoiMSIsIm5iZiI6MTY2MTkyMTQ3NCwiZXhwIjoxNjYyMDA3ODc0LCJpYXQiOjE2NjE5MjE0NzQsImlzcyI6Ik1pc0ZhY3R1cmFzIn0.D9gTFCLpGKvmuQVcZz2p6XdGoaZleDfOz7Rw_wX05Pw"}}

2022-08-30 23:51:17 - [MESSAGE][WARNING] - JSON {"Type":"OK","ValidationMessage":null,"Content":{"JWT":"eyJhbGciOiJIUzI1NiIsInR5cCI6IkpXVCJ9.eyJ1bmlxdWVfbmFtZSI6ImRhdmVyIiwiZmFtaWx5X25hbWUiOiIxIiwiaHR0cDovL3NjaGVtYXMueG1sc29hcC5vcmcvd3MvMjAwNS8wNS9pZGVudGl0eS9jbGFpbXMvc2lkIjoiMSIsIm5iZiI6MTY2MTkyMTQ3NCwiZXhwIjoxNjYyMDA3ODc0LCJpYXQiOjE2NjE5MjE0NzQsImlzcyI6Ik1pc0ZhY3R1cmFzIn0.D9gTFCLpGKvmuQVcZz2p6XdGoaZleDfOz7Rw_wX05Pw"}}

2022-08-30 23:51:17 - [TEST_STEP][PASSED] - parsedJson = slurper.parseText(jsonString): null

2022-08-30 23:51:17 - [TEST_STEP][PASSED] - almacena_datos_servicio.Val_mensaje_serv.val_login(parsedJson): almacena_datos_servicio.Val_mensaje_serv.val_login is PASSED

2022-08-30 23:51:17 - [MESSAGE][PASSED] - almacena_datos_servicio.Val_mensaje_serv.val_login is PASSED]]></system-out>
         <system-err><![CDATA[]]></system-err>
      </testcase>
      <testcase name="Test Cases/ConsultarConsolidado_Factura" time="6.047" classname="Test Cases/ConsultarConsolidado_Factura" status="PASSED">
         <system-out><![CDATA[2022-08-30 23:51:17 - [TEST_CASE][PASSED] - Test Cases/ConsultarConsolidado_Factura: Test Cases/ConsultarConsolidado_Factura

2022-08-30 23:51:18 - [TEST_STEP][PASSED] - grabar = new almacena_datos_servicio.Graba_archivo(): null

2022-08-30 23:51:18 - [TEST_STEP][PASSED] - regis = Integer.parseInt(registro): null

2022-08-30 23:51:18 - [TEST_STEP][PASSED] - response = sendRequestAndVerify(findTestObject("miFactura_Mareigua-ConsultarFactura/ConsultarConsolidado_Factura", ["TipoIdentificacion":TipoIdentificacion, "NumeroIdentificacion":NumeroIdentificacion, "token":token])): Send request and verify the response successfully

2022-08-30 23:51:20 - [MESSAGE][INFO] - HAR: C:\Users\cenet\git\katalon-git-prueb_01_1\Reports\20220830_235048\miFactura_Mareigua\ConsultarConsolidadoFactura\20220830_235048\requests\main\1.har

2022-08-30 23:51:20 - [TEST_CASE][PASSED] - Start Test Case : Verification: Verification accomplished successfully

2022-08-30 23:51:21 - [TEST_STEP][PASSED] - request = getInstance().getCurrentRequest(): null

2022-08-30 23:51:21 - [TEST_STEP][PASSED] - response = getInstance().getCurrentResponse(): null

2022-08-30 23:51:21 - [MESSAGE][PASSED] - Verify response successfully

2022-08-30 23:51:21 - [MESSAGE][PASSED] - Send request and verify the response successfully

2022-08-30 23:51:21 - [TEST_STEP][PASSED] - val_time = response.getElapsedTime(): null

2022-08-30 23:51:21 - [TEST_STEP][PASSED] - status = response.getStatusCode(): null

2022-08-30 23:51:21 - [TEST_STEP][PASSED] - jsonString = response.getResponseText(): null

2022-08-30 23:51:21 - [TEST_STEP][PASSED] - salida_json = jsonString.replaceAll("
", ""): null

2022-08-30 23:51:21 - [TEST_STEP][PASSED] - slurper = new groovy.json.JsonSlurper(): null

2022-08-30 23:51:21 - [TEST_STEP][PASSED] - grabar.create_Add(regis + " - " + jsonString, ruta_arch_salida): null

2022-08-30 23:51:21 - [TEST_STEP][PASSED] - parsedJson = slurper.parseText(jsonString): null

2022-08-30 23:51:21 - [TEST_STEP][PASSED] - nom_func = "val_mens_serv_report": null

2022-08-30 23:51:21 - [TEST_STEP][PASSED] - println(jsonString): null

2022-08-30 23:51:21 - [TEST_STEP][PASSED] - almacena_datos_servicio.Val_mensaje_serv.valida_consulta_id_serv_report(parsedJson, val_consulta_id): EXITO

2022-08-30 23:51:21 - [MESSAGE][PASSED] - EXITO

2022-08-30 23:51:21 - [TEST_STEP][PASSED] - almacena_datos_servicio.Val_mensaje_serv.guarda_salida_consultar_factura(): almacena_datos_servicio.Val_mensaje_serv.guarda_salida_consultar_factura is PASSED

2022-08-30 23:51:23 - [MESSAGE][PASSED] - almacena_datos_servicio.Val_mensaje_serv.guarda_salida_consultar_factura is PASSED]]></system-out>
         <system-err><![CDATA[]]></system-err>
      </testcase>
      <testcase name="Test Cases/ConsultarConsolidado_Factura" time="1.461" classname="Test Cases/ConsultarConsolidado_Factura" status="PASSED">
         <system-out><![CDATA[2022-08-30 23:51:24 - [TEST_CASE][PASSED] - Test Cases/ConsultarConsolidado_Factura: Test Cases/ConsultarConsolidado_Factura

2022-08-30 23:51:24 - [TEST_STEP][PASSED] - grabar = new almacena_datos_servicio.Graba_archivo(): null

2022-08-30 23:51:24 - [TEST_STEP][PASSED] - regis = Integer.parseInt(registro): null

2022-08-30 23:51:24 - [TEST_STEP][PASSED] - response = sendRequestAndVerify(findTestObject("miFactura_Mareigua-ConsultarFactura/ConsultarConsolidado_Factura", ["TipoIdentificacion":TipoIdentificacion, "NumeroIdentificacion":NumeroIdentificacion, "token":token])): Send request and verify the response successfully

2022-08-30 23:51:24 - [MESSAGE][INFO] - HAR: C:\Users\cenet\git\katalon-git-prueb_01_1\Reports\20220830_235048\miFactura_Mareigua\ConsultarConsolidadoFactura\20220830_235048\requests\main\2.har

2022-08-30 23:51:24 - [TEST_CASE][PASSED] - Start Test Case : Verification: Verification accomplished successfully

2022-08-30 23:51:25 - [TEST_STEP][PASSED] - request = getInstance().getCurrentRequest(): null

2022-08-30 23:51:25 - [TEST_STEP][PASSED] - response = getInstance().getCurrentResponse(): null

2022-08-30 23:51:25 - [MESSAGE][PASSED] - Verify response successfully

2022-08-30 23:51:25 - [MESSAGE][PASSED] - Send request and verify the response successfully

2022-08-30 23:51:25 - [TEST_STEP][PASSED] - val_time = response.getElapsedTime(): null

2022-08-30 23:51:25 - [TEST_STEP][PASSED] - status = response.getStatusCode(): null

2022-08-30 23:51:25 - [TEST_STEP][PASSED] - jsonString = response.getResponseText(): null

2022-08-30 23:51:25 - [TEST_STEP][PASSED] - salida_json = jsonString.replaceAll("
", ""): null

2022-08-30 23:51:25 - [TEST_STEP][PASSED] - slurper = new groovy.json.JsonSlurper(): null

2022-08-30 23:51:25 - [TEST_STEP][PASSED] - grabar.create_Add(regis + " - " + jsonString, ruta_arch_salida): null

2022-08-30 23:51:25 - [TEST_STEP][PASSED] - parsedJson = slurper.parseText(jsonString): null

2022-08-30 23:51:25 - [TEST_STEP][PASSED] - nom_func = "val_mens_serv_report": null

2022-08-30 23:51:25 - [TEST_STEP][PASSED] - println(jsonString): null

2022-08-30 23:51:25 - [TEST_STEP][PASSED] - almacena_datos_servicio.Val_mensaje_serv.valida_consulta_id_serv_report(parsedJson, val_consulta_id): EXITO

2022-08-30 23:51:25 - [MESSAGE][PASSED] - EXITO

2022-08-30 23:51:25 - [TEST_STEP][PASSED] - almacena_datos_servicio.Val_mensaje_serv.guarda_salida_consultar_factura(): almacena_datos_servicio.Val_mensaje_serv.guarda_salida_consultar_factura is PASSED

2022-08-30 23:51:25 - [MESSAGE][PASSED] - almacena_datos_servicio.Val_mensaje_serv.guarda_salida_consultar_factura is PASSED]]></system-out>
         <system-err><![CDATA[]]></system-err>
      </testcase>
      <testcase name="Test Cases/ConsultarConsolidado_Factura" time="2.176" classname="Test Cases/ConsultarConsolidado_Factura" status="PASSED">
         <system-out><![CDATA[2022-08-30 23:51:25 - [TEST_CASE][PASSED] - Test Cases/ConsultarConsolidado_Factura: Test Cases/ConsultarConsolidado_Factura

2022-08-30 23:51:25 - [TEST_STEP][PASSED] - grabar = new almacena_datos_servicio.Graba_archivo(): null

2022-08-30 23:51:25 - [TEST_STEP][PASSED] - regis = Integer.parseInt(registro): null

2022-08-30 23:51:25 - [TEST_STEP][PASSED] - response = sendRequestAndVerify(findTestObject("miFactura_Mareigua-ConsultarFactura/ConsultarConsolidado_Factura", ["TipoIdentificacion":TipoIdentificacion, "NumeroIdentificacion":NumeroIdentificacion, "token":token])): Send request and verify the response successfully

2022-08-30 23:51:26 - [MESSAGE][INFO] - HAR: C:\Users\cenet\git\katalon-git-prueb_01_1\Reports\20220830_235048\miFactura_Mareigua\ConsultarConsolidadoFactura\20220830_235048\requests\main\3.har

2022-08-30 23:51:27 - [TEST_CASE][PASSED] - Start Test Case : Verification: Verification accomplished successfully

2022-08-30 23:51:27 - [TEST_STEP][PASSED] - request = getInstance().getCurrentRequest(): null

2022-08-30 23:51:27 - [TEST_STEP][PASSED] - response = getInstance().getCurrentResponse(): null

2022-08-30 23:51:27 - [MESSAGE][PASSED] - Verify response successfully

2022-08-30 23:51:27 - [MESSAGE][PASSED] - Send request and verify the response successfully

2022-08-30 23:51:27 - [TEST_STEP][PASSED] - val_time = response.getElapsedTime(): null

2022-08-30 23:51:27 - [TEST_STEP][PASSED] - status = response.getStatusCode(): null

2022-08-30 23:51:27 - [TEST_STEP][PASSED] - jsonString = response.getResponseText(): null

2022-08-30 23:51:27 - [TEST_STEP][PASSED] - salida_json = jsonString.replaceAll("
", ""): null

2022-08-30 23:51:27 - [TEST_STEP][PASSED] - slurper = new groovy.json.JsonSlurper(): null

2022-08-30 23:51:27 - [TEST_STEP][PASSED] - grabar.create_Add(regis + " - " + jsonString, ruta_arch_salida): null

2022-08-30 23:51:27 - [TEST_STEP][PASSED] - parsedJson = slurper.parseText(jsonString): null

2022-08-30 23:51:27 - [TEST_STEP][PASSED] - nom_func = "val_mens_serv_report": null

2022-08-30 23:51:27 - [TEST_STEP][PASSED] - println(jsonString): null

2022-08-30 23:51:27 - [TEST_STEP][PASSED] - almacena_datos_servicio.Val_mensaje_serv.valida_consulta_id_serv_report(parsedJson, val_consulta_id): EXITO

2022-08-30 23:51:27 - [MESSAGE][PASSED] - EXITO

2022-08-30 23:51:27 - [TEST_STEP][PASSED] - almacena_datos_servicio.Val_mensaje_serv.guarda_salida_consultar_factura(): almacena_datos_servicio.Val_mensaje_serv.guarda_salida_consultar_factura is PASSED

2022-08-30 23:51:27 - [MESSAGE][PASSED] - almacena_datos_servicio.Val_mensaje_serv.guarda_salida_consultar_factura is PASSED]]></system-out>
         <system-err><![CDATA[]]></system-err>
      </testcase>
      <testcase name="Test Cases/ConsultarConsolidado_Factura" time="2.418" classname="Test Cases/ConsultarConsolidado_Factura" status="PASSED">
         <system-out><![CDATA[2022-08-30 23:51:28 - [TEST_CASE][PASSED] - Test Cases/ConsultarConsolidado_Factura: Test Cases/ConsultarConsolidado_Factura

2022-08-30 23:51:28 - [TEST_STEP][PASSED] - grabar = new almacena_datos_servicio.Graba_archivo(): null

2022-08-30 23:51:28 - [TEST_STEP][PASSED] - regis = Integer.parseInt(registro): null

2022-08-30 23:51:28 - [TEST_STEP][PASSED] - response = sendRequestAndVerify(findTestObject("miFactura_Mareigua-ConsultarFactura/ConsultarConsolidado_Factura", ["TipoIdentificacion":TipoIdentificacion, "NumeroIdentificacion":NumeroIdentificacion, "token":token])): Send request and verify the response successfully

2022-08-30 23:51:28 - [MESSAGE][INFO] - HAR: C:\Users\cenet\git\katalon-git-prueb_01_1\Reports\20220830_235048\miFactura_Mareigua\ConsultarConsolidadoFactura\20220830_235048\requests\main\4.har

2022-08-30 23:51:28 - [TEST_CASE][PASSED] - Start Test Case : Verification: Verification accomplished successfully

2022-08-30 23:51:29 - [TEST_STEP][PASSED] - request = getInstance().getCurrentRequest(): null

2022-08-30 23:51:29 - [TEST_STEP][PASSED] - response = getInstance().getCurrentResponse(): null

2022-08-30 23:51:29 - [MESSAGE][PASSED] - Verify response successfully

2022-08-30 23:51:29 - [MESSAGE][PASSED] - Send request and verify the response successfully

2022-08-30 23:51:29 - [TEST_STEP][PASSED] - val_time = response.getElapsedTime(): null

2022-08-30 23:51:29 - [TEST_STEP][PASSED] - status = response.getStatusCode(): null

2022-08-30 23:51:29 - [TEST_STEP][PASSED] - jsonString = response.getResponseText(): null

2022-08-30 23:51:29 - [TEST_STEP][PASSED] - salida_json = jsonString.replaceAll("
", ""): null

2022-08-30 23:51:29 - [TEST_STEP][PASSED] - slurper = new groovy.json.JsonSlurper(): null

2022-08-30 23:51:29 - [TEST_STEP][PASSED] - grabar.create_Add(regis + " - " + jsonString, ruta_arch_salida): null

2022-08-30 23:51:29 - [TEST_STEP][PASSED] - parsedJson = slurper.parseText(jsonString): null

2022-08-30 23:51:29 - [TEST_STEP][PASSED] - nom_func = "val_mens_serv_report": null

2022-08-30 23:51:29 - [TEST_STEP][PASSED] - println(jsonString): null

2022-08-30 23:51:29 - [TEST_STEP][PASSED] - almacena_datos_servicio.Val_mensaje_serv.valida_consulta_id_serv_report(parsedJson, val_consulta_id): EXITO

2022-08-30 23:51:29 - [MESSAGE][PASSED] - EXITO

2022-08-30 23:51:29 - [TEST_STEP][PASSED] - almacena_datos_servicio.Val_mensaje_serv.guarda_salida_consultar_factura(): almacena_datos_servicio.Val_mensaje_serv.guarda_salida_consultar_factura is PASSED

2022-08-30 23:51:30 - [MESSAGE][PASSED] - almacena_datos_servicio.Val_mensaje_serv.guarda_salida_consultar_factura is PASSED]]></system-out>
         <system-err><![CDATA[]]></system-err>
      </testcase>
      <testcase name="Test Cases/ConsultarConsolidado_Factura" time="2.316" classname="Test Cases/ConsultarConsolidado_Factura" status="PASSED">
         <system-out><![CDATA[2022-08-30 23:51:30 - [TEST_CASE][PASSED] - Test Cases/ConsultarConsolidado_Factura: Test Cases/ConsultarConsolidado_Factura

2022-08-30 23:51:30 - [TEST_STEP][PASSED] - grabar = new almacena_datos_servicio.Graba_archivo(): null

2022-08-30 23:51:30 - [TEST_STEP][PASSED] - regis = Integer.parseInt(registro): null

2022-08-30 23:51:30 - [TEST_STEP][PASSED] - response = sendRequestAndVerify(findTestObject("miFactura_Mareigua-ConsultarFactura/ConsultarConsolidado_Factura", ["TipoIdentificacion":TipoIdentificacion, "NumeroIdentificacion":NumeroIdentificacion, "token":token])): Send request and verify the response successfully

2022-08-30 23:51:31 - [MESSAGE][INFO] - HAR: C:\Users\cenet\git\katalon-git-prueb_01_1\Reports\20220830_235048\miFactura_Mareigua\ConsultarConsolidadoFactura\20220830_235048\requests\main\5.har

2022-08-30 23:51:31 - [TEST_CASE][PASSED] - Start Test Case : Verification: Verification accomplished successfully

2022-08-30 23:51:32 - [TEST_STEP][PASSED] - request = getInstance().getCurrentRequest(): null

2022-08-30 23:51:32 - [TEST_STEP][PASSED] - response = getInstance().getCurrentResponse(): null

2022-08-30 23:51:32 - [MESSAGE][PASSED] - Verify response successfully

2022-08-30 23:51:32 - [MESSAGE][PASSED] - Send request and verify the response successfully

2022-08-30 23:51:32 - [TEST_STEP][PASSED] - val_time = response.getElapsedTime(): null

2022-08-30 23:51:32 - [TEST_STEP][PASSED] - status = response.getStatusCode(): null

2022-08-30 23:51:32 - [TEST_STEP][PASSED] - jsonString = response.getResponseText(): null

2022-08-30 23:51:32 - [TEST_STEP][PASSED] - salida_json = jsonString.replaceAll("
", ""): null

2022-08-30 23:51:32 - [TEST_STEP][PASSED] - slurper = new groovy.json.JsonSlurper(): null

2022-08-30 23:51:32 - [TEST_STEP][PASSED] - grabar.create_Add(regis + " - " + jsonString, ruta_arch_salida): null

2022-08-30 23:51:32 - [TEST_STEP][PASSED] - parsedJson = slurper.parseText(jsonString): null

2022-08-30 23:51:32 - [TEST_STEP][PASSED] - nom_func = "val_mens_serv_report": null

2022-08-30 23:51:32 - [TEST_STEP][PASSED] - println(jsonString): null

2022-08-30 23:51:32 - [TEST_STEP][PASSED] - almacena_datos_servicio.Val_mensaje_serv.valida_consulta_id_serv_report(parsedJson, val_consulta_id): EXITO

2022-08-30 23:51:32 - [MESSAGE][PASSED] - EXITO

2022-08-30 23:51:32 - [TEST_STEP][PASSED] - almacena_datos_servicio.Val_mensaje_serv.guarda_salida_consultar_factura(): almacena_datos_servicio.Val_mensaje_serv.guarda_salida_consultar_factura is PASSED

2022-08-30 23:51:32 - [MESSAGE][PASSED] - almacena_datos_servicio.Val_mensaje_serv.guarda_salida_consultar_factura is PASSED]]></system-out>
         <system-err><![CDATA[]]></system-err>
      </testcase>
      <testcase name="Test Cases/ConsultarConsolidado_Factura" time="2.323" classname="Test Cases/ConsultarConsolidado_Factura" status="PASSED">
         <system-out><![CDATA[2022-08-30 23:51:33 - [TEST_CASE][PASSED] - Test Cases/ConsultarConsolidado_Factura: Test Cases/ConsultarConsolidado_Factura

2022-08-30 23:51:33 - [TEST_STEP][PASSED] - grabar = new almacena_datos_servicio.Graba_archivo(): null

2022-08-30 23:51:33 - [TEST_STEP][PASSED] - regis = Integer.parseInt(registro): null

2022-08-30 23:51:33 - [TEST_STEP][PASSED] - response = sendRequestAndVerify(findTestObject("miFactura_Mareigua-ConsultarFactura/ConsultarConsolidado_Factura", ["TipoIdentificacion":TipoIdentificacion, "NumeroIdentificacion":NumeroIdentificacion, "token":token])): Send request and verify the response successfully

2022-08-30 23:51:34 - [MESSAGE][INFO] - HAR: C:\Users\cenet\git\katalon-git-prueb_01_1\Reports\20220830_235048\miFactura_Mareigua\ConsultarConsolidadoFactura\20220830_235048\requests\main\6.har

2022-08-30 23:51:34 - [TEST_CASE][PASSED] - Start Test Case : Verification: Verification accomplished successfully

2022-08-30 23:51:34 - [TEST_STEP][PASSED] - request = getInstance().getCurrentRequest(): null

2022-08-30 23:51:34 - [TEST_STEP][PASSED] - response = getInstance().getCurrentResponse(): null

2022-08-30 23:51:34 - [MESSAGE][PASSED] - Verify response successfully

2022-08-30 23:51:34 - [MESSAGE][PASSED] - Send request and verify the response successfully

2022-08-30 23:51:34 - [TEST_STEP][PASSED] - val_time = response.getElapsedTime(): null

2022-08-30 23:51:34 - [TEST_STEP][PASSED] - status = response.getStatusCode(): null

2022-08-30 23:51:34 - [TEST_STEP][PASSED] - jsonString = response.getResponseText(): null

2022-08-30 23:51:34 - [TEST_STEP][PASSED] - salida_json = jsonString.replaceAll("
", ""): null

2022-08-30 23:51:34 - [TEST_STEP][PASSED] - slurper = new groovy.json.JsonSlurper(): null

2022-08-30 23:51:34 - [TEST_STEP][PASSED] - grabar.create_Add(regis + " - " + jsonString, ruta_arch_salida): null

2022-08-30 23:51:34 - [TEST_STEP][PASSED] - parsedJson = slurper.parseText(jsonString): null

2022-08-30 23:51:34 - [TEST_STEP][PASSED] - nom_func = "val_mens_serv_report": null

2022-08-30 23:51:34 - [TEST_STEP][PASSED] - println(jsonString): null

2022-08-30 23:51:35 - [TEST_STEP][PASSED] - almacena_datos_servicio.Val_mensaje_serv.valida_consulta_id_serv_report(parsedJson, val_consulta_id): EXITO

2022-08-30 23:51:35 - [MESSAGE][PASSED] - EXITO

2022-08-30 23:51:35 - [TEST_STEP][PASSED] - almacena_datos_servicio.Val_mensaje_serv.guarda_salida_consultar_factura(): almacena_datos_servicio.Val_mensaje_serv.guarda_salida_consultar_factura is PASSED

2022-08-30 23:51:35 - [MESSAGE][PASSED] - almacena_datos_servicio.Val_mensaje_serv.guarda_salida_consultar_factura is PASSED]]></system-out>
         <system-err><![CDATA[]]></system-err>
      </testcase>
      <testcase name="Test Cases/ConsultarConsolidado_Factura" time="2.669" classname="Test Cases/ConsultarConsolidado_Factura" status="PASSED">
         <system-out><![CDATA[2022-08-30 23:51:35 - [TEST_CASE][PASSED] - Test Cases/ConsultarConsolidado_Factura: Test Cases/ConsultarConsolidado_Factura

2022-08-30 23:51:35 - [TEST_STEP][PASSED] - grabar = new almacena_datos_servicio.Graba_archivo(): null

2022-08-30 23:51:35 - [TEST_STEP][PASSED] - regis = Integer.parseInt(registro): null

2022-08-30 23:51:35 - [TEST_STEP][PASSED] - response = sendRequestAndVerify(findTestObject("miFactura_Mareigua-ConsultarFactura/ConsultarConsolidado_Factura", ["TipoIdentificacion":TipoIdentificacion, "NumeroIdentificacion":NumeroIdentificacion, "token":token])): Send request and verify the response successfully

2022-08-30 23:51:36 - [MESSAGE][INFO] - HAR: C:\Users\cenet\git\katalon-git-prueb_01_1\Reports\20220830_235048\miFactura_Mareigua\ConsultarConsolidadoFactura\20220830_235048\requests\main\7.har

2022-08-30 23:51:36 - [TEST_CASE][PASSED] - Start Test Case : Verification: Verification accomplished successfully

2022-08-30 23:51:36 - [TEST_STEP][PASSED] - request = getInstance().getCurrentRequest(): null

2022-08-30 23:51:36 - [TEST_STEP][PASSED] - response = getInstance().getCurrentResponse(): null

2022-08-30 23:51:36 - [MESSAGE][PASSED] - Verify response successfully

2022-08-30 23:51:36 - [MESSAGE][PASSED] - Send request and verify the response successfully

2022-08-30 23:51:36 - [TEST_STEP][PASSED] - val_time = response.getElapsedTime(): null

2022-08-30 23:51:36 - [TEST_STEP][PASSED] - status = response.getStatusCode(): null

2022-08-30 23:51:36 - [TEST_STEP][PASSED] - jsonString = response.getResponseText(): null

2022-08-30 23:51:36 - [TEST_STEP][PASSED] - salida_json = jsonString.replaceAll("
", ""): null

2022-08-30 23:51:36 - [TEST_STEP][PASSED] - slurper = new groovy.json.JsonSlurper(): null

2022-08-30 23:51:36 - [TEST_STEP][PASSED] - grabar.create_Add(regis + " - " + jsonString, ruta_arch_salida): null

2022-08-30 23:51:36 - [TEST_STEP][PASSED] - parsedJson = slurper.parseText(jsonString): null

2022-08-30 23:51:36 - [TEST_STEP][PASSED] - nom_func = "val_mens_serv_report": null

2022-08-30 23:51:36 - [TEST_STEP][PASSED] - println(jsonString): null

2022-08-30 23:51:36 - [TEST_STEP][PASSED] - almacena_datos_servicio.Val_mensaje_serv.valida_consulta_id_serv_report(parsedJson, val_consulta_id): EXITO

2022-08-30 23:51:36 - [MESSAGE][PASSED] - EXITO

2022-08-30 23:51:36 - [TEST_STEP][PASSED] - almacena_datos_servicio.Val_mensaje_serv.guarda_salida_consultar_factura(): almacena_datos_servicio.Val_mensaje_serv.guarda_salida_consultar_factura is PASSED

2022-08-30 23:51:38 - [MESSAGE][PASSED] - almacena_datos_servicio.Val_mensaje_serv.guarda_salida_consultar_factura is PASSED]]></system-out>
         <system-err><![CDATA[]]></system-err>
      </testcase>
      <testcase name="Test Cases/ConsultarConsolidado_Factura" time="1.337" classname="Test Cases/ConsultarConsolidado_Factura" status="PASSED">
         <system-out><![CDATA[2022-08-30 23:51:38 - [TEST_CASE][PASSED] - Test Cases/ConsultarConsolidado_Factura: Test Cases/ConsultarConsolidado_Factura

2022-08-30 23:51:38 - [TEST_STEP][PASSED] - grabar = new almacena_datos_servicio.Graba_archivo(): null

2022-08-30 23:51:38 - [TEST_STEP][PASSED] - regis = Integer.parseInt(registro): null

2022-08-30 23:51:38 - [TEST_STEP][PASSED] - response = sendRequestAndVerify(findTestObject("miFactura_Mareigua-ConsultarFactura/ConsultarConsolidado_Factura", ["TipoIdentificacion":TipoIdentificacion, "NumeroIdentificacion":NumeroIdentificacion, "token":token])): Send request and verify the response successfully

2022-08-30 23:51:39 - [MESSAGE][INFO] - HAR: C:\Users\cenet\git\katalon-git-prueb_01_1\Reports\20220830_235048\miFactura_Mareigua\ConsultarConsolidadoFactura\20220830_235048\requests\main\8.har

2022-08-30 23:51:39 - [TEST_CASE][PASSED] - Start Test Case : Verification: Verification accomplished successfully

2022-08-30 23:51:39 - [TEST_STEP][PASSED] - request = getInstance().getCurrentRequest(): null

2022-08-30 23:51:39 - [TEST_STEP][PASSED] - response = getInstance().getCurrentResponse(): null

2022-08-30 23:51:39 - [MESSAGE][PASSED] - Verify response successfully

2022-08-30 23:51:39 - [MESSAGE][PASSED] - Send request and verify the response successfully

2022-08-30 23:51:39 - [TEST_STEP][PASSED] - val_time = response.getElapsedTime(): null

2022-08-30 23:51:39 - [TEST_STEP][PASSED] - status = response.getStatusCode(): null

2022-08-30 23:51:39 - [TEST_STEP][PASSED] - jsonString = response.getResponseText(): null

2022-08-30 23:51:39 - [TEST_STEP][PASSED] - salida_json = jsonString.replaceAll("
", ""): null

2022-08-30 23:51:39 - [TEST_STEP][PASSED] - slurper = new groovy.json.JsonSlurper(): null

2022-08-30 23:51:39 - [TEST_STEP][PASSED] - grabar.create_Add(regis + " - " + jsonString, ruta_arch_salida): null

2022-08-30 23:51:39 - [TEST_STEP][PASSED] - parsedJson = slurper.parseText(jsonString): null

2022-08-30 23:51:39 - [TEST_STEP][PASSED] - nom_func = "val_mens_serv_report": null

2022-08-30 23:51:39 - [TEST_STEP][PASSED] - println(jsonString): null

2022-08-30 23:51:39 - [TEST_STEP][PASSED] - almacena_datos_servicio.Val_mensaje_serv.valida_consulta_id_serv_report(parsedJson, val_consulta_id): EXITO

2022-08-30 23:51:39 - [MESSAGE][PASSED] - EXITO

2022-08-30 23:51:39 - [TEST_STEP][PASSED] - almacena_datos_servicio.Val_mensaje_serv.guarda_salida_consultar_factura(): almacena_datos_servicio.Val_mensaje_serv.guarda_salida_consultar_factura is PASSED

2022-08-30 23:51:39 - [MESSAGE][PASSED] - almacena_datos_servicio.Val_mensaje_serv.guarda_salida_consultar_factura is PASSED]]></system-out>
         <system-err><![CDATA[]]></system-err>
      </testcase>
      <testcase name="Test Cases/ConsultarConsolidado_Factura" time="2.2" classname="Test Cases/ConsultarConsolidado_Factura" status="PASSED">
         <system-out><![CDATA[2022-08-30 23:51:39 - [TEST_CASE][PASSED] - Test Cases/ConsultarConsolidado_Factura: Test Cases/ConsultarConsolidado_Factura

2022-08-30 23:51:40 - [TEST_STEP][PASSED] - grabar = new almacena_datos_servicio.Graba_archivo(): null

2022-08-30 23:51:40 - [TEST_STEP][PASSED] - regis = Integer.parseInt(registro): null

2022-08-30 23:51:40 - [TEST_STEP][PASSED] - response = sendRequestAndVerify(findTestObject("miFactura_Mareigua-ConsultarFactura/ConsultarConsolidado_Factura", ["TipoIdentificacion":TipoIdentificacion, "NumeroIdentificacion":NumeroIdentificacion, "token":token])): Send request and verify the response successfully

2022-08-30 23:51:41 - [MESSAGE][INFO] - HAR: C:\Users\cenet\git\katalon-git-prueb_01_1\Reports\20220830_235048\miFactura_Mareigua\ConsultarConsolidadoFactura\20220830_235048\requests\main\9.har

2022-08-30 23:51:41 - [TEST_CASE][PASSED] - Start Test Case : Verification: Verification accomplished successfully

2022-08-30 23:51:41 - [TEST_STEP][PASSED] - request = getInstance().getCurrentRequest(): null

2022-08-30 23:51:41 - [TEST_STEP][PASSED] - response = getInstance().getCurrentResponse(): null

2022-08-30 23:51:41 - [MESSAGE][PASSED] - Verify response successfully

2022-08-30 23:51:41 - [MESSAGE][PASSED] - Send request and verify the response successfully

2022-08-30 23:51:41 - [TEST_STEP][PASSED] - val_time = response.getElapsedTime(): null

2022-08-30 23:51:41 - [TEST_STEP][PASSED] - status = response.getStatusCode(): null

2022-08-30 23:51:41 - [TEST_STEP][PASSED] - jsonString = response.getResponseText(): null

2022-08-30 23:51:41 - [TEST_STEP][PASSED] - salida_json = jsonString.replaceAll("
", ""): null

2022-08-30 23:51:41 - [TEST_STEP][PASSED] - slurper = new groovy.json.JsonSlurper(): null

2022-08-30 23:51:41 - [TEST_STEP][PASSED] - grabar.create_Add(regis + " - " + jsonString, ruta_arch_salida): null

2022-08-30 23:51:41 - [TEST_STEP][PASSED] - parsedJson = slurper.parseText(jsonString): null

2022-08-30 23:51:42 - [TEST_STEP][PASSED] - nom_func = "val_mens_serv_report": null

2022-08-30 23:51:42 - [TEST_STEP][PASSED] - println(jsonString): null

2022-08-30 23:51:42 - [TEST_STEP][PASSED] - almacena_datos_servicio.Val_mensaje_serv.valida_consulta_id_serv_report(parsedJson, val_consulta_id): EXITO

2022-08-30 23:51:42 - [MESSAGE][PASSED] - EXITO

2022-08-30 23:51:42 - [TEST_STEP][PASSED] - almacena_datos_servicio.Val_mensaje_serv.guarda_salida_consultar_factura(): almacena_datos_servicio.Val_mensaje_serv.guarda_salida_consultar_factura is PASSED

2022-08-30 23:51:42 - [MESSAGE][PASSED] - almacena_datos_servicio.Val_mensaje_serv.guarda_salida_consultar_factura is PASSED]]></system-out>
         <system-err><![CDATA[]]></system-err>
      </testcase>
      <testcase name="Test Cases/ConsultarConsolidado_Factura" time="1.819" classname="Test Cases/ConsultarConsolidado_Factura" status="PASSED">
         <system-out><![CDATA[2022-08-30 23:51:42 - [TEST_CASE][PASSED] - Test Cases/ConsultarConsolidado_Factura: Test Cases/ConsultarConsolidado_Factura

2022-08-30 23:51:42 - [TEST_STEP][PASSED] - grabar = new almacena_datos_servicio.Graba_archivo(): null

2022-08-30 23:51:42 - [TEST_STEP][PASSED] - regis = Integer.parseInt(registro): null

2022-08-30 23:51:42 - [TEST_STEP][PASSED] - response = sendRequestAndVerify(findTestObject("miFactura_Mareigua-ConsultarFactura/ConsultarConsolidado_Factura", ["TipoIdentificacion":TipoIdentificacion, "NumeroIdentificacion":NumeroIdentificacion, "token":token])): Send request and verify the response successfully

2022-08-30 23:51:42 - [MESSAGE][INFO] - HAR: C:\Users\cenet\git\katalon-git-prueb_01_1\Reports\20220830_235048\miFactura_Mareigua\ConsultarConsolidadoFactura\20220830_235048\requests\main\10.har

2022-08-30 23:51:42 - [TEST_CASE][PASSED] - Start Test Case : Verification: Verification accomplished successfully

2022-08-30 23:51:43 - [TEST_STEP][PASSED] - request = getInstance().getCurrentRequest(): null

2022-08-30 23:51:43 - [TEST_STEP][PASSED] - response = getInstance().getCurrentResponse(): null

2022-08-30 23:51:43 - [MESSAGE][PASSED] - Verify response successfully

2022-08-30 23:51:43 - [MESSAGE][PASSED] - Send request and verify the response successfully

2022-08-30 23:51:43 - [TEST_STEP][PASSED] - val_time = response.getElapsedTime(): null

2022-08-30 23:51:43 - [TEST_STEP][PASSED] - status = response.getStatusCode(): null

2022-08-30 23:51:43 - [TEST_STEP][PASSED] - jsonString = response.getResponseText(): null

2022-08-30 23:51:43 - [TEST_STEP][PASSED] - salida_json = jsonString.replaceAll("
", ""): null

2022-08-30 23:51:43 - [TEST_STEP][PASSED] - slurper = new groovy.json.JsonSlurper(): null

2022-08-30 23:51:43 - [TEST_STEP][PASSED] - grabar.create_Add(regis + " - " + jsonString, ruta_arch_salida): null

2022-08-30 23:51:43 - [TEST_STEP][PASSED] - parsedJson = slurper.parseText(jsonString): null

2022-08-30 23:51:43 - [TEST_STEP][PASSED] - nom_func = "val_mens_serv_report": null

2022-08-30 23:51:43 - [TEST_STEP][PASSED] - println(jsonString): null

2022-08-30 23:51:43 - [TEST_STEP][PASSED] - almacena_datos_servicio.Val_mensaje_serv.valida_consulta_id_serv_report(parsedJson, val_consulta_id): EXITO

2022-08-30 23:51:43 - [MESSAGE][PASSED] - EXITO

2022-08-30 23:51:43 - [TEST_STEP][PASSED] - almacena_datos_servicio.Val_mensaje_serv.guarda_salida_consultar_factura(): almacena_datos_servicio.Val_mensaje_serv.guarda_salida_consultar_factura is PASSED

2022-08-30 23:51:44 - [MESSAGE][PASSED] - almacena_datos_servicio.Val_mensaje_serv.guarda_salida_consultar_factura is PASSED]]></system-out>
         <system-err><![CDATA[]]></system-err>
      </testcase>
      <testcase name="Test Cases/ConsultarConsolidado_Factura" time="1.226" classname="Test Cases/ConsultarConsolidado_Factura" status="PASSED">
         <system-out><![CDATA[2022-08-30 23:51:44 - [TEST_CASE][PASSED] - Test Cases/ConsultarConsolidado_Factura: Test Cases/ConsultarConsolidado_Factura

2022-08-30 23:51:44 - [TEST_STEP][PASSED] - grabar = new almacena_datos_servicio.Graba_archivo(): null

2022-08-30 23:51:44 - [TEST_STEP][PASSED] - regis = Integer.parseInt(registro): null

2022-08-30 23:51:44 - [TEST_STEP][PASSED] - response = sendRequestAndVerify(findTestObject("miFactura_Mareigua-ConsultarFactura/ConsultarConsolidado_Factura", ["TipoIdentificacion":TipoIdentificacion, "NumeroIdentificacion":NumeroIdentificacion, "token":token])): Send request and verify the response successfully

2022-08-30 23:51:44 - [MESSAGE][INFO] - HAR: C:\Users\cenet\git\katalon-git-prueb_01_1\Reports\20220830_235048\miFactura_Mareigua\ConsultarConsolidadoFactura\20220830_235048\requests\main\11.har

2022-08-30 23:51:44 - [TEST_CASE][PASSED] - Start Test Case : Verification: Verification accomplished successfully

2022-08-30 23:51:45 - [TEST_STEP][PASSED] - request = getInstance().getCurrentRequest(): null

2022-08-30 23:51:45 - [TEST_STEP][PASSED] - response = getInstance().getCurrentResponse(): null

2022-08-30 23:51:45 - [MESSAGE][PASSED] - Verify response successfully

2022-08-30 23:51:45 - [MESSAGE][PASSED] - Send request and verify the response successfully

2022-08-30 23:51:45 - [TEST_STEP][PASSED] - val_time = response.getElapsedTime(): null

2022-08-30 23:51:45 - [TEST_STEP][PASSED] - status = response.getStatusCode(): null

2022-08-30 23:51:45 - [TEST_STEP][PASSED] - jsonString = response.getResponseText(): null

2022-08-30 23:51:45 - [TEST_STEP][PASSED] - salida_json = jsonString.replaceAll("
", ""): null

2022-08-30 23:51:45 - [TEST_STEP][PASSED] - slurper = new groovy.json.JsonSlurper(): null

2022-08-30 23:51:45 - [TEST_STEP][PASSED] - grabar.create_Add(regis + " - " + jsonString, ruta_arch_salida): null

2022-08-30 23:51:45 - [TEST_STEP][PASSED] - parsedJson = slurper.parseText(jsonString): null

2022-08-30 23:51:45 - [TEST_STEP][PASSED] - nom_func = "val_mens_serv_report": null

2022-08-30 23:51:45 - [TEST_STEP][PASSED] - println(jsonString): null

2022-08-30 23:51:45 - [TEST_STEP][PASSED] - almacena_datos_servicio.Val_mensaje_serv.valida_consulta_id_serv_report(parsedJson, val_consulta_id): EXITO

2022-08-30 23:51:45 - [MESSAGE][PASSED] - EXITO

2022-08-30 23:51:45 - [TEST_STEP][PASSED] - almacena_datos_servicio.Val_mensaje_serv.guarda_salida_consultar_factura(): almacena_datos_servicio.Val_mensaje_serv.guarda_salida_consultar_factura is PASSED

2022-08-30 23:51:45 - [MESSAGE][PASSED] - almacena_datos_servicio.Val_mensaje_serv.guarda_salida_consultar_factura is PASSED]]></system-out>
         <system-err><![CDATA[]]></system-err>
      </testcase>
      <testcase name="Test Cases/ConsultarConsolidado_Factura" time="1.859" classname="Test Cases/ConsultarConsolidado_Factura" status="PASSED">
         <system-out><![CDATA[2022-08-30 23:51:45 - [TEST_CASE][PASSED] - Test Cases/ConsultarConsolidado_Factura: Test Cases/ConsultarConsolidado_Factura

2022-08-30 23:51:45 - [TEST_STEP][PASSED] - grabar = new almacena_datos_servicio.Graba_archivo(): null

2022-08-30 23:51:45 - [TEST_STEP][PASSED] - regis = Integer.parseInt(registro): null

2022-08-30 23:51:45 - [TEST_STEP][PASSED] - response = sendRequestAndVerify(findTestObject("miFactura_Mareigua-ConsultarFactura/ConsultarConsolidado_Factura", ["TipoIdentificacion":TipoIdentificacion, "NumeroIdentificacion":NumeroIdentificacion, "token":token])): Send request and verify the response successfully

2022-08-30 23:51:46 - [MESSAGE][INFO] - HAR: C:\Users\cenet\git\katalon-git-prueb_01_1\Reports\20220830_235048\miFactura_Mareigua\ConsultarConsolidadoFactura\20220830_235048\requests\main\12.har

2022-08-30 23:51:46 - [TEST_CASE][PASSED] - Start Test Case : Verification: Verification accomplished successfully

2022-08-30 23:51:47 - [TEST_STEP][PASSED] - request = getInstance().getCurrentRequest(): null

2022-08-30 23:51:47 - [TEST_STEP][PASSED] - response = getInstance().getCurrentResponse(): null

2022-08-30 23:51:47 - [MESSAGE][PASSED] - Verify response successfully

2022-08-30 23:51:47 - [MESSAGE][PASSED] - Send request and verify the response successfully

2022-08-30 23:51:47 - [TEST_STEP][PASSED] - val_time = response.getElapsedTime(): null

2022-08-30 23:51:47 - [TEST_STEP][PASSED] - status = response.getStatusCode(): null

2022-08-30 23:51:47 - [TEST_STEP][PASSED] - jsonString = response.getResponseText(): null

2022-08-30 23:51:47 - [TEST_STEP][PASSED] - salida_json = jsonString.replaceAll("
", ""): null

2022-08-30 23:51:47 - [TEST_STEP][PASSED] - slurper = new groovy.json.JsonSlurper(): null

2022-08-30 23:51:47 - [TEST_STEP][PASSED] - grabar.create_Add(regis + " - " + jsonString, ruta_arch_salida): null

2022-08-30 23:51:47 - [TEST_STEP][PASSED] - parsedJson = slurper.parseText(jsonString): null

2022-08-30 23:51:47 - [TEST_STEP][PASSED] - nom_func = "val_mens_serv_report": null

2022-08-30 23:51:47 - [TEST_STEP][PASSED] - println(jsonString): null

2022-08-30 23:51:47 - [TEST_STEP][PASSED] - almacena_datos_servicio.Val_mensaje_serv.valida_consulta_id_serv_report(parsedJson, val_consulta_id): EXITO

2022-08-30 23:51:47 - [MESSAGE][PASSED] - EXITO

2022-08-30 23:51:47 - [TEST_STEP][PASSED] - almacena_datos_servicio.Val_mensaje_serv.guarda_salida_consultar_factura(): almacena_datos_servicio.Val_mensaje_serv.guarda_salida_consultar_factura is PASSED

2022-08-30 23:51:47 - [MESSAGE][PASSED] - almacena_datos_servicio.Val_mensaje_serv.guarda_salida_consultar_factura is PASSED]]></system-out>
         <system-err><![CDATA[]]></system-err>
      </testcase>
      <testcase name="Test Cases/ConsultarConsolidado_Factura" time="1.881" classname="Test Cases/ConsultarConsolidado_Factura" status="PASSED">
         <system-out><![CDATA[2022-08-30 23:51:47 - [TEST_CASE][PASSED] - Test Cases/ConsultarConsolidado_Factura: Test Cases/ConsultarConsolidado_Factura

2022-08-30 23:51:47 - [TEST_STEP][PASSED] - grabar = new almacena_datos_servicio.Graba_archivo(): null

2022-08-30 23:51:47 - [TEST_STEP][PASSED] - regis = Integer.parseInt(registro): null

2022-08-30 23:51:47 - [TEST_STEP][PASSED] - response = sendRequestAndVerify(findTestObject("miFactura_Mareigua-ConsultarFactura/ConsultarConsolidado_Factura", ["TipoIdentificacion":TipoIdentificacion, "NumeroIdentificacion":NumeroIdentificacion, "token":token])): Send request and verify the response successfully

2022-08-30 23:51:48 - [MESSAGE][INFO] - HAR: C:\Users\cenet\git\katalon-git-prueb_01_1\Reports\20220830_235048\miFactura_Mareigua\ConsultarConsolidadoFactura\20220830_235048\requests\main\13.har

2022-08-30 23:51:48 - [TEST_CASE][PASSED] - Start Test Case : Verification: Verification accomplished successfully

2022-08-30 23:51:49 - [TEST_STEP][PASSED] - request = getInstance().getCurrentRequest(): null

2022-08-30 23:51:49 - [TEST_STEP][PASSED] - response = getInstance().getCurrentResponse(): null

2022-08-30 23:51:49 - [MESSAGE][PASSED] - Verify response successfully

2022-08-30 23:51:49 - [MESSAGE][PASSED] - Send request and verify the response successfully

2022-08-30 23:51:49 - [TEST_STEP][PASSED] - val_time = response.getElapsedTime(): null

2022-08-30 23:51:49 - [TEST_STEP][PASSED] - status = response.getStatusCode(): null

2022-08-30 23:51:49 - [TEST_STEP][PASSED] - jsonString = response.getResponseText(): null

2022-08-30 23:51:49 - [TEST_STEP][PASSED] - salida_json = jsonString.replaceAll("
", ""): null

2022-08-30 23:51:49 - [TEST_STEP][PASSED] - slurper = new groovy.json.JsonSlurper(): null

2022-08-30 23:51:49 - [TEST_STEP][PASSED] - grabar.create_Add(regis + " - " + jsonString, ruta_arch_salida): null

2022-08-30 23:51:49 - [TEST_STEP][PASSED] - parsedJson = slurper.parseText(jsonString): null

2022-08-30 23:51:49 - [TEST_STEP][PASSED] - nom_func = "val_mens_serv_report": null

2022-08-30 23:51:49 - [TEST_STEP][PASSED] - println(jsonString): null

2022-08-30 23:51:49 - [TEST_STEP][PASSED] - almacena_datos_servicio.Val_mensaje_serv.valida_consulta_id_serv_report(parsedJson, val_consulta_id): EXITO

2022-08-30 23:51:49 - [MESSAGE][PASSED] - EXITO

2022-08-30 23:51:49 - [TEST_STEP][PASSED] - almacena_datos_servicio.Val_mensaje_serv.guarda_salida_consultar_factura(): almacena_datos_servicio.Val_mensaje_serv.guarda_salida_consultar_factura is PASSED

2022-08-30 23:51:49 - [MESSAGE][PASSED] - almacena_datos_servicio.Val_mensaje_serv.guarda_salida_consultar_factura is PASSED]]></system-out>
         <system-err><![CDATA[]]></system-err>
      </testcase>
      <testcase name="Test Cases/ConsultarConsolidado_Factura" time="2.517" classname="Test Cases/ConsultarConsolidado_Factura" status="PASSED">
         <system-out><![CDATA[2022-08-30 23:51:49 - [TEST_CASE][PASSED] - Test Cases/ConsultarConsolidado_Factura: Test Cases/ConsultarConsolidado_Factura

2022-08-30 23:51:49 - [TEST_STEP][PASSED] - grabar = new almacena_datos_servicio.Graba_archivo(): null

2022-08-30 23:51:49 - [TEST_STEP][PASSED] - regis = Integer.parseInt(registro): null

2022-08-30 23:51:49 - [TEST_STEP][PASSED] - response = sendRequestAndVerify(findTestObject("miFactura_Mareigua-ConsultarFactura/ConsultarConsolidado_Factura", ["TipoIdentificacion":TipoIdentificacion, "NumeroIdentificacion":NumeroIdentificacion, "token":token])): Send request and verify the response successfully

2022-08-30 23:51:50 - [MESSAGE][INFO] - HAR: C:\Users\cenet\git\katalon-git-prueb_01_1\Reports\20220830_235048\miFactura_Mareigua\ConsultarConsolidadoFactura\20220830_235048\requests\main\14.har

2022-08-30 23:51:50 - [TEST_CASE][PASSED] - Start Test Case : Verification: Verification accomplished successfully

2022-08-30 23:51:50 - [TEST_STEP][PASSED] - request = getInstance().getCurrentRequest(): null

2022-08-30 23:51:50 - [TEST_STEP][PASSED] - response = getInstance().getCurrentResponse(): null

2022-08-30 23:51:50 - [MESSAGE][PASSED] - Verify response successfully

2022-08-30 23:51:50 - [MESSAGE][PASSED] - Send request and verify the response successfully

2022-08-30 23:51:50 - [TEST_STEP][PASSED] - val_time = response.getElapsedTime(): null

2022-08-30 23:51:50 - [TEST_STEP][PASSED] - status = response.getStatusCode(): null

2022-08-30 23:51:50 - [TEST_STEP][PASSED] - jsonString = response.getResponseText(): null

2022-08-30 23:51:50 - [TEST_STEP][PASSED] - salida_json = jsonString.replaceAll("
", ""): null

2022-08-30 23:51:50 - [TEST_STEP][PASSED] - slurper = new groovy.json.JsonSlurper(): null

2022-08-30 23:51:50 - [TEST_STEP][PASSED] - grabar.create_Add(regis + " - " + jsonString, ruta_arch_salida): null

2022-08-30 23:51:51 - [TEST_STEP][PASSED] - parsedJson = slurper.parseText(jsonString): null

2022-08-30 23:51:51 - [TEST_STEP][PASSED] - nom_func = "val_mens_serv_report": null

2022-08-30 23:51:51 - [TEST_STEP][PASSED] - println(jsonString): null

2022-08-30 23:51:51 - [TEST_STEP][PASSED] - almacena_datos_servicio.Val_mensaje_serv.valida_consulta_id_serv_report(parsedJson, val_consulta_id): EXITO

2022-08-30 23:51:51 - [MESSAGE][PASSED] - EXITO

2022-08-30 23:51:51 - [TEST_STEP][PASSED] - almacena_datos_servicio.Val_mensaje_serv.guarda_salida_consultar_factura(): almacena_datos_servicio.Val_mensaje_serv.guarda_salida_consultar_factura is PASSED

2022-08-30 23:51:52 - [MESSAGE][PASSED] - almacena_datos_servicio.Val_mensaje_serv.guarda_salida_consultar_factura is PASSED]]></system-out>
         <system-err><![CDATA[]]></system-err>
      </testcase>
      <testcase name="Test Cases/ConsultarConsolidado_Factura" time="1.303" classname="Test Cases/ConsultarConsolidado_Factura" status="PASSED">
         <system-out><![CDATA[2022-08-30 23:51:52 - [TEST_CASE][PASSED] - Test Cases/ConsultarConsolidado_Factura: Test Cases/ConsultarConsolidado_Factura

2022-08-30 23:51:52 - [TEST_STEP][PASSED] - grabar = new almacena_datos_servicio.Graba_archivo(): null

2022-08-30 23:51:52 - [TEST_STEP][PASSED] - regis = Integer.parseInt(registro): null

2022-08-30 23:51:52 - [TEST_STEP][PASSED] - response = sendRequestAndVerify(findTestObject("miFactura_Mareigua-ConsultarFactura/ConsultarConsolidado_Factura", ["TipoIdentificacion":TipoIdentificacion, "NumeroIdentificacion":NumeroIdentificacion, "token":token])): Send request and verify the response successfully

2022-08-30 23:51:53 - [MESSAGE][INFO] - HAR: C:\Users\cenet\git\katalon-git-prueb_01_1\Reports\20220830_235048\miFactura_Mareigua\ConsultarConsolidadoFactura\20220830_235048\requests\main\15.har

2022-08-30 23:51:53 - [TEST_CASE][PASSED] - Start Test Case : Verification: Verification accomplished successfully

2022-08-30 23:51:53 - [TEST_STEP][PASSED] - request = getInstance().getCurrentRequest(): null

2022-08-30 23:51:53 - [TEST_STEP][PASSED] - response = getInstance().getCurrentResponse(): null

2022-08-30 23:51:53 - [MESSAGE][PASSED] - Verify response successfully

2022-08-30 23:51:53 - [MESSAGE][PASSED] - Send request and verify the response successfully

2022-08-30 23:51:53 - [TEST_STEP][PASSED] - val_time = response.getElapsedTime(): null

2022-08-30 23:51:53 - [TEST_STEP][PASSED] - status = response.getStatusCode(): null

2022-08-30 23:51:53 - [TEST_STEP][PASSED] - jsonString = response.getResponseText(): null

2022-08-30 23:51:53 - [TEST_STEP][PASSED] - salida_json = jsonString.replaceAll("
", ""): null

2022-08-30 23:51:53 - [TEST_STEP][PASSED] - slurper = new groovy.json.JsonSlurper(): null

2022-08-30 23:51:53 - [TEST_STEP][PASSED] - grabar.create_Add(regis + " - " + jsonString, ruta_arch_salida): null

2022-08-30 23:51:53 - [TEST_STEP][PASSED] - parsedJson = slurper.parseText(jsonString): null

2022-08-30 23:51:53 - [TEST_STEP][PASSED] - nom_func = "val_mens_serv_report": null

2022-08-30 23:51:53 - [TEST_STEP][PASSED] - println(jsonString): null

2022-08-30 23:51:53 - [TEST_STEP][PASSED] - almacena_datos_servicio.Val_mensaje_serv.valida_consulta_id_serv_report(parsedJson, val_consulta_id): EXITO

2022-08-30 23:51:53 - [MESSAGE][PASSED] - EXITO

2022-08-30 23:51:53 - [TEST_STEP][PASSED] - almacena_datos_servicio.Val_mensaje_serv.guarda_salida_consultar_factura(): almacena_datos_servicio.Val_mensaje_serv.guarda_salida_consultar_factura is PASSED

2022-08-30 23:51:53 - [MESSAGE][PASSED] - almacena_datos_servicio.Val_mensaje_serv.guarda_salida_consultar_factura is PASSED]]></system-out>
         <system-err><![CDATA[]]></system-err>
      </testcase>
      <testcase name="Test Cases/ConsultarConsolidado_Factura" time="2.048" classname="Test Cases/ConsultarConsolidado_Factura" status="PASSED">
         <system-out><![CDATA[2022-08-30 23:51:53 - [TEST_CASE][PASSED] - Test Cases/ConsultarConsolidado_Factura: Test Cases/ConsultarConsolidado_Factura

2022-08-30 23:51:53 - [TEST_STEP][PASSED] - grabar = new almacena_datos_servicio.Graba_archivo(): null

2022-08-30 23:51:53 - [TEST_STEP][PASSED] - regis = Integer.parseInt(registro): null

2022-08-30 23:51:53 - [TEST_STEP][PASSED] - response = sendRequestAndVerify(findTestObject("miFactura_Mareigua-ConsultarFactura/ConsultarConsolidado_Factura", ["TipoIdentificacion":TipoIdentificacion, "NumeroIdentificacion":NumeroIdentificacion, "token":token])): Send request and verify the response successfully

2022-08-30 23:51:54 - [MESSAGE][INFO] - HAR: C:\Users\cenet\git\katalon-git-prueb_01_1\Reports\20220830_235048\miFactura_Mareigua\ConsultarConsolidadoFactura\20220830_235048\requests\main\16.har

2022-08-30 23:51:55 - [TEST_CASE][PASSED] - Start Test Case : Verification: Verification accomplished successfully

2022-08-30 23:51:55 - [TEST_STEP][PASSED] - request = getInstance().getCurrentRequest(): null

2022-08-30 23:51:55 - [TEST_STEP][PASSED] - response = getInstance().getCurrentResponse(): null

2022-08-30 23:51:55 - [MESSAGE][PASSED] - Verify response successfully

2022-08-30 23:51:55 - [MESSAGE][PASSED] - Send request and verify the response successfully

2022-08-30 23:51:55 - [TEST_STEP][PASSED] - val_time = response.getElapsedTime(): null

2022-08-30 23:51:55 - [TEST_STEP][PASSED] - status = response.getStatusCode(): null

2022-08-30 23:51:55 - [TEST_STEP][PASSED] - jsonString = response.getResponseText(): null

2022-08-30 23:51:55 - [TEST_STEP][PASSED] - salida_json = jsonString.replaceAll("
", ""): null

2022-08-30 23:51:55 - [TEST_STEP][PASSED] - slurper = new groovy.json.JsonSlurper(): null

2022-08-30 23:51:55 - [TEST_STEP][PASSED] - grabar.create_Add(regis + " - " + jsonString, ruta_arch_salida): null

2022-08-30 23:51:55 - [TEST_STEP][PASSED] - parsedJson = slurper.parseText(jsonString): null

2022-08-30 23:51:55 - [TEST_STEP][PASSED] - nom_func = "val_mens_serv_report": null

2022-08-30 23:51:55 - [TEST_STEP][PASSED] - println(jsonString): null

2022-08-30 23:51:55 - [TEST_STEP][PASSED] - almacena_datos_servicio.Val_mensaje_serv.valida_consulta_id_serv_report(parsedJson, val_consulta_id): EXITO

2022-08-30 23:51:55 - [MESSAGE][PASSED] - EXITO

2022-08-30 23:51:55 - [TEST_STEP][PASSED] - almacena_datos_servicio.Val_mensaje_serv.guarda_salida_consultar_factura(): almacena_datos_servicio.Val_mensaje_serv.guarda_salida_consultar_factura is PASSED

2022-08-30 23:51:55 - [MESSAGE][PASSED] - almacena_datos_servicio.Val_mensaje_serv.guarda_salida_consultar_factura is PASSED]]></system-out>
         <system-err><![CDATA[]]></system-err>
      </testcase>
      <testcase name="Test Cases/ConsultarConsolidado_Factura" time="1.611" classname="Test Cases/ConsultarConsolidado_Factura" status="PASSED">
         <system-out><![CDATA[2022-08-30 23:51:55 - [TEST_CASE][PASSED] - Test Cases/ConsultarConsolidado_Factura: Test Cases/ConsultarConsolidado_Factura

2022-08-30 23:51:56 - [TEST_STEP][PASSED] - grabar = new almacena_datos_servicio.Graba_archivo(): null

2022-08-30 23:51:56 - [TEST_STEP][PASSED] - regis = Integer.parseInt(registro): null

2022-08-30 23:51:56 - [TEST_STEP][PASSED] - response = sendRequestAndVerify(findTestObject("miFactura_Mareigua-ConsultarFactura/ConsultarConsolidado_Factura", ["TipoIdentificacion":TipoIdentificacion, "NumeroIdentificacion":NumeroIdentificacion, "token":token])): Send request and verify the response successfully

2022-08-30 23:51:56 - [MESSAGE][INFO] - HAR: C:\Users\cenet\git\katalon-git-prueb_01_1\Reports\20220830_235048\miFactura_Mareigua\ConsultarConsolidadoFactura\20220830_235048\requests\main\17.har

2022-08-30 23:51:56 - [TEST_CASE][PASSED] - Start Test Case : Verification: Verification accomplished successfully

2022-08-30 23:51:56 - [TEST_STEP][PASSED] - request = getInstance().getCurrentRequest(): null

2022-08-30 23:51:56 - [TEST_STEP][PASSED] - response = getInstance().getCurrentResponse(): null

2022-08-30 23:51:56 - [MESSAGE][PASSED] - Verify response successfully

2022-08-30 23:51:56 - [MESSAGE][PASSED] - Send request and verify the response successfully

2022-08-30 23:51:56 - [TEST_STEP][PASSED] - val_time = response.getElapsedTime(): null

2022-08-30 23:51:56 - [TEST_STEP][PASSED] - status = response.getStatusCode(): null

2022-08-30 23:51:56 - [TEST_STEP][PASSED] - jsonString = response.getResponseText(): null

2022-08-30 23:51:56 - [TEST_STEP][PASSED] - salida_json = jsonString.replaceAll("
", ""): null

2022-08-30 23:51:56 - [TEST_STEP][PASSED] - slurper = new groovy.json.JsonSlurper(): null

2022-08-30 23:51:56 - [TEST_STEP][PASSED] - grabar.create_Add(regis + " - " + jsonString, ruta_arch_salida): null

2022-08-30 23:51:57 - [TEST_STEP][PASSED] - parsedJson = slurper.parseText(jsonString): null

2022-08-30 23:51:57 - [TEST_STEP][PASSED] - nom_func = "val_mens_serv_report": null

2022-08-30 23:51:57 - [TEST_STEP][PASSED] - println(jsonString): null

2022-08-30 23:51:57 - [TEST_STEP][PASSED] - almacena_datos_servicio.Val_mensaje_serv.valida_consulta_id_serv_report(parsedJson, val_consulta_id): EXITO

2022-08-30 23:51:57 - [MESSAGE][PASSED] - EXITO

2022-08-30 23:51:57 - [TEST_STEP][PASSED] - almacena_datos_servicio.Val_mensaje_serv.guarda_salida_consultar_factura(): almacena_datos_servicio.Val_mensaje_serv.guarda_salida_consultar_factura is PASSED

2022-08-30 23:51:57 - [MESSAGE][PASSED] - almacena_datos_servicio.Val_mensaje_serv.guarda_salida_consultar_factura is PASSED]]></system-out>
         <system-err><![CDATA[]]></system-err>
      </testcase>
      <testcase name="Test Cases/ConsultarConsolidado_Factura" time="1.625" classname="Test Cases/ConsultarConsolidado_Factura" status="ERROR">
         <error type="ERROR" message="Test Cases/ConsultarConsolidado_Factura FAILED.
Reason:
java.lang.NullPointerException: Cannot invoke method size() on null object
	at java_util_List$size$0.call(Unknown Source)
	at almacena_datos_servicio.Val_mensaje_serv.valida_consulta_id_serv_report(Val_mensaje_serv.groovy:76)
	at almacena_datos_servicio.Val_mensaje_serv.invokeMethod(Val_mensaje_serv.groovy)
	at com.kms.katalon.core.main.CustomKeywordDelegatingMetaClass.invokeStaticMethod(CustomKeywordDelegatingMetaClass.java:50)
	at ConsultarConsolidado_Factura.run(ConsultarConsolidado_Factura:38)
	at com.kms.katalon.core.main.ScriptEngine.run(ScriptEngine.java:194)
	at com.kms.katalon.core.main.ScriptEngine.runScriptAsRawText(ScriptEngine.java:119)
	at com.kms.katalon.core.main.TestCaseExecutor.runScript(TestCaseExecutor.java:445)
	at com.kms.katalon.core.main.TestCaseExecutor.doExecute(TestCaseExecutor.java:436)
	at com.kms.katalon.core.main.TestCaseExecutor.processExecutionPhase(TestCaseExecutor.java:415)
	at com.kms.katalon.core.main.TestCaseExecutor.accessMainPhase(TestCaseExecutor.java:407)
	at com.kms.katalon.core.main.TestCaseExecutor.execute(TestCaseExecutor.java:284)
	at com.kms.katalon.core.common.CommonExecutor.accessTestCaseMainPhase(CommonExecutor.java:65)
	at com.kms.katalon.core.main.TestSuiteExecutor.accessTestSuiteMainPhase(TestSuiteExecutor.java:144)
	at com.kms.katalon.core.main.TestSuiteExecutor.execute(TestSuiteExecutor.java:106)
	at com.kms.katalon.core.main.TestCaseMain.startTestSuite(TestCaseMain.java:185)
	at com.kms.katalon.core.main.TestCaseMain$startTestSuite$0.call(Unknown Source)
	at TempTestSuite1661921448528.run(TempTestSuite1661921448528.groovy:36)
"/>
         <system-out><![CDATA[2022-08-30 23:51:57 - [TEST_CASE][ERROR] - Test Cases/ConsultarConsolidado_Factura: Test Cases/ConsultarConsolidado_Factura FAILED.
Reason:
java.lang.NullPointerException: Cannot invoke method size() on null object
	at java_util_List$size$0.call(Unknown Source)
	at almacena_datos_servicio.Val_mensaje_serv.valida_consulta_id_serv_report(Val_mensaje_serv.groovy:76)
	at almacena_datos_servicio.Val_mensaje_serv.invokeMethod(Val_mensaje_serv.groovy)
	at com.kms.katalon.core.main.CustomKeywordDelegatingMetaClass.invokeStaticMethod(CustomKeywordDelegatingMetaClass.java:50)
	at ConsultarConsolidado_Factura.run(ConsultarConsolidado_Factura:38)
	at com.kms.katalon.core.main.ScriptEngine.run(ScriptEngine.java:194)
	at com.kms.katalon.core.main.ScriptEngine.runScriptAsRawText(ScriptEngine.java:119)
	at com.kms.katalon.core.main.TestCaseExecutor.runScript(TestCaseExecutor.java:445)
	at com.kms.katalon.core.main.TestCaseExecutor.doExecute(TestCaseExecutor.java:436)
	at com.kms.katalon.core.main.TestCaseExecutor.processExecutionPhase(TestCaseExecutor.java:415)
	at com.kms.katalon.core.main.TestCaseExecutor.accessMainPhase(TestCaseExecutor.java:407)
	at com.kms.katalon.core.main.TestCaseExecutor.execute(TestCaseExecutor.java:284)
	at com.kms.katalon.core.common.CommonExecutor.accessTestCaseMainPhase(CommonExecutor.java:65)
	at com.kms.katalon.core.main.TestSuiteExecutor.accessTestSuiteMainPhase(TestSuiteExecutor.java:144)
	at com.kms.katalon.core.main.TestSuiteExecutor.execute(TestSuiteExecutor.java:106)
	at com.kms.katalon.core.main.TestCaseMain.startTestSuite(TestCaseMain.java:185)
	at com.kms.katalon.core.main.TestCaseMain$startTestSuite$0.call(Unknown Source)
	at TempTestSuite1661921448528.run(TempTestSuite1661921448528.groovy:36)


2022-08-30 23:51:57 - [TEST_STEP][PASSED] - grabar = new almacena_datos_servicio.Graba_archivo(): null

2022-08-30 23:51:57 - [TEST_STEP][PASSED] - regis = Integer.parseInt(registro): null

2022-08-30 23:51:57 - [TEST_STEP][PASSED] - response = sendRequestAndVerify(findTestObject("miFactura_Mareigua-ConsultarFactura/ConsultarConsolidado_Factura", ["TipoIdentificacion":TipoIdentificacion, "NumeroIdentificacion":NumeroIdentificacion, "token":token])): Send request and verify the response successfully

2022-08-30 23:51:58 - [MESSAGE][INFO] - HAR: C:\Users\cenet\git\katalon-git-prueb_01_1\Reports\20220830_235048\miFactura_Mareigua\ConsultarConsolidadoFactura\20220830_235048\requests\main\18.har

2022-08-30 23:51:58 - [TEST_CASE][PASSED] - Start Test Case : Verification: Verification accomplished successfully

2022-08-30 23:51:59 - [TEST_STEP][PASSED] - request = getInstance().getCurrentRequest(): null

2022-08-30 23:51:59 - [TEST_STEP][PASSED] - response = getInstance().getCurrentResponse(): null

2022-08-30 23:51:59 - [MESSAGE][PASSED] - Verify response successfully

2022-08-30 23:51:59 - [MESSAGE][PASSED] - Send request and verify the response successfully

2022-08-30 23:51:59 - [TEST_STEP][PASSED] - val_time = response.getElapsedTime(): null

2022-08-30 23:51:59 - [TEST_STEP][PASSED] - status = response.getStatusCode(): null

2022-08-30 23:51:59 - [TEST_STEP][PASSED] - jsonString = response.getResponseText(): null

2022-08-30 23:51:59 - [TEST_STEP][PASSED] - salida_json = jsonString.replaceAll("
", ""): null

2022-08-30 23:51:59 - [TEST_STEP][PASSED] - slurper = new groovy.json.JsonSlurper(): null

2022-08-30 23:51:59 - [TEST_STEP][PASSED] - grabar.create_Add(regis + " - " + jsonString, ruta_arch_salida): null

2022-08-30 23:51:59 - [TEST_STEP][PASSED] - parsedJson = slurper.parseText(jsonString): null

2022-08-30 23:51:59 - [TEST_STEP][PASSED] - nom_func = "val_mens_serv_report": null

2022-08-30 23:51:59 - [TEST_STEP][PASSED] - println(jsonString): null

2022-08-30 23:51:59 - [TEST_STEP][ERROR] - almacena_datos_servicio.Val_mensaje_serv.valida_consulta_id_serv_report(parsedJson, val_consulta_id): Test Cases/ConsultarConsolidado_Factura FAILED.
Reason:
com.kms.katalon.core.exception.StepErrorException: java.lang.NullPointerException: Cannot invoke method size() on null object
	at com.kms.katalon.core.main.CustomKeywordDelegatingMetaClass.throwError(CustomKeywordDelegatingMetaClass.java:96)
	at com.kms.katalon.core.main.CustomKeywordDelegatingMetaClass.invokeStaticMethod(CustomKeywordDelegatingMetaClass.java:68)
	at ConsultarConsolidado_Factura.run(ConsultarConsolidado_Factura:38)
	at com.kms.katalon.core.main.ScriptEngine.run(ScriptEngine.java:194)
	at com.kms.katalon.core.main.ScriptEngine.runScriptAsRawText(ScriptEngine.java:119)
	at com.kms.katalon.core.main.TestCaseExecutor.runScript(TestCaseExecutor.java:445)
	at com.kms.katalon.core.main.TestCaseExecutor.doExecute(TestCaseExecutor.java:436)
	at com.kms.katalon.core.main.TestCaseExecutor.processExecutionPhase(TestCaseExecutor.java:415)
	at com.kms.katalon.core.main.TestCaseExecutor.accessMainPhase(TestCaseExecutor.java:407)
	at com.kms.katalon.core.main.TestCaseExecutor.execute(TestCaseExecutor.java:284)
	at com.kms.katalon.core.common.CommonExecutor.accessTestCaseMainPhase(CommonExecutor.java:65)
	at com.kms.katalon.core.main.TestSuiteExecutor.accessTestSuiteMainPhase(TestSuiteExecutor.java:144)
	at com.kms.katalon.core.main.TestSuiteExecutor.execute(TestSuiteExecutor.java:106)
	at com.kms.katalon.core.main.TestCaseMain.startTestSuite(TestCaseMain.java:185)
	at com.kms.katalon.core.main.TestCaseMain$startTestSuite$0.call(Unknown Source)
	at TempTestSuite1661921448528.run(TempTestSuite1661921448528.groovy:36)
Caused by: java.lang.NullPointerException: Cannot invoke method size() on null object
	at java_util_List$size$0.call(Unknown Source)
	at almacena_datos_servicio.Val_mensaje_serv.valida_consulta_id_serv_report(Val_mensaje_serv.groovy:76)
	at almacena_datos_servicio.Val_mensaje_serv.invokeMethod(Val_mensaje_serv.groovy)
	at com.kms.katalon.core.main.CustomKeywordDelegatingMetaClass.invokeStaticMethod(CustomKeywordDelegatingMetaClass.java:50)
	... 14 more


2022-08-30 23:51:59 - [MESSAGE][ERROR] - Cannot invoke method size() on null object

2022-08-30 23:51:59 - [MESSAGE][ERROR] - Test Cases/ConsultarConsolidado_Factura FAILED.
Reason:
com.kms.katalon.core.exception.StepErrorException: java.lang.NullPointerException: Cannot invoke method size() on null object
	at com.kms.katalon.core.main.CustomKeywordDelegatingMetaClass.throwError(CustomKeywordDelegatingMetaClass.java:96)
	at com.kms.katalon.core.main.CustomKeywordDelegatingMetaClass.invokeStaticMethod(CustomKeywordDelegatingMetaClass.java:68)
	at ConsultarConsolidado_Factura.run(ConsultarConsolidado_Factura:38)
	at com.kms.katalon.core.main.ScriptEngine.run(ScriptEngine.java:194)
	at com.kms.katalon.core.main.ScriptEngine.runScriptAsRawText(ScriptEngine.java:119)
	at com.kms.katalon.core.main.TestCaseExecutor.runScript(TestCaseExecutor.java:445)
	at com.kms.katalon.core.main.TestCaseExecutor.doExecute(TestCaseExecutor.java:436)
	at com.kms.katalon.core.main.TestCaseExecutor.processExecutionPhase(TestCaseExecutor.java:415)
	at com.kms.katalon.core.main.TestCaseExecutor.accessMainPhase(TestCaseExecutor.java:407)
	at com.kms.katalon.core.main.TestCaseExecutor.execute(TestCaseExecutor.java:284)
	at com.kms.katalon.core.common.CommonExecutor.accessTestCaseMainPhase(CommonExecutor.java:65)
	at com.kms.katalon.core.main.TestSuiteExecutor.accessTestSuiteMainPhase(TestSuiteExecutor.java:144)
	at com.kms.katalon.core.main.TestSuiteExecutor.execute(TestSuiteExecutor.java:106)
	at com.kms.katalon.core.main.TestCaseMain.startTestSuite(TestCaseMain.java:185)
	at com.kms.katalon.core.main.TestCaseMain$startTestSuite$0.call(Unknown Source)
	at TempTestSuite1661921448528.run(TempTestSuite1661921448528.groovy:36)
Caused by: java.lang.NullPointerException: Cannot invoke method size() on null object
	at java_util_List$size$0.call(Unknown Source)
	at almacena_datos_servicio.Val_mensaje_serv.valida_consulta_id_serv_report(Val_mensaje_serv.groovy:76)
	at almacena_datos_servicio.Val_mensaje_serv.invokeMethod(Val_mensaje_serv.groovy)
	at com.kms.katalon.core.main.CustomKeywordDelegatingMetaClass.invokeStaticMethod(CustomKeywordDelegatingMetaClass.java:50)
	... 14 more]]></system-out>
         <system-err><![CDATA[2022-08-30 23:51:57 - [TEST_CASE][ERROR] - Test Cases/ConsultarConsolidado_Factura: Test Cases/ConsultarConsolidado_Factura FAILED.
Reason:
java.lang.NullPointerException: Cannot invoke method size() on null object
	at java_util_List$size$0.call(Unknown Source)
	at almacena_datos_servicio.Val_mensaje_serv.valida_consulta_id_serv_report(Val_mensaje_serv.groovy:76)
	at almacena_datos_servicio.Val_mensaje_serv.invokeMethod(Val_mensaje_serv.groovy)
	at com.kms.katalon.core.main.CustomKeywordDelegatingMetaClass.invokeStaticMethod(CustomKeywordDelegatingMetaClass.java:50)
	at ConsultarConsolidado_Factura.run(ConsultarConsolidado_Factura:38)
	at com.kms.katalon.core.main.ScriptEngine.run(ScriptEngine.java:194)
	at com.kms.katalon.core.main.ScriptEngine.runScriptAsRawText(ScriptEngine.java:119)
	at com.kms.katalon.core.main.TestCaseExecutor.runScript(TestCaseExecutor.java:445)
	at com.kms.katalon.core.main.TestCaseExecutor.doExecute(TestCaseExecutor.java:436)
	at com.kms.katalon.core.main.TestCaseExecutor.processExecutionPhase(TestCaseExecutor.java:415)
	at com.kms.katalon.core.main.TestCaseExecutor.accessMainPhase(TestCaseExecutor.java:407)
	at com.kms.katalon.core.main.TestCaseExecutor.execute(TestCaseExecutor.java:284)
	at com.kms.katalon.core.common.CommonExecutor.accessTestCaseMainPhase(CommonExecutor.java:65)
	at com.kms.katalon.core.main.TestSuiteExecutor.accessTestSuiteMainPhase(TestSuiteExecutor.java:144)
	at com.kms.katalon.core.main.TestSuiteExecutor.execute(TestSuiteExecutor.java:106)
	at com.kms.katalon.core.main.TestCaseMain.startTestSuite(TestCaseMain.java:185)
	at com.kms.katalon.core.main.TestCaseMain$startTestSuite$0.call(Unknown Source)
	at TempTestSuite1661921448528.run(TempTestSuite1661921448528.groovy:36)]]></system-err>
      </testcase>
      <testcase name="Test Cases/ConsultarConsolidado_Factura" time="1.352" classname="Test Cases/ConsultarConsolidado_Factura" status="PASSED">
         <system-out><![CDATA[2022-08-30 23:51:59 - [TEST_CASE][PASSED] - Test Cases/ConsultarConsolidado_Factura: Test Cases/ConsultarConsolidado_Factura

2022-08-30 23:51:59 - [TEST_STEP][PASSED] - grabar = new almacena_datos_servicio.Graba_archivo(): null

2022-08-30 23:51:59 - [TEST_STEP][PASSED] - regis = Integer.parseInt(registro): null

2022-08-30 23:51:59 - [TEST_STEP][PASSED] - response = sendRequestAndVerify(findTestObject("miFactura_Mareigua-ConsultarFactura/ConsultarConsolidado_Factura", ["TipoIdentificacion":TipoIdentificacion, "NumeroIdentificacion":NumeroIdentificacion, "token":token])): Send request and verify the response successfully

2022-08-30 23:52:00 - [MESSAGE][INFO] - HAR: C:\Users\cenet\git\katalon-git-prueb_01_1\Reports\20220830_235048\miFactura_Mareigua\ConsultarConsolidadoFactura\20220830_235048\requests\main\19.har

2022-08-30 23:52:00 - [TEST_CASE][PASSED] - Start Test Case : Verification: Verification accomplished successfully

2022-08-30 23:52:00 - [TEST_STEP][PASSED] - request = getInstance().getCurrentRequest(): null

2022-08-30 23:52:00 - [TEST_STEP][PASSED] - response = getInstance().getCurrentResponse(): null

2022-08-30 23:52:00 - [MESSAGE][PASSED] - Verify response successfully

2022-08-30 23:52:00 - [MESSAGE][PASSED] - Send request and verify the response successfully

2022-08-30 23:52:00 - [TEST_STEP][PASSED] - val_time = response.getElapsedTime(): null

2022-08-30 23:52:00 - [TEST_STEP][PASSED] - status = response.getStatusCode(): null

2022-08-30 23:52:00 - [TEST_STEP][PASSED] - jsonString = response.getResponseText(): null

2022-08-30 23:52:00 - [TEST_STEP][PASSED] - salida_json = jsonString.replaceAll("
", ""): null

2022-08-30 23:52:00 - [TEST_STEP][PASSED] - slurper = new groovy.json.JsonSlurper(): null

2022-08-30 23:52:00 - [TEST_STEP][PASSED] - grabar.create_Add(regis + " - " + jsonString, ruta_arch_salida): null

2022-08-30 23:52:00 - [TEST_STEP][PASSED] - parsedJson = slurper.parseText(jsonString): null

2022-08-30 23:52:00 - [TEST_STEP][PASSED] - nom_func = "val_mens_serv_report": null

2022-08-30 23:52:00 - [TEST_STEP][PASSED] - println(jsonString): null

2022-08-30 23:52:00 - [TEST_STEP][PASSED] - almacena_datos_servicio.Val_mensaje_serv.valida_consulta_id_serv_report(parsedJson, val_consulta_id): EXITO

2022-08-30 23:52:00 - [MESSAGE][PASSED] - EXITO

2022-08-30 23:52:00 - [TEST_STEP][PASSED] - almacena_datos_servicio.Val_mensaje_serv.guarda_salida_consultar_factura(): almacena_datos_servicio.Val_mensaje_serv.guarda_salida_consultar_factura is PASSED

2022-08-30 23:52:00 - [MESSAGE][PASSED] - almacena_datos_servicio.Val_mensaje_serv.guarda_salida_consultar_factura is PASSED]]></system-out>
         <system-err><![CDATA[]]></system-err>
      </testcase>
      <testcase name="Test Cases/ConsultarConsolidado_Factura" time="0.983" classname="Test Cases/ConsultarConsolidado_Factura" status="ERROR">
         <error type="ERROR" message="Test Cases/ConsultarConsolidado_Factura FAILED.
Reason:
java.lang.NullPointerException: Cannot invoke method size() on null object
	at java_util_List$size$0.call(Unknown Source)
	at almacena_datos_servicio.Val_mensaje_serv.valida_consulta_id_serv_report(Val_mensaje_serv.groovy:76)
	at almacena_datos_servicio.Val_mensaje_serv.invokeMethod(Val_mensaje_serv.groovy)
	at com.kms.katalon.core.main.CustomKeywordDelegatingMetaClass.invokeStaticMethod(CustomKeywordDelegatingMetaClass.java:50)
	at ConsultarConsolidado_Factura.run(ConsultarConsolidado_Factura:38)
	at com.kms.katalon.core.main.ScriptEngine.run(ScriptEngine.java:194)
	at com.kms.katalon.core.main.ScriptEngine.runScriptAsRawText(ScriptEngine.java:119)
	at com.kms.katalon.core.main.TestCaseExecutor.runScript(TestCaseExecutor.java:445)
	at com.kms.katalon.core.main.TestCaseExecutor.doExecute(TestCaseExecutor.java:436)
	at com.kms.katalon.core.main.TestCaseExecutor.processExecutionPhase(TestCaseExecutor.java:415)
	at com.kms.katalon.core.main.TestCaseExecutor.accessMainPhase(TestCaseExecutor.java:407)
	at com.kms.katalon.core.main.TestCaseExecutor.execute(TestCaseExecutor.java:284)
	at com.kms.katalon.core.common.CommonExecutor.accessTestCaseMainPhase(CommonExecutor.java:65)
	at com.kms.katalon.core.main.TestSuiteExecutor.accessTestSuiteMainPhase(TestSuiteExecutor.java:144)
	at com.kms.katalon.core.main.TestSuiteExecutor.execute(TestSuiteExecutor.java:106)
	at com.kms.katalon.core.main.TestCaseMain.startTestSuite(TestCaseMain.java:185)
	at com.kms.katalon.core.main.TestCaseMain$startTestSuite$0.call(Unknown Source)
	at TempTestSuite1661921448528.run(TempTestSuite1661921448528.groovy:36)
"/>
         <system-out><![CDATA[2022-08-30 23:52:01 - [TEST_CASE][ERROR] - Test Cases/ConsultarConsolidado_Factura: Test Cases/ConsultarConsolidado_Factura FAILED.
Reason:
java.lang.NullPointerException: Cannot invoke method size() on null object
	at java_util_List$size$0.call(Unknown Source)
	at almacena_datos_servicio.Val_mensaje_serv.valida_consulta_id_serv_report(Val_mensaje_serv.groovy:76)
	at almacena_datos_servicio.Val_mensaje_serv.invokeMethod(Val_mensaje_serv.groovy)
	at com.kms.katalon.core.main.CustomKeywordDelegatingMetaClass.invokeStaticMethod(CustomKeywordDelegatingMetaClass.java:50)
	at ConsultarConsolidado_Factura.run(ConsultarConsolidado_Factura:38)
	at com.kms.katalon.core.main.ScriptEngine.run(ScriptEngine.java:194)
	at com.kms.katalon.core.main.ScriptEngine.runScriptAsRawText(ScriptEngine.java:119)
	at com.kms.katalon.core.main.TestCaseExecutor.runScript(TestCaseExecutor.java:445)
	at com.kms.katalon.core.main.TestCaseExecutor.doExecute(TestCaseExecutor.java:436)
	at com.kms.katalon.core.main.TestCaseExecutor.processExecutionPhase(TestCaseExecutor.java:415)
	at com.kms.katalon.core.main.TestCaseExecutor.accessMainPhase(TestCaseExecutor.java:407)
	at com.kms.katalon.core.main.TestCaseExecutor.execute(TestCaseExecutor.java:284)
	at com.kms.katalon.core.common.CommonExecutor.accessTestCaseMainPhase(CommonExecutor.java:65)
	at com.kms.katalon.core.main.TestSuiteExecutor.accessTestSuiteMainPhase(TestSuiteExecutor.java:144)
	at com.kms.katalon.core.main.TestSuiteExecutor.execute(TestSuiteExecutor.java:106)
	at com.kms.katalon.core.main.TestCaseMain.startTestSuite(TestCaseMain.java:185)
	at com.kms.katalon.core.main.TestCaseMain$startTestSuite$0.call(Unknown Source)
	at TempTestSuite1661921448528.run(TempTestSuite1661921448528.groovy:36)


2022-08-30 23:52:01 - [TEST_STEP][PASSED] - grabar = new almacena_datos_servicio.Graba_archivo(): null

2022-08-30 23:52:01 - [TEST_STEP][PASSED] - regis = Integer.parseInt(registro): null

2022-08-30 23:52:01 - [TEST_STEP][PASSED] - response = sendRequestAndVerify(findTestObject("miFactura_Mareigua-ConsultarFactura/ConsultarConsolidado_Factura", ["TipoIdentificacion":TipoIdentificacion, "NumeroIdentificacion":NumeroIdentificacion, "token":token])): Send request and verify the response successfully

2022-08-30 23:52:01 - [MESSAGE][INFO] - HAR: C:\Users\cenet\git\katalon-git-prueb_01_1\Reports\20220830_235048\miFactura_Mareigua\ConsultarConsolidadoFactura\20220830_235048\requests\main\20.har

2022-08-30 23:52:01 - [TEST_CASE][PASSED] - Start Test Case : Verification: Verification accomplished successfully

2022-08-30 23:52:01 - [TEST_STEP][PASSED] - request = getInstance().getCurrentRequest(): null

2022-08-30 23:52:01 - [TEST_STEP][PASSED] - response = getInstance().getCurrentResponse(): null

2022-08-30 23:52:01 - [MESSAGE][PASSED] - Verify response successfully

2022-08-30 23:52:01 - [MESSAGE][PASSED] - Send request and verify the response successfully

2022-08-30 23:52:01 - [TEST_STEP][PASSED] - val_time = response.getElapsedTime(): null

2022-08-30 23:52:01 - [TEST_STEP][PASSED] - status = response.getStatusCode(): null

2022-08-30 23:52:01 - [TEST_STEP][PASSED] - jsonString = response.getResponseText(): null

2022-08-30 23:52:01 - [TEST_STEP][PASSED] - salida_json = jsonString.replaceAll("
", ""): null

2022-08-30 23:52:01 - [TEST_STEP][PASSED] - slurper = new groovy.json.JsonSlurper(): null

2022-08-30 23:52:01 - [TEST_STEP][PASSED] - grabar.create_Add(regis + " - " + jsonString, ruta_arch_salida): null

2022-08-30 23:52:01 - [TEST_STEP][PASSED] - parsedJson = slurper.parseText(jsonString): null

2022-08-30 23:52:01 - [TEST_STEP][PASSED] - nom_func = "val_mens_serv_report": null

2022-08-30 23:52:01 - [TEST_STEP][PASSED] - println(jsonString): null

2022-08-30 23:52:01 - [TEST_STEP][ERROR] - almacena_datos_servicio.Val_mensaje_serv.valida_consulta_id_serv_report(parsedJson, val_consulta_id): Test Cases/ConsultarConsolidado_Factura FAILED.
Reason:
com.kms.katalon.core.exception.StepErrorException: java.lang.NullPointerException: Cannot invoke method size() on null object
	at com.kms.katalon.core.main.CustomKeywordDelegatingMetaClass.throwError(CustomKeywordDelegatingMetaClass.java:96)
	at com.kms.katalon.core.main.CustomKeywordDelegatingMetaClass.invokeStaticMethod(CustomKeywordDelegatingMetaClass.java:68)
	at ConsultarConsolidado_Factura.run(ConsultarConsolidado_Factura:38)
	at com.kms.katalon.core.main.ScriptEngine.run(ScriptEngine.java:194)
	at com.kms.katalon.core.main.ScriptEngine.runScriptAsRawText(ScriptEngine.java:119)
	at com.kms.katalon.core.main.TestCaseExecutor.runScript(TestCaseExecutor.java:445)
	at com.kms.katalon.core.main.TestCaseExecutor.doExecute(TestCaseExecutor.java:436)
	at com.kms.katalon.core.main.TestCaseExecutor.processExecutionPhase(TestCaseExecutor.java:415)
	at com.kms.katalon.core.main.TestCaseExecutor.accessMainPhase(TestCaseExecutor.java:407)
	at com.kms.katalon.core.main.TestCaseExecutor.execute(TestCaseExecutor.java:284)
	at com.kms.katalon.core.common.CommonExecutor.accessTestCaseMainPhase(CommonExecutor.java:65)
	at com.kms.katalon.core.main.TestSuiteExecutor.accessTestSuiteMainPhase(TestSuiteExecutor.java:144)
	at com.kms.katalon.core.main.TestSuiteExecutor.execute(TestSuiteExecutor.java:106)
	at com.kms.katalon.core.main.TestCaseMain.startTestSuite(TestCaseMain.java:185)
	at com.kms.katalon.core.main.TestCaseMain$startTestSuite$0.call(Unknown Source)
	at TempTestSuite1661921448528.run(TempTestSuite1661921448528.groovy:36)
Caused by: java.lang.NullPointerException: Cannot invoke method size() on null object
	at java_util_List$size$0.call(Unknown Source)
	at almacena_datos_servicio.Val_mensaje_serv.valida_consulta_id_serv_report(Val_mensaje_serv.groovy:76)
	at almacena_datos_servicio.Val_mensaje_serv.invokeMethod(Val_mensaje_serv.groovy)
	at com.kms.katalon.core.main.CustomKeywordDelegatingMetaClass.invokeStaticMethod(CustomKeywordDelegatingMetaClass.java:50)
	... 14 more


2022-08-30 23:52:01 - [MESSAGE][ERROR] - Cannot invoke method size() on null object

2022-08-30 23:52:01 - [MESSAGE][ERROR] - Test Cases/ConsultarConsolidado_Factura FAILED.
Reason:
com.kms.katalon.core.exception.StepErrorException: java.lang.NullPointerException: Cannot invoke method size() on null object
	at com.kms.katalon.core.main.CustomKeywordDelegatingMetaClass.throwError(CustomKeywordDelegatingMetaClass.java:96)
	at com.kms.katalon.core.main.CustomKeywordDelegatingMetaClass.invokeStaticMethod(CustomKeywordDelegatingMetaClass.java:68)
	at ConsultarConsolidado_Factura.run(ConsultarConsolidado_Factura:38)
	at com.kms.katalon.core.main.ScriptEngine.run(ScriptEngine.java:194)
	at com.kms.katalon.core.main.ScriptEngine.runScriptAsRawText(ScriptEngine.java:119)
	at com.kms.katalon.core.main.TestCaseExecutor.runScript(TestCaseExecutor.java:445)
	at com.kms.katalon.core.main.TestCaseExecutor.doExecute(TestCaseExecutor.java:436)
	at com.kms.katalon.core.main.TestCaseExecutor.processExecutionPhase(TestCaseExecutor.java:415)
	at com.kms.katalon.core.main.TestCaseExecutor.accessMainPhase(TestCaseExecutor.java:407)
	at com.kms.katalon.core.main.TestCaseExecutor.execute(TestCaseExecutor.java:284)
	at com.kms.katalon.core.common.CommonExecutor.accessTestCaseMainPhase(CommonExecutor.java:65)
	at com.kms.katalon.core.main.TestSuiteExecutor.accessTestSuiteMainPhase(TestSuiteExecutor.java:144)
	at com.kms.katalon.core.main.TestSuiteExecutor.execute(TestSuiteExecutor.java:106)
	at com.kms.katalon.core.main.TestCaseMain.startTestSuite(TestCaseMain.java:185)
	at com.kms.katalon.core.main.TestCaseMain$startTestSuite$0.call(Unknown Source)
	at TempTestSuite1661921448528.run(TempTestSuite1661921448528.groovy:36)
Caused by: java.lang.NullPointerException: Cannot invoke method size() on null object
	at java_util_List$size$0.call(Unknown Source)
	at almacena_datos_servicio.Val_mensaje_serv.valida_consulta_id_serv_report(Val_mensaje_serv.groovy:76)
	at almacena_datos_servicio.Val_mensaje_serv.invokeMethod(Val_mensaje_serv.groovy)
	at com.kms.katalon.core.main.CustomKeywordDelegatingMetaClass.invokeStaticMethod(CustomKeywordDelegatingMetaClass.java:50)
	... 14 more]]></system-out>
         <system-err><![CDATA[2022-08-30 23:52:01 - [TEST_CASE][ERROR] - Test Cases/ConsultarConsolidado_Factura: Test Cases/ConsultarConsolidado_Factura FAILED.
Reason:
java.lang.NullPointerException: Cannot invoke method size() on null object
	at java_util_List$size$0.call(Unknown Source)
	at almacena_datos_servicio.Val_mensaje_serv.valida_consulta_id_serv_report(Val_mensaje_serv.groovy:76)
	at almacena_datos_servicio.Val_mensaje_serv.invokeMethod(Val_mensaje_serv.groovy)
	at com.kms.katalon.core.main.CustomKeywordDelegatingMetaClass.invokeStaticMethod(CustomKeywordDelegatingMetaClass.java:50)
	at ConsultarConsolidado_Factura.run(ConsultarConsolidado_Factura:38)
	at com.kms.katalon.core.main.ScriptEngine.run(ScriptEngine.java:194)
	at com.kms.katalon.core.main.ScriptEngine.runScriptAsRawText(ScriptEngine.java:119)
	at com.kms.katalon.core.main.TestCaseExecutor.runScript(TestCaseExecutor.java:445)
	at com.kms.katalon.core.main.TestCaseExecutor.doExecute(TestCaseExecutor.java:436)
	at com.kms.katalon.core.main.TestCaseExecutor.processExecutionPhase(TestCaseExecutor.java:415)
	at com.kms.katalon.core.main.TestCaseExecutor.accessMainPhase(TestCaseExecutor.java:407)
	at com.kms.katalon.core.main.TestCaseExecutor.execute(TestCaseExecutor.java:284)
	at com.kms.katalon.core.common.CommonExecutor.accessTestCaseMainPhase(CommonExecutor.java:65)
	at com.kms.katalon.core.main.TestSuiteExecutor.accessTestSuiteMainPhase(TestSuiteExecutor.java:144)
	at com.kms.katalon.core.main.TestSuiteExecutor.execute(TestSuiteExecutor.java:106)
	at com.kms.katalon.core.main.TestCaseMain.startTestSuite(TestCaseMain.java:185)
	at com.kms.katalon.core.main.TestCaseMain$startTestSuite$0.call(Unknown Source)
	at TempTestSuite1661921448528.run(TempTestSuite1661921448528.groovy:36)]]></system-err>
      </testcase>
      <testcase name="Test Cases/ConsultarConsolidado_Factura" time="1.496" classname="Test Cases/ConsultarConsolidado_Factura" status="PASSED">
         <system-out><![CDATA[2022-08-30 23:52:02 - [TEST_CASE][PASSED] - Test Cases/ConsultarConsolidado_Factura: Test Cases/ConsultarConsolidado_Factura

2022-08-30 23:52:02 - [TEST_STEP][PASSED] - grabar = new almacena_datos_servicio.Graba_archivo(): null

2022-08-30 23:52:02 - [TEST_STEP][PASSED] - regis = Integer.parseInt(registro): null

2022-08-30 23:52:02 - [TEST_STEP][PASSED] - response = sendRequestAndVerify(findTestObject("miFactura_Mareigua-ConsultarFactura/ConsultarConsolidado_Factura", ["TipoIdentificacion":TipoIdentificacion, "NumeroIdentificacion":NumeroIdentificacion, "token":token])): Send request and verify the response successfully

2022-08-30 23:52:02 - [MESSAGE][INFO] - HAR: C:\Users\cenet\git\katalon-git-prueb_01_1\Reports\20220830_235048\miFactura_Mareigua\ConsultarConsolidadoFactura\20220830_235048\requests\main\21.har

2022-08-30 23:52:03 - [TEST_CASE][PASSED] - Start Test Case : Verification: Verification accomplished successfully

2022-08-30 23:52:03 - [TEST_STEP][PASSED] - request = getInstance().getCurrentRequest(): null

2022-08-30 23:52:03 - [TEST_STEP][PASSED] - response = getInstance().getCurrentResponse(): null

2022-08-30 23:52:03 - [MESSAGE][PASSED] - Verify response successfully

2022-08-30 23:52:03 - [MESSAGE][PASSED] - Send request and verify the response successfully

2022-08-30 23:52:03 - [TEST_STEP][PASSED] - val_time = response.getElapsedTime(): null

2022-08-30 23:52:03 - [TEST_STEP][PASSED] - status = response.getStatusCode(): null

2022-08-30 23:52:03 - [TEST_STEP][PASSED] - jsonString = response.getResponseText(): null

2022-08-30 23:52:03 - [TEST_STEP][PASSED] - salida_json = jsonString.replaceAll("
", ""): null

2022-08-30 23:52:03 - [TEST_STEP][PASSED] - slurper = new groovy.json.JsonSlurper(): null

2022-08-30 23:52:03 - [TEST_STEP][PASSED] - grabar.create_Add(regis + " - " + jsonString, ruta_arch_salida): null

2022-08-30 23:52:03 - [TEST_STEP][PASSED] - parsedJson = slurper.parseText(jsonString): null

2022-08-30 23:52:03 - [TEST_STEP][PASSED] - nom_func = "val_mens_serv_report": null

2022-08-30 23:52:03 - [TEST_STEP][PASSED] - println(jsonString): null

2022-08-30 23:52:03 - [TEST_STEP][PASSED] - almacena_datos_servicio.Val_mensaje_serv.valida_consulta_id_serv_report(parsedJson, val_consulta_id): EXITO

2022-08-30 23:52:03 - [MESSAGE][PASSED] - EXITO

2022-08-30 23:52:03 - [TEST_STEP][PASSED] - almacena_datos_servicio.Val_mensaje_serv.guarda_salida_consultar_factura(): almacena_datos_servicio.Val_mensaje_serv.guarda_salida_consultar_factura is PASSED

2022-08-30 23:52:03 - [MESSAGE][PASSED] - almacena_datos_servicio.Val_mensaje_serv.guarda_salida_consultar_factura is PASSED]]></system-out>
         <system-err><![CDATA[]]></system-err>
      </testcase>
      <testcase name="Test Cases/ConsultarConsolidado_Factura" time="1.344" classname="Test Cases/ConsultarConsolidado_Factura" status="PASSED">
         <system-out><![CDATA[2022-08-30 23:52:03 - [TEST_CASE][PASSED] - Test Cases/ConsultarConsolidado_Factura: Test Cases/ConsultarConsolidado_Factura

2022-08-30 23:52:03 - [TEST_STEP][PASSED] - grabar = new almacena_datos_servicio.Graba_archivo(): null

2022-08-30 23:52:03 - [TEST_STEP][PASSED] - regis = Integer.parseInt(registro): null

2022-08-30 23:52:03 - [TEST_STEP][PASSED] - response = sendRequestAndVerify(findTestObject("miFactura_Mareigua-ConsultarFactura/ConsultarConsolidado_Factura", ["TipoIdentificacion":TipoIdentificacion, "NumeroIdentificacion":NumeroIdentificacion, "token":token])): Send request and verify the response successfully

2022-08-30 23:52:04 - [MESSAGE][INFO] - HAR: C:\Users\cenet\git\katalon-git-prueb_01_1\Reports\20220830_235048\miFactura_Mareigua\ConsultarConsolidadoFactura\20220830_235048\requests\main\22.har

2022-08-30 23:52:04 - [TEST_CASE][PASSED] - Start Test Case : Verification: Verification accomplished successfully

2022-08-30 23:52:04 - [TEST_STEP][PASSED] - request = getInstance().getCurrentRequest(): null

2022-08-30 23:52:04 - [TEST_STEP][PASSED] - response = getInstance().getCurrentResponse(): null

2022-08-30 23:52:04 - [MESSAGE][PASSED] - Verify response successfully

2022-08-30 23:52:04 - [MESSAGE][PASSED] - Send request and verify the response successfully

2022-08-30 23:52:04 - [TEST_STEP][PASSED] - val_time = response.getElapsedTime(): null

2022-08-30 23:52:04 - [TEST_STEP][PASSED] - status = response.getStatusCode(): null

2022-08-30 23:52:04 - [TEST_STEP][PASSED] - jsonString = response.getResponseText(): null

2022-08-30 23:52:04 - [TEST_STEP][PASSED] - salida_json = jsonString.replaceAll("
", ""): null

2022-08-30 23:52:04 - [TEST_STEP][PASSED] - slurper = new groovy.json.JsonSlurper(): null

2022-08-30 23:52:04 - [TEST_STEP][PASSED] - grabar.create_Add(regis + " - " + jsonString, ruta_arch_salida): null

2022-08-30 23:52:04 - [TEST_STEP][PASSED] - parsedJson = slurper.parseText(jsonString): null

2022-08-30 23:52:04 - [TEST_STEP][PASSED] - nom_func = "val_mens_serv_report": null

2022-08-30 23:52:04 - [TEST_STEP][PASSED] - println(jsonString): null

2022-08-30 23:52:04 - [TEST_STEP][PASSED] - almacena_datos_servicio.Val_mensaje_serv.valida_consulta_id_serv_report(parsedJson, val_consulta_id): EXITO

2022-08-30 23:52:04 - [MESSAGE][PASSED] - EXITO

2022-08-30 23:52:04 - [TEST_STEP][PASSED] - almacena_datos_servicio.Val_mensaje_serv.guarda_salida_consultar_factura(): almacena_datos_servicio.Val_mensaje_serv.guarda_salida_consultar_factura is PASSED

2022-08-30 23:52:05 - [MESSAGE][PASSED] - almacena_datos_servicio.Val_mensaje_serv.guarda_salida_consultar_factura is PASSED]]></system-out>
         <system-err><![CDATA[]]></system-err>
      </testcase>
      <system-out><![CDATA[2022-08-30 23:50:59 - [TEST_SUITE][ERROR] - ConsultarConsolidadoFactura: Test Cases/ConsultarConsolidado_Factura FAILED.
Reason:
java.lang.NullPointerException: Cannot invoke method size() on null object
	at java_util_List$size$0.call(Unknown Source)
	at almacena_datos_servicio.Val_mensaje_serv.valida_consulta_id_serv_report(Val_mensaje_serv.groovy:76)
	at almacena_datos_servicio.Val_mensaje_serv.invokeMethod(Val_mensaje_serv.groovy)
	at com.kms.katalon.core.main.CustomKeywordDelegatingMetaClass.invokeStaticMethod(CustomKeywordDelegatingMetaClass.java:50)
	at ConsultarConsolidado_Factura.run(ConsultarConsolidado_Factura:38)
	at com.kms.katalon.core.main.ScriptEngine.run(ScriptEngine.java:194)
	at com.kms.katalon.core.main.ScriptEngine.runScriptAsRawText(ScriptEngine.java:119)
	at com.kms.katalon.core.main.TestCaseExecutor.runScript(TestCaseExecutor.java:445)
	at com.kms.katalon.core.main.TestCaseExecutor.doExecute(TestCaseExecutor.java:436)
	at com.kms.katalon.core.main.TestCaseExecutor.processExecutionPhase(TestCaseExecutor.java:415)
	at com.kms.katalon.core.main.TestCaseExecutor.accessMainPhase(TestCaseExecutor.java:407)
	at com.kms.katalon.core.main.TestCaseExecutor.execute(TestCaseExecutor.java:284)
	at com.kms.katalon.core.common.CommonExecutor.accessTestCaseMainPhase(CommonExecutor.java:65)
	at com.kms.katalon.core.main.TestSuiteExecutor.accessTestSuiteMainPhase(TestSuiteExecutor.java:144)
	at com.kms.katalon.core.main.TestSuiteExecutor.execute(TestSuiteExecutor.java:106)
	at com.kms.katalon.core.main.TestCaseMain.startTestSuite(TestCaseMain.java:185)
	at com.kms.katalon.core.main.TestCaseMain$startTestSuite$0.call(Unknown Source)
	at TempTestSuite1661921448528.run(TempTestSuite1661921448528.groovy:36)]]></system-out>
      <system-err><![CDATA[2022-08-30 23:50:59 - [TEST_SUITE][ERROR] - ConsultarConsolidadoFactura: Test Cases/ConsultarConsolidado_Factura FAILED.
Reason:
java.lang.NullPointerException: Cannot invoke method size() on null object
	at java_util_List$size$0.call(Unknown Source)
	at almacena_datos_servicio.Val_mensaje_serv.valida_consulta_id_serv_report(Val_mensaje_serv.groovy:76)
	at almacena_datos_servicio.Val_mensaje_serv.invokeMethod(Val_mensaje_serv.groovy)
	at com.kms.katalon.core.main.CustomKeywordDelegatingMetaClass.invokeStaticMethod(CustomKeywordDelegatingMetaClass.java:50)
	at ConsultarConsolidado_Factura.run(ConsultarConsolidado_Factura:38)
	at com.kms.katalon.core.main.ScriptEngine.run(ScriptEngine.java:194)
	at com.kms.katalon.core.main.ScriptEngine.runScriptAsRawText(ScriptEngine.java:119)
	at com.kms.katalon.core.main.TestCaseExecutor.runScript(TestCaseExecutor.java:445)
	at com.kms.katalon.core.main.TestCaseExecutor.doExecute(TestCaseExecutor.java:436)
	at com.kms.katalon.core.main.TestCaseExecutor.processExecutionPhase(TestCaseExecutor.java:415)
	at com.kms.katalon.core.main.TestCaseExecutor.accessMainPhase(TestCaseExecutor.java:407)
	at com.kms.katalon.core.main.TestCaseExecutor.execute(TestCaseExecutor.java:284)
	at com.kms.katalon.core.common.CommonExecutor.accessTestCaseMainPhase(CommonExecutor.java:65)
	at com.kms.katalon.core.main.TestSuiteExecutor.accessTestSuiteMainPhase(TestSuiteExecutor.java:144)
	at com.kms.katalon.core.main.TestSuiteExecutor.execute(TestSuiteExecutor.java:106)
	at com.kms.katalon.core.main.TestCaseMain.startTestSuite(TestCaseMain.java:185)
	at com.kms.katalon.core.main.TestCaseMain$startTestSuite$0.call(Unknown Source)
	at TempTestSuite1661921448528.run(TempTestSuite1661921448528.groovy:36)]]></system-err>
   </testsuite>
</testsuites>
