<?xml version="1.0" encoding="UTF-8"?>
<testsuites name="ConsultarConsolidadoFactura" time="46.498" tests="15" failures="0" errors="0">
   <testsuite name="ConsultarConsolidadoFactura" tests="15" failures="0" errors="0" time="46.498" skipped="0" timestamp="2022-08-26 14:14:20" hostname="cenet - DESKTOP-4DPQOK0" id="Test Suites/miFactura_Mareigua/ConsultarConsolidadoFactura">
      <properties>
         <property name="deviceName" value=""/>
         <property name="devicePlatform" value=""/>
         <property name="logFolder" value="C:\\Cenet\\Cenet-Factura\\Mareigua\\miFactura_ws_Mareigua-25-08-2022\\Reports\\20220826_141407\\miFactura_Mareigua\\ConsultarConsolidadoFactura\\20220826_141407"/>
         <property name="logFiles" value="C:\\Cenet\\Cenet-Factura\\Mareigua\\miFactura_ws_Mareigua-25-08-2022\\Reports\\20220826_141407\\miFactura_Mareigua\\ConsultarConsolidadoFactura\\20220826_141407\\execution0.log"/>
         <property name="attachments" value=""/>
         <property name="hostName" value="cenet - DESKTOP-4DPQOK0"/>
         <property name="hostAddress" value="192.168.1.127"/>
         <property name="os" value="Windows 10 64bit"/>
         <property name="katalonVersion" value="8.3.0.208"/>
      </properties>
      <testcase name="Test Cases/Login_param" time="15.251" classname="Test Cases/Login_param" status="PASSED">
         <system-out><![CDATA[2022-08-26 14:14:21 - [TEST_CASE][PASSED] - Test Cases/Login_param: Test Cases/Login_param

2022-08-26 14:14:23 - [TEST_STEP][PASSED] - regis = Integer.parseInt(registro): null

2022-08-26 14:14:24 - [TEST_STEP][PASSED] - response = sendRequestAndVerify(findTestObject("miNomina_Mareigua-ConsultarNomina/Login", ["Login":Login, "password":password])): Send request and verify the response successfully

2022-08-26 14:14:31 - [MESSAGE][INFO] - HAR: C:\Cenet\Cenet-Factura\Mareigua\miFactura_ws_Mareigua-25-08-2022\Reports\20220826_141407\miFactura_Mareigua\ConsultarConsolidadoFactura\20220826_141407\requests\main\0.har

2022-08-26 14:14:31 - [TEST_CASE][PASSED] - Start Test Case : Verification: Verification accomplished successfully

2022-08-26 14:14:32 - [TEST_STEP][PASSED] - request = getInstance().getCurrentRequest(): null

2022-08-26 14:14:32 - [TEST_STEP][PASSED] - response = getInstance().getCurrentResponse(): null

2022-08-26 14:14:32 - [MESSAGE][PASSED] - Verify response successfully

2022-08-26 14:14:32 - [MESSAGE][PASSED] - Send request and verify the response successfully

2022-08-26 14:14:32 - [TEST_STEP][PASSED] - val_time = response.getElapsedTime(): null

2022-08-26 14:14:32 - [TEST_STEP][PASSED] - status_login = response.getStatusCode(): null

2022-08-26 14:14:33 - [TEST_STEP][PASSED] - jsonString = response.getResponseText(): null

2022-08-26 14:14:33 - [TEST_STEP][PASSED] - slurper = new groovy.json.JsonSlurper(): null

2022-08-26 14:14:33 - [TEST_STEP][PASSED] - markWarning("JSON " + jsonString): JSON {"Type":"OK","ValidationMessage":null,"Content":{"JWT":"eyJhbGciOiJIUzI1NiIsInR5cCI6IkpXVCJ9.eyJ1bmlxdWVfbmFtZSI6ImRhdmVyIiwiZmFtaWx5X25hbWUiOiIxIiwiaHR0cDovL3NjaGVtYXMueG1sc29hcC5vcmcvd3MvMjAwNS8wNS9pZGVudGl0eS9jbGFpbXMvc2lkIjoiMSIsIm5iZiI6MTY2MTU0MTI3MCwiZXhwIjoxNjYxNjI3NjcwLCJpYXQiOjE2NjE1NDEyNzAsImlzcyI6Ik1pc0ZhY3R1cmFzIn0.fsXlopgNdOly1x6jPBUHvfcbdAvVMOo280gogYNL0Ck"}}

2022-08-26 14:14:33 - [MESSAGE][WARNING] - JSON {"Type":"OK","ValidationMessage":null,"Content":{"JWT":"eyJhbGciOiJIUzI1NiIsInR5cCI6IkpXVCJ9.eyJ1bmlxdWVfbmFtZSI6ImRhdmVyIiwiZmFtaWx5X25hbWUiOiIxIiwiaHR0cDovL3NjaGVtYXMueG1sc29hcC5vcmcvd3MvMjAwNS8wNS9pZGVudGl0eS9jbGFpbXMvc2lkIjoiMSIsIm5iZiI6MTY2MTU0MTI3MCwiZXhwIjoxNjYxNjI3NjcwLCJpYXQiOjE2NjE1NDEyNzAsImlzcyI6Ik1pc0ZhY3R1cmFzIn0.fsXlopgNdOly1x6jPBUHvfcbdAvVMOo280gogYNL0Ck"}}

2022-08-26 14:14:33 - [TEST_STEP][PASSED] - parsedJson = slurper.parseText(jsonString): null

2022-08-26 14:14:33 - [TEST_STEP][PASSED] - nom_func = "val_login": null

2022-08-26 14:14:33 - [TEST_STEP][PASSED] - almacena_datos_servicio.Val_mensaje_serv.valida_mensaje_serv_login(parsedJson, type, ValidationMessage): Exito

2022-08-26 14:14:33 - [MESSAGE][PASSED] - Exito

2022-08-26 14:14:33 - [TEST_STEP][PASSED] - almacena_datos_servicio.Val_mensaje_serv.guarda_salida_mensaje_serv_login(): almacena_datos_servicio.Val_mensaje_serv.guarda_salida_mensaje_serv_login is PASSED

2022-08-26 14:14:36 - [MESSAGE][PASSED] - almacena_datos_servicio.Val_mensaje_serv.guarda_salida_mensaje_serv_login is PASSED]]></system-out>
         <system-err><![CDATA[]]></system-err>
      </testcase>
      <testcase name="Test Cases/Login_param" time="2.608" classname="Test Cases/Login_param" status="PASSED">
         <system-out><![CDATA[2022-08-26 14:14:37 - [TEST_CASE][PASSED] - Test Cases/Login_param: Test Cases/Login_param

2022-08-26 14:14:37 - [TEST_STEP][PASSED] - regis = Integer.parseInt(registro): null

2022-08-26 14:14:37 - [TEST_STEP][PASSED] - response = sendRequestAndVerify(findTestObject("miNomina_Mareigua-ConsultarNomina/Login", ["Login":Login, "password":password])): Send request and verify the response successfully

2022-08-26 14:14:38 - [MESSAGE][INFO] - HAR: C:\Cenet\Cenet-Factura\Mareigua\miFactura_ws_Mareigua-25-08-2022\Reports\20220826_141407\miFactura_Mareigua\ConsultarConsolidadoFactura\20220826_141407\requests\main\1.har

2022-08-26 14:14:38 - [TEST_CASE][PASSED] - Start Test Case : Verification: Verification accomplished successfully

2022-08-26 14:14:39 - [TEST_STEP][PASSED] - request = getInstance().getCurrentRequest(): null

2022-08-26 14:14:39 - [TEST_STEP][PASSED] - response = getInstance().getCurrentResponse(): null

2022-08-26 14:14:39 - [MESSAGE][PASSED] - Verify response successfully

2022-08-26 14:14:39 - [MESSAGE][PASSED] - Send request and verify the response successfully

2022-08-26 14:14:39 - [TEST_STEP][PASSED] - val_time = response.getElapsedTime(): null

2022-08-26 14:14:39 - [TEST_STEP][PASSED] - status_login = response.getStatusCode(): null

2022-08-26 14:14:39 - [TEST_STEP][PASSED] - jsonString = response.getResponseText(): null

2022-08-26 14:14:39 - [TEST_STEP][PASSED] - slurper = new groovy.json.JsonSlurper(): null

2022-08-26 14:14:39 - [TEST_STEP][PASSED] - markWarning("JSON " + jsonString): JSON {"Type":"ERROR","ValidationMessage":"Tu usuario o contrase単a son incorrectos.","Content":null}

2022-08-26 14:14:39 - [MESSAGE][WARNING] - JSON {"Type":"ERROR","ValidationMessage":"Tu usuario o contrase単a son incorrectos.","Content":null}

2022-08-26 14:14:39 - [TEST_STEP][PASSED] - parsedJson = slurper.parseText(jsonString): null

2022-08-26 14:14:39 - [TEST_STEP][PASSED] - nom_func = "val_login": null

2022-08-26 14:14:39 - [TEST_STEP][PASSED] - almacena_datos_servicio.Val_mensaje_serv.valida_mensaje_serv_login(parsedJson, type, ValidationMessage): Exito

2022-08-26 14:14:39 - [MESSAGE][PASSED] - Exito

2022-08-26 14:14:39 - [TEST_STEP][PASSED] - almacena_datos_servicio.Val_mensaje_serv.guarda_salida_mensaje_serv_login(): almacena_datos_servicio.Val_mensaje_serv.guarda_salida_mensaje_serv_login is PASSED

2022-08-26 14:14:40 - [MESSAGE][PASSED] - almacena_datos_servicio.Val_mensaje_serv.guarda_salida_mensaje_serv_login is PASSED]]></system-out>
         <system-err><![CDATA[]]></system-err>
      </testcase>
      <testcase name="Test Cases/Login_param" time="2.12" classname="Test Cases/Login_param" status="PASSED">
         <system-out><![CDATA[2022-08-26 14:14:40 - [TEST_CASE][PASSED] - Test Cases/Login_param: Test Cases/Login_param

2022-08-26 14:14:40 - [TEST_STEP][PASSED] - regis = Integer.parseInt(registro): null

2022-08-26 14:14:40 - [TEST_STEP][PASSED] - response = sendRequestAndVerify(findTestObject("miNomina_Mareigua-ConsultarNomina/Login", ["Login":Login, "password":password])): Send request and verify the response successfully

2022-08-26 14:14:41 - [MESSAGE][INFO] - HAR: C:\Cenet\Cenet-Factura\Mareigua\miFactura_ws_Mareigua-25-08-2022\Reports\20220826_141407\miFactura_Mareigua\ConsultarConsolidadoFactura\20220826_141407\requests\main\2.har

2022-08-26 14:14:41 - [TEST_CASE][PASSED] - Start Test Case : Verification: Verification accomplished successfully

2022-08-26 14:14:41 - [TEST_STEP][PASSED] - request = getInstance().getCurrentRequest(): null

2022-08-26 14:14:41 - [TEST_STEP][PASSED] - response = getInstance().getCurrentResponse(): null

2022-08-26 14:14:41 - [MESSAGE][PASSED] - Verify response successfully

2022-08-26 14:14:41 - [MESSAGE][PASSED] - Send request and verify the response successfully

2022-08-26 14:14:41 - [TEST_STEP][PASSED] - val_time = response.getElapsedTime(): null

2022-08-26 14:14:41 - [TEST_STEP][PASSED] - status_login = response.getStatusCode(): null

2022-08-26 14:14:41 - [TEST_STEP][PASSED] - jsonString = response.getResponseText(): null

2022-08-26 14:14:41 - [TEST_STEP][PASSED] - slurper = new groovy.json.JsonSlurper(): null

2022-08-26 14:14:41 - [TEST_STEP][PASSED] - markWarning("JSON " + jsonString): JSON {"Type":"ERROR","ValidationMessage":"Tu usuario o contrase単a son incorrectos.","Content":null}

2022-08-26 14:14:41 - [MESSAGE][WARNING] - JSON {"Type":"ERROR","ValidationMessage":"Tu usuario o contrase単a son incorrectos.","Content":null}

2022-08-26 14:14:41 - [TEST_STEP][PASSED] - parsedJson = slurper.parseText(jsonString): null

2022-08-26 14:14:41 - [TEST_STEP][PASSED] - nom_func = "val_login": null

2022-08-26 14:14:41 - [TEST_STEP][PASSED] - almacena_datos_servicio.Val_mensaje_serv.valida_mensaje_serv_login(parsedJson, type, ValidationMessage): Exito

2022-08-26 14:14:41 - [MESSAGE][PASSED] - Exito

2022-08-26 14:14:41 - [TEST_STEP][PASSED] - almacena_datos_servicio.Val_mensaje_serv.guarda_salida_mensaje_serv_login(): almacena_datos_servicio.Val_mensaje_serv.guarda_salida_mensaje_serv_login is PASSED

2022-08-26 14:14:42 - [MESSAGE][PASSED] - almacena_datos_servicio.Val_mensaje_serv.guarda_salida_mensaje_serv_login is PASSED]]></system-out>
         <system-err><![CDATA[]]></system-err>
      </testcase>
      <testcase name="Test Cases/Login_param" time="2.827" classname="Test Cases/Login_param" status="PASSED">
         <system-out><![CDATA[2022-08-26 14:14:42 - [TEST_CASE][PASSED] - Test Cases/Login_param: Test Cases/Login_param

2022-08-26 14:14:42 - [TEST_STEP][PASSED] - regis = Integer.parseInt(registro): null

2022-08-26 14:14:42 - [TEST_STEP][PASSED] - response = sendRequestAndVerify(findTestObject("miNomina_Mareigua-ConsultarNomina/Login", ["Login":Login, "password":password])): Send request and verify the response successfully

2022-08-26 14:14:43 - [MESSAGE][INFO] - HAR: C:\Cenet\Cenet-Factura\Mareigua\miFactura_ws_Mareigua-25-08-2022\Reports\20220826_141407\miFactura_Mareigua\ConsultarConsolidadoFactura\20220826_141407\requests\main\3.har

2022-08-26 14:14:43 - [TEST_CASE][PASSED] - Start Test Case : Verification: Verification accomplished successfully

2022-08-26 14:14:44 - [TEST_STEP][PASSED] - request = getInstance().getCurrentRequest(): null

2022-08-26 14:14:44 - [TEST_STEP][PASSED] - response = getInstance().getCurrentResponse(): null

2022-08-26 14:14:44 - [MESSAGE][PASSED] - Verify response successfully

2022-08-26 14:14:44 - [MESSAGE][PASSED] - Send request and verify the response successfully

2022-08-26 14:14:44 - [TEST_STEP][PASSED] - val_time = response.getElapsedTime(): null

2022-08-26 14:14:44 - [TEST_STEP][PASSED] - status_login = response.getStatusCode(): null

2022-08-26 14:14:44 - [TEST_STEP][PASSED] - jsonString = response.getResponseText(): null

2022-08-26 14:14:44 - [TEST_STEP][PASSED] - slurper = new groovy.json.JsonSlurper(): null

2022-08-26 14:14:44 - [TEST_STEP][PASSED] - markWarning("JSON " + jsonString): JSON {"Type":"ERROR","ValidationMessage":"Tu usuario o contrase単a son incorrectos.","Content":null}

2022-08-26 14:14:44 - [MESSAGE][WARNING] - JSON {"Type":"ERROR","ValidationMessage":"Tu usuario o contrase単a son incorrectos.","Content":null}

2022-08-26 14:14:44 - [TEST_STEP][PASSED] - parsedJson = slurper.parseText(jsonString): null

2022-08-26 14:14:44 - [TEST_STEP][PASSED] - nom_func = "val_login": null

2022-08-26 14:14:44 - [TEST_STEP][PASSED] - almacena_datos_servicio.Val_mensaje_serv.valida_mensaje_serv_login(parsedJson, type, ValidationMessage): Exito

2022-08-26 14:14:44 - [MESSAGE][PASSED] - Exito

2022-08-26 14:14:44 - [TEST_STEP][PASSED] - almacena_datos_servicio.Val_mensaje_serv.guarda_salida_mensaje_serv_login(): almacena_datos_servicio.Val_mensaje_serv.guarda_salida_mensaje_serv_login is PASSED

2022-08-26 14:14:45 - [MESSAGE][PASSED] - almacena_datos_servicio.Val_mensaje_serv.guarda_salida_mensaje_serv_login is PASSED]]></system-out>
         <system-err><![CDATA[]]></system-err>
      </testcase>
      <testcase name="Test Cases/Login_param" time="2.898" classname="Test Cases/Login_param" status="PASSED">
         <system-out><![CDATA[2022-08-26 14:14:45 - [TEST_CASE][PASSED] - Test Cases/Login_param: Test Cases/Login_param

2022-08-26 14:14:45 - [TEST_STEP][PASSED] - regis = Integer.parseInt(registro): null

2022-08-26 14:14:45 - [TEST_STEP][PASSED] - response = sendRequestAndVerify(findTestObject("miNomina_Mareigua-ConsultarNomina/Login", ["Login":Login, "password":password])): Send request and verify the response successfully

2022-08-26 14:14:47 - [MESSAGE][INFO] - HAR: C:\Cenet\Cenet-Factura\Mareigua\miFactura_ws_Mareigua-25-08-2022\Reports\20220826_141407\miFactura_Mareigua\ConsultarConsolidadoFactura\20220826_141407\requests\main\4.har

2022-08-26 14:14:47 - [TEST_CASE][PASSED] - Start Test Case : Verification: Verification accomplished successfully

2022-08-26 14:14:48 - [TEST_STEP][PASSED] - request = getInstance().getCurrentRequest(): null

2022-08-26 14:14:48 - [TEST_STEP][PASSED] - response = getInstance().getCurrentResponse(): null

2022-08-26 14:14:48 - [MESSAGE][PASSED] - Verify response successfully

2022-08-26 14:14:48 - [MESSAGE][PASSED] - Send request and verify the response successfully

2022-08-26 14:14:48 - [TEST_STEP][PASSED] - val_time = response.getElapsedTime(): null

2022-08-26 14:14:48 - [TEST_STEP][PASSED] - status_login = response.getStatusCode(): null

2022-08-26 14:14:48 - [TEST_STEP][PASSED] - jsonString = response.getResponseText(): null

2022-08-26 14:14:48 - [TEST_STEP][PASSED] - slurper = new groovy.json.JsonSlurper(): null

2022-08-26 14:14:48 - [TEST_STEP][PASSED] - markWarning("JSON " + jsonString): JSON {"Type":"ERROR","ValidationMessage":"Tu usuario o contrase単a son incorrectos.","Content":null}

2022-08-26 14:14:48 - [MESSAGE][WARNING] - JSON {"Type":"ERROR","ValidationMessage":"Tu usuario o contrase単a son incorrectos.","Content":null}

2022-08-26 14:14:48 - [TEST_STEP][PASSED] - parsedJson = slurper.parseText(jsonString): null

2022-08-26 14:14:48 - [TEST_STEP][PASSED] - nom_func = "val_login": null

2022-08-26 14:14:48 - [TEST_STEP][PASSED] - almacena_datos_servicio.Val_mensaje_serv.valida_mensaje_serv_login(parsedJson, type, ValidationMessage): Exito

2022-08-26 14:14:48 - [MESSAGE][PASSED] - Exito

2022-08-26 14:14:48 - [TEST_STEP][PASSED] - almacena_datos_servicio.Val_mensaje_serv.guarda_salida_mensaje_serv_login(): almacena_datos_servicio.Val_mensaje_serv.guarda_salida_mensaje_serv_login is PASSED

2022-08-26 14:14:48 - [MESSAGE][PASSED] - almacena_datos_servicio.Val_mensaje_serv.guarda_salida_mensaje_serv_login is PASSED]]></system-out>
         <system-err><![CDATA[]]></system-err>
      </testcase>
      <testcase name="Test Cases/Login_param" time="2.066" classname="Test Cases/Login_param" status="PASSED">
         <system-out><![CDATA[2022-08-26 14:14:49 - [TEST_CASE][PASSED] - Test Cases/Login_param: Test Cases/Login_param

2022-08-26 14:14:49 - [TEST_STEP][PASSED] - regis = Integer.parseInt(registro): null

2022-08-26 14:14:49 - [TEST_STEP][PASSED] - response = sendRequestAndVerify(findTestObject("miNomina_Mareigua-ConsultarNomina/Login", ["Login":Login, "password":password])): Send request and verify the response successfully

2022-08-26 14:14:50 - [MESSAGE][INFO] - HAR: C:\Cenet\Cenet-Factura\Mareigua\miFactura_ws_Mareigua-25-08-2022\Reports\20220826_141407\miFactura_Mareigua\ConsultarConsolidadoFactura\20220826_141407\requests\main\5.har

2022-08-26 14:14:50 - [TEST_CASE][PASSED] - Start Test Case : Verification: Verification accomplished successfully

2022-08-26 14:14:50 - [TEST_STEP][PASSED] - request = getInstance().getCurrentRequest(): null

2022-08-26 14:14:50 - [TEST_STEP][PASSED] - response = getInstance().getCurrentResponse(): null

2022-08-26 14:14:50 - [MESSAGE][PASSED] - Verify response successfully

2022-08-26 14:14:50 - [MESSAGE][PASSED] - Send request and verify the response successfully

2022-08-26 14:14:50 - [TEST_STEP][PASSED] - val_time = response.getElapsedTime(): null

2022-08-26 14:14:50 - [TEST_STEP][PASSED] - status_login = response.getStatusCode(): null

2022-08-26 14:14:50 - [TEST_STEP][PASSED] - jsonString = response.getResponseText(): null

2022-08-26 14:14:50 - [TEST_STEP][PASSED] - slurper = new groovy.json.JsonSlurper(): null

2022-08-26 14:14:50 - [TEST_STEP][PASSED] - markWarning("JSON " + jsonString): JSON {"Type":"OK","ValidationMessage":null,"Content":{"JWT":"eyJhbGciOiJIUzI1NiIsInR5cCI6IkpXVCJ9.eyJ1bmlxdWVfbmFtZSI6ImRhdmVyIiwiZmFtaWx5X25hbWUiOiIxIiwiaHR0cDovL3NjaGVtYXMueG1sc29hcC5vcmcvd3MvMjAwNS8wNS9pZGVudGl0eS9jbGFpbXMvc2lkIjoiMSIsIm5iZiI6MTY2MTU0MTI5MCwiZXhwIjoxNjYxNjI3NjkwLCJpYXQiOjE2NjE1NDEyOTAsImlzcyI6Ik1pc0ZhY3R1cmFzIn0.du6BQJITrDkbzup3uVtZ7ujVnxAqi6T-UIvL4PXmsuM"}}

2022-08-26 14:14:50 - [MESSAGE][WARNING] - JSON {"Type":"OK","ValidationMessage":null,"Content":{"JWT":"eyJhbGciOiJIUzI1NiIsInR5cCI6IkpXVCJ9.eyJ1bmlxdWVfbmFtZSI6ImRhdmVyIiwiZmFtaWx5X25hbWUiOiIxIiwiaHR0cDovL3NjaGVtYXMueG1sc29hcC5vcmcvd3MvMjAwNS8wNS9pZGVudGl0eS9jbGFpbXMvc2lkIjoiMSIsIm5iZiI6MTY2MTU0MTI5MCwiZXhwIjoxNjYxNjI3NjkwLCJpYXQiOjE2NjE1NDEyOTAsImlzcyI6Ik1pc0ZhY3R1cmFzIn0.du6BQJITrDkbzup3uVtZ7ujVnxAqi6T-UIvL4PXmsuM"}}

2022-08-26 14:14:50 - [TEST_STEP][PASSED] - parsedJson = slurper.parseText(jsonString): null

2022-08-26 14:14:50 - [TEST_STEP][PASSED] - nom_func = "val_login": null

2022-08-26 14:14:50 - [TEST_STEP][PASSED] - almacena_datos_servicio.Val_mensaje_serv.valida_mensaje_serv_login(parsedJson, type, ValidationMessage): Exito

2022-08-26 14:14:50 - [MESSAGE][PASSED] - Exito

2022-08-26 14:14:50 - [TEST_STEP][PASSED] - almacena_datos_servicio.Val_mensaje_serv.guarda_salida_mensaje_serv_login(): almacena_datos_servicio.Val_mensaje_serv.guarda_salida_mensaje_serv_login is PASSED

2022-08-26 14:14:51 - [MESSAGE][PASSED] - almacena_datos_servicio.Val_mensaje_serv.guarda_salida_mensaje_serv_login is PASSED]]></system-out>
         <system-err><![CDATA[]]></system-err>
      </testcase>
      <testcase name="Test Cases/Login_param" time="1.4" classname="Test Cases/Login_param" status="PASSED">
         <system-out><![CDATA[2022-08-26 14:14:51 - [TEST_CASE][PASSED] - Test Cases/Login_param: Test Cases/Login_param

2022-08-26 14:14:51 - [TEST_STEP][PASSED] - regis = Integer.parseInt(registro): null

2022-08-26 14:14:51 - [TEST_STEP][PASSED] - response = sendRequestAndVerify(findTestObject("miNomina_Mareigua-ConsultarNomina/Login", ["Login":Login, "password":password])): Send request and verify the response successfully

2022-08-26 14:14:52 - [MESSAGE][INFO] - HAR: C:\Cenet\Cenet-Factura\Mareigua\miFactura_ws_Mareigua-25-08-2022\Reports\20220826_141407\miFactura_Mareigua\ConsultarConsolidadoFactura\20220826_141407\requests\main\6.har

2022-08-26 14:14:52 - [TEST_CASE][PASSED] - Start Test Case : Verification: Verification accomplished successfully

2022-08-26 14:14:52 - [TEST_STEP][PASSED] - request = getInstance().getCurrentRequest(): null

2022-08-26 14:14:52 - [TEST_STEP][PASSED] - response = getInstance().getCurrentResponse(): null

2022-08-26 14:14:52 - [MESSAGE][PASSED] - Verify response successfully

2022-08-26 14:14:52 - [MESSAGE][PASSED] - Send request and verify the response successfully

2022-08-26 14:14:52 - [TEST_STEP][PASSED] - val_time = response.getElapsedTime(): null

2022-08-26 14:14:52 - [TEST_STEP][PASSED] - status_login = response.getStatusCode(): null

2022-08-26 14:14:52 - [TEST_STEP][PASSED] - jsonString = response.getResponseText(): null

2022-08-26 14:14:52 - [TEST_STEP][PASSED] - slurper = new groovy.json.JsonSlurper(): null

2022-08-26 14:14:52 - [TEST_STEP][PASSED] - markWarning("JSON " + jsonString): JSON {"Type":"ERROR","ValidationMessage":"Tu usuario o contrase単a son incorrectos.","Content":null}

2022-08-26 14:14:52 - [MESSAGE][WARNING] - JSON {"Type":"ERROR","ValidationMessage":"Tu usuario o contrase単a son incorrectos.","Content":null}

2022-08-26 14:14:52 - [TEST_STEP][PASSED] - parsedJson = slurper.parseText(jsonString): null

2022-08-26 14:14:52 - [TEST_STEP][PASSED] - nom_func = "val_login": null

2022-08-26 14:14:52 - [TEST_STEP][PASSED] - almacena_datos_servicio.Val_mensaje_serv.valida_mensaje_serv_login(parsedJson, type, ValidationMessage): Exito

2022-08-26 14:14:52 - [MESSAGE][PASSED] - Exito

2022-08-26 14:14:52 - [TEST_STEP][PASSED] - almacena_datos_servicio.Val_mensaje_serv.guarda_salida_mensaje_serv_login(): almacena_datos_servicio.Val_mensaje_serv.guarda_salida_mensaje_serv_login is PASSED

2022-08-26 14:14:52 - [MESSAGE][PASSED] - almacena_datos_servicio.Val_mensaje_serv.guarda_salida_mensaje_serv_login is PASSED]]></system-out>
         <system-err><![CDATA[]]></system-err>
      </testcase>
      <testcase name="Test Cases/Login_param" time="1.321" classname="Test Cases/Login_param" status="PASSED">
         <system-out><![CDATA[2022-08-26 14:14:53 - [TEST_CASE][PASSED] - Test Cases/Login_param: Test Cases/Login_param

2022-08-26 14:14:53 - [TEST_STEP][PASSED] - regis = Integer.parseInt(registro): null

2022-08-26 14:14:53 - [TEST_STEP][PASSED] - response = sendRequestAndVerify(findTestObject("miNomina_Mareigua-ConsultarNomina/Login", ["Login":Login, "password":password])): Send request and verify the response successfully

2022-08-26 14:14:54 - [MESSAGE][INFO] - HAR: C:\Cenet\Cenet-Factura\Mareigua\miFactura_ws_Mareigua-25-08-2022\Reports\20220826_141407\miFactura_Mareigua\ConsultarConsolidadoFactura\20220826_141407\requests\main\7.har

2022-08-26 14:14:54 - [TEST_CASE][PASSED] - Start Test Case : Verification: Verification accomplished successfully

2022-08-26 14:14:54 - [TEST_STEP][PASSED] - request = getInstance().getCurrentRequest(): null

2022-08-26 14:14:54 - [TEST_STEP][PASSED] - response = getInstance().getCurrentResponse(): null

2022-08-26 14:14:54 - [MESSAGE][PASSED] - Verify response successfully

2022-08-26 14:14:54 - [MESSAGE][PASSED] - Send request and verify the response successfully

2022-08-26 14:14:54 - [TEST_STEP][PASSED] - val_time = response.getElapsedTime(): null

2022-08-26 14:14:54 - [TEST_STEP][PASSED] - status_login = response.getStatusCode(): null

2022-08-26 14:14:54 - [TEST_STEP][PASSED] - jsonString = response.getResponseText(): null

2022-08-26 14:14:54 - [TEST_STEP][PASSED] - slurper = new groovy.json.JsonSlurper(): null

2022-08-26 14:14:54 - [TEST_STEP][PASSED] - markWarning("JSON " + jsonString): JSON {"Type":"ERROR","ValidationMessage":"Tu usuario o contrase単a son incorrectos.","Content":null}

2022-08-26 14:14:54 - [MESSAGE][WARNING] - JSON {"Type":"ERROR","ValidationMessage":"Tu usuario o contrase単a son incorrectos.","Content":null}

2022-08-26 14:14:54 - [TEST_STEP][PASSED] - parsedJson = slurper.parseText(jsonString): null

2022-08-26 14:14:54 - [TEST_STEP][PASSED] - nom_func = "val_login": null

2022-08-26 14:14:54 - [TEST_STEP][PASSED] - almacena_datos_servicio.Val_mensaje_serv.valida_mensaje_serv_login(parsedJson, type, ValidationMessage): Exito

2022-08-26 14:14:54 - [MESSAGE][PASSED] - Exito

2022-08-26 14:14:54 - [TEST_STEP][PASSED] - almacena_datos_servicio.Val_mensaje_serv.guarda_salida_mensaje_serv_login(): almacena_datos_servicio.Val_mensaje_serv.guarda_salida_mensaje_serv_login is PASSED

2022-08-26 14:14:54 - [MESSAGE][PASSED] - almacena_datos_servicio.Val_mensaje_serv.guarda_salida_mensaje_serv_login is PASSED]]></system-out>
         <system-err><![CDATA[]]></system-err>
      </testcase>
      <testcase name="Test Cases/Login_param" time="1.906" classname="Test Cases/Login_param" status="PASSED">
         <system-out><![CDATA[2022-08-26 14:14:55 - [TEST_CASE][PASSED] - Test Cases/Login_param: Test Cases/Login_param

2022-08-26 14:14:55 - [TEST_STEP][PASSED] - regis = Integer.parseInt(registro): null

2022-08-26 14:14:55 - [TEST_STEP][PASSED] - response = sendRequestAndVerify(findTestObject("miNomina_Mareigua-ConsultarNomina/Login", ["Login":Login, "password":password])): Send request and verify the response successfully

2022-08-26 14:14:56 - [MESSAGE][INFO] - HAR: C:\Cenet\Cenet-Factura\Mareigua\miFactura_ws_Mareigua-25-08-2022\Reports\20220826_141407\miFactura_Mareigua\ConsultarConsolidadoFactura\20220826_141407\requests\main\8.har

2022-08-26 14:14:56 - [TEST_CASE][PASSED] - Start Test Case : Verification: Verification accomplished successfully

2022-08-26 14:14:56 - [TEST_STEP][PASSED] - request = getInstance().getCurrentRequest(): null

2022-08-26 14:14:56 - [TEST_STEP][PASSED] - response = getInstance().getCurrentResponse(): null

2022-08-26 14:14:56 - [MESSAGE][PASSED] - Verify response successfully

2022-08-26 14:14:56 - [MESSAGE][PASSED] - Send request and verify the response successfully

2022-08-26 14:14:56 - [TEST_STEP][PASSED] - val_time = response.getElapsedTime(): null

2022-08-26 14:14:56 - [TEST_STEP][PASSED] - status_login = response.getStatusCode(): null

2022-08-26 14:14:56 - [TEST_STEP][PASSED] - jsonString = response.getResponseText(): null

2022-08-26 14:14:56 - [TEST_STEP][PASSED] - slurper = new groovy.json.JsonSlurper(): null

2022-08-26 14:14:56 - [TEST_STEP][PASSED] - markWarning("JSON " + jsonString): JSON {"Type":"ERROR","ValidationMessage":"Tu usuario o contrase単a son incorrectos.","Content":null}

2022-08-26 14:14:56 - [MESSAGE][WARNING] - JSON {"Type":"ERROR","ValidationMessage":"Tu usuario o contrase単a son incorrectos.","Content":null}

2022-08-26 14:14:56 - [TEST_STEP][PASSED] - parsedJson = slurper.parseText(jsonString): null

2022-08-26 14:14:56 - [TEST_STEP][PASSED] - nom_func = "val_login": null

2022-08-26 14:14:56 - [TEST_STEP][PASSED] - almacena_datos_servicio.Val_mensaje_serv.valida_mensaje_serv_login(parsedJson, type, ValidationMessage): Exito

2022-08-26 14:14:56 - [MESSAGE][PASSED] - Exito

2022-08-26 14:14:56 - [TEST_STEP][PASSED] - almacena_datos_servicio.Val_mensaje_serv.guarda_salida_mensaje_serv_login(): almacena_datos_servicio.Val_mensaje_serv.guarda_salida_mensaje_serv_login is PASSED

2022-08-26 14:14:57 - [MESSAGE][PASSED] - almacena_datos_servicio.Val_mensaje_serv.guarda_salida_mensaje_serv_login is PASSED]]></system-out>
         <system-err><![CDATA[]]></system-err>
      </testcase>
      <testcase name="Test Cases/Login_param" time="1.859" classname="Test Cases/Login_param" status="PASSED">
         <system-out><![CDATA[2022-08-26 14:14:57 - [TEST_CASE][PASSED] - Test Cases/Login_param: Test Cases/Login_param

2022-08-26 14:14:57 - [TEST_STEP][PASSED] - regis = Integer.parseInt(registro): null

2022-08-26 14:14:57 - [TEST_STEP][PASSED] - response = sendRequestAndVerify(findTestObject("miNomina_Mareigua-ConsultarNomina/Login", ["Login":Login, "password":password])): Send request and verify the response successfully

2022-08-26 14:14:58 - [MESSAGE][INFO] - HAR: C:\Cenet\Cenet-Factura\Mareigua\miFactura_ws_Mareigua-25-08-2022\Reports\20220826_141407\miFactura_Mareigua\ConsultarConsolidadoFactura\20220826_141407\requests\main\9.har

2022-08-26 14:14:58 - [TEST_CASE][PASSED] - Start Test Case : Verification: Verification accomplished successfully

2022-08-26 14:14:59 - [TEST_STEP][PASSED] - request = getInstance().getCurrentRequest(): null

2022-08-26 14:14:59 - [TEST_STEP][PASSED] - response = getInstance().getCurrentResponse(): null

2022-08-26 14:14:59 - [MESSAGE][PASSED] - Verify response successfully

2022-08-26 14:14:59 - [MESSAGE][PASSED] - Send request and verify the response successfully

2022-08-26 14:14:59 - [TEST_STEP][PASSED] - val_time = response.getElapsedTime(): null

2022-08-26 14:14:59 - [TEST_STEP][PASSED] - status_login = response.getStatusCode(): null

2022-08-26 14:14:59 - [TEST_STEP][PASSED] - jsonString = response.getResponseText(): null

2022-08-26 14:14:59 - [TEST_STEP][PASSED] - slurper = new groovy.json.JsonSlurper(): null

2022-08-26 14:14:59 - [TEST_STEP][PASSED] - markWarning("JSON " + jsonString): JSON {"Type":"ERROR","ValidationMessage":"Tu usuario o contrase単a son incorrectos.","Content":null}

2022-08-26 14:14:59 - [MESSAGE][WARNING] - JSON {"Type":"ERROR","ValidationMessage":"Tu usuario o contrase単a son incorrectos.","Content":null}

2022-08-26 14:14:59 - [TEST_STEP][PASSED] - parsedJson = slurper.parseText(jsonString): null

2022-08-26 14:14:59 - [TEST_STEP][PASSED] - nom_func = "val_login": null

2022-08-26 14:14:59 - [TEST_STEP][PASSED] - almacena_datos_servicio.Val_mensaje_serv.valida_mensaje_serv_login(parsedJson, type, ValidationMessage): Exito

2022-08-26 14:14:59 - [MESSAGE][PASSED] - Exito

2022-08-26 14:14:59 - [TEST_STEP][PASSED] - almacena_datos_servicio.Val_mensaje_serv.guarda_salida_mensaje_serv_login(): almacena_datos_servicio.Val_mensaje_serv.guarda_salida_mensaje_serv_login is PASSED

2022-08-26 14:14:59 - [MESSAGE][PASSED] - almacena_datos_servicio.Val_mensaje_serv.guarda_salida_mensaje_serv_login is PASSED]]></system-out>
         <system-err><![CDATA[]]></system-err>
      </testcase>
      <testcase name="Test Cases/Login_param" time="1.477" classname="Test Cases/Login_param" status="PASSED">
         <system-out><![CDATA[2022-08-26 14:14:59 - [TEST_CASE][PASSED] - Test Cases/Login_param: Test Cases/Login_param

2022-08-26 14:14:59 - [TEST_STEP][PASSED] - regis = Integer.parseInt(registro): null

2022-08-26 14:14:59 - [TEST_STEP][PASSED] - response = sendRequestAndVerify(findTestObject("miNomina_Mareigua-ConsultarNomina/Login", ["Login":Login, "password":password])): Send request and verify the response successfully

2022-08-26 14:15:00 - [MESSAGE][INFO] - HAR: C:\Cenet\Cenet-Factura\Mareigua\miFactura_ws_Mareigua-25-08-2022\Reports\20220826_141407\miFactura_Mareigua\ConsultarConsolidadoFactura\20220826_141407\requests\main\10.har

2022-08-26 14:15:00 - [TEST_CASE][PASSED] - Start Test Case : Verification: Verification accomplished successfully

2022-08-26 14:15:00 - [TEST_STEP][PASSED] - request = getInstance().getCurrentRequest(): null

2022-08-26 14:15:00 - [TEST_STEP][PASSED] - response = getInstance().getCurrentResponse(): null

2022-08-26 14:15:00 - [MESSAGE][PASSED] - Verify response successfully

2022-08-26 14:15:00 - [MESSAGE][PASSED] - Send request and verify the response successfully

2022-08-26 14:15:00 - [TEST_STEP][PASSED] - val_time = response.getElapsedTime(): null

2022-08-26 14:15:00 - [TEST_STEP][PASSED] - status_login = response.getStatusCode(): null

2022-08-26 14:15:00 - [TEST_STEP][PASSED] - jsonString = response.getResponseText(): null

2022-08-26 14:15:00 - [TEST_STEP][PASSED] - slurper = new groovy.json.JsonSlurper(): null

2022-08-26 14:15:00 - [TEST_STEP][PASSED] - markWarning("JSON " + jsonString): JSON {"Type":"OK","ValidationMessage":null,"Content":{"JWT":"eyJhbGciOiJIUzI1NiIsInR5cCI6IkpXVCJ9.eyJ1bmlxdWVfbmFtZSI6ImRhdmVyIiwiZmFtaWx5X25hbWUiOiIxIiwiaHR0cDovL3NjaGVtYXMueG1sc29hcC5vcmcvd3MvMjAwNS8wNS9pZGVudGl0eS9jbGFpbXMvc2lkIjoiMSIsIm5iZiI6MTY2MTU0MTMwMCwiZXhwIjoxNjYxNjI3NzAwLCJpYXQiOjE2NjE1NDEzMDAsImlzcyI6Ik1pc0ZhY3R1cmFzIn0.4tSYl0252aUcNch_dRPZclSBOUxbmt_sYkeiUdzzv5E"}}

2022-08-26 14:15:00 - [MESSAGE][WARNING] - JSON {"Type":"OK","ValidationMessage":null,"Content":{"JWT":"eyJhbGciOiJIUzI1NiIsInR5cCI6IkpXVCJ9.eyJ1bmlxdWVfbmFtZSI6ImRhdmVyIiwiZmFtaWx5X25hbWUiOiIxIiwiaHR0cDovL3NjaGVtYXMueG1sc29hcC5vcmcvd3MvMjAwNS8wNS9pZGVudGl0eS9jbGFpbXMvc2lkIjoiMSIsIm5iZiI6MTY2MTU0MTMwMCwiZXhwIjoxNjYxNjI3NzAwLCJpYXQiOjE2NjE1NDEzMDAsImlzcyI6Ik1pc0ZhY3R1cmFzIn0.4tSYl0252aUcNch_dRPZclSBOUxbmt_sYkeiUdzzv5E"}}

2022-08-26 14:15:00 - [TEST_STEP][PASSED] - parsedJson = slurper.parseText(jsonString): null

2022-08-26 14:15:00 - [TEST_STEP][PASSED] - nom_func = "val_login": null

2022-08-26 14:15:00 - [TEST_STEP][PASSED] - almacena_datos_servicio.Val_mensaje_serv.valida_mensaje_serv_login(parsedJson, type, ValidationMessage): Exito

2022-08-26 14:15:00 - [MESSAGE][PASSED] - Exito

2022-08-26 14:15:00 - [TEST_STEP][PASSED] - almacena_datos_servicio.Val_mensaje_serv.guarda_salida_mensaje_serv_login(): almacena_datos_servicio.Val_mensaje_serv.guarda_salida_mensaje_serv_login is PASSED

2022-08-26 14:15:00 - [MESSAGE][PASSED] - almacena_datos_servicio.Val_mensaje_serv.guarda_salida_mensaje_serv_login is PASSED]]></system-out>
         <system-err><![CDATA[]]></system-err>
      </testcase>
      <testcase name="Test Cases/Login_param" time="1.064" classname="Test Cases/Login_param" status="PASSED">
         <system-out><![CDATA[2022-08-26 14:15:00 - [TEST_CASE][PASSED] - Test Cases/Login_param: Test Cases/Login_param

2022-08-26 14:15:00 - [TEST_STEP][PASSED] - regis = Integer.parseInt(registro): null

2022-08-26 14:15:00 - [TEST_STEP][PASSED] - response = sendRequestAndVerify(findTestObject("miNomina_Mareigua-ConsultarNomina/Login", ["Login":Login, "password":password])): Send request and verify the response successfully

2022-08-26 14:15:01 - [MESSAGE][INFO] - HAR: C:\Cenet\Cenet-Factura\Mareigua\miFactura_ws_Mareigua-25-08-2022\Reports\20220826_141407\miFactura_Mareigua\ConsultarConsolidadoFactura\20220826_141407\requests\main\11.har

2022-08-26 14:15:01 - [TEST_CASE][PASSED] - Start Test Case : Verification: Verification accomplished successfully

2022-08-26 14:15:01 - [TEST_STEP][PASSED] - request = getInstance().getCurrentRequest(): null

2022-08-26 14:15:01 - [TEST_STEP][PASSED] - response = getInstance().getCurrentResponse(): null

2022-08-26 14:15:01 - [MESSAGE][PASSED] - Verify response successfully

2022-08-26 14:15:01 - [MESSAGE][PASSED] - Send request and verify the response successfully

2022-08-26 14:15:01 - [TEST_STEP][PASSED] - val_time = response.getElapsedTime(): null

2022-08-26 14:15:01 - [TEST_STEP][PASSED] - status_login = response.getStatusCode(): null

2022-08-26 14:15:01 - [TEST_STEP][PASSED] - jsonString = response.getResponseText(): null

2022-08-26 14:15:01 - [TEST_STEP][PASSED] - slurper = new groovy.json.JsonSlurper(): null

2022-08-26 14:15:01 - [TEST_STEP][PASSED] - markWarning("JSON " + jsonString): JSON {"Type":"ERROR","ValidationMessage":"Tu usuario o contrase単a son incorrectos.","Content":null}

2022-08-26 14:15:01 - [MESSAGE][WARNING] - JSON {"Type":"ERROR","ValidationMessage":"Tu usuario o contrase単a son incorrectos.","Content":null}

2022-08-26 14:15:01 - [TEST_STEP][PASSED] - parsedJson = slurper.parseText(jsonString): null

2022-08-26 14:15:01 - [TEST_STEP][PASSED] - nom_func = "val_login": null

2022-08-26 14:15:01 - [TEST_STEP][PASSED] - almacena_datos_servicio.Val_mensaje_serv.valida_mensaje_serv_login(parsedJson, type, ValidationMessage): Exito

2022-08-26 14:15:01 - [MESSAGE][PASSED] - Exito

2022-08-26 14:15:01 - [TEST_STEP][PASSED] - almacena_datos_servicio.Val_mensaje_serv.guarda_salida_mensaje_serv_login(): almacena_datos_servicio.Val_mensaje_serv.guarda_salida_mensaje_serv_login is PASSED

2022-08-26 14:15:02 - [MESSAGE][PASSED] - almacena_datos_servicio.Val_mensaje_serv.guarda_salida_mensaje_serv_login is PASSED]]></system-out>
         <system-err><![CDATA[]]></system-err>
      </testcase>
      <testcase name="Test Cases/Login_param" time="1.613" classname="Test Cases/Login_param" status="PASSED">
         <system-out><![CDATA[2022-08-26 14:15:02 - [TEST_CASE][PASSED] - Test Cases/Login_param: Test Cases/Login_param

2022-08-26 14:15:02 - [TEST_STEP][PASSED] - regis = Integer.parseInt(registro): null

2022-08-26 14:15:02 - [TEST_STEP][PASSED] - response = sendRequestAndVerify(findTestObject("miNomina_Mareigua-ConsultarNomina/Login", ["Login":Login, "password":password])): Send request and verify the response successfully

2022-08-26 14:15:03 - [MESSAGE][INFO] - HAR: C:\Cenet\Cenet-Factura\Mareigua\miFactura_ws_Mareigua-25-08-2022\Reports\20220826_141407\miFactura_Mareigua\ConsultarConsolidadoFactura\20220826_141407\requests\main\12.har

2022-08-26 14:15:03 - [TEST_CASE][PASSED] - Start Test Case : Verification: Verification accomplished successfully

2022-08-26 14:15:03 - [TEST_STEP][PASSED] - request = getInstance().getCurrentRequest(): null

2022-08-26 14:15:03 - [TEST_STEP][PASSED] - response = getInstance().getCurrentResponse(): null

2022-08-26 14:15:03 - [MESSAGE][PASSED] - Verify response successfully

2022-08-26 14:15:03 - [MESSAGE][PASSED] - Send request and verify the response successfully

2022-08-26 14:15:03 - [TEST_STEP][PASSED] - val_time = response.getElapsedTime(): null

2022-08-26 14:15:03 - [TEST_STEP][PASSED] - status_login = response.getStatusCode(): null

2022-08-26 14:15:03 - [TEST_STEP][PASSED] - jsonString = response.getResponseText(): null

2022-08-26 14:15:03 - [TEST_STEP][PASSED] - slurper = new groovy.json.JsonSlurper(): null

2022-08-26 14:15:03 - [TEST_STEP][PASSED] - markWarning("JSON " + jsonString): JSON {"Type":"ERROR","ValidationMessage":"Tu usuario o contrase単a son incorrectos.","Content":null}

2022-08-26 14:15:03 - [MESSAGE][WARNING] - JSON {"Type":"ERROR","ValidationMessage":"Tu usuario o contrase単a son incorrectos.","Content":null}

2022-08-26 14:15:03 - [TEST_STEP][PASSED] - parsedJson = slurper.parseText(jsonString): null

2022-08-26 14:15:03 - [TEST_STEP][PASSED] - nom_func = "val_login": null

2022-08-26 14:15:03 - [TEST_STEP][PASSED] - almacena_datos_servicio.Val_mensaje_serv.valida_mensaje_serv_login(parsedJson, type, ValidationMessage): Exito

2022-08-26 14:15:03 - [MESSAGE][PASSED] - Exito

2022-08-26 14:15:03 - [TEST_STEP][PASSED] - almacena_datos_servicio.Val_mensaje_serv.guarda_salida_mensaje_serv_login(): almacena_datos_servicio.Val_mensaje_serv.guarda_salida_mensaje_serv_login is PASSED

2022-08-26 14:15:03 - [MESSAGE][PASSED] - almacena_datos_servicio.Val_mensaje_serv.guarda_salida_mensaje_serv_login is PASSED]]></system-out>
         <system-err><![CDATA[]]></system-err>
      </testcase>
      <testcase name="Test Cases/Login_param" time="1.053" classname="Test Cases/Login_param" status="PASSED">
         <system-out><![CDATA[2022-08-26 14:15:03 - [TEST_CASE][PASSED] - Test Cases/Login_param: Test Cases/Login_param

2022-08-26 14:15:03 - [TEST_STEP][PASSED] - regis = Integer.parseInt(registro): null

2022-08-26 14:15:03 - [TEST_STEP][PASSED] - response = sendRequestAndVerify(findTestObject("miNomina_Mareigua-ConsultarNomina/Login", ["Login":Login, "password":password])): Send request and verify the response successfully

2022-08-26 14:15:04 - [MESSAGE][INFO] - HAR: C:\Cenet\Cenet-Factura\Mareigua\miFactura_ws_Mareigua-25-08-2022\Reports\20220826_141407\miFactura_Mareigua\ConsultarConsolidadoFactura\20220826_141407\requests\main\13.har

2022-08-26 14:15:04 - [TEST_CASE][PASSED] - Start Test Case : Verification: Verification accomplished successfully

2022-08-26 14:15:04 - [TEST_STEP][PASSED] - request = getInstance().getCurrentRequest(): null

2022-08-26 14:15:04 - [TEST_STEP][PASSED] - response = getInstance().getCurrentResponse(): null

2022-08-26 14:15:04 - [MESSAGE][PASSED] - Verify response successfully

2022-08-26 14:15:04 - [MESSAGE][PASSED] - Send request and verify the response successfully

2022-08-26 14:15:04 - [TEST_STEP][PASSED] - val_time = response.getElapsedTime(): null

2022-08-26 14:15:04 - [TEST_STEP][PASSED] - status_login = response.getStatusCode(): null

2022-08-26 14:15:04 - [TEST_STEP][PASSED] - jsonString = response.getResponseText(): null

2022-08-26 14:15:04 - [TEST_STEP][PASSED] - slurper = new groovy.json.JsonSlurper(): null

2022-08-26 14:15:04 - [TEST_STEP][PASSED] - markWarning("JSON " + jsonString): JSON {"Type":"ERROR","ValidationMessage":"Tu usuario o contrase単a son incorrectos.","Content":null}

2022-08-26 14:15:04 - [MESSAGE][WARNING] - JSON {"Type":"ERROR","ValidationMessage":"Tu usuario o contrase単a son incorrectos.","Content":null}

2022-08-26 14:15:04 - [TEST_STEP][PASSED] - parsedJson = slurper.parseText(jsonString): null

2022-08-26 14:15:04 - [TEST_STEP][PASSED] - nom_func = "val_login": null

2022-08-26 14:15:04 - [TEST_STEP][PASSED] - almacena_datos_servicio.Val_mensaje_serv.valida_mensaje_serv_login(parsedJson, type, ValidationMessage): Exito

2022-08-26 14:15:04 - [MESSAGE][PASSED] - Exito

2022-08-26 14:15:04 - [TEST_STEP][PASSED] - almacena_datos_servicio.Val_mensaje_serv.guarda_salida_mensaje_serv_login(): almacena_datos_servicio.Val_mensaje_serv.guarda_salida_mensaje_serv_login is PASSED

2022-08-26 14:15:04 - [MESSAGE][PASSED] - almacena_datos_servicio.Val_mensaje_serv.guarda_salida_mensaje_serv_login is PASSED]]></system-out>
         <system-err><![CDATA[]]></system-err>
      </testcase>
      <testcase name="Test Cases/Login_param" time="1.57" classname="Test Cases/Login_param" status="PASSED">
         <system-out><![CDATA[2022-08-26 14:15:05 - [TEST_CASE][PASSED] - Test Cases/Login_param: Test Cases/Login_param

2022-08-26 14:15:05 - [TEST_STEP][PASSED] - regis = Integer.parseInt(registro): null

2022-08-26 14:15:05 - [TEST_STEP][PASSED] - response = sendRequestAndVerify(findTestObject("miNomina_Mareigua-ConsultarNomina/Login", ["Login":Login, "password":password])): Send request and verify the response successfully

2022-08-26 14:15:05 - [MESSAGE][INFO] - HAR: C:\Cenet\Cenet-Factura\Mareigua\miFactura_ws_Mareigua-25-08-2022\Reports\20220826_141407\miFactura_Mareigua\ConsultarConsolidadoFactura\20220826_141407\requests\main\14.har

2022-08-26 14:15:05 - [TEST_CASE][PASSED] - Start Test Case : Verification: Verification accomplished successfully

2022-08-26 14:15:06 - [TEST_STEP][PASSED] - request = getInstance().getCurrentRequest(): null

2022-08-26 14:15:06 - [TEST_STEP][PASSED] - response = getInstance().getCurrentResponse(): null

2022-08-26 14:15:06 - [MESSAGE][PASSED] - Verify response successfully

2022-08-26 14:15:06 - [MESSAGE][PASSED] - Send request and verify the response successfully

2022-08-26 14:15:06 - [TEST_STEP][PASSED] - val_time = response.getElapsedTime(): null

2022-08-26 14:15:06 - [TEST_STEP][PASSED] - status_login = response.getStatusCode(): null

2022-08-26 14:15:06 - [TEST_STEP][PASSED] - jsonString = response.getResponseText(): null

2022-08-26 14:15:06 - [TEST_STEP][PASSED] - slurper = new groovy.json.JsonSlurper(): null

2022-08-26 14:15:06 - [TEST_STEP][PASSED] - markWarning("JSON " + jsonString): JSON {"Type":"ERROR","ValidationMessage":"Tu usuario o contrase単a son incorrectos.","Content":null}

2022-08-26 14:15:06 - [MESSAGE][WARNING] - JSON {"Type":"ERROR","ValidationMessage":"Tu usuario o contrase単a son incorrectos.","Content":null}

2022-08-26 14:15:06 - [TEST_STEP][PASSED] - parsedJson = slurper.parseText(jsonString): null

2022-08-26 14:15:06 - [TEST_STEP][PASSED] - nom_func = "val_login": null

2022-08-26 14:15:06 - [TEST_STEP][PASSED] - almacena_datos_servicio.Val_mensaje_serv.valida_mensaje_serv_login(parsedJson, type, ValidationMessage): Exito

2022-08-26 14:15:06 - [MESSAGE][PASSED] - Exito

2022-08-26 14:15:06 - [TEST_STEP][PASSED] - almacena_datos_servicio.Val_mensaje_serv.guarda_salida_mensaje_serv_login(): almacena_datos_servicio.Val_mensaje_serv.guarda_salida_mensaje_serv_login is PASSED

2022-08-26 14:15:06 - [MESSAGE][PASSED] - almacena_datos_servicio.Val_mensaje_serv.guarda_salida_mensaje_serv_login is PASSED]]></system-out>
         <system-err><![CDATA[]]></system-err>
      </testcase>
      <system-out><![CDATA[2022-08-26 14:14:20 - [TEST_SUITE][PASSED] - ConsultarConsolidadoFactura: Test Cases/Login_param]]></system-out>
      <system-err><![CDATA[]]></system-err>
   </testsuite>
</testsuites>
