<?xml version="1.0" encoding="UTF-8"?>
<testsuites name="ConsultarConsolidadoFactura" time="47.405" tests="15" failures="0" errors="0">
   <testsuite name="ConsultarConsolidadoFactura" tests="15" failures="0" errors="0" time="47.405" skipped="0" timestamp="2022-08-26 15:23:28" hostname="cenet - DESKTOP-4DPQOK0" id="Test Suites/miFactura_Mareigua/ConsultarConsolidadoFactura">
      <properties>
         <property name="deviceName" value=""/>
         <property name="devicePlatform" value=""/>
         <property name="logFolder" value="C:\\Cenet\\Cenet-Factura\\Mareigua\\miFactura_ws_Mareigua-25-08-2022\\Reports\\20220826_152313\\miFactura_Mareigua\\ConsultarConsolidadoFactura\\20220826_152313"/>
         <property name="logFiles" value="C:\\Cenet\\Cenet-Factura\\Mareigua\\miFactura_ws_Mareigua-25-08-2022\\Reports\\20220826_152313\\miFactura_Mareigua\\ConsultarConsolidadoFactura\\20220826_152313\\execution0.log"/>
         <property name="attachments" value=""/>
         <property name="hostName" value="cenet - DESKTOP-4DPQOK0"/>
         <property name="hostAddress" value="192.168.1.127"/>
         <property name="os" value="Windows 10 64bit"/>
         <property name="katalonVersion" value="8.3.0.208"/>
      </properties>
      <testcase name="Test Cases/Login_param" time="15.484" classname="Test Cases/Login_param" status="PASSED">
         <system-out><![CDATA[2022-08-26 15:23:30 - [TEST_CASE][PASSED] - Test Cases/Login_param: Test Cases/Login_param

2022-08-26 15:23:31 - [TEST_STEP][PASSED] - regis = Integer.parseInt(registro): null

2022-08-26 15:23:32 - [TEST_STEP][PASSED] - response = sendRequestAndVerify(findTestObject("miNomina_Mareigua-ConsultarNomina/Login", ["Login":Login, "password":password])): Send request and verify the response successfully

2022-08-26 15:23:41 - [MESSAGE][INFO] - HAR: C:\Cenet\Cenet-Factura\Mareigua\miFactura_ws_Mareigua-25-08-2022\Reports\20220826_152313\miFactura_Mareigua\ConsultarConsolidadoFactura\20220826_152313\requests\main\0.har

2022-08-26 15:23:42 - [TEST_CASE][PASSED] - Start Test Case : Verification: Verification accomplished successfully

2022-08-26 15:23:42 - [TEST_STEP][PASSED] - request = getInstance().getCurrentRequest(): null

2022-08-26 15:23:42 - [TEST_STEP][PASSED] - response = getInstance().getCurrentResponse(): null

2022-08-26 15:23:42 - [MESSAGE][PASSED] - Verify response successfully

2022-08-26 15:23:42 - [MESSAGE][PASSED] - Send request and verify the response successfully

2022-08-26 15:23:42 - [TEST_STEP][PASSED] - val_time = response.getElapsedTime(): null

2022-08-26 15:23:43 - [TEST_STEP][PASSED] - status_login = response.getStatusCode(): null

2022-08-26 15:23:43 - [TEST_STEP][PASSED] - jsonString = response.getResponseText(): null

2022-08-26 15:23:43 - [TEST_STEP][PASSED] - slurper = new groovy.json.JsonSlurper(): null

2022-08-26 15:23:43 - [TEST_STEP][PASSED] - markWarning("JSON " + jsonString): JSON {"Type":"OK","ValidationMessage":null,"Content":{"JWT":"eyJhbGciOiJIUzI1NiIsInR5cCI6IkpXVCJ9.eyJ1bmlxdWVfbmFtZSI6ImRhdmVyIiwiZmFtaWx5X25hbWUiOiIxIiwiaHR0cDovL3NjaGVtYXMueG1sc29hcC5vcmcvd3MvMjAwNS8wNS9pZGVudGl0eS9jbGFpbXMvc2lkIjoiMSIsIm5iZiI6MTY2MTU0NTQyMCwiZXhwIjoxNjYxNjMxODIwLCJpYXQiOjE2NjE1NDU0MjAsImlzcyI6Ik1pc0ZhY3R1cmFzIn0.YvKjgECjytbESIVRum394zngyuwYAB4cbvqylC2MBZI"}}

2022-08-26 15:23:43 - [MESSAGE][WARNING] - JSON {"Type":"OK","ValidationMessage":null,"Content":{"JWT":"eyJhbGciOiJIUzI1NiIsInR5cCI6IkpXVCJ9.eyJ1bmlxdWVfbmFtZSI6ImRhdmVyIiwiZmFtaWx5X25hbWUiOiIxIiwiaHR0cDovL3NjaGVtYXMueG1sc29hcC5vcmcvd3MvMjAwNS8wNS9pZGVudGl0eS9jbGFpbXMvc2lkIjoiMSIsIm5iZiI6MTY2MTU0NTQyMCwiZXhwIjoxNjYxNjMxODIwLCJpYXQiOjE2NjE1NDU0MjAsImlzcyI6Ik1pc0ZhY3R1cmFzIn0.YvKjgECjytbESIVRum394zngyuwYAB4cbvqylC2MBZI"}}

2022-08-26 15:23:43 - [TEST_STEP][PASSED] - parsedJson = slurper.parseText(jsonString): null

2022-08-26 15:23:43 - [TEST_STEP][PASSED] - nom_func = "val_login": null

2022-08-26 15:23:43 - [TEST_STEP][PASSED] - almacena_datos_servicio.Val_mensaje_serv.valida_mensaje_serv_login(parsedJson, type, ValidationMessage): Exito

2022-08-26 15:23:43 - [MESSAGE][PASSED] - Exito

2022-08-26 15:23:43 - [TEST_STEP][PASSED] - almacena_datos_servicio.Val_mensaje_serv.guarda_salida_mensaje_serv_login(): almacena_datos_servicio.Val_mensaje_serv.guarda_salida_mensaje_serv_login is PASSED

2022-08-26 15:23:45 - [MESSAGE][PASSED] - almacena_datos_servicio.Val_mensaje_serv.guarda_salida_mensaje_serv_login is PASSED]]></system-out>
         <system-err><![CDATA[]]></system-err>
      </testcase>
      <testcase name="Test Cases/Login_param" time="2.048" classname="Test Cases/Login_param" status="PASSED">
         <system-out><![CDATA[2022-08-26 15:23:45 - [TEST_CASE][PASSED] - Test Cases/Login_param: Test Cases/Login_param

2022-08-26 15:23:46 - [TEST_STEP][PASSED] - regis = Integer.parseInt(registro): null

2022-08-26 15:23:46 - [TEST_STEP][PASSED] - response = sendRequestAndVerify(findTestObject("miNomina_Mareigua-ConsultarNomina/Login", ["Login":Login, "password":password])): Send request and verify the response successfully

2022-08-26 15:23:46 - [MESSAGE][INFO] - HAR: C:\Cenet\Cenet-Factura\Mareigua\miFactura_ws_Mareigua-25-08-2022\Reports\20220826_152313\miFactura_Mareigua\ConsultarConsolidadoFactura\20220826_152313\requests\main\1.har

2022-08-26 15:23:46 - [TEST_CASE][PASSED] - Start Test Case : Verification: Verification accomplished successfully

2022-08-26 15:23:47 - [TEST_STEP][PASSED] - request = getInstance().getCurrentRequest(): null

2022-08-26 15:23:47 - [TEST_STEP][PASSED] - response = getInstance().getCurrentResponse(): null

2022-08-26 15:23:47 - [MESSAGE][PASSED] - Verify response successfully

2022-08-26 15:23:47 - [MESSAGE][PASSED] - Send request and verify the response successfully

2022-08-26 15:23:47 - [TEST_STEP][PASSED] - val_time = response.getElapsedTime(): null

2022-08-26 15:23:47 - [TEST_STEP][PASSED] - status_login = response.getStatusCode(): null

2022-08-26 15:23:47 - [TEST_STEP][PASSED] - jsonString = response.getResponseText(): null

2022-08-26 15:23:47 - [TEST_STEP][PASSED] - slurper = new groovy.json.JsonSlurper(): null

2022-08-26 15:23:47 - [TEST_STEP][PASSED] - markWarning("JSON " + jsonString): JSON {"Type":"ERROR","ValidationMessage":"Tu usuario o contrase単a son incorrectos.","Content":null}

2022-08-26 15:23:47 - [MESSAGE][WARNING] - JSON {"Type":"ERROR","ValidationMessage":"Tu usuario o contrase単a son incorrectos.","Content":null}

2022-08-26 15:23:47 - [TEST_STEP][PASSED] - parsedJson = slurper.parseText(jsonString): null

2022-08-26 15:23:47 - [TEST_STEP][PASSED] - nom_func = "val_login": null

2022-08-26 15:23:47 - [TEST_STEP][PASSED] - almacena_datos_servicio.Val_mensaje_serv.valida_mensaje_serv_login(parsedJson, type, ValidationMessage): Exito

2022-08-26 15:23:47 - [MESSAGE][PASSED] - Exito

2022-08-26 15:23:47 - [TEST_STEP][PASSED] - almacena_datos_servicio.Val_mensaje_serv.guarda_salida_mensaje_serv_login(): almacena_datos_servicio.Val_mensaje_serv.guarda_salida_mensaje_serv_login is PASSED

2022-08-26 15:23:47 - [MESSAGE][PASSED] - almacena_datos_servicio.Val_mensaje_serv.guarda_salida_mensaje_serv_login is PASSED]]></system-out>
         <system-err><![CDATA[]]></system-err>
      </testcase>
      <testcase name="Test Cases/Login_param" time="1.56" classname="Test Cases/Login_param" status="PASSED">
         <system-out><![CDATA[2022-08-26 15:23:48 - [TEST_CASE][PASSED] - Test Cases/Login_param: Test Cases/Login_param

2022-08-26 15:23:48 - [TEST_STEP][PASSED] - regis = Integer.parseInt(registro): null

2022-08-26 15:23:48 - [TEST_STEP][PASSED] - response = sendRequestAndVerify(findTestObject("miNomina_Mareigua-ConsultarNomina/Login", ["Login":Login, "password":password])): Send request and verify the response successfully

2022-08-26 15:23:49 - [MESSAGE][INFO] - HAR: C:\Cenet\Cenet-Factura\Mareigua\miFactura_ws_Mareigua-25-08-2022\Reports\20220826_152313\miFactura_Mareigua\ConsultarConsolidadoFactura\20220826_152313\requests\main\2.har

2022-08-26 15:23:49 - [TEST_CASE][PASSED] - Start Test Case : Verification: Verification accomplished successfully

2022-08-26 15:23:49 - [TEST_STEP][PASSED] - request = getInstance().getCurrentRequest(): null

2022-08-26 15:23:49 - [TEST_STEP][PASSED] - response = getInstance().getCurrentResponse(): null

2022-08-26 15:23:49 - [MESSAGE][PASSED] - Verify response successfully

2022-08-26 15:23:49 - [MESSAGE][PASSED] - Send request and verify the response successfully

2022-08-26 15:23:49 - [TEST_STEP][PASSED] - val_time = response.getElapsedTime(): null

2022-08-26 15:23:49 - [TEST_STEP][PASSED] - status_login = response.getStatusCode(): null

2022-08-26 15:23:49 - [TEST_STEP][PASSED] - jsonString = response.getResponseText(): null

2022-08-26 15:23:49 - [TEST_STEP][PASSED] - slurper = new groovy.json.JsonSlurper(): null

2022-08-26 15:23:49 - [TEST_STEP][PASSED] - markWarning("JSON " + jsonString): JSON {"Type":"ERROR","ValidationMessage":"Tu usuario o contrase単a son incorrectos.","Content":null}

2022-08-26 15:23:49 - [MESSAGE][WARNING] - JSON {"Type":"ERROR","ValidationMessage":"Tu usuario o contrase単a son incorrectos.","Content":null}

2022-08-26 15:23:49 - [TEST_STEP][PASSED] - parsedJson = slurper.parseText(jsonString): null

2022-08-26 15:23:49 - [TEST_STEP][PASSED] - nom_func = "val_login": null

2022-08-26 15:23:49 - [TEST_STEP][PASSED] - almacena_datos_servicio.Val_mensaje_serv.valida_mensaje_serv_login(parsedJson, type, ValidationMessage): Exito

2022-08-26 15:23:49 - [MESSAGE][PASSED] - Exito

2022-08-26 15:23:49 - [TEST_STEP][PASSED] - almacena_datos_servicio.Val_mensaje_serv.guarda_salida_mensaje_serv_login(): almacena_datos_servicio.Val_mensaje_serv.guarda_salida_mensaje_serv_login is PASSED

2022-08-26 15:23:49 - [MESSAGE][PASSED] - almacena_datos_servicio.Val_mensaje_serv.guarda_salida_mensaje_serv_login is PASSED]]></system-out>
         <system-err><![CDATA[]]></system-err>
      </testcase>
      <testcase name="Test Cases/Login_param" time="2.699" classname="Test Cases/Login_param" status="PASSED">
         <system-out><![CDATA[2022-08-26 15:23:50 - [TEST_CASE][PASSED] - Test Cases/Login_param: Test Cases/Login_param

2022-08-26 15:23:50 - [TEST_STEP][PASSED] - regis = Integer.parseInt(registro): null

2022-08-26 15:23:50 - [TEST_STEP][PASSED] - response = sendRequestAndVerify(findTestObject("miNomina_Mareigua-ConsultarNomina/Login", ["Login":Login, "password":password])): Send request and verify the response successfully

2022-08-26 15:23:50 - [MESSAGE][INFO] - HAR: C:\Cenet\Cenet-Factura\Mareigua\miFactura_ws_Mareigua-25-08-2022\Reports\20220826_152313\miFactura_Mareigua\ConsultarConsolidadoFactura\20220826_152313\requests\main\3.har

2022-08-26 15:23:50 - [TEST_CASE][PASSED] - Start Test Case : Verification: Verification accomplished successfully

2022-08-26 15:23:52 - [TEST_STEP][PASSED] - request = getInstance().getCurrentRequest(): null

2022-08-26 15:23:52 - [TEST_STEP][PASSED] - response = getInstance().getCurrentResponse(): null

2022-08-26 15:23:52 - [MESSAGE][PASSED] - Verify response successfully

2022-08-26 15:23:52 - [MESSAGE][PASSED] - Send request and verify the response successfully

2022-08-26 15:23:52 - [TEST_STEP][PASSED] - val_time = response.getElapsedTime(): null

2022-08-26 15:23:52 - [TEST_STEP][PASSED] - status_login = response.getStatusCode(): null

2022-08-26 15:23:52 - [TEST_STEP][PASSED] - jsonString = response.getResponseText(): null

2022-08-26 15:23:52 - [TEST_STEP][PASSED] - slurper = new groovy.json.JsonSlurper(): null

2022-08-26 15:23:52 - [TEST_STEP][PASSED] - markWarning("JSON " + jsonString): JSON {"Type":"ERROR","ValidationMessage":"Tu usuario o contrase単a son incorrectos.","Content":null}

2022-08-26 15:23:52 - [MESSAGE][WARNING] - JSON {"Type":"ERROR","ValidationMessage":"Tu usuario o contrase単a son incorrectos.","Content":null}

2022-08-26 15:23:52 - [TEST_STEP][PASSED] - parsedJson = slurper.parseText(jsonString): null

2022-08-26 15:23:52 - [TEST_STEP][PASSED] - nom_func = "val_login": null

2022-08-26 15:23:52 - [TEST_STEP][PASSED] - almacena_datos_servicio.Val_mensaje_serv.valida_mensaje_serv_login(parsedJson, type, ValidationMessage): Exito

2022-08-26 15:23:52 - [MESSAGE][PASSED] - Exito

2022-08-26 15:23:52 - [TEST_STEP][PASSED] - almacena_datos_servicio.Val_mensaje_serv.guarda_salida_mensaje_serv_login(): almacena_datos_servicio.Val_mensaje_serv.guarda_salida_mensaje_serv_login is PASSED

2022-08-26 15:23:52 - [MESSAGE][PASSED] - almacena_datos_servicio.Val_mensaje_serv.guarda_salida_mensaje_serv_login is PASSED]]></system-out>
         <system-err><![CDATA[]]></system-err>
      </testcase>
      <testcase name="Test Cases/Login_param" time="1.75" classname="Test Cases/Login_param" status="PASSED">
         <system-out><![CDATA[2022-08-26 15:23:52 - [TEST_CASE][PASSED] - Test Cases/Login_param: Test Cases/Login_param

2022-08-26 15:23:52 - [TEST_STEP][PASSED] - regis = Integer.parseInt(registro): null

2022-08-26 15:23:52 - [TEST_STEP][PASSED] - response = sendRequestAndVerify(findTestObject("miNomina_Mareigua-ConsultarNomina/Login", ["Login":Login, "password":password])): Send request and verify the response successfully

2022-08-26 15:23:53 - [MESSAGE][INFO] - HAR: C:\Cenet\Cenet-Factura\Mareigua\miFactura_ws_Mareigua-25-08-2022\Reports\20220826_152313\miFactura_Mareigua\ConsultarConsolidadoFactura\20220826_152313\requests\main\4.har

2022-08-26 15:23:53 - [TEST_CASE][PASSED] - Start Test Case : Verification: Verification accomplished successfully

2022-08-26 15:23:53 - [TEST_STEP][PASSED] - request = getInstance().getCurrentRequest(): null

2022-08-26 15:23:53 - [TEST_STEP][PASSED] - response = getInstance().getCurrentResponse(): null

2022-08-26 15:23:53 - [MESSAGE][PASSED] - Verify response successfully

2022-08-26 15:23:53 - [MESSAGE][PASSED] - Send request and verify the response successfully

2022-08-26 15:23:53 - [TEST_STEP][PASSED] - val_time = response.getElapsedTime(): null

2022-08-26 15:23:53 - [TEST_STEP][PASSED] - status_login = response.getStatusCode(): null

2022-08-26 15:23:53 - [TEST_STEP][PASSED] - jsonString = response.getResponseText(): null

2022-08-26 15:23:53 - [TEST_STEP][PASSED] - slurper = new groovy.json.JsonSlurper(): null

2022-08-26 15:23:54 - [TEST_STEP][PASSED] - markWarning("JSON " + jsonString): JSON {"Type":"ERROR","ValidationMessage":"Tu usuario o contrase単a son incorrectos.","Content":null}

2022-08-26 15:23:54 - [MESSAGE][WARNING] - JSON {"Type":"ERROR","ValidationMessage":"Tu usuario o contrase単a son incorrectos.","Content":null}

2022-08-26 15:23:54 - [TEST_STEP][PASSED] - parsedJson = slurper.parseText(jsonString): null

2022-08-26 15:23:54 - [TEST_STEP][PASSED] - nom_func = "val_login": null

2022-08-26 15:23:54 - [TEST_STEP][PASSED] - almacena_datos_servicio.Val_mensaje_serv.valida_mensaje_serv_login(parsedJson, type, ValidationMessage): Exito

2022-08-26 15:23:54 - [MESSAGE][PASSED] - Exito

2022-08-26 15:23:54 - [TEST_STEP][PASSED] - almacena_datos_servicio.Val_mensaje_serv.guarda_salida_mensaje_serv_login(): almacena_datos_servicio.Val_mensaje_serv.guarda_salida_mensaje_serv_login is PASSED

2022-08-26 15:23:54 - [MESSAGE][PASSED] - almacena_datos_servicio.Val_mensaje_serv.guarda_salida_mensaje_serv_login is PASSED]]></system-out>
         <system-err><![CDATA[]]></system-err>
      </testcase>
      <testcase name="Test Cases/Login_param" time="2.682" classname="Test Cases/Login_param" status="PASSED">
         <system-out><![CDATA[2022-08-26 15:23:54 - [TEST_CASE][PASSED] - Test Cases/Login_param: Test Cases/Login_param

2022-08-26 15:23:54 - [TEST_STEP][PASSED] - regis = Integer.parseInt(registro): null

2022-08-26 15:23:54 - [TEST_STEP][PASSED] - response = sendRequestAndVerify(findTestObject("miNomina_Mareigua-ConsultarNomina/Login", ["Login":Login, "password":password])): Send request and verify the response successfully

2022-08-26 15:23:56 - [MESSAGE][INFO] - HAR: C:\Cenet\Cenet-Factura\Mareigua\miFactura_ws_Mareigua-25-08-2022\Reports\20220826_152313\miFactura_Mareigua\ConsultarConsolidadoFactura\20220826_152313\requests\main\5.har

2022-08-26 15:23:56 - [TEST_CASE][PASSED] - Start Test Case : Verification: Verification accomplished successfully

2022-08-26 15:23:57 - [TEST_STEP][PASSED] - request = getInstance().getCurrentRequest(): null

2022-08-26 15:23:57 - [TEST_STEP][PASSED] - response = getInstance().getCurrentResponse(): null

2022-08-26 15:23:57 - [MESSAGE][PASSED] - Verify response successfully

2022-08-26 15:23:57 - [MESSAGE][PASSED] - Send request and verify the response successfully

2022-08-26 15:23:57 - [TEST_STEP][PASSED] - val_time = response.getElapsedTime(): null

2022-08-26 15:23:57 - [TEST_STEP][PASSED] - status_login = response.getStatusCode(): null

2022-08-26 15:23:57 - [TEST_STEP][PASSED] - jsonString = response.getResponseText(): null

2022-08-26 15:23:57 - [TEST_STEP][PASSED] - slurper = new groovy.json.JsonSlurper(): null

2022-08-26 15:23:57 - [TEST_STEP][PASSED] - markWarning("JSON " + jsonString): JSON {"Type":"OK","ValidationMessage":null,"Content":{"JWT":"eyJhbGciOiJIUzI1NiIsInR5cCI6IkpXVCJ9.eyJ1bmlxdWVfbmFtZSI6ImRhdmVyIiwiZmFtaWx5X25hbWUiOiIxIiwiaHR0cDovL3NjaGVtYXMueG1sc29hcC5vcmcvd3MvMjAwNS8wNS9pZGVudGl0eS9jbGFpbXMvc2lkIjoiMSIsIm5iZiI6MTY2MTU0NTQzNywiZXhwIjoxNjYxNjMxODM3LCJpYXQiOjE2NjE1NDU0MzcsImlzcyI6Ik1pc0ZhY3R1cmFzIn0.CdXHE3SsdSDPSmx2TX1hT9do6lYhLxlgJ1OZnGRXNxI"}}

2022-08-26 15:23:57 - [MESSAGE][WARNING] - JSON {"Type":"OK","ValidationMessage":null,"Content":{"JWT":"eyJhbGciOiJIUzI1NiIsInR5cCI6IkpXVCJ9.eyJ1bmlxdWVfbmFtZSI6ImRhdmVyIiwiZmFtaWx5X25hbWUiOiIxIiwiaHR0cDovL3NjaGVtYXMueG1sc29hcC5vcmcvd3MvMjAwNS8wNS9pZGVudGl0eS9jbGFpbXMvc2lkIjoiMSIsIm5iZiI6MTY2MTU0NTQzNywiZXhwIjoxNjYxNjMxODM3LCJpYXQiOjE2NjE1NDU0MzcsImlzcyI6Ik1pc0ZhY3R1cmFzIn0.CdXHE3SsdSDPSmx2TX1hT9do6lYhLxlgJ1OZnGRXNxI"}}

2022-08-26 15:23:57 - [TEST_STEP][PASSED] - parsedJson = slurper.parseText(jsonString): null

2022-08-26 15:23:57 - [TEST_STEP][PASSED] - nom_func = "val_login": null

2022-08-26 15:23:57 - [TEST_STEP][PASSED] - almacena_datos_servicio.Val_mensaje_serv.valida_mensaje_serv_login(parsedJson, type, ValidationMessage): Exito

2022-08-26 15:23:57 - [MESSAGE][PASSED] - Exito

2022-08-26 15:23:57 - [TEST_STEP][PASSED] - almacena_datos_servicio.Val_mensaje_serv.guarda_salida_mensaje_serv_login(): almacena_datos_servicio.Val_mensaje_serv.guarda_salida_mensaje_serv_login is PASSED

2022-08-26 15:23:57 - [MESSAGE][PASSED] - almacena_datos_servicio.Val_mensaje_serv.guarda_salida_mensaje_serv_login is PASSED]]></system-out>
         <system-err><![CDATA[]]></system-err>
      </testcase>
      <testcase name="Test Cases/Login_param" time="2.269" classname="Test Cases/Login_param" status="PASSED">
         <system-out><![CDATA[2022-08-26 15:23:57 - [TEST_CASE][PASSED] - Test Cases/Login_param: Test Cases/Login_param

2022-08-26 15:23:57 - [TEST_STEP][PASSED] - regis = Integer.parseInt(registro): null

2022-08-26 15:23:57 - [TEST_STEP][PASSED] - response = sendRequestAndVerify(findTestObject("miNomina_Mareigua-ConsultarNomina/Login", ["Login":Login, "password":password])): Send request and verify the response successfully

2022-08-26 15:23:58 - [MESSAGE][INFO] - HAR: C:\Cenet\Cenet-Factura\Mareigua\miFactura_ws_Mareigua-25-08-2022\Reports\20220826_152313\miFactura_Mareigua\ConsultarConsolidadoFactura\20220826_152313\requests\main\6.har

2022-08-26 15:23:58 - [TEST_CASE][PASSED] - Start Test Case : Verification: Verification accomplished successfully

2022-08-26 15:23:58 - [TEST_STEP][PASSED] - request = getInstance().getCurrentRequest(): null

2022-08-26 15:23:58 - [TEST_STEP][PASSED] - response = getInstance().getCurrentResponse(): null

2022-08-26 15:23:58 - [MESSAGE][PASSED] - Verify response successfully

2022-08-26 15:23:58 - [MESSAGE][PASSED] - Send request and verify the response successfully

2022-08-26 15:23:58 - [TEST_STEP][PASSED] - val_time = response.getElapsedTime(): null

2022-08-26 15:23:59 - [TEST_STEP][PASSED] - status_login = response.getStatusCode(): null

2022-08-26 15:23:59 - [TEST_STEP][PASSED] - jsonString = response.getResponseText(): null

2022-08-26 15:23:59 - [TEST_STEP][PASSED] - slurper = new groovy.json.JsonSlurper(): null

2022-08-26 15:23:59 - [TEST_STEP][PASSED] - markWarning("JSON " + jsonString): JSON {"Type":"ERROR","ValidationMessage":"Tu usuario o contrase単a son incorrectos.","Content":null}

2022-08-26 15:23:59 - [MESSAGE][WARNING] - JSON {"Type":"ERROR","ValidationMessage":"Tu usuario o contrase単a son incorrectos.","Content":null}

2022-08-26 15:23:59 - [TEST_STEP][PASSED] - parsedJson = slurper.parseText(jsonString): null

2022-08-26 15:23:59 - [TEST_STEP][PASSED] - nom_func = "val_login": null

2022-08-26 15:23:59 - [TEST_STEP][PASSED] - almacena_datos_servicio.Val_mensaje_serv.valida_mensaje_serv_login(parsedJson, type, ValidationMessage): Exito

2022-08-26 15:23:59 - [MESSAGE][PASSED] - Exito

2022-08-26 15:23:59 - [TEST_STEP][PASSED] - almacena_datos_servicio.Val_mensaje_serv.guarda_salida_mensaje_serv_login(): almacena_datos_servicio.Val_mensaje_serv.guarda_salida_mensaje_serv_login is PASSED

2022-08-26 15:23:59 - [MESSAGE][PASSED] - almacena_datos_servicio.Val_mensaje_serv.guarda_salida_mensaje_serv_login is PASSED]]></system-out>
         <system-err><![CDATA[]]></system-err>
      </testcase>
      <testcase name="Test Cases/Login_param" time="1.692" classname="Test Cases/Login_param" status="PASSED">
         <system-out><![CDATA[2022-08-26 15:24:00 - [TEST_CASE][PASSED] - Test Cases/Login_param: Test Cases/Login_param

2022-08-26 15:24:00 - [TEST_STEP][PASSED] - regis = Integer.parseInt(registro): null

2022-08-26 15:24:00 - [TEST_STEP][PASSED] - response = sendRequestAndVerify(findTestObject("miNomina_Mareigua-ConsultarNomina/Login", ["Login":Login, "password":password])): Send request and verify the response successfully

2022-08-26 15:24:01 - [MESSAGE][INFO] - HAR: C:\Cenet\Cenet-Factura\Mareigua\miFactura_ws_Mareigua-25-08-2022\Reports\20220826_152313\miFactura_Mareigua\ConsultarConsolidadoFactura\20220826_152313\requests\main\7.har

2022-08-26 15:24:01 - [TEST_CASE][PASSED] - Start Test Case : Verification: Verification accomplished successfully

2022-08-26 15:24:01 - [TEST_STEP][PASSED] - request = getInstance().getCurrentRequest(): null

2022-08-26 15:24:01 - [TEST_STEP][PASSED] - response = getInstance().getCurrentResponse(): null

2022-08-26 15:24:01 - [MESSAGE][PASSED] - Verify response successfully

2022-08-26 15:24:01 - [MESSAGE][PASSED] - Send request and verify the response successfully

2022-08-26 15:24:01 - [TEST_STEP][PASSED] - val_time = response.getElapsedTime(): null

2022-08-26 15:24:01 - [TEST_STEP][PASSED] - status_login = response.getStatusCode(): null

2022-08-26 15:24:01 - [TEST_STEP][PASSED] - jsonString = response.getResponseText(): null

2022-08-26 15:24:01 - [TEST_STEP][PASSED] - slurper = new groovy.json.JsonSlurper(): null

2022-08-26 15:24:01 - [TEST_STEP][PASSED] - markWarning("JSON " + jsonString): JSON {"Type":"ERROR","ValidationMessage":"Tu usuario o contrase単a son incorrectos.","Content":null}

2022-08-26 15:24:01 - [MESSAGE][WARNING] - JSON {"Type":"ERROR","ValidationMessage":"Tu usuario o contrase単a son incorrectos.","Content":null}

2022-08-26 15:24:01 - [TEST_STEP][PASSED] - parsedJson = slurper.parseText(jsonString): null

2022-08-26 15:24:01 - [TEST_STEP][PASSED] - nom_func = "val_login": null

2022-08-26 15:24:01 - [TEST_STEP][PASSED] - almacena_datos_servicio.Val_mensaje_serv.valida_mensaje_serv_login(parsedJson, type, ValidationMessage): Exito

2022-08-26 15:24:01 - [MESSAGE][PASSED] - Exito

2022-08-26 15:24:01 - [TEST_STEP][PASSED] - almacena_datos_servicio.Val_mensaje_serv.guarda_salida_mensaje_serv_login(): almacena_datos_servicio.Val_mensaje_serv.guarda_salida_mensaje_serv_login is PASSED

2022-08-26 15:24:02 - [MESSAGE][PASSED] - almacena_datos_servicio.Val_mensaje_serv.guarda_salida_mensaje_serv_login is PASSED]]></system-out>
         <system-err><![CDATA[]]></system-err>
      </testcase>
      <testcase name="Test Cases/Login_param" time="2.027" classname="Test Cases/Login_param" status="PASSED">
         <system-out><![CDATA[2022-08-26 15:24:02 - [TEST_CASE][PASSED] - Test Cases/Login_param: Test Cases/Login_param

2022-08-26 15:24:02 - [TEST_STEP][PASSED] - regis = Integer.parseInt(registro): null

2022-08-26 15:24:02 - [TEST_STEP][PASSED] - response = sendRequestAndVerify(findTestObject("miNomina_Mareigua-ConsultarNomina/Login", ["Login":Login, "password":password])): Send request and verify the response successfully

2022-08-26 15:24:03 - [MESSAGE][INFO] - HAR: C:\Cenet\Cenet-Factura\Mareigua\miFactura_ws_Mareigua-25-08-2022\Reports\20220826_152313\miFactura_Mareigua\ConsultarConsolidadoFactura\20220826_152313\requests\main\8.har

2022-08-26 15:24:03 - [TEST_CASE][PASSED] - Start Test Case : Verification: Verification accomplished successfully

2022-08-26 15:24:04 - [TEST_STEP][PASSED] - request = getInstance().getCurrentRequest(): null

2022-08-26 15:24:04 - [TEST_STEP][PASSED] - response = getInstance().getCurrentResponse(): null

2022-08-26 15:24:04 - [MESSAGE][PASSED] - Verify response successfully

2022-08-26 15:24:04 - [MESSAGE][PASSED] - Send request and verify the response successfully

2022-08-26 15:24:04 - [TEST_STEP][PASSED] - val_time = response.getElapsedTime(): null

2022-08-26 15:24:04 - [TEST_STEP][PASSED] - status_login = response.getStatusCode(): null

2022-08-26 15:24:04 - [TEST_STEP][PASSED] - jsonString = response.getResponseText(): null

2022-08-26 15:24:04 - [TEST_STEP][PASSED] - slurper = new groovy.json.JsonSlurper(): null

2022-08-26 15:24:04 - [TEST_STEP][PASSED] - markWarning("JSON " + jsonString): JSON {"Type":"ERROR","ValidationMessage":"Tu usuario o contrase単a son incorrectos.","Content":null}

2022-08-26 15:24:04 - [MESSAGE][WARNING] - JSON {"Type":"ERROR","ValidationMessage":"Tu usuario o contrase単a son incorrectos.","Content":null}

2022-08-26 15:24:04 - [TEST_STEP][PASSED] - parsedJson = slurper.parseText(jsonString): null

2022-08-26 15:24:04 - [TEST_STEP][PASSED] - nom_func = "val_login": null

2022-08-26 15:24:04 - [TEST_STEP][PASSED] - almacena_datos_servicio.Val_mensaje_serv.valida_mensaje_serv_login(parsedJson, type, ValidationMessage): Exito

2022-08-26 15:24:04 - [MESSAGE][PASSED] - Exito

2022-08-26 15:24:04 - [TEST_STEP][PASSED] - almacena_datos_servicio.Val_mensaje_serv.guarda_salida_mensaje_serv_login(): almacena_datos_servicio.Val_mensaje_serv.guarda_salida_mensaje_serv_login is PASSED

2022-08-26 15:24:04 - [MESSAGE][PASSED] - almacena_datos_servicio.Val_mensaje_serv.guarda_salida_mensaje_serv_login is PASSED]]></system-out>
         <system-err><![CDATA[]]></system-err>
      </testcase>
      <testcase name="Test Cases/Login_param" time="1.411" classname="Test Cases/Login_param" status="PASSED">
         <system-out><![CDATA[2022-08-26 15:24:04 - [TEST_CASE][PASSED] - Test Cases/Login_param: Test Cases/Login_param

2022-08-26 15:24:04 - [TEST_STEP][PASSED] - regis = Integer.parseInt(registro): null

2022-08-26 15:24:04 - [TEST_STEP][PASSED] - response = sendRequestAndVerify(findTestObject("miNomina_Mareigua-ConsultarNomina/Login", ["Login":Login, "password":password])): Send request and verify the response successfully

2022-08-26 15:24:05 - [MESSAGE][INFO] - HAR: C:\Cenet\Cenet-Factura\Mareigua\miFactura_ws_Mareigua-25-08-2022\Reports\20220826_152313\miFactura_Mareigua\ConsultarConsolidadoFactura\20220826_152313\requests\main\9.har

2022-08-26 15:24:05 - [TEST_CASE][PASSED] - Start Test Case : Verification: Verification accomplished successfully

2022-08-26 15:24:05 - [TEST_STEP][PASSED] - request = getInstance().getCurrentRequest(): null

2022-08-26 15:24:05 - [TEST_STEP][PASSED] - response = getInstance().getCurrentResponse(): null

2022-08-26 15:24:05 - [MESSAGE][PASSED] - Verify response successfully

2022-08-26 15:24:05 - [MESSAGE][PASSED] - Send request and verify the response successfully

2022-08-26 15:24:05 - [TEST_STEP][PASSED] - val_time = response.getElapsedTime(): null

2022-08-26 15:24:05 - [TEST_STEP][PASSED] - status_login = response.getStatusCode(): null

2022-08-26 15:24:05 - [TEST_STEP][PASSED] - jsonString = response.getResponseText(): null

2022-08-26 15:24:05 - [TEST_STEP][PASSED] - slurper = new groovy.json.JsonSlurper(): null

2022-08-26 15:24:05 - [TEST_STEP][PASSED] - markWarning("JSON " + jsonString): JSON {"Type":"ERROR","ValidationMessage":"Tu usuario o contrase単a son incorrectos.","Content":null}

2022-08-26 15:24:05 - [MESSAGE][WARNING] - JSON {"Type":"ERROR","ValidationMessage":"Tu usuario o contrase単a son incorrectos.","Content":null}

2022-08-26 15:24:05 - [TEST_STEP][PASSED] - parsedJson = slurper.parseText(jsonString): null

2022-08-26 15:24:05 - [TEST_STEP][PASSED] - nom_func = "val_login": null

2022-08-26 15:24:05 - [TEST_STEP][PASSED] - almacena_datos_servicio.Val_mensaje_serv.valida_mensaje_serv_login(parsedJson, type, ValidationMessage): Exito

2022-08-26 15:24:05 - [MESSAGE][PASSED] - Exito

2022-08-26 15:24:05 - [TEST_STEP][PASSED] - almacena_datos_servicio.Val_mensaje_serv.guarda_salida_mensaje_serv_login(): almacena_datos_servicio.Val_mensaje_serv.guarda_salida_mensaje_serv_login is PASSED

2022-08-26 15:24:05 - [MESSAGE][PASSED] - almacena_datos_servicio.Val_mensaje_serv.guarda_salida_mensaje_serv_login is PASSED]]></system-out>
         <system-err><![CDATA[]]></system-err>
      </testcase>
      <testcase name="Test Cases/Login_param" time="1.768" classname="Test Cases/Login_param" status="PASSED">
         <system-out><![CDATA[2022-08-26 15:24:06 - [TEST_CASE][PASSED] - Test Cases/Login_param: Test Cases/Login_param

2022-08-26 15:24:06 - [TEST_STEP][PASSED] - regis = Integer.parseInt(registro): null

2022-08-26 15:24:06 - [TEST_STEP][PASSED] - response = sendRequestAndVerify(findTestObject("miNomina_Mareigua-ConsultarNomina/Login", ["Login":Login, "password":password])): Send request and verify the response successfully

2022-08-26 15:24:07 - [MESSAGE][INFO] - HAR: C:\Cenet\Cenet-Factura\Mareigua\miFactura_ws_Mareigua-25-08-2022\Reports\20220826_152313\miFactura_Mareigua\ConsultarConsolidadoFactura\20220826_152313\requests\main\10.har

2022-08-26 15:24:07 - [TEST_CASE][PASSED] - Start Test Case : Verification: Verification accomplished successfully

2022-08-26 15:24:07 - [TEST_STEP][PASSED] - request = getInstance().getCurrentRequest(): null

2022-08-26 15:24:07 - [TEST_STEP][PASSED] - response = getInstance().getCurrentResponse(): null

2022-08-26 15:24:07 - [MESSAGE][PASSED] - Verify response successfully

2022-08-26 15:24:07 - [MESSAGE][PASSED] - Send request and verify the response successfully

2022-08-26 15:24:07 - [TEST_STEP][PASSED] - val_time = response.getElapsedTime(): null

2022-08-26 15:24:07 - [TEST_STEP][PASSED] - status_login = response.getStatusCode(): null

2022-08-26 15:24:07 - [TEST_STEP][PASSED] - jsonString = response.getResponseText(): null

2022-08-26 15:24:07 - [TEST_STEP][PASSED] - slurper = new groovy.json.JsonSlurper(): null

2022-08-26 15:24:07 - [TEST_STEP][PASSED] - markWarning("JSON " + jsonString): JSON {"Type":"OK","ValidationMessage":null,"Content":{"JWT":"eyJhbGciOiJIUzI1NiIsInR5cCI6IkpXVCJ9.eyJ1bmlxdWVfbmFtZSI6ImRhdmVyIiwiZmFtaWx5X25hbWUiOiIxIiwiaHR0cDovL3NjaGVtYXMueG1sc29hcC5vcmcvd3MvMjAwNS8wNS9pZGVudGl0eS9jbGFpbXMvc2lkIjoiMSIsIm5iZiI6MTY2MTU0NTQ0NywiZXhwIjoxNjYxNjMxODQ3LCJpYXQiOjE2NjE1NDU0NDcsImlzcyI6Ik1pc0ZhY3R1cmFzIn0.l1UdQc686gz-ARhbkKpZvzqNINTCwXz0URYaR9gX0OI"}}

2022-08-26 15:24:07 - [MESSAGE][WARNING] - JSON {"Type":"OK","ValidationMessage":null,"Content":{"JWT":"eyJhbGciOiJIUzI1NiIsInR5cCI6IkpXVCJ9.eyJ1bmlxdWVfbmFtZSI6ImRhdmVyIiwiZmFtaWx5X25hbWUiOiIxIiwiaHR0cDovL3NjaGVtYXMueG1sc29hcC5vcmcvd3MvMjAwNS8wNS9pZGVudGl0eS9jbGFpbXMvc2lkIjoiMSIsIm5iZiI6MTY2MTU0NTQ0NywiZXhwIjoxNjYxNjMxODQ3LCJpYXQiOjE2NjE1NDU0NDcsImlzcyI6Ik1pc0ZhY3R1cmFzIn0.l1UdQc686gz-ARhbkKpZvzqNINTCwXz0URYaR9gX0OI"}}

2022-08-26 15:24:07 - [TEST_STEP][PASSED] - parsedJson = slurper.parseText(jsonString): null

2022-08-26 15:24:07 - [TEST_STEP][PASSED] - nom_func = "val_login": null

2022-08-26 15:24:07 - [TEST_STEP][PASSED] - almacena_datos_servicio.Val_mensaje_serv.valida_mensaje_serv_login(parsedJson, type, ValidationMessage): Exito

2022-08-26 15:24:07 - [MESSAGE][PASSED] - Exito

2022-08-26 15:24:07 - [TEST_STEP][PASSED] - almacena_datos_servicio.Val_mensaje_serv.guarda_salida_mensaje_serv_login(): almacena_datos_servicio.Val_mensaje_serv.guarda_salida_mensaje_serv_login is PASSED

2022-08-26 15:24:07 - [MESSAGE][PASSED] - almacena_datos_servicio.Val_mensaje_serv.guarda_salida_mensaje_serv_login is PASSED]]></system-out>
         <system-err><![CDATA[]]></system-err>
      </testcase>
      <testcase name="Test Cases/Login_param" time="1.333" classname="Test Cases/Login_param" status="PASSED">
         <system-out><![CDATA[2022-08-26 15:24:07 - [TEST_CASE][PASSED] - Test Cases/Login_param: Test Cases/Login_param

2022-08-26 15:24:07 - [TEST_STEP][PASSED] - regis = Integer.parseInt(registro): null

2022-08-26 15:24:07 - [TEST_STEP][PASSED] - response = sendRequestAndVerify(findTestObject("miNomina_Mareigua-ConsultarNomina/Login", ["Login":Login, "password":password])): Send request and verify the response successfully

2022-08-26 15:24:08 - [MESSAGE][INFO] - HAR: C:\Cenet\Cenet-Factura\Mareigua\miFactura_ws_Mareigua-25-08-2022\Reports\20220826_152313\miFactura_Mareigua\ConsultarConsolidadoFactura\20220826_152313\requests\main\11.har

2022-08-26 15:24:08 - [TEST_CASE][PASSED] - Start Test Case : Verification: Verification accomplished successfully

2022-08-26 15:24:08 - [TEST_STEP][PASSED] - request = getInstance().getCurrentRequest(): null

2022-08-26 15:24:08 - [TEST_STEP][PASSED] - response = getInstance().getCurrentResponse(): null

2022-08-26 15:24:08 - [MESSAGE][PASSED] - Verify response successfully

2022-08-26 15:24:08 - [MESSAGE][PASSED] - Send request and verify the response successfully

2022-08-26 15:24:08 - [TEST_STEP][PASSED] - val_time = response.getElapsedTime(): null

2022-08-26 15:24:08 - [TEST_STEP][PASSED] - status_login = response.getStatusCode(): null

2022-08-26 15:24:08 - [TEST_STEP][PASSED] - jsonString = response.getResponseText(): null

2022-08-26 15:24:08 - [TEST_STEP][PASSED] - slurper = new groovy.json.JsonSlurper(): null

2022-08-26 15:24:08 - [TEST_STEP][PASSED] - markWarning("JSON " + jsonString): JSON {"Type":"ERROR","ValidationMessage":"Tu usuario o contrase単a son incorrectos.","Content":null}

2022-08-26 15:24:09 - [MESSAGE][WARNING] - JSON {"Type":"ERROR","ValidationMessage":"Tu usuario o contrase単a son incorrectos.","Content":null}

2022-08-26 15:24:09 - [TEST_STEP][PASSED] - parsedJson = slurper.parseText(jsonString): null

2022-08-26 15:24:09 - [TEST_STEP][PASSED] - nom_func = "val_login": null

2022-08-26 15:24:09 - [TEST_STEP][PASSED] - almacena_datos_servicio.Val_mensaje_serv.valida_mensaje_serv_login(parsedJson, type, ValidationMessage): Exito

2022-08-26 15:24:09 - [MESSAGE][PASSED] - Exito

2022-08-26 15:24:09 - [TEST_STEP][PASSED] - almacena_datos_servicio.Val_mensaje_serv.guarda_salida_mensaje_serv_login(): almacena_datos_servicio.Val_mensaje_serv.guarda_salida_mensaje_serv_login is PASSED

2022-08-26 15:24:09 - [MESSAGE][PASSED] - almacena_datos_servicio.Val_mensaje_serv.guarda_salida_mensaje_serv_login is PASSED]]></system-out>
         <system-err><![CDATA[]]></system-err>
      </testcase>
      <testcase name="Test Cases/Login_param" time="1.997" classname="Test Cases/Login_param" status="PASSED">
         <system-out><![CDATA[2022-08-26 15:24:09 - [TEST_CASE][PASSED] - Test Cases/Login_param: Test Cases/Login_param

2022-08-26 15:24:09 - [TEST_STEP][PASSED] - regis = Integer.parseInt(registro): null

2022-08-26 15:24:09 - [TEST_STEP][PASSED] - response = sendRequestAndVerify(findTestObject("miNomina_Mareigua-ConsultarNomina/Login", ["Login":Login, "password":password])): Send request and verify the response successfully

2022-08-26 15:24:10 - [MESSAGE][INFO] - HAR: C:\Cenet\Cenet-Factura\Mareigua\miFactura_ws_Mareigua-25-08-2022\Reports\20220826_152313\miFactura_Mareigua\ConsultarConsolidadoFactura\20220826_152313\requests\main\12.har

2022-08-26 15:24:10 - [TEST_CASE][PASSED] - Start Test Case : Verification: Verification accomplished successfully

2022-08-26 15:24:11 - [TEST_STEP][PASSED] - request = getInstance().getCurrentRequest(): null

2022-08-26 15:24:11 - [TEST_STEP][PASSED] - response = getInstance().getCurrentResponse(): null

2022-08-26 15:24:11 - [MESSAGE][PASSED] - Verify response successfully

2022-08-26 15:24:11 - [MESSAGE][PASSED] - Send request and verify the response successfully

2022-08-26 15:24:11 - [TEST_STEP][PASSED] - val_time = response.getElapsedTime(): null

2022-08-26 15:24:11 - [TEST_STEP][PASSED] - status_login = response.getStatusCode(): null

2022-08-26 15:24:11 - [TEST_STEP][PASSED] - jsonString = response.getResponseText(): null

2022-08-26 15:24:11 - [TEST_STEP][PASSED] - slurper = new groovy.json.JsonSlurper(): null

2022-08-26 15:24:11 - [TEST_STEP][PASSED] - markWarning("JSON " + jsonString): JSON {"Type":"ERROR","ValidationMessage":"Tu usuario o contrase単a son incorrectos.","Content":null}

2022-08-26 15:24:11 - [MESSAGE][WARNING] - JSON {"Type":"ERROR","ValidationMessage":"Tu usuario o contrase単a son incorrectos.","Content":null}

2022-08-26 15:24:11 - [TEST_STEP][PASSED] - parsedJson = slurper.parseText(jsonString): null

2022-08-26 15:24:11 - [TEST_STEP][PASSED] - nom_func = "val_login": null

2022-08-26 15:24:11 - [TEST_STEP][PASSED] - almacena_datos_servicio.Val_mensaje_serv.valida_mensaje_serv_login(parsedJson, type, ValidationMessage): Exito

2022-08-26 15:24:11 - [MESSAGE][PASSED] - Exito

2022-08-26 15:24:11 - [TEST_STEP][PASSED] - almacena_datos_servicio.Val_mensaje_serv.guarda_salida_mensaje_serv_login(): almacena_datos_servicio.Val_mensaje_serv.guarda_salida_mensaje_serv_login is PASSED

2022-08-26 15:24:11 - [MESSAGE][PASSED] - almacena_datos_servicio.Val_mensaje_serv.guarda_salida_mensaje_serv_login is PASSED]]></system-out>
         <system-err><![CDATA[]]></system-err>
      </testcase>
      <testcase name="Test Cases/Login_param" time="3.019" classname="Test Cases/Login_param" status="PASSED">
         <system-out><![CDATA[2022-08-26 15:24:11 - [TEST_CASE][PASSED] - Test Cases/Login_param: Test Cases/Login_param

2022-08-26 15:24:11 - [TEST_STEP][PASSED] - regis = Integer.parseInt(registro): null

2022-08-26 15:24:11 - [TEST_STEP][PASSED] - response = sendRequestAndVerify(findTestObject("miNomina_Mareigua-ConsultarNomina/Login", ["Login":Login, "password":password])): Send request and verify the response successfully

2022-08-26 15:24:12 - [MESSAGE][INFO] - HAR: C:\Cenet\Cenet-Factura\Mareigua\miFactura_ws_Mareigua-25-08-2022\Reports\20220826_152313\miFactura_Mareigua\ConsultarConsolidadoFactura\20220826_152313\requests\main\13.har

2022-08-26 15:24:12 - [TEST_CASE][PASSED] - Start Test Case : Verification: Verification accomplished successfully

2022-08-26 15:24:14 - [TEST_STEP][PASSED] - request = getInstance().getCurrentRequest(): null

2022-08-26 15:24:14 - [TEST_STEP][PASSED] - response = getInstance().getCurrentResponse(): null

2022-08-26 15:24:14 - [MESSAGE][PASSED] - Verify response successfully

2022-08-26 15:24:14 - [MESSAGE][PASSED] - Send request and verify the response successfully

2022-08-26 15:24:14 - [TEST_STEP][PASSED] - val_time = response.getElapsedTime(): null

2022-08-26 15:24:14 - [TEST_STEP][PASSED] - status_login = response.getStatusCode(): null

2022-08-26 15:24:14 - [TEST_STEP][PASSED] - jsonString = response.getResponseText(): null

2022-08-26 15:24:14 - [TEST_STEP][PASSED] - slurper = new groovy.json.JsonSlurper(): null

2022-08-26 15:24:14 - [TEST_STEP][PASSED] - markWarning("JSON " + jsonString): JSON {"Type":"ERROR","ValidationMessage":"Tu usuario o contrase単a son incorrectos.","Content":null}

2022-08-26 15:24:14 - [MESSAGE][WARNING] - JSON {"Type":"ERROR","ValidationMessage":"Tu usuario o contrase単a son incorrectos.","Content":null}

2022-08-26 15:24:14 - [TEST_STEP][PASSED] - parsedJson = slurper.parseText(jsonString): null

2022-08-26 15:24:14 - [TEST_STEP][PASSED] - nom_func = "val_login": null

2022-08-26 15:24:14 - [TEST_STEP][PASSED] - almacena_datos_servicio.Val_mensaje_serv.valida_mensaje_serv_login(parsedJson, type, ValidationMessage): Exito

2022-08-26 15:24:14 - [MESSAGE][PASSED] - Exito

2022-08-26 15:24:14 - [TEST_STEP][PASSED] - almacena_datos_servicio.Val_mensaje_serv.guarda_salida_mensaje_serv_login(): almacena_datos_servicio.Val_mensaje_serv.guarda_salida_mensaje_serv_login is PASSED

2022-08-26 15:24:14 - [MESSAGE][PASSED] - almacena_datos_servicio.Val_mensaje_serv.guarda_salida_mensaje_serv_login is PASSED]]></system-out>
         <system-err><![CDATA[]]></system-err>
      </testcase>
      <testcase name="Test Cases/Login_param" time="1.114" classname="Test Cases/Login_param" status="PASSED">
         <system-out><![CDATA[2022-08-26 15:24:14 - [TEST_CASE][PASSED] - Test Cases/Login_param: Test Cases/Login_param

2022-08-26 15:24:14 - [TEST_STEP][PASSED] - regis = Integer.parseInt(registro): null

2022-08-26 15:24:14 - [TEST_STEP][PASSED] - response = sendRequestAndVerify(findTestObject("miNomina_Mareigua-ConsultarNomina/Login", ["Login":Login, "password":password])): Send request and verify the response successfully

2022-08-26 15:24:15 - [MESSAGE][INFO] - HAR: C:\Cenet\Cenet-Factura\Mareigua\miFactura_ws_Mareigua-25-08-2022\Reports\20220826_152313\miFactura_Mareigua\ConsultarConsolidadoFactura\20220826_152313\requests\main\14.har

2022-08-26 15:24:15 - [TEST_CASE][PASSED] - Start Test Case : Verification: Verification accomplished successfully

2022-08-26 15:24:15 - [TEST_STEP][PASSED] - request = getInstance().getCurrentRequest(): null

2022-08-26 15:24:15 - [TEST_STEP][PASSED] - response = getInstance().getCurrentResponse(): null

2022-08-26 15:24:15 - [MESSAGE][PASSED] - Verify response successfully

2022-08-26 15:24:15 - [MESSAGE][PASSED] - Send request and verify the response successfully

2022-08-26 15:24:15 - [TEST_STEP][PASSED] - val_time = response.getElapsedTime(): null

2022-08-26 15:24:15 - [TEST_STEP][PASSED] - status_login = response.getStatusCode(): null

2022-08-26 15:24:15 - [TEST_STEP][PASSED] - jsonString = response.getResponseText(): null

2022-08-26 15:24:15 - [TEST_STEP][PASSED] - slurper = new groovy.json.JsonSlurper(): null

2022-08-26 15:24:15 - [TEST_STEP][PASSED] - markWarning("JSON " + jsonString): JSON {"Type":"ERROR","ValidationMessage":"Tu usuario o contrase単a son incorrectos.","Content":null}

2022-08-26 15:24:15 - [MESSAGE][WARNING] - JSON {"Type":"ERROR","ValidationMessage":"Tu usuario o contrase単a son incorrectos.","Content":null}

2022-08-26 15:24:15 - [TEST_STEP][PASSED] - parsedJson = slurper.parseText(jsonString): null

2022-08-26 15:24:15 - [TEST_STEP][PASSED] - nom_func = "val_login": null

2022-08-26 15:24:15 - [TEST_STEP][PASSED] - almacena_datos_servicio.Val_mensaje_serv.valida_mensaje_serv_login(parsedJson, type, ValidationMessage): Exito

2022-08-26 15:24:15 - [MESSAGE][PASSED] - Exito

2022-08-26 15:24:15 - [TEST_STEP][PASSED] - almacena_datos_servicio.Val_mensaje_serv.guarda_salida_mensaje_serv_login(): almacena_datos_servicio.Val_mensaje_serv.guarda_salida_mensaje_serv_login is PASSED

2022-08-26 15:24:15 - [MESSAGE][PASSED] - almacena_datos_servicio.Val_mensaje_serv.guarda_salida_mensaje_serv_login is PASSED]]></system-out>
         <system-err><![CDATA[]]></system-err>
      </testcase>
      <system-out><![CDATA[2022-08-26 15:23:28 - [TEST_SUITE][PASSED] - ConsultarConsolidadoFactura: Test Cases/Login_param]]></system-out>
      <system-err><![CDATA[]]></system-err>
   </testsuite>
</testsuites>
